<?xml version="1.0" encoding="UTF-8" ?>
<testsuites>
 <testsuite name="focused specs" timestamp="2017-03-01T17:31:50" hostname="localhost" time="55.413" errors="0" tests="7" skipped="0" disabled="0" failures="9">
  <testcase classname="focused specs" name="should properly load in a browser" time="0.017">
   <failure type="toContain" message="Expected &apos;&apos; to contain &apos;About David Silberman&apos;."><![CDATA[Error: Failed expectation
    at Object.<anonymous> (/Users/muchniki/dev/cfgov-refresh/test/browser_tests/spec_suites/content/about-deputy-director.js:15:34)
    at /Users/muchniki/.nvm/versions/node/v6.9.5/lib/node_modules/protractor/node_modules/jasminewd2/index.js:110:25
    at new ManagedPromise (/Users/muchniki/.nvm/versions/node/v6.9.5/lib/node_modules/protractor/node_modules/selenium-webdriver/lib/promise.js:1067:7)
    at ControlFlow.promise (/Users/muchniki/.nvm/versions/node/v6.9.5/lib/node_modules/protractor/node_modules/selenium-webdriver/lib/promise.js:2396:12)
    at schedulerExecute (/Users/muchniki/.nvm/versions/node/v6.9.5/lib/node_modules/protractor/node_modules/jasminewd2/index.js:95:18)
    at TaskQueue.execute_ (/Users/muchniki/.nvm/versions/node/v6.9.5/lib/node_modules/protractor/node_modules/selenium-webdriver/lib/promise.js:2970:14)
    at TaskQueue.executeNext_ (/Users/muchniki/.nvm/versions/node/v6.9.5/lib/node_modules/protractor/node_modules/selenium-webdriver/lib/promise.js:2953:27)
    at asyncRun (/Users/muchniki/.nvm/versions/node/v6.9.5/lib/node_modules/protractor/node_modules/selenium-webdriver/lib/promise.js:2860:25)
    at /Users/muchniki/.nvm/versions/node/v6.9.5/lib/node_modules/protractor/node_modules/selenium-webdriver/lib/promise.js:676:7]]>
   </failure>
  </testcase>
  <testcase classname="focused specs" name="should have a side nav" time="0.264">
   <failure type="toBe" message="Expected false to be true."><![CDATA[Error: Failed expectation
    at Object.<anonymous> (/Users/muchniki/dev/cfgov-refresh/test/browser_tests/spec_suites/content/about-deputy-director.js:21:42)
    at /Users/muchniki/.nvm/versions/node/v6.9.5/lib/node_modules/protractor/node_modules/jasminewd2/index.js:110:25
    at new ManagedPromise (/Users/muchniki/.nvm/versions/node/v6.9.5/lib/node_modules/protractor/node_modules/selenium-webdriver/lib/promise.js:1067:7)
    at ControlFlow.promise (/Users/muchniki/.nvm/versions/node/v6.9.5/lib/node_modules/protractor/node_modules/selenium-webdriver/lib/promise.js:2396:12)
    at schedulerExecute (/Users/muchniki/.nvm/versions/node/v6.9.5/lib/node_modules/protractor/node_modules/jasminewd2/index.js:95:18)
    at TaskQueue.execute_ (/Users/muchniki/.nvm/versions/node/v6.9.5/lib/node_modules/protractor/node_modules/selenium-webdriver/lib/promise.js:2970:14)
    at TaskQueue.executeNext_ (/Users/muchniki/.nvm/versions/node/v6.9.5/lib/node_modules/protractor/node_modules/selenium-webdriver/lib/promise.js:2953:27)
    at asyncRun (/Users/muchniki/.nvm/versions/node/v6.9.5/lib/node_modules/protractor/node_modules/selenium-webdriver/lib/promise.js:2860:25)
    at /Users/muchniki/.nvm/versions/node/v6.9.5/lib/node_modules/protractor/node_modules/selenium-webdriver/lib/promise.js:676:7]]>
   </failure>
  </testcase>
  <testcase classname="focused specs" name="should include the Deputy Director’s bio" time="0.253">
   <failure type="toBe" message="Expected false to be true."><![CDATA[Error: Failed expectation
    at Object.<anonymous> (/Users/muchniki/dev/cfgov-refresh/test/browser_tests/spec_suites/content/about-deputy-director.js:27:46)
    at /Users/muchniki/.nvm/versions/node/v6.9.5/lib/node_modules/protractor/node_modules/jasminewd2/index.js:110:25
    at new ManagedPromise (/Users/muchniki/.nvm/versions/node/v6.9.5/lib/node_modules/protractor/node_modules/selenium-webdriver/lib/promise.js:1067:7)
    at ControlFlow.promise (/Users/muchniki/.nvm/versions/node/v6.9.5/lib/node_modules/protractor/node_modules/selenium-webdriver/lib/promise.js:2396:12)
    at schedulerExecute (/Users/muchniki/.nvm/versions/node/v6.9.5/lib/node_modules/protractor/node_modules/jasminewd2/index.js:95:18)
    at TaskQueue.execute_ (/Users/muchniki/.nvm/versions/node/v6.9.5/lib/node_modules/protractor/node_modules/selenium-webdriver/lib/promise.js:2970:14)
    at TaskQueue.executeNext_ (/Users/muchniki/.nvm/versions/node/v6.9.5/lib/node_modules/protractor/node_modules/selenium-webdriver/lib/promise.js:2953:27)
    at asyncRun (/Users/muchniki/.nvm/versions/node/v6.9.5/lib/node_modules/protractor/node_modules/selenium-webdriver/lib/promise.js:2860:25)
    at /Users/muchniki/.nvm/versions/node/v6.9.5/lib/node_modules/protractor/node_modules/selenium-webdriver/lib/promise.js:676:7]]>
   </failure>
  </testcase>
  <testcase classname="focused specs" name="should include the Deputy Director’s image" time="0.248">
   <failure type="toBe" message="Expected false to be true."><![CDATA[Error: Failed expectation
    at Object.<anonymous> (/Users/muchniki/dev/cfgov-refresh/test/browser_tests/spec_suites/content/about-deputy-director.js:33:48)
    at /Users/muchniki/.nvm/versions/node/v6.9.5/lib/node_modules/protractor/node_modules/jasminewd2/index.js:110:25
    at new ManagedPromise (/Users/muchniki/.nvm/versions/node/v6.9.5/lib/node_modules/protractor/node_modules/selenium-webdriver/lib/promise.js:1067:7)
    at ControlFlow.promise (/Users/muchniki/.nvm/versions/node/v6.9.5/lib/node_modules/protractor/node_modules/selenium-webdriver/lib/promise.js:2396:12)
    at schedulerExecute (/Users/muchniki/.nvm/versions/node/v6.9.5/lib/node_modules/protractor/node_modules/jasminewd2/index.js:95:18)
    at TaskQueue.execute_ (/Users/muchniki/.nvm/versions/node/v6.9.5/lib/node_modules/protractor/node_modules/selenium-webdriver/lib/promise.js:2970:14)
    at TaskQueue.executeNext_ (/Users/muchniki/.nvm/versions/node/v6.9.5/lib/node_modules/protractor/node_modules/selenium-webdriver/lib/promise.js:2953:27)
    at asyncRun (/Users/muchniki/.nvm/versions/node/v6.9.5/lib/node_modules/protractor/node_modules/selenium-webdriver/lib/promise.js:2860:25)
    at /Users/muchniki/.nvm/versions/node/v6.9.5/lib/node_modules/protractor/node_modules/selenium-webdriver/lib/promise.js:676:7]]>
   </failure>
  </testcase>
  <testcase classname="focused specs" name="should include a bio download link" time="0.273">
   <failure type="toBe" message="Expected false to be true."><![CDATA[Error: Failed expectation
    at Object.<anonymous> (/Users/muchniki/dev/cfgov-refresh/test/browser_tests/spec_suites/content/about-deputy-director.js:39:46)
    at /Users/muchniki/.nvm/versions/node/v6.9.5/lib/node_modules/protractor/node_modules/jasminewd2/index.js:110:25
    at new ManagedPromise (/Users/muchniki/.nvm/versions/node/v6.9.5/lib/node_modules/protractor/node_modules/selenium-webdriver/lib/promise.js:1067:7)
    at ControlFlow.promise (/Users/muchniki/.nvm/versions/node/v6.9.5/lib/node_modules/protractor/node_modules/selenium-webdriver/lib/promise.js:2396:12)
    at schedulerExecute (/Users/muchniki/.nvm/versions/node/v6.9.5/lib/node_modules/protractor/node_modules/jasminewd2/index.js:95:18)
    at TaskQueue.execute_ (/Users/muchniki/.nvm/versions/node/v6.9.5/lib/node_modules/protractor/node_modules/selenium-webdriver/lib/promise.js:2970:14)
    at TaskQueue.executeNext_ (/Users/muchniki/.nvm/versions/node/v6.9.5/lib/node_modules/protractor/node_modules/selenium-webdriver/lib/promise.js:2953:27)
    at asyncRun (/Users/muchniki/.nvm/versions/node/v6.9.5/lib/node_modules/protractor/node_modules/selenium-webdriver/lib/promise.js:2860:25)
    at /Users/muchniki/.nvm/versions/node/v6.9.5/lib/node_modules/protractor/node_modules/selenium-webdriver/lib/promise.js:676:7]]>
   </failure>
  </testcase>
  <testcase classname="focused specs" name="should include the Deputy Director’s high resolution image" time="0.494">
   <failure type="toBe" message="Expected false to be true."><![CDATA[Error: Failed expectation
    at Object.<anonymous> (/Users/muchniki/dev/cfgov-refresh/test/browser_tests/spec_suites/content/about-deputy-director.js:46:50)
    at /Users/muchniki/.nvm/versions/node/v6.9.5/lib/node_modules/protractor/node_modules/jasminewd2/index.js:110:25
    at new ManagedPromise (/Users/muchniki/.nvm/versions/node/v6.9.5/lib/node_modules/protractor/node_modules/selenium-webdriver/lib/promise.js:1067:7)
    at ControlFlow.promise (/Users/muchniki/.nvm/versions/node/v6.9.5/lib/node_modules/protractor/node_modules/selenium-webdriver/lib/promise.js:2396:12)
    at schedulerExecute (/Users/muchniki/.nvm/versions/node/v6.9.5/lib/node_modules/protractor/node_modules/jasminewd2/index.js:95:18)
    at TaskQueue.execute_ (/Users/muchniki/.nvm/versions/node/v6.9.5/lib/node_modules/protractor/node_modules/selenium-webdriver/lib/promise.js:2970:14)
    at TaskQueue.executeNext_ (/Users/muchniki/.nvm/versions/node/v6.9.5/lib/node_modules/protractor/node_modules/selenium-webdriver/lib/promise.js:2953:27)
    at asyncRun (/Users/muchniki/.nvm/versions/node/v6.9.5/lib/node_modules/protractor/node_modules/selenium-webdriver/lib/promise.js:2860:25)
    at /Users/muchniki/.nvm/versions/node/v6.9.5/lib/node_modules/protractor/node_modules/selenium-webdriver/lib/promise.js:676:7]]>
   </failure>
   <failure type="exception" message="Failed: Index out of bound. Trying to access element at index: 0, but there are only 0 elements that match locator By(css selector, [data-qa-hook=&quot;director-media-downloads&quot;] .jump-link__download)"><![CDATA[NoSuchElementError: Index out of bound. Trying to access element at index: 0, but there are only 0 elements that match locator By(css selector, [data-qa-hook="director-media-downloads"] .jump-link__download)
    at WebDriverError (/Users/muchniki/.nvm/versions/node/v6.9.5/lib/node_modules/protractor/node_modules/selenium-webdriver/lib/error.js:27:5)
    at NoSuchElementError (/Users/muchniki/.nvm/versions/node/v6.9.5/lib/node_modules/protractor/node_modules/selenium-webdriver/lib/error.js:168:5)
    at selenium_webdriver_1.promise.all.then (/Users/muchniki/.nvm/versions/node/v6.9.5/lib/node_modules/protractor/lib/element.ts:287:17)
    at ManagedPromise.invokeCallback_ (/Users/muchniki/.nvm/versions/node/v6.9.5/lib/node_modules/protractor/node_modules/selenium-webdriver/lib/promise.js:1366:14)
    at TaskQueue.execute_ (/Users/muchniki/.nvm/versions/node/v6.9.5/lib/node_modules/protractor/node_modules/selenium-webdriver/lib/promise.js:2970:14)
    at TaskQueue.executeNext_ (/Users/muchniki/.nvm/versions/node/v6.9.5/lib/node_modules/protractor/node_modules/selenium-webdriver/lib/promise.js:2953:27)
    at asyncRun (/Users/muchniki/.nvm/versions/node/v6.9.5/lib/node_modules/protractor/node_modules/selenium-webdriver/lib/promise.js:2813:27)
    at /Users/muchniki/.nvm/versions/node/v6.9.5/lib/node_modules/protractor/node_modules/selenium-webdriver/lib/promise.js:676:7
    at process._tickCallback (internal/process/next_tick.js:103:7)Error
    at ElementArrayFinder.applyAction_ (/Users/muchniki/.nvm/versions/node/v6.9.5/lib/node_modules/protractor/lib/element.ts:482:23)
    at ElementArrayFinder.(anonymous function) [as getText] (/Users/muchniki/.nvm/versions/node/v6.9.5/lib/node_modules/protractor/lib/element.ts:96:21)
    at ElementFinder.(anonymous function) [as getText] (/Users/muchniki/.nvm/versions/node/v6.9.5/lib/node_modules/protractor/lib/element.ts:873:14)
    at Object.<anonymous> (/Users/muchniki/dev/cfgov-refresh/test/browser_tests/spec_suites/content/about-deputy-director.js:47:36)
    at /Users/muchniki/.nvm/versions/node/v6.9.5/lib/node_modules/protractor/node_modules/jasminewd2/index.js:110:25
    at new ManagedPromise (/Users/muchniki/.nvm/versions/node/v6.9.5/lib/node_modules/protractor/node_modules/selenium-webdriver/lib/promise.js:1067:7)
    at ControlFlow.promise (/Users/muchniki/.nvm/versions/node/v6.9.5/lib/node_modules/protractor/node_modules/selenium-webdriver/lib/promise.js:2396:12)
    at schedulerExecute (/Users/muchniki/.nvm/versions/node/v6.9.5/lib/node_modules/protractor/node_modules/jasminewd2/index.js:95:18)
    at TaskQueue.execute_ (/Users/muchniki/.nvm/versions/node/v6.9.5/lib/node_modules/protractor/node_modules/selenium-webdriver/lib/promise.js:2970:14)
    at TaskQueue.executeNext_ (/Users/muchniki/.nvm/versions/node/v6.9.5/lib/node_modules/protractor/node_modules/selenium-webdriver/lib/promise.js:2953:27)
From: Task: Run it("should include the Deputy Director’s high resolution image") in control flow
    at Object.<anonymous> (/Users/muchniki/.nvm/versions/node/v6.9.5/lib/node_modules/protractor/node_modules/jasminewd2/index.js:94:19)
    at attemptAsync (/Users/muchniki/.nvm/versions/node/v6.9.5/lib/node_modules/protractor/node_modules/jasmine-core/lib/jasmine-core/jasmine.js:1980:24)
    at QueueRunner.run (/Users/muchniki/.nvm/versions/node/v6.9.5/lib/node_modules/protractor/node_modules/jasmine-core/lib/jasmine-core/jasmine.js:1935:9)
    at QueueRunner.execute (/Users/muchniki/.nvm/versions/node/v6.9.5/lib/node_modules/protractor/node_modules/jasmine-core/lib/jasmine-core/jasmine.js:1923:10)
    at Spec.queueRunnerFactory (/Users/muchniki/.nvm/versions/node/v6.9.5/lib/node_modules/protractor/node_modules/jasmine-core/lib/jasmine-core/jasmine.js:714:35)
    at Spec.execute (/Users/muchniki/.nvm/versions/node/v6.9.5/lib/node_modules/protractor/node_modules/jasmine-core/lib/jasmine-core/jasmine.js:371:10)
    at Object.fn (/Users/muchniki/.nvm/versions/node/v6.9.5/lib/node_modules/protractor/node_modules/jasmine-core/lib/jasmine-core/jasmine.js:2579:37)
    at attemptAsync (/Users/muchniki/.nvm/versions/node/v6.9.5/lib/node_modules/protractor/node_modules/jasmine-core/lib/jasmine-core/jasmine.js:1980:24)
    at QueueRunner.run (/Users/muchniki/.nvm/versions/node/v6.9.5/lib/node_modules/protractor/node_modules/jasmine-core/lib/jasmine-core/jasmine.js:1935:9)
    at /Users/muchniki/.nvm/versions/node/v6.9.5/lib/node_modules/protractor/node_modules/jasmine-core/lib/jasmine-core/jasmine.js:1962:16
From asynchronous test: 
Error
    at Suite.<anonymous> (/Users/muchniki/dev/cfgov-refresh/test/browser_tests/spec_suites/content/about-deputy-director.js:43:3)
    at addSpecsToSuite (/Users/muchniki/.nvm/versions/node/v6.9.5/lib/node_modules/protractor/node_modules/jasmine-core/lib/jasmine-core/jasmine.js:867:25)
    at Env.describe (/Users/muchniki/.nvm/versions/node/v6.9.5/lib/node_modules/protractor/node_modules/jasmine-core/lib/jasmine-core/jasmine.js:836:7)
    at describe (/Users/muchniki/.nvm/versions/node/v6.9.5/lib/node_modules/protractor/node_modules/jasmine-core/lib/jasmine-core/jasmine.js:3576:18)
    at Object.<anonymous> (/Users/muchniki/dev/cfgov-refresh/test/browser_tests/spec_suites/content/about-deputy-director.js:5:1)
    at Module._compile (module.js:570:32)
    at Object.Module._extensions..js (module.js:579:10)
    at Module.load (module.js:487:32)
    at tryModuleLoad (module.js:446:12)]]>
   </failure>
  </testcase>
  <testcase classname="focused specs" name="should include the Deputy Director’s low resolution image" time="0.484">
   <failure type="toBe" message="Expected false to be true."><![CDATA[Error: Failed expectation
    at Object.<anonymous> (/Users/muchniki/dev/cfgov-refresh/test/browser_tests/spec_suites/content/about-deputy-director.js:55:49)
    at /Users/muchniki/.nvm/versions/node/v6.9.5/lib/node_modules/protractor/node_modules/jasminewd2/index.js:110:25
    at new ManagedPromise (/Users/muchniki/.nvm/versions/node/v6.9.5/lib/node_modules/protractor/node_modules/selenium-webdriver/lib/promise.js:1067:7)
    at ControlFlow.promise (/Users/muchniki/.nvm/versions/node/v6.9.5/lib/node_modules/protractor/node_modules/selenium-webdriver/lib/promise.js:2396:12)
    at schedulerExecute (/Users/muchniki/.nvm/versions/node/v6.9.5/lib/node_modules/protractor/node_modules/jasminewd2/index.js:95:18)
    at TaskQueue.execute_ (/Users/muchniki/.nvm/versions/node/v6.9.5/lib/node_modules/protractor/node_modules/selenium-webdriver/lib/promise.js:2970:14)
    at TaskQueue.executeNext_ (/Users/muchniki/.nvm/versions/node/v6.9.5/lib/node_modules/protractor/node_modules/selenium-webdriver/lib/promise.js:2953:27)
    at asyncRun (/Users/muchniki/.nvm/versions/node/v6.9.5/lib/node_modules/protractor/node_modules/selenium-webdriver/lib/promise.js:2860:25)
    at /Users/muchniki/.nvm/versions/node/v6.9.5/lib/node_modules/protractor/node_modules/selenium-webdriver/lib/promise.js:676:7]]>
   </failure>
   <failure type="exception" message="Failed: Index out of bound. Trying to access element at index: 1, but there are only 0 elements that match locator By(css selector, [data-qa-hook=&quot;director-media-downloads&quot;] .jump-link__download)"><![CDATA[NoSuchElementError: Index out of bound. Trying to access element at index: 1, but there are only 0 elements that match locator By(css selector, [data-qa-hook="director-media-downloads"] .jump-link__download)
    at WebDriverError (/Users/muchniki/.nvm/versions/node/v6.9.5/lib/node_modules/protractor/node_modules/selenium-webdriver/lib/error.js:27:5)
    at NoSuchElementError (/Users/muchniki/.nvm/versions/node/v6.9.5/lib/node_modules/protractor/node_modules/selenium-webdriver/lib/error.js:168:5)
    at selenium_webdriver_1.promise.all.then (/Users/muchniki/.nvm/versions/node/v6.9.5/lib/node_modules/protractor/lib/element.ts:287:17)
    at ManagedPromise.invokeCallback_ (/Users/muchniki/.nvm/versions/node/v6.9.5/lib/node_modules/protractor/node_modules/selenium-webdriver/lib/promise.js:1366:14)
    at TaskQueue.execute_ (/Users/muchniki/.nvm/versions/node/v6.9.5/lib/node_modules/protractor/node_modules/selenium-webdriver/lib/promise.js:2970:14)
    at TaskQueue.executeNext_ (/Users/muchniki/.nvm/versions/node/v6.9.5/lib/node_modules/protractor/node_modules/selenium-webdriver/lib/promise.js:2953:27)
    at asyncRun (/Users/muchniki/.nvm/versions/node/v6.9.5/lib/node_modules/protractor/node_modules/selenium-webdriver/lib/promise.js:2813:27)
    at /Users/muchniki/.nvm/versions/node/v6.9.5/lib/node_modules/protractor/node_modules/selenium-webdriver/lib/promise.js:676:7
    at process._tickCallback (internal/process/next_tick.js:103:7)Error
    at ElementArrayFinder.applyAction_ (/Users/muchniki/.nvm/versions/node/v6.9.5/lib/node_modules/protractor/lib/element.ts:482:23)
    at ElementArrayFinder.(anonymous function) [as getText] (/Users/muchniki/.nvm/versions/node/v6.9.5/lib/node_modules/protractor/lib/element.ts:96:21)
    at ElementFinder.(anonymous function) [as getText] (/Users/muchniki/.nvm/versions/node/v6.9.5/lib/node_modules/protractor/lib/element.ts:873:14)
    at Object.<anonymous> (/Users/muchniki/dev/cfgov-refresh/test/browser_tests/spec_suites/content/about-deputy-director.js:56:35)
    at /Users/muchniki/.nvm/versions/node/v6.9.5/lib/node_modules/protractor/node_modules/jasminewd2/index.js:110:25
    at new ManagedPromise (/Users/muchniki/.nvm/versions/node/v6.9.5/lib/node_modules/protractor/node_modules/selenium-webdriver/lib/promise.js:1067:7)
    at ControlFlow.promise (/Users/muchniki/.nvm/versions/node/v6.9.5/lib/node_modules/protractor/node_modules/selenium-webdriver/lib/promise.js:2396:12)
    at schedulerExecute (/Users/muchniki/.nvm/versions/node/v6.9.5/lib/node_modules/protractor/node_modules/jasminewd2/index.js:95:18)
    at TaskQueue.execute_ (/Users/muchniki/.nvm/versions/node/v6.9.5/lib/node_modules/protractor/node_modules/selenium-webdriver/lib/promise.js:2970:14)
    at TaskQueue.executeNext_ (/Users/muchniki/.nvm/versions/node/v6.9.5/lib/node_modules/protractor/node_modules/selenium-webdriver/lib/promise.js:2953:27)
From: Task: Run it("should include the Deputy Director’s low resolution image") in control flow
    at Object.<anonymous> (/Users/muchniki/.nvm/versions/node/v6.9.5/lib/node_modules/protractor/node_modules/jasminewd2/index.js:94:19)
    at attemptAsync (/Users/muchniki/.nvm/versions/node/v6.9.5/lib/node_modules/protractor/node_modules/jasmine-core/lib/jasmine-core/jasmine.js:1980:24)
    at QueueRunner.run (/Users/muchniki/.nvm/versions/node/v6.9.5/lib/node_modules/protractor/node_modules/jasmine-core/lib/jasmine-core/jasmine.js:1935:9)
    at QueueRunner.execute (/Users/muchniki/.nvm/versions/node/v6.9.5/lib/node_modules/protractor/node_modules/jasmine-core/lib/jasmine-core/jasmine.js:1923:10)
    at Spec.queueRunnerFactory (/Users/muchniki/.nvm/versions/node/v6.9.5/lib/node_modules/protractor/node_modules/jasmine-core/lib/jasmine-core/jasmine.js:714:35)
    at Spec.execute (/Users/muchniki/.nvm/versions/node/v6.9.5/lib/node_modules/protractor/node_modules/jasmine-core/lib/jasmine-core/jasmine.js:371:10)
    at Object.fn (/Users/muchniki/.nvm/versions/node/v6.9.5/lib/node_modules/protractor/node_modules/jasmine-core/lib/jasmine-core/jasmine.js:2579:37)
    at attemptAsync (/Users/muchniki/.nvm/versions/node/v6.9.5/lib/node_modules/protractor/node_modules/jasmine-core/lib/jasmine-core/jasmine.js:1980:24)
    at QueueRunner.run (/Users/muchniki/.nvm/versions/node/v6.9.5/lib/node_modules/protractor/node_modules/jasmine-core/lib/jasmine-core/jasmine.js:1935:9)
    at /Users/muchniki/.nvm/versions/node/v6.9.5/lib/node_modules/protractor/node_modules/jasmine-core/lib/jasmine-core/jasmine.js:1962:16
From asynchronous test: 
Error
    at Suite.<anonymous> (/Users/muchniki/dev/cfgov-refresh/test/browser_tests/spec_suites/content/about-deputy-director.js:52:3)
    at addSpecsToSuite (/Users/muchniki/.nvm/versions/node/v6.9.5/lib/node_modules/protractor/node_modules/jasmine-core/lib/jasmine-core/jasmine.js:867:25)
    at Env.describe (/Users/muchniki/.nvm/versions/node/v6.9.5/lib/node_modules/protractor/node_modules/jasmine-core/lib/jasmine-core/jasmine.js:836:7)
    at describe (/Users/muchniki/.nvm/versions/node/v6.9.5/lib/node_modules/protractor/node_modules/jasmine-core/lib/jasmine-core/jasmine.js:3576:18)
    at Object.<anonymous> (/Users/muchniki/dev/cfgov-refresh/test/browser_tests/spec_suites/content/about-deputy-director.js:5:1)
    at Module._compile (module.js:570:32)
    at Object.Module._extensions..js (module.js:579:10)
    at Module.load (module.js:487:32)
    at tryModuleLoad (module.js:446:12)]]>
   </failure>
  </testcase>
 </testsuite>
 <testsuite name="focused specs.The About Deputy Director Page" timestamp="2017-03-01T17:31:52" hostname="localhost" time="0" errors="0" tests="0" skipped="0" disabled="0" failures="0">
 </testsuite>
 <testsuite name="focused specs.The About Director Page" timestamp="2017-03-01T17:31:52" hostname="localhost" time="2.021" errors="0" tests="7" skipped="0" disabled="0" failures="9">
  <testcase classname="focused specs.The About Director Page" name="should properly load in a browser" time="0.011">
   <failure type="toContain" message="Expected &apos;&apos; to contain &apos;About Richard Cordray&apos;."><![CDATA[Error: Failed expectation
    at Object.<anonymous> (/Users/muchniki/dev/cfgov-refresh/test/browser_tests/spec_suites/content/about-director.js:16:34)
    at /Users/muchniki/.nvm/versions/node/v6.9.5/lib/node_modules/protractor/node_modules/jasminewd2/index.js:110:25
    at new ManagedPromise (/Users/muchniki/.nvm/versions/node/v6.9.5/lib/node_modules/protractor/node_modules/selenium-webdriver/lib/promise.js:1067:7)
    at ControlFlow.promise (/Users/muchniki/.nvm/versions/node/v6.9.5/lib/node_modules/protractor/node_modules/selenium-webdriver/lib/promise.js:2396:12)
    at schedulerExecute (/Users/muchniki/.nvm/versions/node/v6.9.5/lib/node_modules/protractor/node_modules/jasminewd2/index.js:95:18)
    at TaskQueue.execute_ (/Users/muchniki/.nvm/versions/node/v6.9.5/lib/node_modules/protractor/node_modules/selenium-webdriver/lib/promise.js:2970:14)
    at TaskQueue.executeNext_ (/Users/muchniki/.nvm/versions/node/v6.9.5/lib/node_modules/protractor/node_modules/selenium-webdriver/lib/promise.js:2953:27)
    at asyncRun (/Users/muchniki/.nvm/versions/node/v6.9.5/lib/node_modules/protractor/node_modules/selenium-webdriver/lib/promise.js:2860:25)
    at /Users/muchniki/.nvm/versions/node/v6.9.5/lib/node_modules/protractor/node_modules/selenium-webdriver/lib/promise.js:676:7]]>
   </failure>
  </testcase>
  <testcase classname="focused specs.The About Director Page" name="should have a side nav" time="0.246">
   <failure type="toBe" message="Expected false to be true."><![CDATA[Error: Failed expectation
    at Object.<anonymous> (/Users/muchniki/dev/cfgov-refresh/test/browser_tests/spec_suites/content/about-director.js:22:42)
    at /Users/muchniki/.nvm/versions/node/v6.9.5/lib/node_modules/protractor/node_modules/jasminewd2/index.js:110:25
    at new ManagedPromise (/Users/muchniki/.nvm/versions/node/v6.9.5/lib/node_modules/protractor/node_modules/selenium-webdriver/lib/promise.js:1067:7)
    at ControlFlow.promise (/Users/muchniki/.nvm/versions/node/v6.9.5/lib/node_modules/protractor/node_modules/selenium-webdriver/lib/promise.js:2396:12)
    at schedulerExecute (/Users/muchniki/.nvm/versions/node/v6.9.5/lib/node_modules/protractor/node_modules/jasminewd2/index.js:95:18)
    at TaskQueue.execute_ (/Users/muchniki/.nvm/versions/node/v6.9.5/lib/node_modules/protractor/node_modules/selenium-webdriver/lib/promise.js:2970:14)
    at TaskQueue.executeNext_ (/Users/muchniki/.nvm/versions/node/v6.9.5/lib/node_modules/protractor/node_modules/selenium-webdriver/lib/promise.js:2953:27)
    at asyncRun (/Users/muchniki/.nvm/versions/node/v6.9.5/lib/node_modules/protractor/node_modules/selenium-webdriver/lib/promise.js:2860:25)
    at /Users/muchniki/.nvm/versions/node/v6.9.5/lib/node_modules/protractor/node_modules/selenium-webdriver/lib/promise.js:676:7]]>
   </failure>
  </testcase>
  <testcase classname="focused specs.The About Director Page" name="should include the Director’s bio" time="0.249">
   <failure type="toBe" message="Expected false to be true."><![CDATA[Error: Failed expectation
    at Object.<anonymous> (/Users/muchniki/dev/cfgov-refresh/test/browser_tests/spec_suites/content/about-director.js:28:46)
    at /Users/muchniki/.nvm/versions/node/v6.9.5/lib/node_modules/protractor/node_modules/jasminewd2/index.js:110:25
    at new ManagedPromise (/Users/muchniki/.nvm/versions/node/v6.9.5/lib/node_modules/protractor/node_modules/selenium-webdriver/lib/promise.js:1067:7)
    at ControlFlow.promise (/Users/muchniki/.nvm/versions/node/v6.9.5/lib/node_modules/protractor/node_modules/selenium-webdriver/lib/promise.js:2396:12)
    at schedulerExecute (/Users/muchniki/.nvm/versions/node/v6.9.5/lib/node_modules/protractor/node_modules/jasminewd2/index.js:95:18)
    at TaskQueue.execute_ (/Users/muchniki/.nvm/versions/node/v6.9.5/lib/node_modules/protractor/node_modules/selenium-webdriver/lib/promise.js:2970:14)
    at TaskQueue.executeNext_ (/Users/muchniki/.nvm/versions/node/v6.9.5/lib/node_modules/protractor/node_modules/selenium-webdriver/lib/promise.js:2953:27)
    at asyncRun (/Users/muchniki/.nvm/versions/node/v6.9.5/lib/node_modules/protractor/node_modules/selenium-webdriver/lib/promise.js:2860:25)
    at /Users/muchniki/.nvm/versions/node/v6.9.5/lib/node_modules/protractor/node_modules/selenium-webdriver/lib/promise.js:676:7]]>
   </failure>
  </testcase>
  <testcase classname="focused specs.The About Director Page" name="should include Director’s image" time="0.245">
   <failure type="toBe" message="Expected false to be true."><![CDATA[Error: Failed expectation
    at Object.<anonymous> (/Users/muchniki/dev/cfgov-refresh/test/browser_tests/spec_suites/content/about-director.js:34:48)
    at /Users/muchniki/.nvm/versions/node/v6.9.5/lib/node_modules/protractor/node_modules/jasminewd2/index.js:110:25
    at new ManagedPromise (/Users/muchniki/.nvm/versions/node/v6.9.5/lib/node_modules/protractor/node_modules/selenium-webdriver/lib/promise.js:1067:7)
    at ControlFlow.promise (/Users/muchniki/.nvm/versions/node/v6.9.5/lib/node_modules/protractor/node_modules/selenium-webdriver/lib/promise.js:2396:12)
    at schedulerExecute (/Users/muchniki/.nvm/versions/node/v6.9.5/lib/node_modules/protractor/node_modules/jasminewd2/index.js:95:18)
    at TaskQueue.execute_ (/Users/muchniki/.nvm/versions/node/v6.9.5/lib/node_modules/protractor/node_modules/selenium-webdriver/lib/promise.js:2970:14)
    at TaskQueue.executeNext_ (/Users/muchniki/.nvm/versions/node/v6.9.5/lib/node_modules/protractor/node_modules/selenium-webdriver/lib/promise.js:2953:27)
    at asyncRun (/Users/muchniki/.nvm/versions/node/v6.9.5/lib/node_modules/protractor/node_modules/selenium-webdriver/lib/promise.js:2860:25)
    at /Users/muchniki/.nvm/versions/node/v6.9.5/lib/node_modules/protractor/node_modules/selenium-webdriver/lib/promise.js:676:7]]>
   </failure>
  </testcase>
  <testcase classname="focused specs.The About Director Page" name="should include the bio download link" time="0.25">
   <failure type="toBe" message="Expected false to be true."><![CDATA[Error: Failed expectation
    at Object.<anonymous> (/Users/muchniki/dev/cfgov-refresh/test/browser_tests/spec_suites/content/about-director.js:40:46)
    at /Users/muchniki/.nvm/versions/node/v6.9.5/lib/node_modules/protractor/node_modules/jasminewd2/index.js:110:25
    at new ManagedPromise (/Users/muchniki/.nvm/versions/node/v6.9.5/lib/node_modules/protractor/node_modules/selenium-webdriver/lib/promise.js:1067:7)
    at ControlFlow.promise (/Users/muchniki/.nvm/versions/node/v6.9.5/lib/node_modules/protractor/node_modules/selenium-webdriver/lib/promise.js:2396:12)
    at schedulerExecute (/Users/muchniki/.nvm/versions/node/v6.9.5/lib/node_modules/protractor/node_modules/jasminewd2/index.js:95:18)
    at TaskQueue.execute_ (/Users/muchniki/.nvm/versions/node/v6.9.5/lib/node_modules/protractor/node_modules/selenium-webdriver/lib/promise.js:2970:14)
    at TaskQueue.executeNext_ (/Users/muchniki/.nvm/versions/node/v6.9.5/lib/node_modules/protractor/node_modules/selenium-webdriver/lib/promise.js:2953:27)
    at asyncRun (/Users/muchniki/.nvm/versions/node/v6.9.5/lib/node_modules/protractor/node_modules/selenium-webdriver/lib/promise.js:2860:25)
    at /Users/muchniki/.nvm/versions/node/v6.9.5/lib/node_modules/protractor/node_modules/selenium-webdriver/lib/promise.js:676:7]]>
   </failure>
  </testcase>
  <testcase classname="focused specs.The About Director Page" name="should include the Director’s high resolution image" time="0.508">
   <failure type="toBe" message="Expected false to be true."><![CDATA[Error: Failed expectation
    at Object.<anonymous> (/Users/muchniki/dev/cfgov-refresh/test/browser_tests/spec_suites/content/about-director.js:46:55)
    at /Users/muchniki/.nvm/versions/node/v6.9.5/lib/node_modules/protractor/node_modules/jasminewd2/index.js:110:25
    at new ManagedPromise (/Users/muchniki/.nvm/versions/node/v6.9.5/lib/node_modules/protractor/node_modules/selenium-webdriver/lib/promise.js:1067:7)
    at ControlFlow.promise (/Users/muchniki/.nvm/versions/node/v6.9.5/lib/node_modules/protractor/node_modules/selenium-webdriver/lib/promise.js:2396:12)
    at schedulerExecute (/Users/muchniki/.nvm/versions/node/v6.9.5/lib/node_modules/protractor/node_modules/jasminewd2/index.js:95:18)
    at TaskQueue.execute_ (/Users/muchniki/.nvm/versions/node/v6.9.5/lib/node_modules/protractor/node_modules/selenium-webdriver/lib/promise.js:2970:14)
    at TaskQueue.executeNext_ (/Users/muchniki/.nvm/versions/node/v6.9.5/lib/node_modules/protractor/node_modules/selenium-webdriver/lib/promise.js:2953:27)
    at asyncRun (/Users/muchniki/.nvm/versions/node/v6.9.5/lib/node_modules/protractor/node_modules/selenium-webdriver/lib/promise.js:2860:25)
    at /Users/muchniki/.nvm/versions/node/v6.9.5/lib/node_modules/protractor/node_modules/selenium-webdriver/lib/promise.js:676:7]]>
   </failure>
   <failure type="exception" message="Failed: Index out of bound. Trying to access element at index: 1, but there are only 0 elements that match locator By(css selector, [data-qa-hook=&quot;director-media-downloads&quot;] .jump-link__download)"><![CDATA[NoSuchElementError: Index out of bound. Trying to access element at index: 1, but there are only 0 elements that match locator By(css selector, [data-qa-hook="director-media-downloads"] .jump-link__download)
    at WebDriverError (/Users/muchniki/.nvm/versions/node/v6.9.5/lib/node_modules/protractor/node_modules/selenium-webdriver/lib/error.js:27:5)
    at NoSuchElementError (/Users/muchniki/.nvm/versions/node/v6.9.5/lib/node_modules/protractor/node_modules/selenium-webdriver/lib/error.js:168:5)
    at selenium_webdriver_1.promise.all.then (/Users/muchniki/.nvm/versions/node/v6.9.5/lib/node_modules/protractor/lib/element.ts:287:17)
    at ManagedPromise.invokeCallback_ (/Users/muchniki/.nvm/versions/node/v6.9.5/lib/node_modules/protractor/node_modules/selenium-webdriver/lib/promise.js:1366:14)
    at TaskQueue.execute_ (/Users/muchniki/.nvm/versions/node/v6.9.5/lib/node_modules/protractor/node_modules/selenium-webdriver/lib/promise.js:2970:14)
    at TaskQueue.executeNext_ (/Users/muchniki/.nvm/versions/node/v6.9.5/lib/node_modules/protractor/node_modules/selenium-webdriver/lib/promise.js:2953:27)
    at asyncRun (/Users/muchniki/.nvm/versions/node/v6.9.5/lib/node_modules/protractor/node_modules/selenium-webdriver/lib/promise.js:2813:27)
    at /Users/muchniki/.nvm/versions/node/v6.9.5/lib/node_modules/protractor/node_modules/selenium-webdriver/lib/promise.js:676:7
    at process._tickCallback (internal/process/next_tick.js:103:7)Error
    at ElementArrayFinder.applyAction_ (/Users/muchniki/.nvm/versions/node/v6.9.5/lib/node_modules/protractor/lib/element.ts:482:23)
    at ElementArrayFinder.(anonymous function) [as getText] (/Users/muchniki/.nvm/versions/node/v6.9.5/lib/node_modules/protractor/lib/element.ts:96:21)
    at ElementFinder.(anonymous function) [as getText] (/Users/muchniki/.nvm/versions/node/v6.9.5/lib/node_modules/protractor/lib/element.ts:873:14)
    at Object.<anonymous> (/Users/muchniki/dev/cfgov-refresh/test/browser_tests/spec_suites/content/about-director.js:47:41)
    at /Users/muchniki/.nvm/versions/node/v6.9.5/lib/node_modules/protractor/node_modules/jasminewd2/index.js:110:25
    at new ManagedPromise (/Users/muchniki/.nvm/versions/node/v6.9.5/lib/node_modules/protractor/node_modules/selenium-webdriver/lib/promise.js:1067:7)
    at ControlFlow.promise (/Users/muchniki/.nvm/versions/node/v6.9.5/lib/node_modules/protractor/node_modules/selenium-webdriver/lib/promise.js:2396:12)
    at schedulerExecute (/Users/muchniki/.nvm/versions/node/v6.9.5/lib/node_modules/protractor/node_modules/jasminewd2/index.js:95:18)
    at TaskQueue.execute_ (/Users/muchniki/.nvm/versions/node/v6.9.5/lib/node_modules/protractor/node_modules/selenium-webdriver/lib/promise.js:2970:14)
    at TaskQueue.executeNext_ (/Users/muchniki/.nvm/versions/node/v6.9.5/lib/node_modules/protractor/node_modules/selenium-webdriver/lib/promise.js:2953:27)
From: Task: Run it("should include the Director’s high resolution image") in control flow
    at Object.<anonymous> (/Users/muchniki/.nvm/versions/node/v6.9.5/lib/node_modules/protractor/node_modules/jasminewd2/index.js:94:19)
    at attemptAsync (/Users/muchniki/.nvm/versions/node/v6.9.5/lib/node_modules/protractor/node_modules/jasmine-core/lib/jasmine-core/jasmine.js:1980:24)
    at QueueRunner.run (/Users/muchniki/.nvm/versions/node/v6.9.5/lib/node_modules/protractor/node_modules/jasmine-core/lib/jasmine-core/jasmine.js:1935:9)
    at QueueRunner.execute (/Users/muchniki/.nvm/versions/node/v6.9.5/lib/node_modules/protractor/node_modules/jasmine-core/lib/jasmine-core/jasmine.js:1923:10)
    at Spec.queueRunnerFactory (/Users/muchniki/.nvm/versions/node/v6.9.5/lib/node_modules/protractor/node_modules/jasmine-core/lib/jasmine-core/jasmine.js:714:35)
    at Spec.execute (/Users/muchniki/.nvm/versions/node/v6.9.5/lib/node_modules/protractor/node_modules/jasmine-core/lib/jasmine-core/jasmine.js:371:10)
    at Object.fn (/Users/muchniki/.nvm/versions/node/v6.9.5/lib/node_modules/protractor/node_modules/jasmine-core/lib/jasmine-core/jasmine.js:2579:37)
    at attemptAsync (/Users/muchniki/.nvm/versions/node/v6.9.5/lib/node_modules/protractor/node_modules/jasmine-core/lib/jasmine-core/jasmine.js:1980:24)
    at QueueRunner.run (/Users/muchniki/.nvm/versions/node/v6.9.5/lib/node_modules/protractor/node_modules/jasmine-core/lib/jasmine-core/jasmine.js:1935:9)
    at /Users/muchniki/.nvm/versions/node/v6.9.5/lib/node_modules/protractor/node_modules/jasmine-core/lib/jasmine-core/jasmine.js:1962:16
From asynchronous test: 
Error
    at Suite.<anonymous> (/Users/muchniki/dev/cfgov-refresh/test/browser_tests/spec_suites/content/about-director.js:44:3)
    at addSpecsToSuite (/Users/muchniki/.nvm/versions/node/v6.9.5/lib/node_modules/protractor/node_modules/jasmine-core/lib/jasmine-core/jasmine.js:867:25)
    at Env.describe (/Users/muchniki/.nvm/versions/node/v6.9.5/lib/node_modules/protractor/node_modules/jasmine-core/lib/jasmine-core/jasmine.js:836:7)
    at describe (/Users/muchniki/.nvm/versions/node/v6.9.5/lib/node_modules/protractor/node_modules/jasmine-core/lib/jasmine-core/jasmine.js:3576:18)
    at Object.<anonymous> (/Users/muchniki/dev/cfgov-refresh/test/browser_tests/spec_suites/content/about-director.js:5:1)
    at Module._compile (module.js:570:32)
    at Object.Module._extensions..js (module.js:579:10)
    at Module.load (module.js:487:32)
    at tryModuleLoad (module.js:446:12)]]>
   </failure>
  </testcase>
  <testcase classname="focused specs.The About Director Page" name="should include the Director’s low resolution image" time="0.491">
   <failure type="toBe" message="Expected false to be true."><![CDATA[Error: Failed expectation
    at Object.<anonymous> (/Users/muchniki/dev/cfgov-refresh/test/browser_tests/spec_suites/content/about-director.js:54:54)
    at /Users/muchniki/.nvm/versions/node/v6.9.5/lib/node_modules/protractor/node_modules/jasminewd2/index.js:110:25
    at new ManagedPromise (/Users/muchniki/.nvm/versions/node/v6.9.5/lib/node_modules/protractor/node_modules/selenium-webdriver/lib/promise.js:1067:7)
    at ControlFlow.promise (/Users/muchniki/.nvm/versions/node/v6.9.5/lib/node_modules/protractor/node_modules/selenium-webdriver/lib/promise.js:2396:12)
    at schedulerExecute (/Users/muchniki/.nvm/versions/node/v6.9.5/lib/node_modules/protractor/node_modules/jasminewd2/index.js:95:18)
    at TaskQueue.execute_ (/Users/muchniki/.nvm/versions/node/v6.9.5/lib/node_modules/protractor/node_modules/selenium-webdriver/lib/promise.js:2970:14)
    at TaskQueue.executeNext_ (/Users/muchniki/.nvm/versions/node/v6.9.5/lib/node_modules/protractor/node_modules/selenium-webdriver/lib/promise.js:2953:27)
    at asyncRun (/Users/muchniki/.nvm/versions/node/v6.9.5/lib/node_modules/protractor/node_modules/selenium-webdriver/lib/promise.js:2860:25)
    at /Users/muchniki/.nvm/versions/node/v6.9.5/lib/node_modules/protractor/node_modules/selenium-webdriver/lib/promise.js:676:7]]>
   </failure>
   <failure type="exception" message="Failed: Index out of bound. Trying to access element at index: 2, but there are only 0 elements that match locator By(css selector, [data-qa-hook=&quot;director-media-downloads&quot;] .jump-link__download)"><![CDATA[NoSuchElementError: Index out of bound. Trying to access element at index: 2, but there are only 0 elements that match locator By(css selector, [data-qa-hook="director-media-downloads"] .jump-link__download)
    at WebDriverError (/Users/muchniki/.nvm/versions/node/v6.9.5/lib/node_modules/protractor/node_modules/selenium-webdriver/lib/error.js:27:5)
    at NoSuchElementError (/Users/muchniki/.nvm/versions/node/v6.9.5/lib/node_modules/protractor/node_modules/selenium-webdriver/lib/error.js:168:5)
    at selenium_webdriver_1.promise.all.then (/Users/muchniki/.nvm/versions/node/v6.9.5/lib/node_modules/protractor/lib/element.ts:287:17)
    at ManagedPromise.invokeCallback_ (/Users/muchniki/.nvm/versions/node/v6.9.5/lib/node_modules/protractor/node_modules/selenium-webdriver/lib/promise.js:1366:14)
    at TaskQueue.execute_ (/Users/muchniki/.nvm/versions/node/v6.9.5/lib/node_modules/protractor/node_modules/selenium-webdriver/lib/promise.js:2970:14)
    at TaskQueue.executeNext_ (/Users/muchniki/.nvm/versions/node/v6.9.5/lib/node_modules/protractor/node_modules/selenium-webdriver/lib/promise.js:2953:27)
    at asyncRun (/Users/muchniki/.nvm/versions/node/v6.9.5/lib/node_modules/protractor/node_modules/selenium-webdriver/lib/promise.js:2813:27)
    at /Users/muchniki/.nvm/versions/node/v6.9.5/lib/node_modules/protractor/node_modules/selenium-webdriver/lib/promise.js:676:7
    at process._tickCallback (internal/process/next_tick.js:103:7)Error
    at ElementArrayFinder.applyAction_ (/Users/muchniki/.nvm/versions/node/v6.9.5/lib/node_modules/protractor/lib/element.ts:482:23)
    at ElementArrayFinder.(anonymous function) [as getText] (/Users/muchniki/.nvm/versions/node/v6.9.5/lib/node_modules/protractor/lib/element.ts:96:21)
    at ElementFinder.(anonymous function) [as getText] (/Users/muchniki/.nvm/versions/node/v6.9.5/lib/node_modules/protractor/lib/element.ts:873:14)
    at Object.<anonymous> (/Users/muchniki/dev/cfgov-refresh/test/browser_tests/spec_suites/content/about-director.js:55:40)
    at /Users/muchniki/.nvm/versions/node/v6.9.5/lib/node_modules/protractor/node_modules/jasminewd2/index.js:110:25
    at new ManagedPromise (/Users/muchniki/.nvm/versions/node/v6.9.5/lib/node_modules/protractor/node_modules/selenium-webdriver/lib/promise.js:1067:7)
    at ControlFlow.promise (/Users/muchniki/.nvm/versions/node/v6.9.5/lib/node_modules/protractor/node_modules/selenium-webdriver/lib/promise.js:2396:12)
    at schedulerExecute (/Users/muchniki/.nvm/versions/node/v6.9.5/lib/node_modules/protractor/node_modules/jasminewd2/index.js:95:18)
    at TaskQueue.execute_ (/Users/muchniki/.nvm/versions/node/v6.9.5/lib/node_modules/protractor/node_modules/selenium-webdriver/lib/promise.js:2970:14)
    at TaskQueue.executeNext_ (/Users/muchniki/.nvm/versions/node/v6.9.5/lib/node_modules/protractor/node_modules/selenium-webdriver/lib/promise.js:2953:27)
From: Task: Run it("should include the Director’s low resolution image") in control flow
    at Object.<anonymous> (/Users/muchniki/.nvm/versions/node/v6.9.5/lib/node_modules/protractor/node_modules/jasminewd2/index.js:94:19)
    at attemptAsync (/Users/muchniki/.nvm/versions/node/v6.9.5/lib/node_modules/protractor/node_modules/jasmine-core/lib/jasmine-core/jasmine.js:1980:24)
    at QueueRunner.run (/Users/muchniki/.nvm/versions/node/v6.9.5/lib/node_modules/protractor/node_modules/jasmine-core/lib/jasmine-core/jasmine.js:1935:9)
    at QueueRunner.execute (/Users/muchniki/.nvm/versions/node/v6.9.5/lib/node_modules/protractor/node_modules/jasmine-core/lib/jasmine-core/jasmine.js:1923:10)
    at Spec.queueRunnerFactory (/Users/muchniki/.nvm/versions/node/v6.9.5/lib/node_modules/protractor/node_modules/jasmine-core/lib/jasmine-core/jasmine.js:714:35)
    at Spec.execute (/Users/muchniki/.nvm/versions/node/v6.9.5/lib/node_modules/protractor/node_modules/jasmine-core/lib/jasmine-core/jasmine.js:371:10)
    at Object.fn (/Users/muchniki/.nvm/versions/node/v6.9.5/lib/node_modules/protractor/node_modules/jasmine-core/lib/jasmine-core/jasmine.js:2579:37)
    at attemptAsync (/Users/muchniki/.nvm/versions/node/v6.9.5/lib/node_modules/protractor/node_modules/jasmine-core/lib/jasmine-core/jasmine.js:1980:24)
    at QueueRunner.run (/Users/muchniki/.nvm/versions/node/v6.9.5/lib/node_modules/protractor/node_modules/jasmine-core/lib/jasmine-core/jasmine.js:1935:9)
    at /Users/muchniki/.nvm/versions/node/v6.9.5/lib/node_modules/protractor/node_modules/jasmine-core/lib/jasmine-core/jasmine.js:1962:16
From asynchronous test: 
Error
    at Suite.<anonymous> (/Users/muchniki/dev/cfgov-refresh/test/browser_tests/spec_suites/content/about-director.js:52:3)
    at addSpecsToSuite (/Users/muchniki/.nvm/versions/node/v6.9.5/lib/node_modules/protractor/node_modules/jasmine-core/lib/jasmine-core/jasmine.js:867:25)
    at Env.describe (/Users/muchniki/.nvm/versions/node/v6.9.5/lib/node_modules/protractor/node_modules/jasmine-core/lib/jasmine-core/jasmine.js:836:7)
    at describe (/Users/muchniki/.nvm/versions/node/v6.9.5/lib/node_modules/protractor/node_modules/jasmine-core/lib/jasmine-core/jasmine.js:3576:18)
    at Object.<anonymous> (/Users/muchniki/dev/cfgov-refresh/test/browser_tests/spec_suites/content/about-director.js:5:1)
    at Module._compile (module.js:570:32)
    at Object.Module._extensions..js (module.js:579:10)
    at Module.load (module.js:487:32)
    at tryModuleLoad (module.js:446:12)]]>
   </failure>
  </testcase>
 </testsuite>
 <testsuite name="focused specs.About Landing Page" timestamp="2017-03-01T17:31:54" hostname="localhost" time="0.295" errors="0" tests="4" skipped="0" disabled="0" failures="2">
  <testcase classname="focused specs.About Landing Page" name="should properly load in a browser" time="0.009">
   <failure type="toContain" message="Expected &apos;&apos; to contain &apos;About us&apos;."><![CDATA[Error: Failed expectation
    at Object.<anonymous> (/Users/muchniki/dev/cfgov-refresh/test/browser_tests/spec_suites/content/about-us.js:16:32)
    at /Users/muchniki/.nvm/versions/node/v6.9.5/lib/node_modules/protractor/node_modules/jasminewd2/index.js:110:25
    at new ManagedPromise (/Users/muchniki/.nvm/versions/node/v6.9.5/lib/node_modules/protractor/node_modules/selenium-webdriver/lib/promise.js:1067:7)
    at ControlFlow.promise (/Users/muchniki/.nvm/versions/node/v6.9.5/lib/node_modules/protractor/node_modules/selenium-webdriver/lib/promise.js:2396:12)
    at schedulerExecute (/Users/muchniki/.nvm/versions/node/v6.9.5/lib/node_modules/protractor/node_modules/jasminewd2/index.js:95:18)
    at TaskQueue.execute_ (/Users/muchniki/.nvm/versions/node/v6.9.5/lib/node_modules/protractor/node_modules/selenium-webdriver/lib/promise.js:2970:14)
    at TaskQueue.executeNext_ (/Users/muchniki/.nvm/versions/node/v6.9.5/lib/node_modules/protractor/node_modules/selenium-webdriver/lib/promise.js:2953:27)
    at asyncRun (/Users/muchniki/.nvm/versions/node/v6.9.5/lib/node_modules/protractor/node_modules/selenium-webdriver/lib/promise.js:2860:25)
    at /Users/muchniki/.nvm/versions/node/v6.9.5/lib/node_modules/protractor/node_modules/selenium-webdriver/lib/promise.js:676:7]]>
   </failure>
  </testcase>
  <testcase classname="focused specs.About Landing Page" name="should load the activity block in the sidebar" time="0.002" />
  <testcase classname="focused specs.About Landing Page" name="should have Blog &amp; Newspaper section in the Activity feed" time="0.258">
   <failure type="exception" message="Failed: Index out of bound. Trying to access element at index: 0, but there are only 0 elements that match locator By(css selector, .activity .cf-icon)"><![CDATA[NoSuchElementError: Index out of bound. Trying to access element at index: 0, but there are only 0 elements that match locator By(css selector, .activity .cf-icon)
    at WebDriverError (/Users/muchniki/.nvm/versions/node/v6.9.5/lib/node_modules/protractor/node_modules/selenium-webdriver/lib/error.js:27:5)
    at NoSuchElementError (/Users/muchniki/.nvm/versions/node/v6.9.5/lib/node_modules/protractor/node_modules/selenium-webdriver/lib/error.js:168:5)
    at selenium_webdriver_1.promise.all.then (/Users/muchniki/.nvm/versions/node/v6.9.5/lib/node_modules/protractor/lib/element.ts:287:17)
    at ManagedPromise.invokeCallback_ (/Users/muchniki/.nvm/versions/node/v6.9.5/lib/node_modules/protractor/node_modules/selenium-webdriver/lib/promise.js:1366:14)
    at TaskQueue.execute_ (/Users/muchniki/.nvm/versions/node/v6.9.5/lib/node_modules/protractor/node_modules/selenium-webdriver/lib/promise.js:2970:14)
    at TaskQueue.executeNext_ (/Users/muchniki/.nvm/versions/node/v6.9.5/lib/node_modules/protractor/node_modules/selenium-webdriver/lib/promise.js:2953:27)
    at asyncRun (/Users/muchniki/.nvm/versions/node/v6.9.5/lib/node_modules/protractor/node_modules/selenium-webdriver/lib/promise.js:2813:27)
    at /Users/muchniki/.nvm/versions/node/v6.9.5/lib/node_modules/protractor/node_modules/selenium-webdriver/lib/promise.js:676:7
    at process._tickCallback (internal/process/next_tick.js:103:7)Error
    at ElementArrayFinder.applyAction_ (/Users/muchniki/.nvm/versions/node/v6.9.5/lib/node_modules/protractor/lib/element.ts:482:23)
    at ElementArrayFinder.(anonymous function) [as getAttribute] (/Users/muchniki/.nvm/versions/node/v6.9.5/lib/node_modules/protractor/lib/element.ts:96:21)
    at ElementFinder.(anonymous function) [as getAttribute] (/Users/muchniki/.nvm/versions/node/v6.9.5/lib/node_modules/protractor/lib/element.ts:873:14)
    at Object.<anonymous> (/Users/muchniki/dev/cfgov-refresh/test/browser_tests/spec_suites/content/about-us.js:24:28)
    at /Users/muchniki/.nvm/versions/node/v6.9.5/lib/node_modules/protractor/node_modules/jasminewd2/index.js:110:25
    at new ManagedPromise (/Users/muchniki/.nvm/versions/node/v6.9.5/lib/node_modules/protractor/node_modules/selenium-webdriver/lib/promise.js:1067:7)
    at ControlFlow.promise (/Users/muchniki/.nvm/versions/node/v6.9.5/lib/node_modules/protractor/node_modules/selenium-webdriver/lib/promise.js:2396:12)
    at schedulerExecute (/Users/muchniki/.nvm/versions/node/v6.9.5/lib/node_modules/protractor/node_modules/jasminewd2/index.js:95:18)
    at TaskQueue.execute_ (/Users/muchniki/.nvm/versions/node/v6.9.5/lib/node_modules/protractor/node_modules/selenium-webdriver/lib/promise.js:2970:14)
    at TaskQueue.executeNext_ (/Users/muchniki/.nvm/versions/node/v6.9.5/lib/node_modules/protractor/node_modules/selenium-webdriver/lib/promise.js:2953:27)
From: Task: Run it("should have Blog & Newspaper section in the Activity feed") in control flow
    at Object.<anonymous> (/Users/muchniki/.nvm/versions/node/v6.9.5/lib/node_modules/protractor/node_modules/jasminewd2/index.js:94:19)
    at attemptAsync (/Users/muchniki/.nvm/versions/node/v6.9.5/lib/node_modules/protractor/node_modules/jasmine-core/lib/jasmine-core/jasmine.js:1980:24)
    at QueueRunner.run (/Users/muchniki/.nvm/versions/node/v6.9.5/lib/node_modules/protractor/node_modules/jasmine-core/lib/jasmine-core/jasmine.js:1935:9)
    at QueueRunner.execute (/Users/muchniki/.nvm/versions/node/v6.9.5/lib/node_modules/protractor/node_modules/jasmine-core/lib/jasmine-core/jasmine.js:1923:10)
    at Spec.queueRunnerFactory (/Users/muchniki/.nvm/versions/node/v6.9.5/lib/node_modules/protractor/node_modules/jasmine-core/lib/jasmine-core/jasmine.js:714:35)
    at Spec.execute (/Users/muchniki/.nvm/versions/node/v6.9.5/lib/node_modules/protractor/node_modules/jasmine-core/lib/jasmine-core/jasmine.js:371:10)
    at Object.fn (/Users/muchniki/.nvm/versions/node/v6.9.5/lib/node_modules/protractor/node_modules/jasmine-core/lib/jasmine-core/jasmine.js:2579:37)
    at attemptAsync (/Users/muchniki/.nvm/versions/node/v6.9.5/lib/node_modules/protractor/node_modules/jasmine-core/lib/jasmine-core/jasmine.js:1980:24)
    at QueueRunner.run (/Users/muchniki/.nvm/versions/node/v6.9.5/lib/node_modules/protractor/node_modules/jasmine-core/lib/jasmine-core/jasmine.js:1935:9)
    at /Users/muchniki/.nvm/versions/node/v6.9.5/lib/node_modules/protractor/node_modules/jasmine-core/lib/jasmine-core/jasmine.js:1962:16
From asynchronous test: 
Error
    at Suite.<anonymous> (/Users/muchniki/dev/cfgov-refresh/test/browser_tests/spec_suites/content/about-us.js:23:3)
    at addSpecsToSuite (/Users/muchniki/.nvm/versions/node/v6.9.5/lib/node_modules/protractor/node_modules/jasmine-core/lib/jasmine-core/jasmine.js:867:25)
    at Env.describe (/Users/muchniki/.nvm/versions/node/v6.9.5/lib/node_modules/protractor/node_modules/jasmine-core/lib/jasmine-core/jasmine.js:836:7)
    at describe (/Users/muchniki/.nvm/versions/node/v6.9.5/lib/node_modules/protractor/node_modules/jasmine-core/lib/jasmine-core/jasmine.js:3576:18)
    at Object.<anonymous> (/Users/muchniki/dev/cfgov-refresh/test/browser_tests/spec_suites/content/about-us.js:7:1)
    at Module._compile (module.js:570:32)
    at Object.Module._extensions..js (module.js:579:10)
    at Module.load (module.js:487:32)
    at tryModuleLoad (module.js:446:12)]]>
   </failure>
  </testcase>
  <testcase classname="focused specs.About Landing Page" name="should display some activity items in the activity block" time="0.003" />
 </testsuite>
 <testsuite name="focused specs.The Activity Log Page" timestamp="2017-03-01T17:31:54" hostname="localhost" time="2.263" errors="0" tests="11" skipped="1" disabled="0" failures="10">
  <testcase classname="focused specs.The Activity Log Page" name="should properly load in a browser" time="0.01">
   <failure type="toContain" message="Expected &apos;&apos; to contain &apos;Activity Log&apos;."><![CDATA[Error: Failed expectation
    at Object.<anonymous> (/Users/muchniki/dev/cfgov-refresh/test/browser_tests/spec_suites/content/activity-log.js:18:32)
    at /Users/muchniki/.nvm/versions/node/v6.9.5/lib/node_modules/protractor/node_modules/jasminewd2/index.js:110:25
    at new ManagedPromise (/Users/muchniki/.nvm/versions/node/v6.9.5/lib/node_modules/protractor/node_modules/selenium-webdriver/lib/promise.js:1067:7)
    at ControlFlow.promise (/Users/muchniki/.nvm/versions/node/v6.9.5/lib/node_modules/protractor/node_modules/selenium-webdriver/lib/promise.js:2396:12)
    at schedulerExecute (/Users/muchniki/.nvm/versions/node/v6.9.5/lib/node_modules/protractor/node_modules/jasminewd2/index.js:95:18)
    at TaskQueue.execute_ (/Users/muchniki/.nvm/versions/node/v6.9.5/lib/node_modules/protractor/node_modules/selenium-webdriver/lib/promise.js:2970:14)
    at TaskQueue.executeNext_ (/Users/muchniki/.nvm/versions/node/v6.9.5/lib/node_modules/protractor/node_modules/selenium-webdriver/lib/promise.js:2953:27)
    at asyncRun (/Users/muchniki/.nvm/versions/node/v6.9.5/lib/node_modules/protractor/node_modules/selenium-webdriver/lib/promise.js:2860:25)
    at /Users/muchniki/.nvm/versions/node/v6.9.5/lib/node_modules/protractor/node_modules/selenium-webdriver/lib/promise.js:676:7]]>
   </failure>
  </testcase>
  <testcase classname="focused specs.The Activity Log Page" name="should include a main summary" time="0.243">
   <failure type="toBe" message="Expected false to be true."><![CDATA[Error: Failed expectation
    at Object.<anonymous> (/Users/muchniki/dev/cfgov-refresh/test/browser_tests/spec_suites/content/activity-log.js:22:44)
    at /Users/muchniki/.nvm/versions/node/v6.9.5/lib/node_modules/protractor/node_modules/jasminewd2/index.js:110:25
    at new ManagedPromise (/Users/muchniki/.nvm/versions/node/v6.9.5/lib/node_modules/protractor/node_modules/selenium-webdriver/lib/promise.js:1067:7)
    at ControlFlow.promise (/Users/muchniki/.nvm/versions/node/v6.9.5/lib/node_modules/protractor/node_modules/selenium-webdriver/lib/promise.js:2396:12)
    at schedulerExecute (/Users/muchniki/.nvm/versions/node/v6.9.5/lib/node_modules/protractor/node_modules/jasminewd2/index.js:95:18)
    at TaskQueue.execute_ (/Users/muchniki/.nvm/versions/node/v6.9.5/lib/node_modules/protractor/node_modules/selenium-webdriver/lib/promise.js:2970:14)
    at TaskQueue.executeNext_ (/Users/muchniki/.nvm/versions/node/v6.9.5/lib/node_modules/protractor/node_modules/selenium-webdriver/lib/promise.js:2953:27)
    at asyncRun (/Users/muchniki/.nvm/versions/node/v6.9.5/lib/node_modules/protractor/node_modules/selenium-webdriver/lib/promise.js:2860:25)
    at /Users/muchniki/.nvm/versions/node/v6.9.5/lib/node_modules/protractor/node_modules/selenium-webdriver/lib/promise.js:676:7]]>
   </failure>
  </testcase>
  <testcase classname="focused specs.The Activity Log Page" name="should include a search filter" time="0.249">
   <failure type="toBe" message="Expected false to be true."><![CDATA[Error: Failed expectation
    at Object.<anonymous> (/Users/muchniki/dev/cfgov-refresh/test/browser_tests/spec_suites/content/activity-log.js:27:47)
    at /Users/muchniki/.nvm/versions/node/v6.9.5/lib/node_modules/protractor/node_modules/jasminewd2/index.js:110:25
    at new ManagedPromise (/Users/muchniki/.nvm/versions/node/v6.9.5/lib/node_modules/protractor/node_modules/selenium-webdriver/lib/promise.js:1067:7)
    at ControlFlow.promise (/Users/muchniki/.nvm/versions/node/v6.9.5/lib/node_modules/protractor/node_modules/selenium-webdriver/lib/promise.js:2396:12)
    at schedulerExecute (/Users/muchniki/.nvm/versions/node/v6.9.5/lib/node_modules/protractor/node_modules/jasminewd2/index.js:95:18)
    at TaskQueue.execute_ (/Users/muchniki/.nvm/versions/node/v6.9.5/lib/node_modules/protractor/node_modules/selenium-webdriver/lib/promise.js:2970:14)
    at TaskQueue.executeNext_ (/Users/muchniki/.nvm/versions/node/v6.9.5/lib/node_modules/protractor/node_modules/selenium-webdriver/lib/promise.js:2953:27)
    at asyncRun (/Users/muchniki/.nvm/versions/node/v6.9.5/lib/node_modules/protractor/node_modules/selenium-webdriver/lib/promise.js:2860:25)
    at /Users/muchniki/.nvm/versions/node/v6.9.5/lib/node_modules/protractor/node_modules/selenium-webdriver/lib/promise.js:676:7]]>
   </failure>
  </testcase>
  <testcase classname="focused specs.The Activity Log Page" name="should include a search filter button" time="0.25">
   <failure type="exception" message="Failed: No element found using locator: By(css selector, .o-filterable-list-controls .o-expandable)"><![CDATA[NoSuchElementError: No element found using locator: By(css selector, .o-filterable-list-controls .o-expandable)
    at WebDriverError (/Users/muchniki/.nvm/versions/node/v6.9.5/lib/node_modules/protractor/node_modules/selenium-webdriver/lib/error.js:27:5)
    at NoSuchElementError (/Users/muchniki/.nvm/versions/node/v6.9.5/lib/node_modules/protractor/node_modules/selenium-webdriver/lib/error.js:168:5)
    at elementArrayFinder.getWebElements.then (/Users/muchniki/.nvm/versions/node/v6.9.5/lib/node_modules/protractor/lib/element.ts:851:17)
    at ManagedPromise.invokeCallback_ (/Users/muchniki/.nvm/versions/node/v6.9.5/lib/node_modules/protractor/node_modules/selenium-webdriver/lib/promise.js:1366:14)
    at TaskQueue.execute_ (/Users/muchniki/.nvm/versions/node/v6.9.5/lib/node_modules/protractor/node_modules/selenium-webdriver/lib/promise.js:2970:14)
    at TaskQueue.executeNext_ (/Users/muchniki/.nvm/versions/node/v6.9.5/lib/node_modules/protractor/node_modules/selenium-webdriver/lib/promise.js:2953:27)
    at asyncRun (/Users/muchniki/.nvm/versions/node/v6.9.5/lib/node_modules/protractor/node_modules/selenium-webdriver/lib/promise.js:2813:27)
    at /Users/muchniki/.nvm/versions/node/v6.9.5/lib/node_modules/protractor/node_modules/selenium-webdriver/lib/promise.js:676:7
    at process._tickCallback (internal/process/next_tick.js:103:7)Error
    at ElementArrayFinder.applyAction_ (/Users/muchniki/.nvm/versions/node/v6.9.5/lib/node_modules/protractor/lib/element.ts:482:23)
    at ElementArrayFinder.(anonymous function) [as getText] (/Users/muchniki/.nvm/versions/node/v6.9.5/lib/node_modules/protractor/lib/element.ts:96:21)
    at ElementFinder.(anonymous function) [as getText] (/Users/muchniki/.nvm/versions/node/v6.9.5/lib/node_modules/protractor/lib/element.ts:873:14)
    at Object.<anonymous> (/Users/muchniki/dev/cfgov-refresh/test/browser_tests/spec_suites/content/activity-log.js:33:36)
    at /Users/muchniki/.nvm/versions/node/v6.9.5/lib/node_modules/protractor/node_modules/jasminewd2/index.js:110:25
    at new ManagedPromise (/Users/muchniki/.nvm/versions/node/v6.9.5/lib/node_modules/protractor/node_modules/selenium-webdriver/lib/promise.js:1067:7)
    at ControlFlow.promise (/Users/muchniki/.nvm/versions/node/v6.9.5/lib/node_modules/protractor/node_modules/selenium-webdriver/lib/promise.js:2396:12)
    at schedulerExecute (/Users/muchniki/.nvm/versions/node/v6.9.5/lib/node_modules/protractor/node_modules/jasminewd2/index.js:95:18)
    at TaskQueue.execute_ (/Users/muchniki/.nvm/versions/node/v6.9.5/lib/node_modules/protractor/node_modules/selenium-webdriver/lib/promise.js:2970:14)
    at TaskQueue.executeNext_ (/Users/muchniki/.nvm/versions/node/v6.9.5/lib/node_modules/protractor/node_modules/selenium-webdriver/lib/promise.js:2953:27)
From: Task: Run it("should include a search filter button") in control flow
    at Object.<anonymous> (/Users/muchniki/.nvm/versions/node/v6.9.5/lib/node_modules/protractor/node_modules/jasminewd2/index.js:94:19)
    at attemptAsync (/Users/muchniki/.nvm/versions/node/v6.9.5/lib/node_modules/protractor/node_modules/jasmine-core/lib/jasmine-core/jasmine.js:1980:24)
    at QueueRunner.run (/Users/muchniki/.nvm/versions/node/v6.9.5/lib/node_modules/protractor/node_modules/jasmine-core/lib/jasmine-core/jasmine.js:1935:9)
    at QueueRunner.execute (/Users/muchniki/.nvm/versions/node/v6.9.5/lib/node_modules/protractor/node_modules/jasmine-core/lib/jasmine-core/jasmine.js:1923:10)
    at Spec.queueRunnerFactory (/Users/muchniki/.nvm/versions/node/v6.9.5/lib/node_modules/protractor/node_modules/jasmine-core/lib/jasmine-core/jasmine.js:714:35)
    at Spec.execute (/Users/muchniki/.nvm/versions/node/v6.9.5/lib/node_modules/protractor/node_modules/jasmine-core/lib/jasmine-core/jasmine.js:371:10)
    at Object.fn (/Users/muchniki/.nvm/versions/node/v6.9.5/lib/node_modules/protractor/node_modules/jasmine-core/lib/jasmine-core/jasmine.js:2579:37)
    at attemptAsync (/Users/muchniki/.nvm/versions/node/v6.9.5/lib/node_modules/protractor/node_modules/jasmine-core/lib/jasmine-core/jasmine.js:1980:24)
    at QueueRunner.run (/Users/muchniki/.nvm/versions/node/v6.9.5/lib/node_modules/protractor/node_modules/jasmine-core/lib/jasmine-core/jasmine.js:1935:9)
    at /Users/muchniki/.nvm/versions/node/v6.9.5/lib/node_modules/protractor/node_modules/jasmine-core/lib/jasmine-core/jasmine.js:1962:16
From asynchronous test: 
Error
    at Suite.<anonymous> (/Users/muchniki/dev/cfgov-refresh/test/browser_tests/spec_suites/content/activity-log.js:31:3)
    at addSpecsToSuite (/Users/muchniki/.nvm/versions/node/v6.9.5/lib/node_modules/protractor/node_modules/jasmine-core/lib/jasmine-core/jasmine.js:867:25)
    at Env.describe (/Users/muchniki/.nvm/versions/node/v6.9.5/lib/node_modules/protractor/node_modules/jasmine-core/lib/jasmine-core/jasmine.js:836:7)
    at describe (/Users/muchniki/.nvm/versions/node/v6.9.5/lib/node_modules/protractor/node_modules/jasmine-core/lib/jasmine-core/jasmine.js:3576:18)
    at Object.<anonymous> (/Users/muchniki/dev/cfgov-refresh/test/browser_tests/spec_suites/content/activity-log.js:9:1)
    at Module._compile (module.js:570:32)
    at Object.Module._extensions..js (module.js:579:10)
    at Module.load (module.js:487:32)
    at tryModuleLoad (module.js:446:12)]]>
   </failure>
  </testcase>
  <testcase classname="focused specs.The Activity Log Page" name="should include a visible Show button" time="0.246">
   <failure type="exception" message="Failed: No element found using locator: By(css selector, .o-filterable-list-controls .o-expandable)"><![CDATA[NoSuchElementError: No element found using locator: By(css selector, .o-filterable-list-controls .o-expandable)
    at WebDriverError (/Users/muchniki/.nvm/versions/node/v6.9.5/lib/node_modules/protractor/node_modules/selenium-webdriver/lib/error.js:27:5)
    at NoSuchElementError (/Users/muchniki/.nvm/versions/node/v6.9.5/lib/node_modules/protractor/node_modules/selenium-webdriver/lib/error.js:168:5)
    at elementArrayFinder.getWebElements.then (/Users/muchniki/.nvm/versions/node/v6.9.5/lib/node_modules/protractor/lib/element.ts:851:17)
    at ManagedPromise.invokeCallback_ (/Users/muchniki/.nvm/versions/node/v6.9.5/lib/node_modules/protractor/node_modules/selenium-webdriver/lib/promise.js:1366:14)
    at TaskQueue.execute_ (/Users/muchniki/.nvm/versions/node/v6.9.5/lib/node_modules/protractor/node_modules/selenium-webdriver/lib/promise.js:2970:14)
    at TaskQueue.executeNext_ (/Users/muchniki/.nvm/versions/node/v6.9.5/lib/node_modules/protractor/node_modules/selenium-webdriver/lib/promise.js:2953:27)
    at asyncRun (/Users/muchniki/.nvm/versions/node/v6.9.5/lib/node_modules/protractor/node_modules/selenium-webdriver/lib/promise.js:2813:27)
    at /Users/muchniki/.nvm/versions/node/v6.9.5/lib/node_modules/protractor/node_modules/selenium-webdriver/lib/promise.js:676:7
    at process._tickCallback (internal/process/next_tick.js:103:7)Error
    at ElementArrayFinder.applyAction_ (/Users/muchniki/.nvm/versions/node/v6.9.5/lib/node_modules/protractor/lib/element.ts:482:23)
    at ElementArrayFinder.(anonymous function) [as isDisplayed] (/Users/muchniki/.nvm/versions/node/v6.9.5/lib/node_modules/protractor/lib/element.ts:96:21)
    at ElementFinder.(anonymous function) [as isDisplayed] (/Users/muchniki/.nvm/versions/node/v6.9.5/lib/node_modules/protractor/lib/element.ts:873:14)
    at Object.<anonymous> (/Users/muchniki/dev/cfgov-refresh/test/browser_tests/spec_suites/content/activity-log.js:39:40)
    at /Users/muchniki/.nvm/versions/node/v6.9.5/lib/node_modules/protractor/node_modules/jasminewd2/index.js:110:25
    at new ManagedPromise (/Users/muchniki/.nvm/versions/node/v6.9.5/lib/node_modules/protractor/node_modules/selenium-webdriver/lib/promise.js:1067:7)
    at ControlFlow.promise (/Users/muchniki/.nvm/versions/node/v6.9.5/lib/node_modules/protractor/node_modules/selenium-webdriver/lib/promise.js:2396:12)
    at schedulerExecute (/Users/muchniki/.nvm/versions/node/v6.9.5/lib/node_modules/protractor/node_modules/jasminewd2/index.js:95:18)
    at TaskQueue.execute_ (/Users/muchniki/.nvm/versions/node/v6.9.5/lib/node_modules/protractor/node_modules/selenium-webdriver/lib/promise.js:2970:14)
    at TaskQueue.executeNext_ (/Users/muchniki/.nvm/versions/node/v6.9.5/lib/node_modules/protractor/node_modules/selenium-webdriver/lib/promise.js:2953:27)
From: Task: Run it("should include a visible Show button") in control flow
    at Object.<anonymous> (/Users/muchniki/.nvm/versions/node/v6.9.5/lib/node_modules/protractor/node_modules/jasminewd2/index.js:94:19)
    at attemptAsync (/Users/muchniki/.nvm/versions/node/v6.9.5/lib/node_modules/protractor/node_modules/jasmine-core/lib/jasmine-core/jasmine.js:1980:24)
    at QueueRunner.run (/Users/muchniki/.nvm/versions/node/v6.9.5/lib/node_modules/protractor/node_modules/jasmine-core/lib/jasmine-core/jasmine.js:1935:9)
    at QueueRunner.execute (/Users/muchniki/.nvm/versions/node/v6.9.5/lib/node_modules/protractor/node_modules/jasmine-core/lib/jasmine-core/jasmine.js:1923:10)
    at Spec.queueRunnerFactory (/Users/muchniki/.nvm/versions/node/v6.9.5/lib/node_modules/protractor/node_modules/jasmine-core/lib/jasmine-core/jasmine.js:714:35)
    at Spec.execute (/Users/muchniki/.nvm/versions/node/v6.9.5/lib/node_modules/protractor/node_modules/jasmine-core/lib/jasmine-core/jasmine.js:371:10)
    at Object.fn (/Users/muchniki/.nvm/versions/node/v6.9.5/lib/node_modules/protractor/node_modules/jasmine-core/lib/jasmine-core/jasmine.js:2579:37)
    at attemptAsync (/Users/muchniki/.nvm/versions/node/v6.9.5/lib/node_modules/protractor/node_modules/jasmine-core/lib/jasmine-core/jasmine.js:1980:24)
    at QueueRunner.run (/Users/muchniki/.nvm/versions/node/v6.9.5/lib/node_modules/protractor/node_modules/jasmine-core/lib/jasmine-core/jasmine.js:1935:9)
    at /Users/muchniki/.nvm/versions/node/v6.9.5/lib/node_modules/protractor/node_modules/jasmine-core/lib/jasmine-core/jasmine.js:1962:16
From asynchronous test: 
Error
    at Suite.<anonymous> (/Users/muchniki/dev/cfgov-refresh/test/browser_tests/spec_suites/content/activity-log.js:37:3)
    at addSpecsToSuite (/Users/muchniki/.nvm/versions/node/v6.9.5/lib/node_modules/protractor/node_modules/jasmine-core/lib/jasmine-core/jasmine.js:867:25)
    at Env.describe (/Users/muchniki/.nvm/versions/node/v6.9.5/lib/node_modules/protractor/node_modules/jasmine-core/lib/jasmine-core/jasmine.js:836:7)
    at describe (/Users/muchniki/.nvm/versions/node/v6.9.5/lib/node_modules/protractor/node_modules/jasmine-core/lib/jasmine-core/jasmine.js:3576:18)
    at Object.<anonymous> (/Users/muchniki/dev/cfgov-refresh/test/browser_tests/spec_suites/content/activity-log.js:9:1)
    at Module._compile (module.js:570:32)
    at Object.Module._extensions..js (module.js:579:10)
    at Module.load (module.js:487:32)
    at tryModuleLoad (module.js:446:12)]]>
   </failure>
  </testcase>
  <testcase classname="focused specs.The Activity Log Page" name="should include a hidden Hide button" time="0.242">
   <failure type="exception" message="Failed: No element found using locator: By(css selector, .o-filterable-list-controls .o-expandable)"><![CDATA[NoSuchElementError: No element found using locator: By(css selector, .o-filterable-list-controls .o-expandable)
    at WebDriverError (/Users/muchniki/.nvm/versions/node/v6.9.5/lib/node_modules/protractor/node_modules/selenium-webdriver/lib/error.js:27:5)
    at NoSuchElementError (/Users/muchniki/.nvm/versions/node/v6.9.5/lib/node_modules/protractor/node_modules/selenium-webdriver/lib/error.js:168:5)
    at elementArrayFinder.getWebElements.then (/Users/muchniki/.nvm/versions/node/v6.9.5/lib/node_modules/protractor/lib/element.ts:851:17)
    at ManagedPromise.invokeCallback_ (/Users/muchniki/.nvm/versions/node/v6.9.5/lib/node_modules/protractor/node_modules/selenium-webdriver/lib/promise.js:1366:14)
    at TaskQueue.execute_ (/Users/muchniki/.nvm/versions/node/v6.9.5/lib/node_modules/protractor/node_modules/selenium-webdriver/lib/promise.js:2970:14)
    at TaskQueue.executeNext_ (/Users/muchniki/.nvm/versions/node/v6.9.5/lib/node_modules/protractor/node_modules/selenium-webdriver/lib/promise.js:2953:27)
    at asyncRun (/Users/muchniki/.nvm/versions/node/v6.9.5/lib/node_modules/protractor/node_modules/selenium-webdriver/lib/promise.js:2813:27)
    at /Users/muchniki/.nvm/versions/node/v6.9.5/lib/node_modules/protractor/node_modules/selenium-webdriver/lib/promise.js:676:7
    at process._tickCallback (internal/process/next_tick.js:103:7)Error
    at ElementArrayFinder.applyAction_ (/Users/muchniki/.nvm/versions/node/v6.9.5/lib/node_modules/protractor/lib/element.ts:482:23)
    at ElementArrayFinder.(anonymous function) [as isDisplayed] (/Users/muchniki/.nvm/versions/node/v6.9.5/lib/node_modules/protractor/lib/element.ts:96:21)
    at ElementFinder.(anonymous function) [as isDisplayed] (/Users/muchniki/.nvm/versions/node/v6.9.5/lib/node_modules/protractor/lib/element.ts:873:14)
    at Object.<anonymous> (/Users/muchniki/dev/cfgov-refresh/test/browser_tests/spec_suites/content/activity-log.js:53:40)
    at /Users/muchniki/.nvm/versions/node/v6.9.5/lib/node_modules/protractor/node_modules/jasminewd2/index.js:110:25
    at new ManagedPromise (/Users/muchniki/.nvm/versions/node/v6.9.5/lib/node_modules/protractor/node_modules/selenium-webdriver/lib/promise.js:1067:7)
    at ControlFlow.promise (/Users/muchniki/.nvm/versions/node/v6.9.5/lib/node_modules/protractor/node_modules/selenium-webdriver/lib/promise.js:2396:12)
    at schedulerExecute (/Users/muchniki/.nvm/versions/node/v6.9.5/lib/node_modules/protractor/node_modules/jasminewd2/index.js:95:18)
    at TaskQueue.execute_ (/Users/muchniki/.nvm/versions/node/v6.9.5/lib/node_modules/protractor/node_modules/selenium-webdriver/lib/promise.js:2970:14)
    at TaskQueue.executeNext_ (/Users/muchniki/.nvm/versions/node/v6.9.5/lib/node_modules/protractor/node_modules/selenium-webdriver/lib/promise.js:2953:27)
From: Task: Run it("should include a hidden Hide button") in control flow
    at Object.<anonymous> (/Users/muchniki/.nvm/versions/node/v6.9.5/lib/node_modules/protractor/node_modules/jasminewd2/index.js:94:19)
    at attemptAsync (/Users/muchniki/.nvm/versions/node/v6.9.5/lib/node_modules/protractor/node_modules/jasmine-core/lib/jasmine-core/jasmine.js:1980:24)
    at QueueRunner.run (/Users/muchniki/.nvm/versions/node/v6.9.5/lib/node_modules/protractor/node_modules/jasmine-core/lib/jasmine-core/jasmine.js:1935:9)
    at QueueRunner.execute (/Users/muchniki/.nvm/versions/node/v6.9.5/lib/node_modules/protractor/node_modules/jasmine-core/lib/jasmine-core/jasmine.js:1923:10)
    at Spec.queueRunnerFactory (/Users/muchniki/.nvm/versions/node/v6.9.5/lib/node_modules/protractor/node_modules/jasmine-core/lib/jasmine-core/jasmine.js:714:35)
    at Spec.execute (/Users/muchniki/.nvm/versions/node/v6.9.5/lib/node_modules/protractor/node_modules/jasmine-core/lib/jasmine-core/jasmine.js:371:10)
    at Object.fn (/Users/muchniki/.nvm/versions/node/v6.9.5/lib/node_modules/protractor/node_modules/jasmine-core/lib/jasmine-core/jasmine.js:2579:37)
    at attemptAsync (/Users/muchniki/.nvm/versions/node/v6.9.5/lib/node_modules/protractor/node_modules/jasmine-core/lib/jasmine-core/jasmine.js:1980:24)
    at QueueRunner.run (/Users/muchniki/.nvm/versions/node/v6.9.5/lib/node_modules/protractor/node_modules/jasmine-core/lib/jasmine-core/jasmine.js:1935:9)
    at /Users/muchniki/.nvm/versions/node/v6.9.5/lib/node_modules/protractor/node_modules/jasmine-core/lib/jasmine-core/jasmine.js:1962:16
From asynchronous test: 
Error
    at Suite.<anonymous> (/Users/muchniki/dev/cfgov-refresh/test/browser_tests/spec_suites/content/activity-log.js:51:3)
    at addSpecsToSuite (/Users/muchniki/.nvm/versions/node/v6.9.5/lib/node_modules/protractor/node_modules/jasmine-core/lib/jasmine-core/jasmine.js:867:25)
    at Env.describe (/Users/muchniki/.nvm/versions/node/v6.9.5/lib/node_modules/protractor/node_modules/jasmine-core/lib/jasmine-core/jasmine.js:836:7)
    at describe (/Users/muchniki/.nvm/versions/node/v6.9.5/lib/node_modules/protractor/node_modules/jasmine-core/lib/jasmine-core/jasmine.js:3576:18)
    at Object.<anonymous> (/Users/muchniki/dev/cfgov-refresh/test/browser_tests/spec_suites/content/activity-log.js:9:1)
    at Module._compile (module.js:570:32)
    at Object.Module._extensions..js (module.js:579:10)
    at Module.load (module.js:487:32)
    at tryModuleLoad (module.js:446:12)]]>
   </failure>
  </testcase>
  <testcase classname="focused specs.The Activity Log Page" name="should include search filter results" time="0">
   <skipped message="Temporarily disabled with xit" />
  </testcase>
  <testcase classname="focused specs.The Activity Log Page" name="should include pagination form" time="0.248">
   <failure type="toBe" message="Expected false to be true."><![CDATA[Error: Failed expectation
    at Object.<anonymous> (/Users/muchniki/dev/cfgov-refresh/test/browser_tests/spec_suites/content/activity-log.js:65:49)
    at /Users/muchniki/.nvm/versions/node/v6.9.5/lib/node_modules/protractor/node_modules/jasminewd2/index.js:110:25
    at new ManagedPromise (/Users/muchniki/.nvm/versions/node/v6.9.5/lib/node_modules/protractor/node_modules/selenium-webdriver/lib/promise.js:1067:7)
    at ControlFlow.promise (/Users/muchniki/.nvm/versions/node/v6.9.5/lib/node_modules/protractor/node_modules/selenium-webdriver/lib/promise.js:2396:12)
    at schedulerExecute (/Users/muchniki/.nvm/versions/node/v6.9.5/lib/node_modules/protractor/node_modules/jasminewd2/index.js:95:18)
    at TaskQueue.execute_ (/Users/muchniki/.nvm/versions/node/v6.9.5/lib/node_modules/protractor/node_modules/selenium-webdriver/lib/promise.js:2970:14)
    at TaskQueue.executeNext_ (/Users/muchniki/.nvm/versions/node/v6.9.5/lib/node_modules/protractor/node_modules/selenium-webdriver/lib/promise.js:2953:27)
    at asyncRun (/Users/muchniki/.nvm/versions/node/v6.9.5/lib/node_modules/protractor/node_modules/selenium-webdriver/lib/promise.js:2860:25)
    at /Users/muchniki/.nvm/versions/node/v6.9.5/lib/node_modules/protractor/node_modules/selenium-webdriver/lib/promise.js:676:7]]>
   </failure>
  </testcase>
  <testcase classname="focused specs.The Activity Log Page" name="should include a previous buttton within the pagination element" time="0.244">
   <failure type="exception" message="Failed: No element found using locator: By(css selector, .m-pagination)"><![CDATA[NoSuchElementError: No element found using locator: By(css selector, .m-pagination)
    at WebDriverError (/Users/muchniki/.nvm/versions/node/v6.9.5/lib/node_modules/protractor/node_modules/selenium-webdriver/lib/error.js:27:5)
    at NoSuchElementError (/Users/muchniki/.nvm/versions/node/v6.9.5/lib/node_modules/protractor/node_modules/selenium-webdriver/lib/error.js:168:5)
    at elementArrayFinder.getWebElements.then (/Users/muchniki/.nvm/versions/node/v6.9.5/lib/node_modules/protractor/lib/element.ts:851:17)
    at ManagedPromise.invokeCallback_ (/Users/muchniki/.nvm/versions/node/v6.9.5/lib/node_modules/protractor/node_modules/selenium-webdriver/lib/promise.js:1366:14)
    at TaskQueue.execute_ (/Users/muchniki/.nvm/versions/node/v6.9.5/lib/node_modules/protractor/node_modules/selenium-webdriver/lib/promise.js:2970:14)
    at TaskQueue.executeNext_ (/Users/muchniki/.nvm/versions/node/v6.9.5/lib/node_modules/protractor/node_modules/selenium-webdriver/lib/promise.js:2953:27)
    at asyncRun (/Users/muchniki/.nvm/versions/node/v6.9.5/lib/node_modules/protractor/node_modules/selenium-webdriver/lib/promise.js:2813:27)
    at /Users/muchniki/.nvm/versions/node/v6.9.5/lib/node_modules/protractor/node_modules/selenium-webdriver/lib/promise.js:676:7
    at process._tickCallback (internal/process/next_tick.js:103:7)Error
    at ElementArrayFinder.applyAction_ (/Users/muchniki/.nvm/versions/node/v6.9.5/lib/node_modules/protractor/lib/element.ts:482:23)
    at ElementArrayFinder.(anonymous function) [as getText] (/Users/muchniki/.nvm/versions/node/v6.9.5/lib/node_modules/protractor/lib/element.ts:96:21)
    at ElementFinder.(anonymous function) [as getText] (/Users/muchniki/.nvm/versions/node/v6.9.5/lib/node_modules/protractor/lib/element.ts:873:14)
    at Object.<anonymous> (/Users/muchniki/dev/cfgov-refresh/test/browser_tests/spec_suites/content/activity-log.js:71:38)
    at /Users/muchniki/.nvm/versions/node/v6.9.5/lib/node_modules/protractor/node_modules/jasminewd2/index.js:110:25
    at new ManagedPromise (/Users/muchniki/.nvm/versions/node/v6.9.5/lib/node_modules/protractor/node_modules/selenium-webdriver/lib/promise.js:1067:7)
    at ControlFlow.promise (/Users/muchniki/.nvm/versions/node/v6.9.5/lib/node_modules/protractor/node_modules/selenium-webdriver/lib/promise.js:2396:12)
    at schedulerExecute (/Users/muchniki/.nvm/versions/node/v6.9.5/lib/node_modules/protractor/node_modules/jasminewd2/index.js:95:18)
    at TaskQueue.execute_ (/Users/muchniki/.nvm/versions/node/v6.9.5/lib/node_modules/protractor/node_modules/selenium-webdriver/lib/promise.js:2970:14)
    at TaskQueue.executeNext_ (/Users/muchniki/.nvm/versions/node/v6.9.5/lib/node_modules/protractor/node_modules/selenium-webdriver/lib/promise.js:2953:27)
From: Task: Run it("should include a previous buttton within the pagination element") in control flow
    at Object.<anonymous> (/Users/muchniki/.nvm/versions/node/v6.9.5/lib/node_modules/protractor/node_modules/jasminewd2/index.js:94:19)
    at attemptAsync (/Users/muchniki/.nvm/versions/node/v6.9.5/lib/node_modules/protractor/node_modules/jasmine-core/lib/jasmine-core/jasmine.js:1980:24)
    at QueueRunner.run (/Users/muchniki/.nvm/versions/node/v6.9.5/lib/node_modules/protractor/node_modules/jasmine-core/lib/jasmine-core/jasmine.js:1935:9)
    at QueueRunner.execute (/Users/muchniki/.nvm/versions/node/v6.9.5/lib/node_modules/protractor/node_modules/jasmine-core/lib/jasmine-core/jasmine.js:1923:10)
    at Spec.queueRunnerFactory (/Users/muchniki/.nvm/versions/node/v6.9.5/lib/node_modules/protractor/node_modules/jasmine-core/lib/jasmine-core/jasmine.js:714:35)
    at Spec.execute (/Users/muchniki/.nvm/versions/node/v6.9.5/lib/node_modules/protractor/node_modules/jasmine-core/lib/jasmine-core/jasmine.js:371:10)
    at Object.fn (/Users/muchniki/.nvm/versions/node/v6.9.5/lib/node_modules/protractor/node_modules/jasmine-core/lib/jasmine-core/jasmine.js:2579:37)
    at attemptAsync (/Users/muchniki/.nvm/versions/node/v6.9.5/lib/node_modules/protractor/node_modules/jasmine-core/lib/jasmine-core/jasmine.js:1980:24)
    at QueueRunner.run (/Users/muchniki/.nvm/versions/node/v6.9.5/lib/node_modules/protractor/node_modules/jasmine-core/lib/jasmine-core/jasmine.js:1935:9)
    at /Users/muchniki/.nvm/versions/node/v6.9.5/lib/node_modules/protractor/node_modules/jasmine-core/lib/jasmine-core/jasmine.js:1962:16
From asynchronous test: 
Error
    at Suite.<anonymous> (/Users/muchniki/dev/cfgov-refresh/test/browser_tests/spec_suites/content/activity-log.js:69:3)
    at addSpecsToSuite (/Users/muchniki/.nvm/versions/node/v6.9.5/lib/node_modules/protractor/node_modules/jasmine-core/lib/jasmine-core/jasmine.js:867:25)
    at Env.describe (/Users/muchniki/.nvm/versions/node/v6.9.5/lib/node_modules/protractor/node_modules/jasmine-core/lib/jasmine-core/jasmine.js:836:7)
    at describe (/Users/muchniki/.nvm/versions/node/v6.9.5/lib/node_modules/protractor/node_modules/jasmine-core/lib/jasmine-core/jasmine.js:3576:18)
    at Object.<anonymous> (/Users/muchniki/dev/cfgov-refresh/test/browser_tests/spec_suites/content/activity-log.js:9:1)
    at Module._compile (module.js:570:32)
    at Object.Module._extensions..js (module.js:579:10)
    at Module.load (module.js:487:32)
    at tryModuleLoad (module.js:446:12)]]>
   </failure>
  </testcase>
  <testcase classname="focused specs.The Activity Log Page" name="should include a next buttton within the pagination element" time="0.241">
   <failure type="exception" message="Failed: No element found using locator: By(css selector, .m-pagination)"><![CDATA[NoSuchElementError: No element found using locator: By(css selector, .m-pagination)
    at WebDriverError (/Users/muchniki/.nvm/versions/node/v6.9.5/lib/node_modules/protractor/node_modules/selenium-webdriver/lib/error.js:27:5)
    at NoSuchElementError (/Users/muchniki/.nvm/versions/node/v6.9.5/lib/node_modules/protractor/node_modules/selenium-webdriver/lib/error.js:168:5)
    at elementArrayFinder.getWebElements.then (/Users/muchniki/.nvm/versions/node/v6.9.5/lib/node_modules/protractor/lib/element.ts:851:17)
    at ManagedPromise.invokeCallback_ (/Users/muchniki/.nvm/versions/node/v6.9.5/lib/node_modules/protractor/node_modules/selenium-webdriver/lib/promise.js:1366:14)
    at TaskQueue.execute_ (/Users/muchniki/.nvm/versions/node/v6.9.5/lib/node_modules/protractor/node_modules/selenium-webdriver/lib/promise.js:2970:14)
    at TaskQueue.executeNext_ (/Users/muchniki/.nvm/versions/node/v6.9.5/lib/node_modules/protractor/node_modules/selenium-webdriver/lib/promise.js:2953:27)
    at asyncRun (/Users/muchniki/.nvm/versions/node/v6.9.5/lib/node_modules/protractor/node_modules/selenium-webdriver/lib/promise.js:2813:27)
    at /Users/muchniki/.nvm/versions/node/v6.9.5/lib/node_modules/protractor/node_modules/selenium-webdriver/lib/promise.js:676:7
    at process._tickCallback (internal/process/next_tick.js:103:7)Error
    at ElementArrayFinder.applyAction_ (/Users/muchniki/.nvm/versions/node/v6.9.5/lib/node_modules/protractor/lib/element.ts:482:23)
    at ElementArrayFinder.(anonymous function) [as getText] (/Users/muchniki/.nvm/versions/node/v6.9.5/lib/node_modules/protractor/lib/element.ts:96:21)
    at ElementFinder.(anonymous function) [as getText] (/Users/muchniki/.nvm/versions/node/v6.9.5/lib/node_modules/protractor/lib/element.ts:873:14)
    at Object.<anonymous> (/Users/muchniki/dev/cfgov-refresh/test/browser_tests/spec_suites/content/activity-log.js:77:38)
    at /Users/muchniki/.nvm/versions/node/v6.9.5/lib/node_modules/protractor/node_modules/jasminewd2/index.js:110:25
    at new ManagedPromise (/Users/muchniki/.nvm/versions/node/v6.9.5/lib/node_modules/protractor/node_modules/selenium-webdriver/lib/promise.js:1067:7)
    at ControlFlow.promise (/Users/muchniki/.nvm/versions/node/v6.9.5/lib/node_modules/protractor/node_modules/selenium-webdriver/lib/promise.js:2396:12)
    at schedulerExecute (/Users/muchniki/.nvm/versions/node/v6.9.5/lib/node_modules/protractor/node_modules/jasminewd2/index.js:95:18)
    at TaskQueue.execute_ (/Users/muchniki/.nvm/versions/node/v6.9.5/lib/node_modules/protractor/node_modules/selenium-webdriver/lib/promise.js:2970:14)
    at TaskQueue.executeNext_ (/Users/muchniki/.nvm/versions/node/v6.9.5/lib/node_modules/protractor/node_modules/selenium-webdriver/lib/promise.js:2953:27)
From: Task: Run it("should include a next buttton within the pagination element") in control flow
    at Object.<anonymous> (/Users/muchniki/.nvm/versions/node/v6.9.5/lib/node_modules/protractor/node_modules/jasminewd2/index.js:94:19)
    at attemptAsync (/Users/muchniki/.nvm/versions/node/v6.9.5/lib/node_modules/protractor/node_modules/jasmine-core/lib/jasmine-core/jasmine.js:1980:24)
    at QueueRunner.run (/Users/muchniki/.nvm/versions/node/v6.9.5/lib/node_modules/protractor/node_modules/jasmine-core/lib/jasmine-core/jasmine.js:1935:9)
    at QueueRunner.execute (/Users/muchniki/.nvm/versions/node/v6.9.5/lib/node_modules/protractor/node_modules/jasmine-core/lib/jasmine-core/jasmine.js:1923:10)
    at Spec.queueRunnerFactory (/Users/muchniki/.nvm/versions/node/v6.9.5/lib/node_modules/protractor/node_modules/jasmine-core/lib/jasmine-core/jasmine.js:714:35)
    at Spec.execute (/Users/muchniki/.nvm/versions/node/v6.9.5/lib/node_modules/protractor/node_modules/jasmine-core/lib/jasmine-core/jasmine.js:371:10)
    at Object.fn (/Users/muchniki/.nvm/versions/node/v6.9.5/lib/node_modules/protractor/node_modules/jasmine-core/lib/jasmine-core/jasmine.js:2579:37)
    at attemptAsync (/Users/muchniki/.nvm/versions/node/v6.9.5/lib/node_modules/protractor/node_modules/jasmine-core/lib/jasmine-core/jasmine.js:1980:24)
    at QueueRunner.run (/Users/muchniki/.nvm/versions/node/v6.9.5/lib/node_modules/protractor/node_modules/jasmine-core/lib/jasmine-core/jasmine.js:1935:9)
    at /Users/muchniki/.nvm/versions/node/v6.9.5/lib/node_modules/protractor/node_modules/jasmine-core/lib/jasmine-core/jasmine.js:1962:16
From asynchronous test: 
Error
    at Suite.<anonymous> (/Users/muchniki/dev/cfgov-refresh/test/browser_tests/spec_suites/content/activity-log.js:75:3)
    at addSpecsToSuite (/Users/muchniki/.nvm/versions/node/v6.9.5/lib/node_modules/protractor/node_modules/jasmine-core/lib/jasmine-core/jasmine.js:867:25)
    at Env.describe (/Users/muchniki/.nvm/versions/node/v6.9.5/lib/node_modules/protractor/node_modules/jasmine-core/lib/jasmine-core/jasmine.js:836:7)
    at describe (/Users/muchniki/.nvm/versions/node/v6.9.5/lib/node_modules/protractor/node_modules/jasmine-core/lib/jasmine-core/jasmine.js:3576:18)
    at Object.<anonymous> (/Users/muchniki/dev/cfgov-refresh/test/browser_tests/spec_suites/content/activity-log.js:9:1)
    at Module._compile (module.js:570:32)
    at Object.Module._extensions..js (module.js:579:10)
    at Module.load (module.js:487:32)
    at tryModuleLoad (module.js:446:12)]]>
   </failure>
  </testcase>
  <testcase classname="focused specs.The Activity Log Page" name="should include a page input with value set to 1" time="0.269">
   <failure type="exception" message="Failed: No element found using locator: By(css selector, .m-pagination)"><![CDATA[NoSuchElementError: No element found using locator: By(css selector, .m-pagination)
    at WebDriverError (/Users/muchniki/.nvm/versions/node/v6.9.5/lib/node_modules/protractor/node_modules/selenium-webdriver/lib/error.js:27:5)
    at NoSuchElementError (/Users/muchniki/.nvm/versions/node/v6.9.5/lib/node_modules/protractor/node_modules/selenium-webdriver/lib/error.js:168:5)
    at elementArrayFinder.getWebElements.then (/Users/muchniki/.nvm/versions/node/v6.9.5/lib/node_modules/protractor/lib/element.ts:851:17)
    at ManagedPromise.invokeCallback_ (/Users/muchniki/.nvm/versions/node/v6.9.5/lib/node_modules/protractor/node_modules/selenium-webdriver/lib/promise.js:1366:14)
    at TaskQueue.execute_ (/Users/muchniki/.nvm/versions/node/v6.9.5/lib/node_modules/protractor/node_modules/selenium-webdriver/lib/promise.js:2970:14)
    at TaskQueue.executeNext_ (/Users/muchniki/.nvm/versions/node/v6.9.5/lib/node_modules/protractor/node_modules/selenium-webdriver/lib/promise.js:2953:27)
    at asyncRun (/Users/muchniki/.nvm/versions/node/v6.9.5/lib/node_modules/protractor/node_modules/selenium-webdriver/lib/promise.js:2813:27)
    at /Users/muchniki/.nvm/versions/node/v6.9.5/lib/node_modules/protractor/node_modules/selenium-webdriver/lib/promise.js:676:7
    at process._tickCallback (internal/process/next_tick.js:103:7)Error
    at ElementArrayFinder.applyAction_ (/Users/muchniki/.nvm/versions/node/v6.9.5/lib/node_modules/protractor/lib/element.ts:482:23)
    at ElementArrayFinder.(anonymous function) [as getAttribute] (/Users/muchniki/.nvm/versions/node/v6.9.5/lib/node_modules/protractor/lib/element.ts:96:21)
    at ElementFinder.(anonymous function) [as getAttribute] (/Users/muchniki/.nvm/versions/node/v6.9.5/lib/node_modules/protractor/lib/element.ts:873:14)
    at Object.<anonymous> (/Users/muchniki/dev/cfgov-refresh/test/browser_tests/spec_suites/content/activity-log.js:83:40)
    at /Users/muchniki/.nvm/versions/node/v6.9.5/lib/node_modules/protractor/node_modules/jasminewd2/index.js:110:25
    at new ManagedPromise (/Users/muchniki/.nvm/versions/node/v6.9.5/lib/node_modules/protractor/node_modules/selenium-webdriver/lib/promise.js:1067:7)
    at ControlFlow.promise (/Users/muchniki/.nvm/versions/node/v6.9.5/lib/node_modules/protractor/node_modules/selenium-webdriver/lib/promise.js:2396:12)
    at schedulerExecute (/Users/muchniki/.nvm/versions/node/v6.9.5/lib/node_modules/protractor/node_modules/jasminewd2/index.js:95:18)
    at TaskQueue.execute_ (/Users/muchniki/.nvm/versions/node/v6.9.5/lib/node_modules/protractor/node_modules/selenium-webdriver/lib/promise.js:2970:14)
    at TaskQueue.executeNext_ (/Users/muchniki/.nvm/versions/node/v6.9.5/lib/node_modules/protractor/node_modules/selenium-webdriver/lib/promise.js:2953:27)
From: Task: Run it("should include a page input with value set to 1") in control flow
    at Object.<anonymous> (/Users/muchniki/.nvm/versions/node/v6.9.5/lib/node_modules/protractor/node_modules/jasminewd2/index.js:94:19)
    at attemptAsync (/Users/muchniki/.nvm/versions/node/v6.9.5/lib/node_modules/protractor/node_modules/jasmine-core/lib/jasmine-core/jasmine.js:1980:24)
    at QueueRunner.run (/Users/muchniki/.nvm/versions/node/v6.9.5/lib/node_modules/protractor/node_modules/jasmine-core/lib/jasmine-core/jasmine.js:1935:9)
    at QueueRunner.execute (/Users/muchniki/.nvm/versions/node/v6.9.5/lib/node_modules/protractor/node_modules/jasmine-core/lib/jasmine-core/jasmine.js:1923:10)
    at Spec.queueRunnerFactory (/Users/muchniki/.nvm/versions/node/v6.9.5/lib/node_modules/protractor/node_modules/jasmine-core/lib/jasmine-core/jasmine.js:714:35)
    at Spec.execute (/Users/muchniki/.nvm/versions/node/v6.9.5/lib/node_modules/protractor/node_modules/jasmine-core/lib/jasmine-core/jasmine.js:371:10)
    at Object.fn (/Users/muchniki/.nvm/versions/node/v6.9.5/lib/node_modules/protractor/node_modules/jasmine-core/lib/jasmine-core/jasmine.js:2579:37)
    at attemptAsync (/Users/muchniki/.nvm/versions/node/v6.9.5/lib/node_modules/protractor/node_modules/jasmine-core/lib/jasmine-core/jasmine.js:1980:24)
    at QueueRunner.run (/Users/muchniki/.nvm/versions/node/v6.9.5/lib/node_modules/protractor/node_modules/jasmine-core/lib/jasmine-core/jasmine.js:1935:9)
    at /Users/muchniki/.nvm/versions/node/v6.9.5/lib/node_modules/protractor/node_modules/jasmine-core/lib/jasmine-core/jasmine.js:1962:16
From asynchronous test: 
Error
    at Suite.<anonymous> (/Users/muchniki/dev/cfgov-refresh/test/browser_tests/spec_suites/content/activity-log.js:81:3)
    at addSpecsToSuite (/Users/muchniki/.nvm/versions/node/v6.9.5/lib/node_modules/protractor/node_modules/jasmine-core/lib/jasmine-core/jasmine.js:867:25)
    at Env.describe (/Users/muchniki/.nvm/versions/node/v6.9.5/lib/node_modules/protractor/node_modules/jasmine-core/lib/jasmine-core/jasmine.js:836:7)
    at describe (/Users/muchniki/.nvm/versions/node/v6.9.5/lib/node_modules/protractor/node_modules/jasmine-core/lib/jasmine-core/jasmine.js:3576:18)
    at Object.<anonymous> (/Users/muchniki/dev/cfgov-refresh/test/browser_tests/spec_suites/content/activity-log.js:9:1)
    at Module._compile (module.js:570:32)
    at Object.Module._extensions..js (module.js:579:10)
    at Module.load (module.js:487:32)
    at tryModuleLoad (module.js:446:12)]]>
   </failure>
  </testcase>
 </testsuite>
 <testsuite name="focused specs.The Blog single Page" timestamp="2017-03-01T17:31:56" hostname="localhost" time="4.003" errors="0" tests="16" skipped="0" disabled="0" failures="17">
  <testcase classname="focused specs.The Blog single Page" name="should properly load in a browser" time="0.008">
   <failure type="toContain" message="Expected &apos;&apos; to contain &apos;Lessons we’ve learned&apos;."><![CDATA[Error: Failed expectation
    at Object.<anonymous> (/Users/muchniki/dev/cfgov-refresh/test/browser_tests/spec_suites/content/blog-single.js:16:32)
    at /Users/muchniki/.nvm/versions/node/v6.9.5/lib/node_modules/protractor/node_modules/jasminewd2/index.js:110:25
    at new ManagedPromise (/Users/muchniki/.nvm/versions/node/v6.9.5/lib/node_modules/protractor/node_modules/selenium-webdriver/lib/promise.js:1067:7)
    at ControlFlow.promise (/Users/muchniki/.nvm/versions/node/v6.9.5/lib/node_modules/protractor/node_modules/selenium-webdriver/lib/promise.js:2396:12)
    at schedulerExecute (/Users/muchniki/.nvm/versions/node/v6.9.5/lib/node_modules/protractor/node_modules/jasminewd2/index.js:95:18)
    at TaskQueue.execute_ (/Users/muchniki/.nvm/versions/node/v6.9.5/lib/node_modules/protractor/node_modules/selenium-webdriver/lib/promise.js:2970:14)
    at TaskQueue.executeNext_ (/Users/muchniki/.nvm/versions/node/v6.9.5/lib/node_modules/protractor/node_modules/selenium-webdriver/lib/promise.js:2953:27)
    at asyncRun (/Users/muchniki/.nvm/versions/node/v6.9.5/lib/node_modules/protractor/node_modules/selenium-webdriver/lib/promise.js:2860:25)
    at /Users/muchniki/.nvm/versions/node/v6.9.5/lib/node_modules/protractor/node_modules/selenium-webdriver/lib/promise.js:676:7]]>
   </failure>
  </testcase>
  <testcase classname="focused specs.The Blog single Page" name="should include a post title" time="0.256">
   <failure type="exception" message="Failed: No element found using locator: By(css selector, header h1)"><![CDATA[NoSuchElementError: No element found using locator: By(css selector, header h1)
    at WebDriverError (/Users/muchniki/.nvm/versions/node/v6.9.5/lib/node_modules/protractor/node_modules/selenium-webdriver/lib/error.js:27:5)
    at NoSuchElementError (/Users/muchniki/.nvm/versions/node/v6.9.5/lib/node_modules/protractor/node_modules/selenium-webdriver/lib/error.js:168:5)
    at elementArrayFinder.getWebElements.then (/Users/muchniki/.nvm/versions/node/v6.9.5/lib/node_modules/protractor/lib/element.ts:851:17)
    at ManagedPromise.invokeCallback_ (/Users/muchniki/.nvm/versions/node/v6.9.5/lib/node_modules/protractor/node_modules/selenium-webdriver/lib/promise.js:1366:14)
    at TaskQueue.execute_ (/Users/muchniki/.nvm/versions/node/v6.9.5/lib/node_modules/protractor/node_modules/selenium-webdriver/lib/promise.js:2970:14)
    at TaskQueue.executeNext_ (/Users/muchniki/.nvm/versions/node/v6.9.5/lib/node_modules/protractor/node_modules/selenium-webdriver/lib/promise.js:2953:27)
    at asyncRun (/Users/muchniki/.nvm/versions/node/v6.9.5/lib/node_modules/protractor/node_modules/selenium-webdriver/lib/promise.js:2813:27)
    at /Users/muchniki/.nvm/versions/node/v6.9.5/lib/node_modules/protractor/node_modules/selenium-webdriver/lib/promise.js:676:7
    at process._tickCallback (internal/process/next_tick.js:103:7)Error
    at ElementArrayFinder.applyAction_ (/Users/muchniki/.nvm/versions/node/v6.9.5/lib/node_modules/protractor/lib/element.ts:482:23)
    at ElementArrayFinder.(anonymous function) [as getText] (/Users/muchniki/.nvm/versions/node/v6.9.5/lib/node_modules/protractor/lib/element.ts:96:21)
    at ElementFinder.(anonymous function) [as getText] (/Users/muchniki/.nvm/versions/node/v6.9.5/lib/node_modules/protractor/lib/element.ts:873:14)
    at Object.<anonymous> (/Users/muchniki/dev/cfgov-refresh/test/browser_tests/spec_suites/content/blog-single.js:20:28)
    at /Users/muchniki/.nvm/versions/node/v6.9.5/lib/node_modules/protractor/node_modules/jasminewd2/index.js:110:25
    at new ManagedPromise (/Users/muchniki/.nvm/versions/node/v6.9.5/lib/node_modules/protractor/node_modules/selenium-webdriver/lib/promise.js:1067:7)
    at ControlFlow.promise (/Users/muchniki/.nvm/versions/node/v6.9.5/lib/node_modules/protractor/node_modules/selenium-webdriver/lib/promise.js:2396:12)
    at schedulerExecute (/Users/muchniki/.nvm/versions/node/v6.9.5/lib/node_modules/protractor/node_modules/jasminewd2/index.js:95:18)
    at TaskQueue.execute_ (/Users/muchniki/.nvm/versions/node/v6.9.5/lib/node_modules/protractor/node_modules/selenium-webdriver/lib/promise.js:2970:14)
    at TaskQueue.executeNext_ (/Users/muchniki/.nvm/versions/node/v6.9.5/lib/node_modules/protractor/node_modules/selenium-webdriver/lib/promise.js:2953:27)
From: Task: Run it("should include a post title") in control flow
    at Object.<anonymous> (/Users/muchniki/.nvm/versions/node/v6.9.5/lib/node_modules/protractor/node_modules/jasminewd2/index.js:94:19)
    at attemptAsync (/Users/muchniki/.nvm/versions/node/v6.9.5/lib/node_modules/protractor/node_modules/jasmine-core/lib/jasmine-core/jasmine.js:1980:24)
    at QueueRunner.run (/Users/muchniki/.nvm/versions/node/v6.9.5/lib/node_modules/protractor/node_modules/jasmine-core/lib/jasmine-core/jasmine.js:1935:9)
    at QueueRunner.execute (/Users/muchniki/.nvm/versions/node/v6.9.5/lib/node_modules/protractor/node_modules/jasmine-core/lib/jasmine-core/jasmine.js:1923:10)
    at Spec.queueRunnerFactory (/Users/muchniki/.nvm/versions/node/v6.9.5/lib/node_modules/protractor/node_modules/jasmine-core/lib/jasmine-core/jasmine.js:714:35)
    at Spec.execute (/Users/muchniki/.nvm/versions/node/v6.9.5/lib/node_modules/protractor/node_modules/jasmine-core/lib/jasmine-core/jasmine.js:371:10)
    at Object.fn (/Users/muchniki/.nvm/versions/node/v6.9.5/lib/node_modules/protractor/node_modules/jasmine-core/lib/jasmine-core/jasmine.js:2579:37)
    at attemptAsync (/Users/muchniki/.nvm/versions/node/v6.9.5/lib/node_modules/protractor/node_modules/jasmine-core/lib/jasmine-core/jasmine.js:1980:24)
    at QueueRunner.run (/Users/muchniki/.nvm/versions/node/v6.9.5/lib/node_modules/protractor/node_modules/jasmine-core/lib/jasmine-core/jasmine.js:1935:9)
    at /Users/muchniki/.nvm/versions/node/v6.9.5/lib/node_modules/protractor/node_modules/jasmine-core/lib/jasmine-core/jasmine.js:1962:16
From asynchronous test: 
Error
    at Suite.<anonymous> (/Users/muchniki/dev/cfgov-refresh/test/browser_tests/spec_suites/content/blog-single.js:19:3)
    at addSpecsToSuite (/Users/muchniki/.nvm/versions/node/v6.9.5/lib/node_modules/protractor/node_modules/jasmine-core/lib/jasmine-core/jasmine.js:867:25)
    at Env.describe (/Users/muchniki/.nvm/versions/node/v6.9.5/lib/node_modules/protractor/node_modules/jasmine-core/lib/jasmine-core/jasmine.js:836:7)
    at describe (/Users/muchniki/.nvm/versions/node/v6.9.5/lib/node_modules/protractor/node_modules/jasmine-core/lib/jasmine-core/jasmine.js:3576:18)
    at Object.<anonymous> (/Users/muchniki/dev/cfgov-refresh/test/browser_tests/spec_suites/content/blog-single.js:7:1)
    at Module._compile (module.js:570:32)
    at Object.Module._extensions..js (module.js:579:10)
    at Module.load (module.js:487:32)
    at tryModuleLoad (module.js:446:12)]]>
   </failure>
  </testcase>
  <testcase classname="focused specs.The Blog single Page" name="should include a post byline" time="0.24">
   <failure type="toBe" message="Expected false to be true."><![CDATA[Error: Failed expectation
    at Object.<anonymous> (/Users/muchniki/dev/cfgov-refresh/test/browser_tests/spec_suites/content/blog-single.js:24:43)
    at /Users/muchniki/.nvm/versions/node/v6.9.5/lib/node_modules/protractor/node_modules/jasminewd2/index.js:110:25
    at new ManagedPromise (/Users/muchniki/.nvm/versions/node/v6.9.5/lib/node_modules/protractor/node_modules/selenium-webdriver/lib/promise.js:1067:7)
    at ControlFlow.promise (/Users/muchniki/.nvm/versions/node/v6.9.5/lib/node_modules/protractor/node_modules/selenium-webdriver/lib/promise.js:2396:12)
    at schedulerExecute (/Users/muchniki/.nvm/versions/node/v6.9.5/lib/node_modules/protractor/node_modules/jasminewd2/index.js:95:18)
    at TaskQueue.execute_ (/Users/muchniki/.nvm/versions/node/v6.9.5/lib/node_modules/protractor/node_modules/selenium-webdriver/lib/promise.js:2970:14)
    at TaskQueue.executeNext_ (/Users/muchniki/.nvm/versions/node/v6.9.5/lib/node_modules/protractor/node_modules/selenium-webdriver/lib/promise.js:2953:27)
    at asyncRun (/Users/muchniki/.nvm/versions/node/v6.9.5/lib/node_modules/protractor/node_modules/selenium-webdriver/lib/promise.js:2860:25)
    at /Users/muchniki/.nvm/versions/node/v6.9.5/lib/node_modules/protractor/node_modules/selenium-webdriver/lib/promise.js:676:7]]>
   </failure>
  </testcase>
  <testcase classname="focused specs.The Blog single Page" name="should include a post body" time="0.246">
   <failure type="toBe" message="Expected false to be true."><![CDATA[Error: Failed expectation
    at Object.<anonymous> (/Users/muchniki/dev/cfgov-refresh/test/browser_tests/spec_suites/content/blog-single.js:28:43)
    at /Users/muchniki/.nvm/versions/node/v6.9.5/lib/node_modules/protractor/node_modules/jasminewd2/index.js:110:25
    at new ManagedPromise (/Users/muchniki/.nvm/versions/node/v6.9.5/lib/node_modules/protractor/node_modules/selenium-webdriver/lib/promise.js:1067:7)
    at ControlFlow.promise (/Users/muchniki/.nvm/versions/node/v6.9.5/lib/node_modules/protractor/node_modules/selenium-webdriver/lib/promise.js:2396:12)
    at schedulerExecute (/Users/muchniki/.nvm/versions/node/v6.9.5/lib/node_modules/protractor/node_modules/jasminewd2/index.js:95:18)
    at TaskQueue.execute_ (/Users/muchniki/.nvm/versions/node/v6.9.5/lib/node_modules/protractor/node_modules/selenium-webdriver/lib/promise.js:2970:14)
    at TaskQueue.executeNext_ (/Users/muchniki/.nvm/versions/node/v6.9.5/lib/node_modules/protractor/node_modules/selenium-webdriver/lib/promise.js:2953:27)
    at asyncRun (/Users/muchniki/.nvm/versions/node/v6.9.5/lib/node_modules/protractor/node_modules/selenium-webdriver/lib/promise.js:2860:25)
    at /Users/muchniki/.nvm/versions/node/v6.9.5/lib/node_modules/protractor/node_modules/selenium-webdriver/lib/promise.js:676:7]]>
   </failure>
  </testcase>
  <testcase classname="focused specs.The Blog single Page" name="should include breadcrumbs" time="0.25">
   <failure type="exception" message="Failed: No element found using locator: By(css selector, .breadcrumbs)"><![CDATA[NoSuchElementError: No element found using locator: By(css selector, .breadcrumbs)
    at WebDriverError (/Users/muchniki/.nvm/versions/node/v6.9.5/lib/node_modules/protractor/node_modules/selenium-webdriver/lib/error.js:27:5)
    at NoSuchElementError (/Users/muchniki/.nvm/versions/node/v6.9.5/lib/node_modules/protractor/node_modules/selenium-webdriver/lib/error.js:168:5)
    at elementArrayFinder.getWebElements.then (/Users/muchniki/.nvm/versions/node/v6.9.5/lib/node_modules/protractor/lib/element.ts:851:17)
    at ManagedPromise.invokeCallback_ (/Users/muchniki/.nvm/versions/node/v6.9.5/lib/node_modules/protractor/node_modules/selenium-webdriver/lib/promise.js:1366:14)
    at TaskQueue.execute_ (/Users/muchniki/.nvm/versions/node/v6.9.5/lib/node_modules/protractor/node_modules/selenium-webdriver/lib/promise.js:2970:14)
    at TaskQueue.executeNext_ (/Users/muchniki/.nvm/versions/node/v6.9.5/lib/node_modules/protractor/node_modules/selenium-webdriver/lib/promise.js:2953:27)
    at asyncRun (/Users/muchniki/.nvm/versions/node/v6.9.5/lib/node_modules/protractor/node_modules/selenium-webdriver/lib/promise.js:2813:27)
    at /Users/muchniki/.nvm/versions/node/v6.9.5/lib/node_modules/protractor/node_modules/selenium-webdriver/lib/promise.js:676:7
    at process._tickCallback (internal/process/next_tick.js:103:7)Error
    at ElementArrayFinder.applyAction_ (/Users/muchniki/.nvm/versions/node/v6.9.5/lib/node_modules/protractor/lib/element.ts:482:23)
    at ElementArrayFinder.(anonymous function) [as getText] (/Users/muchniki/.nvm/versions/node/v6.9.5/lib/node_modules/protractor/lib/element.ts:96:21)
    at ElementFinder.(anonymous function) [as getText] (/Users/muchniki/.nvm/versions/node/v6.9.5/lib/node_modules/protractor/lib/element.ts:873:14)
    at Object.<anonymous> (/Users/muchniki/dev/cfgov-refresh/test/browser_tests/spec_suites/content/blog-single.js:32:30)
    at /Users/muchniki/.nvm/versions/node/v6.9.5/lib/node_modules/protractor/node_modules/jasminewd2/index.js:110:25
    at new ManagedPromise (/Users/muchniki/.nvm/versions/node/v6.9.5/lib/node_modules/protractor/node_modules/selenium-webdriver/lib/promise.js:1067:7)
    at ControlFlow.promise (/Users/muchniki/.nvm/versions/node/v6.9.5/lib/node_modules/protractor/node_modules/selenium-webdriver/lib/promise.js:2396:12)
    at schedulerExecute (/Users/muchniki/.nvm/versions/node/v6.9.5/lib/node_modules/protractor/node_modules/jasminewd2/index.js:95:18)
    at TaskQueue.execute_ (/Users/muchniki/.nvm/versions/node/v6.9.5/lib/node_modules/protractor/node_modules/selenium-webdriver/lib/promise.js:2970:14)
    at TaskQueue.executeNext_ (/Users/muchniki/.nvm/versions/node/v6.9.5/lib/node_modules/protractor/node_modules/selenium-webdriver/lib/promise.js:2953:27)
From: Task: Run it("should include breadcrumbs") in control flow
    at Object.<anonymous> (/Users/muchniki/.nvm/versions/node/v6.9.5/lib/node_modules/protractor/node_modules/jasminewd2/index.js:94:19)
    at attemptAsync (/Users/muchniki/.nvm/versions/node/v6.9.5/lib/node_modules/protractor/node_modules/jasmine-core/lib/jasmine-core/jasmine.js:1980:24)
    at QueueRunner.run (/Users/muchniki/.nvm/versions/node/v6.9.5/lib/node_modules/protractor/node_modules/jasmine-core/lib/jasmine-core/jasmine.js:1935:9)
    at QueueRunner.execute (/Users/muchniki/.nvm/versions/node/v6.9.5/lib/node_modules/protractor/node_modules/jasmine-core/lib/jasmine-core/jasmine.js:1923:10)
    at Spec.queueRunnerFactory (/Users/muchniki/.nvm/versions/node/v6.9.5/lib/node_modules/protractor/node_modules/jasmine-core/lib/jasmine-core/jasmine.js:714:35)
    at Spec.execute (/Users/muchniki/.nvm/versions/node/v6.9.5/lib/node_modules/protractor/node_modules/jasmine-core/lib/jasmine-core/jasmine.js:371:10)
    at Object.fn (/Users/muchniki/.nvm/versions/node/v6.9.5/lib/node_modules/protractor/node_modules/jasmine-core/lib/jasmine-core/jasmine.js:2579:37)
    at attemptAsync (/Users/muchniki/.nvm/versions/node/v6.9.5/lib/node_modules/protractor/node_modules/jasmine-core/lib/jasmine-core/jasmine.js:1980:24)
    at QueueRunner.run (/Users/muchniki/.nvm/versions/node/v6.9.5/lib/node_modules/protractor/node_modules/jasmine-core/lib/jasmine-core/jasmine.js:1935:9)
    at /Users/muchniki/.nvm/versions/node/v6.9.5/lib/node_modules/protractor/node_modules/jasmine-core/lib/jasmine-core/jasmine.js:1962:16
From asynchronous test: 
Error
    at Suite.<anonymous> (/Users/muchniki/dev/cfgov-refresh/test/browser_tests/spec_suites/content/blog-single.js:31:3)
    at addSpecsToSuite (/Users/muchniki/.nvm/versions/node/v6.9.5/lib/node_modules/protractor/node_modules/jasmine-core/lib/jasmine-core/jasmine.js:867:25)
    at Env.describe (/Users/muchniki/.nvm/versions/node/v6.9.5/lib/node_modules/protractor/node_modules/jasmine-core/lib/jasmine-core/jasmine.js:836:7)
    at describe (/Users/muchniki/.nvm/versions/node/v6.9.5/lib/node_modules/protractor/node_modules/jasmine-core/lib/jasmine-core/jasmine.js:3576:18)
    at Object.<anonymous> (/Users/muchniki/dev/cfgov-refresh/test/browser_tests/spec_suites/content/blog-single.js:7:1)
    at Module._compile (module.js:570:32)
    at Object.Module._extensions..js (module.js:579:10)
    at Module.load (module.js:487:32)
    at tryModuleLoad (module.js:446:12)]]>
   </failure>
  </testcase>
  <testcase classname="focused specs.The Blog single Page" name="should include tags" time="0.246">
   <failure type="toBe" message="Expected false to be true."><![CDATA[Error: Failed expectation
    at Object.<anonymous> (/Users/muchniki/dev/cfgov-refresh/test/browser_tests/spec_suites/content/blog-single.js:36:37)
    at /Users/muchniki/.nvm/versions/node/v6.9.5/lib/node_modules/protractor/node_modules/jasminewd2/index.js:110:25
    at new ManagedPromise (/Users/muchniki/.nvm/versions/node/v6.9.5/lib/node_modules/protractor/node_modules/selenium-webdriver/lib/promise.js:1067:7)
    at ControlFlow.promise (/Users/muchniki/.nvm/versions/node/v6.9.5/lib/node_modules/protractor/node_modules/selenium-webdriver/lib/promise.js:2396:12)
    at schedulerExecute (/Users/muchniki/.nvm/versions/node/v6.9.5/lib/node_modules/protractor/node_modules/jasminewd2/index.js:95:18)
    at TaskQueue.execute_ (/Users/muchniki/.nvm/versions/node/v6.9.5/lib/node_modules/protractor/node_modules/selenium-webdriver/lib/promise.js:2970:14)
    at TaskQueue.executeNext_ (/Users/muchniki/.nvm/versions/node/v6.9.5/lib/node_modules/protractor/node_modules/selenium-webdriver/lib/promise.js:2953:27)
    at asyncRun (/Users/muchniki/.nvm/versions/node/v6.9.5/lib/node_modules/protractor/node_modules/selenium-webdriver/lib/promise.js:2860:25)
    at /Users/muchniki/.nvm/versions/node/v6.9.5/lib/node_modules/protractor/node_modules/selenium-webdriver/lib/promise.js:676:7]]>
   </failure>
  </testcase>
  <testcase classname="focused specs.The Blog single Page" name="should include a content sidebar" time="0.242">
   <failure type="toBe" message="Expected false to be true."><![CDATA[Error: Failed expectation
    at Object.<anonymous> (/Users/muchniki/dev/cfgov-refresh/test/browser_tests/spec_suites/content/blog-single.js:40:47)
    at /Users/muchniki/.nvm/versions/node/v6.9.5/lib/node_modules/protractor/node_modules/jasminewd2/index.js:110:25
    at new ManagedPromise (/Users/muchniki/.nvm/versions/node/v6.9.5/lib/node_modules/protractor/node_modules/selenium-webdriver/lib/promise.js:1067:7)
    at ControlFlow.promise (/Users/muchniki/.nvm/versions/node/v6.9.5/lib/node_modules/protractor/node_modules/selenium-webdriver/lib/promise.js:2396:12)
    at schedulerExecute (/Users/muchniki/.nvm/versions/node/v6.9.5/lib/node_modules/protractor/node_modules/jasminewd2/index.js:95:18)
    at TaskQueue.execute_ (/Users/muchniki/.nvm/versions/node/v6.9.5/lib/node_modules/protractor/node_modules/selenium-webdriver/lib/promise.js:2970:14)
    at TaskQueue.executeNext_ (/Users/muchniki/.nvm/versions/node/v6.9.5/lib/node_modules/protractor/node_modules/selenium-webdriver/lib/promise.js:2953:27)
    at asyncRun (/Users/muchniki/.nvm/versions/node/v6.9.5/lib/node_modules/protractor/node_modules/selenium-webdriver/lib/promise.js:2860:25)
    at /Users/muchniki/.nvm/versions/node/v6.9.5/lib/node_modules/protractor/node_modules/selenium-webdriver/lib/promise.js:676:7]]>
   </failure>
  </testcase>
  <testcase classname="focused specs.The Blog single Page" name="should include a Stay Informed section in the sidebar" time="0.245">
   <failure type="toBe" message="Expected false to be true."><![CDATA[Error: Failed expectation
    at Object.<anonymous> (/Users/muchniki/dev/cfgov-refresh/test/browser_tests/spec_suites/content/blog-single.js:44:52)
    at /Users/muchniki/.nvm/versions/node/v6.9.5/lib/node_modules/protractor/node_modules/jasminewd2/index.js:110:25
    at new ManagedPromise (/Users/muchniki/.nvm/versions/node/v6.9.5/lib/node_modules/protractor/node_modules/selenium-webdriver/lib/promise.js:1067:7)
    at ControlFlow.promise (/Users/muchniki/.nvm/versions/node/v6.9.5/lib/node_modules/protractor/node_modules/selenium-webdriver/lib/promise.js:2396:12)
    at schedulerExecute (/Users/muchniki/.nvm/versions/node/v6.9.5/lib/node_modules/protractor/node_modules/jasminewd2/index.js:95:18)
    at TaskQueue.execute_ (/Users/muchniki/.nvm/versions/node/v6.9.5/lib/node_modules/protractor/node_modules/selenium-webdriver/lib/promise.js:2970:14)
    at TaskQueue.executeNext_ (/Users/muchniki/.nvm/versions/node/v6.9.5/lib/node_modules/protractor/node_modules/selenium-webdriver/lib/promise.js:2953:27)
    at asyncRun (/Users/muchniki/.nvm/versions/node/v6.9.5/lib/node_modules/protractor/node_modules/selenium-webdriver/lib/promise.js:2860:25)
    at /Users/muchniki/.nvm/versions/node/v6.9.5/lib/node_modules/protractor/node_modules/selenium-webdriver/lib/promise.js:676:7]]>
   </failure>
  </testcase>
  <testcase classname="focused specs.The Blog single Page" name="should include a Stay Informed section title" time="0.244">
   <failure type="exception" message="Failed: No element found using locator: By(css selector, .o-email-signup)"><![CDATA[NoSuchElementError: No element found using locator: By(css selector, .o-email-signup)
    at WebDriverError (/Users/muchniki/.nvm/versions/node/v6.9.5/lib/node_modules/protractor/node_modules/selenium-webdriver/lib/error.js:27:5)
    at NoSuchElementError (/Users/muchniki/.nvm/versions/node/v6.9.5/lib/node_modules/protractor/node_modules/selenium-webdriver/lib/error.js:168:5)
    at elementArrayFinder.getWebElements.then (/Users/muchniki/.nvm/versions/node/v6.9.5/lib/node_modules/protractor/lib/element.ts:851:17)
    at ManagedPromise.invokeCallback_ (/Users/muchniki/.nvm/versions/node/v6.9.5/lib/node_modules/protractor/node_modules/selenium-webdriver/lib/promise.js:1366:14)
    at TaskQueue.execute_ (/Users/muchniki/.nvm/versions/node/v6.9.5/lib/node_modules/protractor/node_modules/selenium-webdriver/lib/promise.js:2970:14)
    at TaskQueue.executeNext_ (/Users/muchniki/.nvm/versions/node/v6.9.5/lib/node_modules/protractor/node_modules/selenium-webdriver/lib/promise.js:2953:27)
    at asyncRun (/Users/muchniki/.nvm/versions/node/v6.9.5/lib/node_modules/protractor/node_modules/selenium-webdriver/lib/promise.js:2813:27)
    at /Users/muchniki/.nvm/versions/node/v6.9.5/lib/node_modules/protractor/node_modules/selenium-webdriver/lib/promise.js:676:7
    at process._tickCallback (internal/process/next_tick.js:103:7)Error
    at ElementArrayFinder.applyAction_ (/Users/muchniki/.nvm/versions/node/v6.9.5/lib/node_modules/protractor/lib/element.ts:482:23)
    at ElementArrayFinder.(anonymous function) [as getText] (/Users/muchniki/.nvm/versions/node/v6.9.5/lib/node_modules/protractor/lib/element.ts:96:21)
    at ElementFinder.(anonymous function) [as getText] (/Users/muchniki/.nvm/versions/node/v6.9.5/lib/node_modules/protractor/lib/element.ts:873:14)
    at Object.<anonymous> (/Users/muchniki/dev/cfgov-refresh/test/browser_tests/spec_suites/content/blog-single.js:48:43)
    at /Users/muchniki/.nvm/versions/node/v6.9.5/lib/node_modules/protractor/node_modules/jasminewd2/index.js:110:25
    at new ManagedPromise (/Users/muchniki/.nvm/versions/node/v6.9.5/lib/node_modules/protractor/node_modules/selenium-webdriver/lib/promise.js:1067:7)
    at ControlFlow.promise (/Users/muchniki/.nvm/versions/node/v6.9.5/lib/node_modules/protractor/node_modules/selenium-webdriver/lib/promise.js:2396:12)
    at schedulerExecute (/Users/muchniki/.nvm/versions/node/v6.9.5/lib/node_modules/protractor/node_modules/jasminewd2/index.js:95:18)
    at TaskQueue.execute_ (/Users/muchniki/.nvm/versions/node/v6.9.5/lib/node_modules/protractor/node_modules/selenium-webdriver/lib/promise.js:2970:14)
    at TaskQueue.executeNext_ (/Users/muchniki/.nvm/versions/node/v6.9.5/lib/node_modules/protractor/node_modules/selenium-webdriver/lib/promise.js:2953:27)
From: Task: Run it("should include a Stay Informed section title") in control flow
    at Object.<anonymous> (/Users/muchniki/.nvm/versions/node/v6.9.5/lib/node_modules/protractor/node_modules/jasminewd2/index.js:94:19)
    at attemptAsync (/Users/muchniki/.nvm/versions/node/v6.9.5/lib/node_modules/protractor/node_modules/jasmine-core/lib/jasmine-core/jasmine.js:1980:24)
    at QueueRunner.run (/Users/muchniki/.nvm/versions/node/v6.9.5/lib/node_modules/protractor/node_modules/jasmine-core/lib/jasmine-core/jasmine.js:1935:9)
    at QueueRunner.execute (/Users/muchniki/.nvm/versions/node/v6.9.5/lib/node_modules/protractor/node_modules/jasmine-core/lib/jasmine-core/jasmine.js:1923:10)
    at Spec.queueRunnerFactory (/Users/muchniki/.nvm/versions/node/v6.9.5/lib/node_modules/protractor/node_modules/jasmine-core/lib/jasmine-core/jasmine.js:714:35)
    at Spec.execute (/Users/muchniki/.nvm/versions/node/v6.9.5/lib/node_modules/protractor/node_modules/jasmine-core/lib/jasmine-core/jasmine.js:371:10)
    at Object.fn (/Users/muchniki/.nvm/versions/node/v6.9.5/lib/node_modules/protractor/node_modules/jasmine-core/lib/jasmine-core/jasmine.js:2579:37)
    at attemptAsync (/Users/muchniki/.nvm/versions/node/v6.9.5/lib/node_modules/protractor/node_modules/jasmine-core/lib/jasmine-core/jasmine.js:1980:24)
    at QueueRunner.run (/Users/muchniki/.nvm/versions/node/v6.9.5/lib/node_modules/protractor/node_modules/jasmine-core/lib/jasmine-core/jasmine.js:1935:9)
    at /Users/muchniki/.nvm/versions/node/v6.9.5/lib/node_modules/protractor/node_modules/jasmine-core/lib/jasmine-core/jasmine.js:1962:16
From asynchronous test: 
Error
    at Suite.<anonymous> (/Users/muchniki/dev/cfgov-refresh/test/browser_tests/spec_suites/content/blog-single.js:47:3)
    at addSpecsToSuite (/Users/muchniki/.nvm/versions/node/v6.9.5/lib/node_modules/protractor/node_modules/jasmine-core/lib/jasmine-core/jasmine.js:867:25)
    at Env.describe (/Users/muchniki/.nvm/versions/node/v6.9.5/lib/node_modules/protractor/node_modules/jasmine-core/lib/jasmine-core/jasmine.js:836:7)
    at describe (/Users/muchniki/.nvm/versions/node/v6.9.5/lib/node_modules/protractor/node_modules/jasmine-core/lib/jasmine-core/jasmine.js:3576:18)
    at Object.<anonymous> (/Users/muchniki/dev/cfgov-refresh/test/browser_tests/spec_suites/content/blog-single.js:7:1)
    at Module._compile (module.js:570:32)
    at Object.Module._extensions..js (module.js:579:10)
    at Module.load (module.js:487:32)
    at tryModuleLoad (module.js:446:12)]]>
   </failure>
  </testcase>
  <testcase classname="focused specs.The Blog single Page" name="should include an Email Subscribe form" time="0.246">
   <failure type="toBe" message="Expected false to be true."><![CDATA[Error: Failed expectation
    at Object.<anonymous> (/Users/muchniki/dev/cfgov-refresh/test/browser_tests/spec_suites/content/blog-single.js:52:51)
    at /Users/muchniki/.nvm/versions/node/v6.9.5/lib/node_modules/protractor/node_modules/jasminewd2/index.js:110:25
    at new ManagedPromise (/Users/muchniki/.nvm/versions/node/v6.9.5/lib/node_modules/protractor/node_modules/selenium-webdriver/lib/promise.js:1067:7)
    at ControlFlow.promise (/Users/muchniki/.nvm/versions/node/v6.9.5/lib/node_modules/protractor/node_modules/selenium-webdriver/lib/promise.js:2396:12)
    at schedulerExecute (/Users/muchniki/.nvm/versions/node/v6.9.5/lib/node_modules/protractor/node_modules/jasminewd2/index.js:95:18)
    at TaskQueue.execute_ (/Users/muchniki/.nvm/versions/node/v6.9.5/lib/node_modules/protractor/node_modules/selenium-webdriver/lib/promise.js:2970:14)
    at TaskQueue.executeNext_ (/Users/muchniki/.nvm/versions/node/v6.9.5/lib/node_modules/protractor/node_modules/selenium-webdriver/lib/promise.js:2953:27)
    at asyncRun (/Users/muchniki/.nvm/versions/node/v6.9.5/lib/node_modules/protractor/node_modules/selenium-webdriver/lib/promise.js:2860:25)
    at /Users/muchniki/.nvm/versions/node/v6.9.5/lib/node_modules/protractor/node_modules/selenium-webdriver/lib/promise.js:676:7]]>
   </failure>
  </testcase>
  <testcase classname="focused specs.The Blog single Page" name="should include an Email Subscribe label" time="0.243">
   <failure type="exception" message="Failed: No element found using locator: By(css selector, .o-email-signup)"><![CDATA[NoSuchElementError: No element found using locator: By(css selector, .o-email-signup)
    at WebDriverError (/Users/muchniki/.nvm/versions/node/v6.9.5/lib/node_modules/protractor/node_modules/selenium-webdriver/lib/error.js:27:5)
    at NoSuchElementError (/Users/muchniki/.nvm/versions/node/v6.9.5/lib/node_modules/protractor/node_modules/selenium-webdriver/lib/error.js:168:5)
    at elementArrayFinder.getWebElements.then (/Users/muchniki/.nvm/versions/node/v6.9.5/lib/node_modules/protractor/lib/element.ts:851:17)
    at ManagedPromise.invokeCallback_ (/Users/muchniki/.nvm/versions/node/v6.9.5/lib/node_modules/protractor/node_modules/selenium-webdriver/lib/promise.js:1366:14)
    at TaskQueue.execute_ (/Users/muchniki/.nvm/versions/node/v6.9.5/lib/node_modules/protractor/node_modules/selenium-webdriver/lib/promise.js:2970:14)
    at TaskQueue.executeNext_ (/Users/muchniki/.nvm/versions/node/v6.9.5/lib/node_modules/protractor/node_modules/selenium-webdriver/lib/promise.js:2953:27)
    at asyncRun (/Users/muchniki/.nvm/versions/node/v6.9.5/lib/node_modules/protractor/node_modules/selenium-webdriver/lib/promise.js:2813:27)
    at /Users/muchniki/.nvm/versions/node/v6.9.5/lib/node_modules/protractor/node_modules/selenium-webdriver/lib/promise.js:676:7
    at process._tickCallback (internal/process/next_tick.js:103:7)Error
    at ElementArrayFinder.applyAction_ (/Users/muchniki/.nvm/versions/node/v6.9.5/lib/node_modules/protractor/lib/element.ts:482:23)
    at ElementArrayFinder.(anonymous function) [as getText] (/Users/muchniki/.nvm/versions/node/v6.9.5/lib/node_modules/protractor/lib/element.ts:96:21)
    at ElementFinder.(anonymous function) [as getText] (/Users/muchniki/.nvm/versions/node/v6.9.5/lib/node_modules/protractor/lib/element.ts:873:14)
    at Object.<anonymous> (/Users/muchniki/dev/cfgov-refresh/test/browser_tests/spec_suites/content/blog-single.js:56:33)
    at /Users/muchniki/.nvm/versions/node/v6.9.5/lib/node_modules/protractor/node_modules/jasminewd2/index.js:110:25
    at new ManagedPromise (/Users/muchniki/.nvm/versions/node/v6.9.5/lib/node_modules/protractor/node_modules/selenium-webdriver/lib/promise.js:1067:7)
    at ControlFlow.promise (/Users/muchniki/.nvm/versions/node/v6.9.5/lib/node_modules/protractor/node_modules/selenium-webdriver/lib/promise.js:2396:12)
    at schedulerExecute (/Users/muchniki/.nvm/versions/node/v6.9.5/lib/node_modules/protractor/node_modules/jasminewd2/index.js:95:18)
    at TaskQueue.execute_ (/Users/muchniki/.nvm/versions/node/v6.9.5/lib/node_modules/protractor/node_modules/selenium-webdriver/lib/promise.js:2970:14)
    at TaskQueue.executeNext_ (/Users/muchniki/.nvm/versions/node/v6.9.5/lib/node_modules/protractor/node_modules/selenium-webdriver/lib/promise.js:2953:27)
From: Task: Run it("should include an Email Subscribe label") in control flow
    at Object.<anonymous> (/Users/muchniki/.nvm/versions/node/v6.9.5/lib/node_modules/protractor/node_modules/jasminewd2/index.js:94:19)
    at attemptAsync (/Users/muchniki/.nvm/versions/node/v6.9.5/lib/node_modules/protractor/node_modules/jasmine-core/lib/jasmine-core/jasmine.js:1980:24)
    at QueueRunner.run (/Users/muchniki/.nvm/versions/node/v6.9.5/lib/node_modules/protractor/node_modules/jasmine-core/lib/jasmine-core/jasmine.js:1935:9)
    at QueueRunner.execute (/Users/muchniki/.nvm/versions/node/v6.9.5/lib/node_modules/protractor/node_modules/jasmine-core/lib/jasmine-core/jasmine.js:1923:10)
    at Spec.queueRunnerFactory (/Users/muchniki/.nvm/versions/node/v6.9.5/lib/node_modules/protractor/node_modules/jasmine-core/lib/jasmine-core/jasmine.js:714:35)
    at Spec.execute (/Users/muchniki/.nvm/versions/node/v6.9.5/lib/node_modules/protractor/node_modules/jasmine-core/lib/jasmine-core/jasmine.js:371:10)
    at Object.fn (/Users/muchniki/.nvm/versions/node/v6.9.5/lib/node_modules/protractor/node_modules/jasmine-core/lib/jasmine-core/jasmine.js:2579:37)
    at attemptAsync (/Users/muchniki/.nvm/versions/node/v6.9.5/lib/node_modules/protractor/node_modules/jasmine-core/lib/jasmine-core/jasmine.js:1980:24)
    at QueueRunner.run (/Users/muchniki/.nvm/versions/node/v6.9.5/lib/node_modules/protractor/node_modules/jasmine-core/lib/jasmine-core/jasmine.js:1935:9)
    at /Users/muchniki/.nvm/versions/node/v6.9.5/lib/node_modules/protractor/node_modules/jasmine-core/lib/jasmine-core/jasmine.js:1962:16
From asynchronous test: 
Error
    at Suite.<anonymous> (/Users/muchniki/dev/cfgov-refresh/test/browser_tests/spec_suites/content/blog-single.js:55:3)
    at addSpecsToSuite (/Users/muchniki/.nvm/versions/node/v6.9.5/lib/node_modules/protractor/node_modules/jasmine-core/lib/jasmine-core/jasmine.js:867:25)
    at Env.describe (/Users/muchniki/.nvm/versions/node/v6.9.5/lib/node_modules/protractor/node_modules/jasmine-core/lib/jasmine-core/jasmine.js:836:7)
    at describe (/Users/muchniki/.nvm/versions/node/v6.9.5/lib/node_modules/protractor/node_modules/jasmine-core/lib/jasmine-core/jasmine.js:3576:18)
    at Object.<anonymous> (/Users/muchniki/dev/cfgov-refresh/test/browser_tests/spec_suites/content/blog-single.js:7:1)
    at Module._compile (module.js:570:32)
    at Object.Module._extensions..js (module.js:579:10)
    at Module.load (module.js:487:32)
    at tryModuleLoad (module.js:446:12)]]>
   </failure>
  </testcase>
  <testcase classname="focused specs.The Blog single Page" name="should include an Email Subscribe input" time="0.507">
   <failure type="toBe" message="Expected false to be true."><![CDATA[Error: Failed expectation
    at Object.<anonymous> (/Users/muchniki/dev/cfgov-refresh/test/browser_tests/spec_suites/content/blog-single.js:60:47)
    at /Users/muchniki/.nvm/versions/node/v6.9.5/lib/node_modules/protractor/node_modules/jasminewd2/index.js:110:25
    at new ManagedPromise (/Users/muchniki/.nvm/versions/node/v6.9.5/lib/node_modules/protractor/node_modules/selenium-webdriver/lib/promise.js:1067:7)
    at ControlFlow.promise (/Users/muchniki/.nvm/versions/node/v6.9.5/lib/node_modules/protractor/node_modules/selenium-webdriver/lib/promise.js:2396:12)
    at schedulerExecute (/Users/muchniki/.nvm/versions/node/v6.9.5/lib/node_modules/protractor/node_modules/jasminewd2/index.js:95:18)
    at TaskQueue.execute_ (/Users/muchniki/.nvm/versions/node/v6.9.5/lib/node_modules/protractor/node_modules/selenium-webdriver/lib/promise.js:2970:14)
    at TaskQueue.executeNext_ (/Users/muchniki/.nvm/versions/node/v6.9.5/lib/node_modules/protractor/node_modules/selenium-webdriver/lib/promise.js:2953:27)
    at asyncRun (/Users/muchniki/.nvm/versions/node/v6.9.5/lib/node_modules/protractor/node_modules/selenium-webdriver/lib/promise.js:2860:25)
    at /Users/muchniki/.nvm/versions/node/v6.9.5/lib/node_modules/protractor/node_modules/selenium-webdriver/lib/promise.js:676:7]]>
   </failure>
   <failure type="exception" message="Failed: No element found using locator: By(css selector, .o-email-signup)"><![CDATA[NoSuchElementError: No element found using locator: By(css selector, .o-email-signup)
    at WebDriverError (/Users/muchniki/.nvm/versions/node/v6.9.5/lib/node_modules/protractor/node_modules/selenium-webdriver/lib/error.js:27:5)
    at NoSuchElementError (/Users/muchniki/.nvm/versions/node/v6.9.5/lib/node_modules/protractor/node_modules/selenium-webdriver/lib/error.js:168:5)
    at elementArrayFinder.getWebElements.then (/Users/muchniki/.nvm/versions/node/v6.9.5/lib/node_modules/protractor/lib/element.ts:851:17)
    at ManagedPromise.invokeCallback_ (/Users/muchniki/.nvm/versions/node/v6.9.5/lib/node_modules/protractor/node_modules/selenium-webdriver/lib/promise.js:1366:14)
    at TaskQueue.execute_ (/Users/muchniki/.nvm/versions/node/v6.9.5/lib/node_modules/protractor/node_modules/selenium-webdriver/lib/promise.js:2970:14)
    at TaskQueue.executeNext_ (/Users/muchniki/.nvm/versions/node/v6.9.5/lib/node_modules/protractor/node_modules/selenium-webdriver/lib/promise.js:2953:27)
    at asyncRun (/Users/muchniki/.nvm/versions/node/v6.9.5/lib/node_modules/protractor/node_modules/selenium-webdriver/lib/promise.js:2813:27)
    at /Users/muchniki/.nvm/versions/node/v6.9.5/lib/node_modules/protractor/node_modules/selenium-webdriver/lib/promise.js:676:7
    at process._tickCallback (internal/process/next_tick.js:103:7)Error
    at ElementArrayFinder.applyAction_ (/Users/muchniki/.nvm/versions/node/v6.9.5/lib/node_modules/protractor/lib/element.ts:482:23)
    at ElementArrayFinder.(anonymous function) [as getAttribute] (/Users/muchniki/.nvm/versions/node/v6.9.5/lib/node_modules/protractor/lib/element.ts:96:21)
    at ElementFinder.(anonymous function) [as getAttribute] (/Users/muchniki/.nvm/versions/node/v6.9.5/lib/node_modules/protractor/lib/element.ts:873:14)
    at Object.<anonymous> (/Users/muchniki/dev/cfgov-refresh/test/browser_tests/spec_suites/content/blog-single.js:61:33)
    at /Users/muchniki/.nvm/versions/node/v6.9.5/lib/node_modules/protractor/node_modules/jasminewd2/index.js:110:25
    at new ManagedPromise (/Users/muchniki/.nvm/versions/node/v6.9.5/lib/node_modules/protractor/node_modules/selenium-webdriver/lib/promise.js:1067:7)
    at ControlFlow.promise (/Users/muchniki/.nvm/versions/node/v6.9.5/lib/node_modules/protractor/node_modules/selenium-webdriver/lib/promise.js:2396:12)
    at schedulerExecute (/Users/muchniki/.nvm/versions/node/v6.9.5/lib/node_modules/protractor/node_modules/jasminewd2/index.js:95:18)
    at TaskQueue.execute_ (/Users/muchniki/.nvm/versions/node/v6.9.5/lib/node_modules/protractor/node_modules/selenium-webdriver/lib/promise.js:2970:14)
    at TaskQueue.executeNext_ (/Users/muchniki/.nvm/versions/node/v6.9.5/lib/node_modules/protractor/node_modules/selenium-webdriver/lib/promise.js:2953:27)
From: Task: Run it("should include an Email Subscribe input") in control flow
    at Object.<anonymous> (/Users/muchniki/.nvm/versions/node/v6.9.5/lib/node_modules/protractor/node_modules/jasminewd2/index.js:94:19)
    at attemptAsync (/Users/muchniki/.nvm/versions/node/v6.9.5/lib/node_modules/protractor/node_modules/jasmine-core/lib/jasmine-core/jasmine.js:1980:24)
    at QueueRunner.run (/Users/muchniki/.nvm/versions/node/v6.9.5/lib/node_modules/protractor/node_modules/jasmine-core/lib/jasmine-core/jasmine.js:1935:9)
    at QueueRunner.execute (/Users/muchniki/.nvm/versions/node/v6.9.5/lib/node_modules/protractor/node_modules/jasmine-core/lib/jasmine-core/jasmine.js:1923:10)
    at Spec.queueRunnerFactory (/Users/muchniki/.nvm/versions/node/v6.9.5/lib/node_modules/protractor/node_modules/jasmine-core/lib/jasmine-core/jasmine.js:714:35)
    at Spec.execute (/Users/muchniki/.nvm/versions/node/v6.9.5/lib/node_modules/protractor/node_modules/jasmine-core/lib/jasmine-core/jasmine.js:371:10)
    at Object.fn (/Users/muchniki/.nvm/versions/node/v6.9.5/lib/node_modules/protractor/node_modules/jasmine-core/lib/jasmine-core/jasmine.js:2579:37)
    at attemptAsync (/Users/muchniki/.nvm/versions/node/v6.9.5/lib/node_modules/protractor/node_modules/jasmine-core/lib/jasmine-core/jasmine.js:1980:24)
    at QueueRunner.run (/Users/muchniki/.nvm/versions/node/v6.9.5/lib/node_modules/protractor/node_modules/jasmine-core/lib/jasmine-core/jasmine.js:1935:9)
    at /Users/muchniki/.nvm/versions/node/v6.9.5/lib/node_modules/protractor/node_modules/jasmine-core/lib/jasmine-core/jasmine.js:1962:16
From asynchronous test: 
Error
    at Suite.<anonymous> (/Users/muchniki/dev/cfgov-refresh/test/browser_tests/spec_suites/content/blog-single.js:59:3)
    at addSpecsToSuite (/Users/muchniki/.nvm/versions/node/v6.9.5/lib/node_modules/protractor/node_modules/jasmine-core/lib/jasmine-core/jasmine.js:867:25)
    at Env.describe (/Users/muchniki/.nvm/versions/node/v6.9.5/lib/node_modules/protractor/node_modules/jasmine-core/lib/jasmine-core/jasmine.js:836:7)
    at describe (/Users/muchniki/.nvm/versions/node/v6.9.5/lib/node_modules/protractor/node_modules/jasmine-core/lib/jasmine-core/jasmine.js:3576:18)
    at Object.<anonymous> (/Users/muchniki/dev/cfgov-refresh/test/browser_tests/spec_suites/content/blog-single.js:7:1)
    at Module._compile (module.js:570:32)
    at Object.Module._extensions..js (module.js:579:10)
    at Module.load (module.js:487:32)
    at tryModuleLoad (module.js:446:12)]]>
   </failure>
  </testcase>
  <testcase classname="focused specs.The Blog single Page" name="should include an Email Subscribe hidden field" time="0.244">
   <failure type="exception" message="Failed: No element found using locator: By(css selector, .o-email-signup)"><![CDATA[NoSuchElementError: No element found using locator: By(css selector, .o-email-signup)
    at WebDriverError (/Users/muchniki/.nvm/versions/node/v6.9.5/lib/node_modules/protractor/node_modules/selenium-webdriver/lib/error.js:27:5)
    at NoSuchElementError (/Users/muchniki/.nvm/versions/node/v6.9.5/lib/node_modules/protractor/node_modules/selenium-webdriver/lib/error.js:168:5)
    at elementArrayFinder.getWebElements.then (/Users/muchniki/.nvm/versions/node/v6.9.5/lib/node_modules/protractor/lib/element.ts:851:17)
    at ManagedPromise.invokeCallback_ (/Users/muchniki/.nvm/versions/node/v6.9.5/lib/node_modules/protractor/node_modules/selenium-webdriver/lib/promise.js:1366:14)
    at TaskQueue.execute_ (/Users/muchniki/.nvm/versions/node/v6.9.5/lib/node_modules/protractor/node_modules/selenium-webdriver/lib/promise.js:2970:14)
    at TaskQueue.executeNext_ (/Users/muchniki/.nvm/versions/node/v6.9.5/lib/node_modules/protractor/node_modules/selenium-webdriver/lib/promise.js:2953:27)
    at asyncRun (/Users/muchniki/.nvm/versions/node/v6.9.5/lib/node_modules/protractor/node_modules/selenium-webdriver/lib/promise.js:2813:27)
    at /Users/muchniki/.nvm/versions/node/v6.9.5/lib/node_modules/protractor/node_modules/selenium-webdriver/lib/promise.js:676:7
    at process._tickCallback (internal/process/next_tick.js:103:7)Error
    at ElementArrayFinder.applyAction_ (/Users/muchniki/.nvm/versions/node/v6.9.5/lib/node_modules/protractor/lib/element.ts:482:23)
    at ElementArrayFinder.(anonymous function) [as getAttribute] (/Users/muchniki/.nvm/versions/node/v6.9.5/lib/node_modules/protractor/lib/element.ts:96:21)
    at ElementFinder.(anonymous function) [as getAttribute] (/Users/muchniki/.nvm/versions/node/v6.9.5/lib/node_modules/protractor/lib/element.ts:873:14)
    at Object.<anonymous> (/Users/muchniki/dev/cfgov-refresh/test/browser_tests/spec_suites/content/blog-single.js:66:39)
    at /Users/muchniki/.nvm/versions/node/v6.9.5/lib/node_modules/protractor/node_modules/jasminewd2/index.js:110:25
    at new ManagedPromise (/Users/muchniki/.nvm/versions/node/v6.9.5/lib/node_modules/protractor/node_modules/selenium-webdriver/lib/promise.js:1067:7)
    at ControlFlow.promise (/Users/muchniki/.nvm/versions/node/v6.9.5/lib/node_modules/protractor/node_modules/selenium-webdriver/lib/promise.js:2396:12)
    at schedulerExecute (/Users/muchniki/.nvm/versions/node/v6.9.5/lib/node_modules/protractor/node_modules/jasminewd2/index.js:95:18)
    at TaskQueue.execute_ (/Users/muchniki/.nvm/versions/node/v6.9.5/lib/node_modules/protractor/node_modules/selenium-webdriver/lib/promise.js:2970:14)
    at TaskQueue.executeNext_ (/Users/muchniki/.nvm/versions/node/v6.9.5/lib/node_modules/protractor/node_modules/selenium-webdriver/lib/promise.js:2953:27)
From: Task: Run it("should include an Email Subscribe hidden field") in control flow
    at Object.<anonymous> (/Users/muchniki/.nvm/versions/node/v6.9.5/lib/node_modules/protractor/node_modules/jasminewd2/index.js:94:19)
    at attemptAsync (/Users/muchniki/.nvm/versions/node/v6.9.5/lib/node_modules/protractor/node_modules/jasmine-core/lib/jasmine-core/jasmine.js:1980:24)
    at QueueRunner.run (/Users/muchniki/.nvm/versions/node/v6.9.5/lib/node_modules/protractor/node_modules/jasmine-core/lib/jasmine-core/jasmine.js:1935:9)
    at QueueRunner.execute (/Users/muchniki/.nvm/versions/node/v6.9.5/lib/node_modules/protractor/node_modules/jasmine-core/lib/jasmine-core/jasmine.js:1923:10)
    at Spec.queueRunnerFactory (/Users/muchniki/.nvm/versions/node/v6.9.5/lib/node_modules/protractor/node_modules/jasmine-core/lib/jasmine-core/jasmine.js:714:35)
    at Spec.execute (/Users/muchniki/.nvm/versions/node/v6.9.5/lib/node_modules/protractor/node_modules/jasmine-core/lib/jasmine-core/jasmine.js:371:10)
    at Object.fn (/Users/muchniki/.nvm/versions/node/v6.9.5/lib/node_modules/protractor/node_modules/jasmine-core/lib/jasmine-core/jasmine.js:2579:37)
    at attemptAsync (/Users/muchniki/.nvm/versions/node/v6.9.5/lib/node_modules/protractor/node_modules/jasmine-core/lib/jasmine-core/jasmine.js:1980:24)
    at QueueRunner.run (/Users/muchniki/.nvm/versions/node/v6.9.5/lib/node_modules/protractor/node_modules/jasmine-core/lib/jasmine-core/jasmine.js:1935:9)
    at /Users/muchniki/.nvm/versions/node/v6.9.5/lib/node_modules/protractor/node_modules/jasmine-core/lib/jasmine-core/jasmine.js:1962:16
From asynchronous test: 
Error
    at Suite.<anonymous> (/Users/muchniki/dev/cfgov-refresh/test/browser_tests/spec_suites/content/blog-single.js:65:3)
    at addSpecsToSuite (/Users/muchniki/.nvm/versions/node/v6.9.5/lib/node_modules/protractor/node_modules/jasmine-core/lib/jasmine-core/jasmine.js:867:25)
    at Env.describe (/Users/muchniki/.nvm/versions/node/v6.9.5/lib/node_modules/protractor/node_modules/jasmine-core/lib/jasmine-core/jasmine.js:836:7)
    at describe (/Users/muchniki/.nvm/versions/node/v6.9.5/lib/node_modules/protractor/node_modules/jasmine-core/lib/jasmine-core/jasmine.js:3576:18)
    at Object.<anonymous> (/Users/muchniki/dev/cfgov-refresh/test/browser_tests/spec_suites/content/blog-single.js:7:1)
    at Module._compile (module.js:570:32)
    at Object.Module._extensions..js (module.js:579:10)
    at Module.load (module.js:487:32)
    at tryModuleLoad (module.js:446:12)]]>
   </failure>
  </testcase>
  <testcase classname="focused specs.The Blog single Page" name="should include an Email Subscribe button" time="0.245">
   <failure type="exception" message="Failed: No element found using locator: By(css selector, .o-email-signup)"><![CDATA[NoSuchElementError: No element found using locator: By(css selector, .o-email-signup)
    at WebDriverError (/Users/muchniki/.nvm/versions/node/v6.9.5/lib/node_modules/protractor/node_modules/selenium-webdriver/lib/error.js:27:5)
    at NoSuchElementError (/Users/muchniki/.nvm/versions/node/v6.9.5/lib/node_modules/protractor/node_modules/selenium-webdriver/lib/error.js:168:5)
    at elementArrayFinder.getWebElements.then (/Users/muchniki/.nvm/versions/node/v6.9.5/lib/node_modules/protractor/lib/element.ts:851:17)
    at ManagedPromise.invokeCallback_ (/Users/muchniki/.nvm/versions/node/v6.9.5/lib/node_modules/protractor/node_modules/selenium-webdriver/lib/promise.js:1366:14)
    at TaskQueue.execute_ (/Users/muchniki/.nvm/versions/node/v6.9.5/lib/node_modules/protractor/node_modules/selenium-webdriver/lib/promise.js:2970:14)
    at TaskQueue.executeNext_ (/Users/muchniki/.nvm/versions/node/v6.9.5/lib/node_modules/protractor/node_modules/selenium-webdriver/lib/promise.js:2953:27)
    at asyncRun (/Users/muchniki/.nvm/versions/node/v6.9.5/lib/node_modules/protractor/node_modules/selenium-webdriver/lib/promise.js:2813:27)
    at /Users/muchniki/.nvm/versions/node/v6.9.5/lib/node_modules/protractor/node_modules/selenium-webdriver/lib/promise.js:676:7
    at process._tickCallback (internal/process/next_tick.js:103:7)Error
    at ElementArrayFinder.applyAction_ (/Users/muchniki/.nvm/versions/node/v6.9.5/lib/node_modules/protractor/lib/element.ts:482:23)
    at ElementArrayFinder.(anonymous function) [as getAttribute] (/Users/muchniki/.nvm/versions/node/v6.9.5/lib/node_modules/protractor/lib/element.ts:96:21)
    at ElementFinder.(anonymous function) [as getAttribute] (/Users/muchniki/.nvm/versions/node/v6.9.5/lib/node_modules/protractor/lib/element.ts:873:14)
    at Object.<anonymous> (/Users/muchniki/dev/cfgov-refresh/test/browser_tests/spec_suites/content/blog-single.js:73:31)
    at /Users/muchniki/.nvm/versions/node/v6.9.5/lib/node_modules/protractor/node_modules/jasminewd2/index.js:110:25
    at new ManagedPromise (/Users/muchniki/.nvm/versions/node/v6.9.5/lib/node_modules/protractor/node_modules/selenium-webdriver/lib/promise.js:1067:7)
    at ControlFlow.promise (/Users/muchniki/.nvm/versions/node/v6.9.5/lib/node_modules/protractor/node_modules/selenium-webdriver/lib/promise.js:2396:12)
    at schedulerExecute (/Users/muchniki/.nvm/versions/node/v6.9.5/lib/node_modules/protractor/node_modules/jasminewd2/index.js:95:18)
    at TaskQueue.execute_ (/Users/muchniki/.nvm/versions/node/v6.9.5/lib/node_modules/protractor/node_modules/selenium-webdriver/lib/promise.js:2970:14)
    at TaskQueue.executeNext_ (/Users/muchniki/.nvm/versions/node/v6.9.5/lib/node_modules/protractor/node_modules/selenium-webdriver/lib/promise.js:2953:27)
From: Task: Run it("should include an Email Subscribe button") in control flow
    at Object.<anonymous> (/Users/muchniki/.nvm/versions/node/v6.9.5/lib/node_modules/protractor/node_modules/jasminewd2/index.js:94:19)
    at attemptAsync (/Users/muchniki/.nvm/versions/node/v6.9.5/lib/node_modules/protractor/node_modules/jasmine-core/lib/jasmine-core/jasmine.js:1980:24)
    at QueueRunner.run (/Users/muchniki/.nvm/versions/node/v6.9.5/lib/node_modules/protractor/node_modules/jasmine-core/lib/jasmine-core/jasmine.js:1935:9)
    at QueueRunner.execute (/Users/muchniki/.nvm/versions/node/v6.9.5/lib/node_modules/protractor/node_modules/jasmine-core/lib/jasmine-core/jasmine.js:1923:10)
    at Spec.queueRunnerFactory (/Users/muchniki/.nvm/versions/node/v6.9.5/lib/node_modules/protractor/node_modules/jasmine-core/lib/jasmine-core/jasmine.js:714:35)
    at Spec.execute (/Users/muchniki/.nvm/versions/node/v6.9.5/lib/node_modules/protractor/node_modules/jasmine-core/lib/jasmine-core/jasmine.js:371:10)
    at Object.fn (/Users/muchniki/.nvm/versions/node/v6.9.5/lib/node_modules/protractor/node_modules/jasmine-core/lib/jasmine-core/jasmine.js:2579:37)
    at attemptAsync (/Users/muchniki/.nvm/versions/node/v6.9.5/lib/node_modules/protractor/node_modules/jasmine-core/lib/jasmine-core/jasmine.js:1980:24)
    at QueueRunner.run (/Users/muchniki/.nvm/versions/node/v6.9.5/lib/node_modules/protractor/node_modules/jasmine-core/lib/jasmine-core/jasmine.js:1935:9)
    at /Users/muchniki/.nvm/versions/node/v6.9.5/lib/node_modules/protractor/node_modules/jasmine-core/lib/jasmine-core/jasmine.js:1962:16
From asynchronous test: 
Error
    at Suite.<anonymous> (/Users/muchniki/dev/cfgov-refresh/test/browser_tests/spec_suites/content/blog-single.js:72:3)
    at addSpecsToSuite (/Users/muchniki/.nvm/versions/node/v6.9.5/lib/node_modules/protractor/node_modules/jasmine-core/lib/jasmine-core/jasmine.js:867:25)
    at Env.describe (/Users/muchniki/.nvm/versions/node/v6.9.5/lib/node_modules/protractor/node_modules/jasmine-core/lib/jasmine-core/jasmine.js:836:7)
    at describe (/Users/muchniki/.nvm/versions/node/v6.9.5/lib/node_modules/protractor/node_modules/jasmine-core/lib/jasmine-core/jasmine.js:3576:18)
    at Object.<anonymous> (/Users/muchniki/dev/cfgov-refresh/test/browser_tests/spec_suites/content/blog-single.js:7:1)
    at Module._compile (module.js:570:32)
    at Object.Module._extensions..js (module.js:579:10)
    at Module.load (module.js:487:32)
    at tryModuleLoad (module.js:446:12)]]>
   </failure>
  </testcase>
  <testcase classname="focused specs.The Blog single Page" name="should include an RSS Subscribe section" time="0.247">
   <failure type="toBe" message="Expected false to be true."><![CDATA[Error: Failed expectation
    at Object.<anonymous> (/Users/muchniki/dev/cfgov-refresh/test/browser_tests/spec_suites/content/blog-single.js:78:52)
    at /Users/muchniki/.nvm/versions/node/v6.9.5/lib/node_modules/protractor/node_modules/jasminewd2/index.js:110:25
    at new ManagedPromise (/Users/muchniki/.nvm/versions/node/v6.9.5/lib/node_modules/protractor/node_modules/selenium-webdriver/lib/promise.js:1067:7)
    at ControlFlow.promise (/Users/muchniki/.nvm/versions/node/v6.9.5/lib/node_modules/protractor/node_modules/selenium-webdriver/lib/promise.js:2396:12)
    at schedulerExecute (/Users/muchniki/.nvm/versions/node/v6.9.5/lib/node_modules/protractor/node_modules/jasminewd2/index.js:95:18)
    at TaskQueue.execute_ (/Users/muchniki/.nvm/versions/node/v6.9.5/lib/node_modules/protractor/node_modules/selenium-webdriver/lib/promise.js:2970:14)
    at TaskQueue.executeNext_ (/Users/muchniki/.nvm/versions/node/v6.9.5/lib/node_modules/protractor/node_modules/selenium-webdriver/lib/promise.js:2953:27)
    at asyncRun (/Users/muchniki/.nvm/versions/node/v6.9.5/lib/node_modules/protractor/node_modules/selenium-webdriver/lib/promise.js:2860:25)
    at /Users/muchniki/.nvm/versions/node/v6.9.5/lib/node_modules/protractor/node_modules/selenium-webdriver/lib/promise.js:676:7]]>
   </failure>
  </testcase>
  <testcase classname="focused specs.The Blog single Page" name="should include an RSS Subscribe button" time="0.246">
   <failure type="exception" message="Failed: No element found using locator: By(css selector, [data-qa-hook=&quot;rss-subscribe-section&quot;])"><![CDATA[NoSuchElementError: No element found using locator: By(css selector, [data-qa-hook="rss-subscribe-section"])
    at WebDriverError (/Users/muchniki/.nvm/versions/node/v6.9.5/lib/node_modules/protractor/node_modules/selenium-webdriver/lib/error.js:27:5)
    at NoSuchElementError (/Users/muchniki/.nvm/versions/node/v6.9.5/lib/node_modules/protractor/node_modules/selenium-webdriver/lib/error.js:168:5)
    at elementArrayFinder.getWebElements.then (/Users/muchniki/.nvm/versions/node/v6.9.5/lib/node_modules/protractor/lib/element.ts:851:17)
    at ManagedPromise.invokeCallback_ (/Users/muchniki/.nvm/versions/node/v6.9.5/lib/node_modules/protractor/node_modules/selenium-webdriver/lib/promise.js:1366:14)
    at TaskQueue.execute_ (/Users/muchniki/.nvm/versions/node/v6.9.5/lib/node_modules/protractor/node_modules/selenium-webdriver/lib/promise.js:2970:14)
    at TaskQueue.executeNext_ (/Users/muchniki/.nvm/versions/node/v6.9.5/lib/node_modules/protractor/node_modules/selenium-webdriver/lib/promise.js:2953:27)
    at asyncRun (/Users/muchniki/.nvm/versions/node/v6.9.5/lib/node_modules/protractor/node_modules/selenium-webdriver/lib/promise.js:2813:27)
    at /Users/muchniki/.nvm/versions/node/v6.9.5/lib/node_modules/protractor/node_modules/selenium-webdriver/lib/promise.js:676:7
    at process._tickCallback (internal/process/next_tick.js:103:7)Error
    at ElementArrayFinder.applyAction_ (/Users/muchniki/.nvm/versions/node/v6.9.5/lib/node_modules/protractor/lib/element.ts:482:23)
    at ElementArrayFinder.(anonymous function) [as getText] (/Users/muchniki/.nvm/versions/node/v6.9.5/lib/node_modules/protractor/lib/element.ts:96:21)
    at ElementFinder.(anonymous function) [as getText] (/Users/muchniki/.nvm/versions/node/v6.9.5/lib/node_modules/protractor/lib/element.ts:873:14)
    at Object.<anonymous> (/Users/muchniki/dev/cfgov-refresh/test/browser_tests/spec_suites/content/blog-single.js:82:34)
    at /Users/muchniki/.nvm/versions/node/v6.9.5/lib/node_modules/protractor/node_modules/jasminewd2/index.js:110:25
    at new ManagedPromise (/Users/muchniki/.nvm/versions/node/v6.9.5/lib/node_modules/protractor/node_modules/selenium-webdriver/lib/promise.js:1067:7)
    at ControlFlow.promise (/Users/muchniki/.nvm/versions/node/v6.9.5/lib/node_modules/protractor/node_modules/selenium-webdriver/lib/promise.js:2396:12)
    at schedulerExecute (/Users/muchniki/.nvm/versions/node/v6.9.5/lib/node_modules/protractor/node_modules/jasminewd2/index.js:95:18)
    at TaskQueue.execute_ (/Users/muchniki/.nvm/versions/node/v6.9.5/lib/node_modules/protractor/node_modules/selenium-webdriver/lib/promise.js:2970:14)
    at TaskQueue.executeNext_ (/Users/muchniki/.nvm/versions/node/v6.9.5/lib/node_modules/protractor/node_modules/selenium-webdriver/lib/promise.js:2953:27)
From: Task: Run it("should include an RSS Subscribe button") in control flow
    at Object.<anonymous> (/Users/muchniki/.nvm/versions/node/v6.9.5/lib/node_modules/protractor/node_modules/jasminewd2/index.js:94:19)
    at attemptAsync (/Users/muchniki/.nvm/versions/node/v6.9.5/lib/node_modules/protractor/node_modules/jasmine-core/lib/jasmine-core/jasmine.js:1980:24)
    at QueueRunner.run (/Users/muchniki/.nvm/versions/node/v6.9.5/lib/node_modules/protractor/node_modules/jasmine-core/lib/jasmine-core/jasmine.js:1935:9)
    at QueueRunner.execute (/Users/muchniki/.nvm/versions/node/v6.9.5/lib/node_modules/protractor/node_modules/jasmine-core/lib/jasmine-core/jasmine.js:1923:10)
    at Spec.queueRunnerFactory (/Users/muchniki/.nvm/versions/node/v6.9.5/lib/node_modules/protractor/node_modules/jasmine-core/lib/jasmine-core/jasmine.js:714:35)
    at Spec.execute (/Users/muchniki/.nvm/versions/node/v6.9.5/lib/node_modules/protractor/node_modules/jasmine-core/lib/jasmine-core/jasmine.js:371:10)
    at Object.fn (/Users/muchniki/.nvm/versions/node/v6.9.5/lib/node_modules/protractor/node_modules/jasmine-core/lib/jasmine-core/jasmine.js:2579:37)
    at attemptAsync (/Users/muchniki/.nvm/versions/node/v6.9.5/lib/node_modules/protractor/node_modules/jasmine-core/lib/jasmine-core/jasmine.js:1980:24)
    at QueueRunner.run (/Users/muchniki/.nvm/versions/node/v6.9.5/lib/node_modules/protractor/node_modules/jasmine-core/lib/jasmine-core/jasmine.js:1935:9)
    at /Users/muchniki/.nvm/versions/node/v6.9.5/lib/node_modules/protractor/node_modules/jasmine-core/lib/jasmine-core/jasmine.js:1962:16
From asynchronous test: 
Error
    at Suite.<anonymous> (/Users/muchniki/dev/cfgov-refresh/test/browser_tests/spec_suites/content/blog-single.js:81:3)
    at addSpecsToSuite (/Users/muchniki/.nvm/versions/node/v6.9.5/lib/node_modules/protractor/node_modules/jasmine-core/lib/jasmine-core/jasmine.js:867:25)
    at Env.describe (/Users/muchniki/.nvm/versions/node/v6.9.5/lib/node_modules/protractor/node_modules/jasmine-core/lib/jasmine-core/jasmine.js:836:7)
    at describe (/Users/muchniki/.nvm/versions/node/v6.9.5/lib/node_modules/protractor/node_modules/jasmine-core/lib/jasmine-core/jasmine.js:3576:18)
    at Object.<anonymous> (/Users/muchniki/dev/cfgov-refresh/test/browser_tests/spec_suites/content/blog-single.js:7:1)
    at Module._compile (module.js:570:32)
    at Object.Module._extensions..js (module.js:579:10)
    at Module.load (module.js:487:32)
    at tryModuleLoad (module.js:446:12)]]>
   </failure>
  </testcase>
 </testsuite>
 <testsuite name="focused specs.The Blog Page" timestamp="2017-03-01T17:32:00" hostname="localhost" time="5.263" errors="0" tests="25" skipped="3" disabled="0" failures="23">
  <testcase classname="focused specs.The Blog Page" name="should properly load in a browser" time="0.008">
   <failure type="toContain" message="Expected &apos;&apos; to contain &apos;Blog&apos;."><![CDATA[Error: Failed expectation
    at Object.<anonymous> (/Users/muchniki/dev/cfgov-refresh/test/browser_tests/spec_suites/content/blog.js:20:32)
    at /Users/muchniki/.nvm/versions/node/v6.9.5/lib/node_modules/protractor/node_modules/jasminewd2/index.js:110:25
    at new ManagedPromise (/Users/muchniki/.nvm/versions/node/v6.9.5/lib/node_modules/protractor/node_modules/selenium-webdriver/lib/promise.js:1067:7)
    at ControlFlow.promise (/Users/muchniki/.nvm/versions/node/v6.9.5/lib/node_modules/protractor/node_modules/selenium-webdriver/lib/promise.js:2396:12)
    at schedulerExecute (/Users/muchniki/.nvm/versions/node/v6.9.5/lib/node_modules/protractor/node_modules/jasminewd2/index.js:95:18)
    at TaskQueue.execute_ (/Users/muchniki/.nvm/versions/node/v6.9.5/lib/node_modules/protractor/node_modules/selenium-webdriver/lib/promise.js:2970:14)
    at TaskQueue.executeNext_ (/Users/muchniki/.nvm/versions/node/v6.9.5/lib/node_modules/protractor/node_modules/selenium-webdriver/lib/promise.js:2953:27)
    at asyncRun (/Users/muchniki/.nvm/versions/node/v6.9.5/lib/node_modules/protractor/node_modules/selenium-webdriver/lib/promise.js:2860:25)
    at /Users/muchniki/.nvm/versions/node/v6.9.5/lib/node_modules/protractor/node_modules/selenium-webdriver/lib/promise.js:676:7]]>
   </failure>
  </testcase>
  <testcase classname="focused specs.The Blog Page" name="should include a main title" time="0">
   <skipped message="Temporarily disabled with xit" />
  </testcase>
  <testcase classname="focused specs.The Blog Page" name="should include a content sidebar" time="0.234">
   <failure type="toBe" message="Expected false to be true."><![CDATA[Error: Failed expectation
    at Object.<anonymous> (/Users/muchniki/dev/cfgov-refresh/test/browser_tests/spec_suites/content/blog.js:28:47)
    at /Users/muchniki/.nvm/versions/node/v6.9.5/lib/node_modules/protractor/node_modules/jasminewd2/index.js:110:25
    at new ManagedPromise (/Users/muchniki/.nvm/versions/node/v6.9.5/lib/node_modules/protractor/node_modules/selenium-webdriver/lib/promise.js:1067:7)
    at ControlFlow.promise (/Users/muchniki/.nvm/versions/node/v6.9.5/lib/node_modules/protractor/node_modules/selenium-webdriver/lib/promise.js:2396:12)
    at schedulerExecute (/Users/muchniki/.nvm/versions/node/v6.9.5/lib/node_modules/protractor/node_modules/jasminewd2/index.js:95:18)
    at TaskQueue.execute_ (/Users/muchniki/.nvm/versions/node/v6.9.5/lib/node_modules/protractor/node_modules/selenium-webdriver/lib/promise.js:2970:14)
    at TaskQueue.executeNext_ (/Users/muchniki/.nvm/versions/node/v6.9.5/lib/node_modules/protractor/node_modules/selenium-webdriver/lib/promise.js:2953:27)
    at asyncRun (/Users/muchniki/.nvm/versions/node/v6.9.5/lib/node_modules/protractor/node_modules/selenium-webdriver/lib/promise.js:2860:25)
    at /Users/muchniki/.nvm/versions/node/v6.9.5/lib/node_modules/protractor/node_modules/selenium-webdriver/lib/promise.js:676:7]]>
   </failure>
  </testcase>
  <testcase classname="focused specs.The Blog Page" name="should include a Stay Informed section in the sidebar" time="0.239">
   <failure type="toBe" message="Expected false to be true."><![CDATA[Error: Failed expectation
    at Object.<anonymous> (/Users/muchniki/dev/cfgov-refresh/test/browser_tests/spec_suites/content/blog.js:32:52)
    at /Users/muchniki/.nvm/versions/node/v6.9.5/lib/node_modules/protractor/node_modules/jasminewd2/index.js:110:25
    at new ManagedPromise (/Users/muchniki/.nvm/versions/node/v6.9.5/lib/node_modules/protractor/node_modules/selenium-webdriver/lib/promise.js:1067:7)
    at ControlFlow.promise (/Users/muchniki/.nvm/versions/node/v6.9.5/lib/node_modules/protractor/node_modules/selenium-webdriver/lib/promise.js:2396:12)
    at schedulerExecute (/Users/muchniki/.nvm/versions/node/v6.9.5/lib/node_modules/protractor/node_modules/jasminewd2/index.js:95:18)
    at TaskQueue.execute_ (/Users/muchniki/.nvm/versions/node/v6.9.5/lib/node_modules/protractor/node_modules/selenium-webdriver/lib/promise.js:2970:14)
    at TaskQueue.executeNext_ (/Users/muchniki/.nvm/versions/node/v6.9.5/lib/node_modules/protractor/node_modules/selenium-webdriver/lib/promise.js:2953:27)
    at asyncRun (/Users/muchniki/.nvm/versions/node/v6.9.5/lib/node_modules/protractor/node_modules/selenium-webdriver/lib/promise.js:2860:25)
    at /Users/muchniki/.nvm/versions/node/v6.9.5/lib/node_modules/protractor/node_modules/selenium-webdriver/lib/promise.js:676:7]]>
   </failure>
  </testcase>
  <testcase classname="focused specs.The Blog Page" name="should include a Stay Informed section title" time="0.24">
   <failure type="exception" message="Failed: No element found using locator: By(css selector, .o-email-signup)"><![CDATA[NoSuchElementError: No element found using locator: By(css selector, .o-email-signup)
    at WebDriverError (/Users/muchniki/.nvm/versions/node/v6.9.5/lib/node_modules/protractor/node_modules/selenium-webdriver/lib/error.js:27:5)
    at NoSuchElementError (/Users/muchniki/.nvm/versions/node/v6.9.5/lib/node_modules/protractor/node_modules/selenium-webdriver/lib/error.js:168:5)
    at elementArrayFinder.getWebElements.then (/Users/muchniki/.nvm/versions/node/v6.9.5/lib/node_modules/protractor/lib/element.ts:851:17)
    at ManagedPromise.invokeCallback_ (/Users/muchniki/.nvm/versions/node/v6.9.5/lib/node_modules/protractor/node_modules/selenium-webdriver/lib/promise.js:1366:14)
    at TaskQueue.execute_ (/Users/muchniki/.nvm/versions/node/v6.9.5/lib/node_modules/protractor/node_modules/selenium-webdriver/lib/promise.js:2970:14)
    at TaskQueue.executeNext_ (/Users/muchniki/.nvm/versions/node/v6.9.5/lib/node_modules/protractor/node_modules/selenium-webdriver/lib/promise.js:2953:27)
    at asyncRun (/Users/muchniki/.nvm/versions/node/v6.9.5/lib/node_modules/protractor/node_modules/selenium-webdriver/lib/promise.js:2813:27)
    at /Users/muchniki/.nvm/versions/node/v6.9.5/lib/node_modules/protractor/node_modules/selenium-webdriver/lib/promise.js:676:7
    at process._tickCallback (internal/process/next_tick.js:103:7)Error
    at ElementArrayFinder.applyAction_ (/Users/muchniki/.nvm/versions/node/v6.9.5/lib/node_modules/protractor/lib/element.ts:482:23)
    at ElementArrayFinder.(anonymous function) [as getText] (/Users/muchniki/.nvm/versions/node/v6.9.5/lib/node_modules/protractor/lib/element.ts:96:21)
    at ElementFinder.(anonymous function) [as getText] (/Users/muchniki/.nvm/versions/node/v6.9.5/lib/node_modules/protractor/lib/element.ts:873:14)
    at Object.<anonymous> (/Users/muchniki/dev/cfgov-refresh/test/browser_tests/spec_suites/content/blog.js:36:43)
    at /Users/muchniki/.nvm/versions/node/v6.9.5/lib/node_modules/protractor/node_modules/jasminewd2/index.js:110:25
    at new ManagedPromise (/Users/muchniki/.nvm/versions/node/v6.9.5/lib/node_modules/protractor/node_modules/selenium-webdriver/lib/promise.js:1067:7)
    at ControlFlow.promise (/Users/muchniki/.nvm/versions/node/v6.9.5/lib/node_modules/protractor/node_modules/selenium-webdriver/lib/promise.js:2396:12)
    at schedulerExecute (/Users/muchniki/.nvm/versions/node/v6.9.5/lib/node_modules/protractor/node_modules/jasminewd2/index.js:95:18)
    at TaskQueue.execute_ (/Users/muchniki/.nvm/versions/node/v6.9.5/lib/node_modules/protractor/node_modules/selenium-webdriver/lib/promise.js:2970:14)
    at TaskQueue.executeNext_ (/Users/muchniki/.nvm/versions/node/v6.9.5/lib/node_modules/protractor/node_modules/selenium-webdriver/lib/promise.js:2953:27)
From: Task: Run it("should include a Stay Informed section title") in control flow
    at Object.<anonymous> (/Users/muchniki/.nvm/versions/node/v6.9.5/lib/node_modules/protractor/node_modules/jasminewd2/index.js:94:19)
    at attemptAsync (/Users/muchniki/.nvm/versions/node/v6.9.5/lib/node_modules/protractor/node_modules/jasmine-core/lib/jasmine-core/jasmine.js:1980:24)
    at QueueRunner.run (/Users/muchniki/.nvm/versions/node/v6.9.5/lib/node_modules/protractor/node_modules/jasmine-core/lib/jasmine-core/jasmine.js:1935:9)
    at QueueRunner.execute (/Users/muchniki/.nvm/versions/node/v6.9.5/lib/node_modules/protractor/node_modules/jasmine-core/lib/jasmine-core/jasmine.js:1923:10)
    at Spec.queueRunnerFactory (/Users/muchniki/.nvm/versions/node/v6.9.5/lib/node_modules/protractor/node_modules/jasmine-core/lib/jasmine-core/jasmine.js:714:35)
    at Spec.execute (/Users/muchniki/.nvm/versions/node/v6.9.5/lib/node_modules/protractor/node_modules/jasmine-core/lib/jasmine-core/jasmine.js:371:10)
    at Object.fn (/Users/muchniki/.nvm/versions/node/v6.9.5/lib/node_modules/protractor/node_modules/jasmine-core/lib/jasmine-core/jasmine.js:2579:37)
    at attemptAsync (/Users/muchniki/.nvm/versions/node/v6.9.5/lib/node_modules/protractor/node_modules/jasmine-core/lib/jasmine-core/jasmine.js:1980:24)
    at QueueRunner.run (/Users/muchniki/.nvm/versions/node/v6.9.5/lib/node_modules/protractor/node_modules/jasmine-core/lib/jasmine-core/jasmine.js:1935:9)
    at /Users/muchniki/.nvm/versions/node/v6.9.5/lib/node_modules/protractor/node_modules/jasmine-core/lib/jasmine-core/jasmine.js:1962:16
From asynchronous test: 
Error
    at Suite.<anonymous> (/Users/muchniki/dev/cfgov-refresh/test/browser_tests/spec_suites/content/blog.js:35:3)
    at addSpecsToSuite (/Users/muchniki/.nvm/versions/node/v6.9.5/lib/node_modules/protractor/node_modules/jasmine-core/lib/jasmine-core/jasmine.js:867:25)
    at Env.describe (/Users/muchniki/.nvm/versions/node/v6.9.5/lib/node_modules/protractor/node_modules/jasmine-core/lib/jasmine-core/jasmine.js:836:7)
    at describe (/Users/muchniki/.nvm/versions/node/v6.9.5/lib/node_modules/protractor/node_modules/jasmine-core/lib/jasmine-core/jasmine.js:3576:18)
    at Object.<anonymous> (/Users/muchniki/dev/cfgov-refresh/test/browser_tests/spec_suites/content/blog.js:11:1)
    at Module._compile (module.js:570:32)
    at Object.Module._extensions..js (module.js:579:10)
    at Module.load (module.js:487:32)
    at tryModuleLoad (module.js:446:12)]]>
   </failure>
  </testcase>
  <testcase classname="focused specs.The Blog Page" name="should include an Email Subscribe form" time="0.236">
   <failure type="toBe" message="Expected false to be true."><![CDATA[Error: Failed expectation
    at Object.<anonymous> (/Users/muchniki/dev/cfgov-refresh/test/browser_tests/spec_suites/content/blog.js:40:51)
    at /Users/muchniki/.nvm/versions/node/v6.9.5/lib/node_modules/protractor/node_modules/jasminewd2/index.js:110:25
    at new ManagedPromise (/Users/muchniki/.nvm/versions/node/v6.9.5/lib/node_modules/protractor/node_modules/selenium-webdriver/lib/promise.js:1067:7)
    at ControlFlow.promise (/Users/muchniki/.nvm/versions/node/v6.9.5/lib/node_modules/protractor/node_modules/selenium-webdriver/lib/promise.js:2396:12)
    at schedulerExecute (/Users/muchniki/.nvm/versions/node/v6.9.5/lib/node_modules/protractor/node_modules/jasminewd2/index.js:95:18)
    at TaskQueue.execute_ (/Users/muchniki/.nvm/versions/node/v6.9.5/lib/node_modules/protractor/node_modules/selenium-webdriver/lib/promise.js:2970:14)
    at TaskQueue.executeNext_ (/Users/muchniki/.nvm/versions/node/v6.9.5/lib/node_modules/protractor/node_modules/selenium-webdriver/lib/promise.js:2953:27)
    at asyncRun (/Users/muchniki/.nvm/versions/node/v6.9.5/lib/node_modules/protractor/node_modules/selenium-webdriver/lib/promise.js:2860:25)
    at /Users/muchniki/.nvm/versions/node/v6.9.5/lib/node_modules/protractor/node_modules/selenium-webdriver/lib/promise.js:676:7]]>
   </failure>
  </testcase>
  <testcase classname="focused specs.The Blog Page" name="should include an Email Subscribe label" time="0.232">
   <failure type="exception" message="Failed: No element found using locator: By(css selector, .o-email-signup)"><![CDATA[NoSuchElementError: No element found using locator: By(css selector, .o-email-signup)
    at WebDriverError (/Users/muchniki/.nvm/versions/node/v6.9.5/lib/node_modules/protractor/node_modules/selenium-webdriver/lib/error.js:27:5)
    at NoSuchElementError (/Users/muchniki/.nvm/versions/node/v6.9.5/lib/node_modules/protractor/node_modules/selenium-webdriver/lib/error.js:168:5)
    at elementArrayFinder.getWebElements.then (/Users/muchniki/.nvm/versions/node/v6.9.5/lib/node_modules/protractor/lib/element.ts:851:17)
    at ManagedPromise.invokeCallback_ (/Users/muchniki/.nvm/versions/node/v6.9.5/lib/node_modules/protractor/node_modules/selenium-webdriver/lib/promise.js:1366:14)
    at TaskQueue.execute_ (/Users/muchniki/.nvm/versions/node/v6.9.5/lib/node_modules/protractor/node_modules/selenium-webdriver/lib/promise.js:2970:14)
    at TaskQueue.executeNext_ (/Users/muchniki/.nvm/versions/node/v6.9.5/lib/node_modules/protractor/node_modules/selenium-webdriver/lib/promise.js:2953:27)
    at asyncRun (/Users/muchniki/.nvm/versions/node/v6.9.5/lib/node_modules/protractor/node_modules/selenium-webdriver/lib/promise.js:2813:27)
    at /Users/muchniki/.nvm/versions/node/v6.9.5/lib/node_modules/protractor/node_modules/selenium-webdriver/lib/promise.js:676:7
    at process._tickCallback (internal/process/next_tick.js:103:7)Error
    at ElementArrayFinder.applyAction_ (/Users/muchniki/.nvm/versions/node/v6.9.5/lib/node_modules/protractor/lib/element.ts:482:23)
    at ElementArrayFinder.(anonymous function) [as getText] (/Users/muchniki/.nvm/versions/node/v6.9.5/lib/node_modules/protractor/lib/element.ts:96:21)
    at ElementFinder.(anonymous function) [as getText] (/Users/muchniki/.nvm/versions/node/v6.9.5/lib/node_modules/protractor/lib/element.ts:873:14)
    at Object.<anonymous> (/Users/muchniki/dev/cfgov-refresh/test/browser_tests/spec_suites/content/blog.js:44:33)
    at /Users/muchniki/.nvm/versions/node/v6.9.5/lib/node_modules/protractor/node_modules/jasminewd2/index.js:110:25
    at new ManagedPromise (/Users/muchniki/.nvm/versions/node/v6.9.5/lib/node_modules/protractor/node_modules/selenium-webdriver/lib/promise.js:1067:7)
    at ControlFlow.promise (/Users/muchniki/.nvm/versions/node/v6.9.5/lib/node_modules/protractor/node_modules/selenium-webdriver/lib/promise.js:2396:12)
    at schedulerExecute (/Users/muchniki/.nvm/versions/node/v6.9.5/lib/node_modules/protractor/node_modules/jasminewd2/index.js:95:18)
    at TaskQueue.execute_ (/Users/muchniki/.nvm/versions/node/v6.9.5/lib/node_modules/protractor/node_modules/selenium-webdriver/lib/promise.js:2970:14)
    at TaskQueue.executeNext_ (/Users/muchniki/.nvm/versions/node/v6.9.5/lib/node_modules/protractor/node_modules/selenium-webdriver/lib/promise.js:2953:27)
From: Task: Run it("should include an Email Subscribe label") in control flow
    at Object.<anonymous> (/Users/muchniki/.nvm/versions/node/v6.9.5/lib/node_modules/protractor/node_modules/jasminewd2/index.js:94:19)
    at attemptAsync (/Users/muchniki/.nvm/versions/node/v6.9.5/lib/node_modules/protractor/node_modules/jasmine-core/lib/jasmine-core/jasmine.js:1980:24)
    at QueueRunner.run (/Users/muchniki/.nvm/versions/node/v6.9.5/lib/node_modules/protractor/node_modules/jasmine-core/lib/jasmine-core/jasmine.js:1935:9)
    at QueueRunner.execute (/Users/muchniki/.nvm/versions/node/v6.9.5/lib/node_modules/protractor/node_modules/jasmine-core/lib/jasmine-core/jasmine.js:1923:10)
    at Spec.queueRunnerFactory (/Users/muchniki/.nvm/versions/node/v6.9.5/lib/node_modules/protractor/node_modules/jasmine-core/lib/jasmine-core/jasmine.js:714:35)
    at Spec.execute (/Users/muchniki/.nvm/versions/node/v6.9.5/lib/node_modules/protractor/node_modules/jasmine-core/lib/jasmine-core/jasmine.js:371:10)
    at Object.fn (/Users/muchniki/.nvm/versions/node/v6.9.5/lib/node_modules/protractor/node_modules/jasmine-core/lib/jasmine-core/jasmine.js:2579:37)
    at attemptAsync (/Users/muchniki/.nvm/versions/node/v6.9.5/lib/node_modules/protractor/node_modules/jasmine-core/lib/jasmine-core/jasmine.js:1980:24)
    at QueueRunner.run (/Users/muchniki/.nvm/versions/node/v6.9.5/lib/node_modules/protractor/node_modules/jasmine-core/lib/jasmine-core/jasmine.js:1935:9)
    at /Users/muchniki/.nvm/versions/node/v6.9.5/lib/node_modules/protractor/node_modules/jasmine-core/lib/jasmine-core/jasmine.js:1962:16
From asynchronous test: 
Error
    at Suite.<anonymous> (/Users/muchniki/dev/cfgov-refresh/test/browser_tests/spec_suites/content/blog.js:43:3)
    at addSpecsToSuite (/Users/muchniki/.nvm/versions/node/v6.9.5/lib/node_modules/protractor/node_modules/jasmine-core/lib/jasmine-core/jasmine.js:867:25)
    at Env.describe (/Users/muchniki/.nvm/versions/node/v6.9.5/lib/node_modules/protractor/node_modules/jasmine-core/lib/jasmine-core/jasmine.js:836:7)
    at describe (/Users/muchniki/.nvm/versions/node/v6.9.5/lib/node_modules/protractor/node_modules/jasmine-core/lib/jasmine-core/jasmine.js:3576:18)
    at Object.<anonymous> (/Users/muchniki/dev/cfgov-refresh/test/browser_tests/spec_suites/content/blog.js:11:1)
    at Module._compile (module.js:570:32)
    at Object.Module._extensions..js (module.js:579:10)
    at Module.load (module.js:487:32)
    at tryModuleLoad (module.js:446:12)]]>
   </failure>
  </testcase>
  <testcase classname="focused specs.The Blog Page" name="should include an Email Subscribe input" time="0.471">
   <failure type="toBe" message="Expected false to be true."><![CDATA[Error: Failed expectation
    at Object.<anonymous> (/Users/muchniki/dev/cfgov-refresh/test/browser_tests/spec_suites/content/blog.js:48:47)
    at /Users/muchniki/.nvm/versions/node/v6.9.5/lib/node_modules/protractor/node_modules/jasminewd2/index.js:110:25
    at new ManagedPromise (/Users/muchniki/.nvm/versions/node/v6.9.5/lib/node_modules/protractor/node_modules/selenium-webdriver/lib/promise.js:1067:7)
    at ControlFlow.promise (/Users/muchniki/.nvm/versions/node/v6.9.5/lib/node_modules/protractor/node_modules/selenium-webdriver/lib/promise.js:2396:12)
    at schedulerExecute (/Users/muchniki/.nvm/versions/node/v6.9.5/lib/node_modules/protractor/node_modules/jasminewd2/index.js:95:18)
    at TaskQueue.execute_ (/Users/muchniki/.nvm/versions/node/v6.9.5/lib/node_modules/protractor/node_modules/selenium-webdriver/lib/promise.js:2970:14)
    at TaskQueue.executeNext_ (/Users/muchniki/.nvm/versions/node/v6.9.5/lib/node_modules/protractor/node_modules/selenium-webdriver/lib/promise.js:2953:27)
    at asyncRun (/Users/muchniki/.nvm/versions/node/v6.9.5/lib/node_modules/protractor/node_modules/selenium-webdriver/lib/promise.js:2860:25)
    at /Users/muchniki/.nvm/versions/node/v6.9.5/lib/node_modules/protractor/node_modules/selenium-webdriver/lib/promise.js:676:7]]>
   </failure>
   <failure type="exception" message="Failed: No element found using locator: By(css selector, .o-email-signup)"><![CDATA[NoSuchElementError: No element found using locator: By(css selector, .o-email-signup)
    at WebDriverError (/Users/muchniki/.nvm/versions/node/v6.9.5/lib/node_modules/protractor/node_modules/selenium-webdriver/lib/error.js:27:5)
    at NoSuchElementError (/Users/muchniki/.nvm/versions/node/v6.9.5/lib/node_modules/protractor/node_modules/selenium-webdriver/lib/error.js:168:5)
    at elementArrayFinder.getWebElements.then (/Users/muchniki/.nvm/versions/node/v6.9.5/lib/node_modules/protractor/lib/element.ts:851:17)
    at ManagedPromise.invokeCallback_ (/Users/muchniki/.nvm/versions/node/v6.9.5/lib/node_modules/protractor/node_modules/selenium-webdriver/lib/promise.js:1366:14)
    at TaskQueue.execute_ (/Users/muchniki/.nvm/versions/node/v6.9.5/lib/node_modules/protractor/node_modules/selenium-webdriver/lib/promise.js:2970:14)
    at TaskQueue.executeNext_ (/Users/muchniki/.nvm/versions/node/v6.9.5/lib/node_modules/protractor/node_modules/selenium-webdriver/lib/promise.js:2953:27)
    at asyncRun (/Users/muchniki/.nvm/versions/node/v6.9.5/lib/node_modules/protractor/node_modules/selenium-webdriver/lib/promise.js:2813:27)
    at /Users/muchniki/.nvm/versions/node/v6.9.5/lib/node_modules/protractor/node_modules/selenium-webdriver/lib/promise.js:676:7
    at process._tickCallback (internal/process/next_tick.js:103:7)Error
    at ElementArrayFinder.applyAction_ (/Users/muchniki/.nvm/versions/node/v6.9.5/lib/node_modules/protractor/lib/element.ts:482:23)
    at ElementArrayFinder.(anonymous function) [as getAttribute] (/Users/muchniki/.nvm/versions/node/v6.9.5/lib/node_modules/protractor/lib/element.ts:96:21)
    at ElementFinder.(anonymous function) [as getAttribute] (/Users/muchniki/.nvm/versions/node/v6.9.5/lib/node_modules/protractor/lib/element.ts:873:14)
    at Object.<anonymous> (/Users/muchniki/dev/cfgov-refresh/test/browser_tests/spec_suites/content/blog.js:49:33)
    at /Users/muchniki/.nvm/versions/node/v6.9.5/lib/node_modules/protractor/node_modules/jasminewd2/index.js:110:25
    at new ManagedPromise (/Users/muchniki/.nvm/versions/node/v6.9.5/lib/node_modules/protractor/node_modules/selenium-webdriver/lib/promise.js:1067:7)
    at ControlFlow.promise (/Users/muchniki/.nvm/versions/node/v6.9.5/lib/node_modules/protractor/node_modules/selenium-webdriver/lib/promise.js:2396:12)
    at schedulerExecute (/Users/muchniki/.nvm/versions/node/v6.9.5/lib/node_modules/protractor/node_modules/jasminewd2/index.js:95:18)
    at TaskQueue.execute_ (/Users/muchniki/.nvm/versions/node/v6.9.5/lib/node_modules/protractor/node_modules/selenium-webdriver/lib/promise.js:2970:14)
    at TaskQueue.executeNext_ (/Users/muchniki/.nvm/versions/node/v6.9.5/lib/node_modules/protractor/node_modules/selenium-webdriver/lib/promise.js:2953:27)
From: Task: Run it("should include an Email Subscribe input") in control flow
    at Object.<anonymous> (/Users/muchniki/.nvm/versions/node/v6.9.5/lib/node_modules/protractor/node_modules/jasminewd2/index.js:94:19)
    at attemptAsync (/Users/muchniki/.nvm/versions/node/v6.9.5/lib/node_modules/protractor/node_modules/jasmine-core/lib/jasmine-core/jasmine.js:1980:24)
    at QueueRunner.run (/Users/muchniki/.nvm/versions/node/v6.9.5/lib/node_modules/protractor/node_modules/jasmine-core/lib/jasmine-core/jasmine.js:1935:9)
    at QueueRunner.execute (/Users/muchniki/.nvm/versions/node/v6.9.5/lib/node_modules/protractor/node_modules/jasmine-core/lib/jasmine-core/jasmine.js:1923:10)
    at Spec.queueRunnerFactory (/Users/muchniki/.nvm/versions/node/v6.9.5/lib/node_modules/protractor/node_modules/jasmine-core/lib/jasmine-core/jasmine.js:714:35)
    at Spec.execute (/Users/muchniki/.nvm/versions/node/v6.9.5/lib/node_modules/protractor/node_modules/jasmine-core/lib/jasmine-core/jasmine.js:371:10)
    at Object.fn (/Users/muchniki/.nvm/versions/node/v6.9.5/lib/node_modules/protractor/node_modules/jasmine-core/lib/jasmine-core/jasmine.js:2579:37)
    at attemptAsync (/Users/muchniki/.nvm/versions/node/v6.9.5/lib/node_modules/protractor/node_modules/jasmine-core/lib/jasmine-core/jasmine.js:1980:24)
    at QueueRunner.run (/Users/muchniki/.nvm/versions/node/v6.9.5/lib/node_modules/protractor/node_modules/jasmine-core/lib/jasmine-core/jasmine.js:1935:9)
    at /Users/muchniki/.nvm/versions/node/v6.9.5/lib/node_modules/protractor/node_modules/jasmine-core/lib/jasmine-core/jasmine.js:1962:16
From asynchronous test: 
Error
    at Suite.<anonymous> (/Users/muchniki/dev/cfgov-refresh/test/browser_tests/spec_suites/content/blog.js:47:3)
    at addSpecsToSuite (/Users/muchniki/.nvm/versions/node/v6.9.5/lib/node_modules/protractor/node_modules/jasmine-core/lib/jasmine-core/jasmine.js:867:25)
    at Env.describe (/Users/muchniki/.nvm/versions/node/v6.9.5/lib/node_modules/protractor/node_modules/jasmine-core/lib/jasmine-core/jasmine.js:836:7)
    at describe (/Users/muchniki/.nvm/versions/node/v6.9.5/lib/node_modules/protractor/node_modules/jasmine-core/lib/jasmine-core/jasmine.js:3576:18)
    at Object.<anonymous> (/Users/muchniki/dev/cfgov-refresh/test/browser_tests/spec_suites/content/blog.js:11:1)
    at Module._compile (module.js:570:32)
    at Object.Module._extensions..js (module.js:579:10)
    at Module.load (module.js:487:32)
    at tryModuleLoad (module.js:446:12)]]>
   </failure>
  </testcase>
  <testcase classname="focused specs.The Blog Page" name="should include an Email Subscribe hidden field" time="0.24">
   <failure type="exception" message="Failed: No element found using locator: By(css selector, .o-email-signup)"><![CDATA[NoSuchElementError: No element found using locator: By(css selector, .o-email-signup)
    at WebDriverError (/Users/muchniki/.nvm/versions/node/v6.9.5/lib/node_modules/protractor/node_modules/selenium-webdriver/lib/error.js:27:5)
    at NoSuchElementError (/Users/muchniki/.nvm/versions/node/v6.9.5/lib/node_modules/protractor/node_modules/selenium-webdriver/lib/error.js:168:5)
    at elementArrayFinder.getWebElements.then (/Users/muchniki/.nvm/versions/node/v6.9.5/lib/node_modules/protractor/lib/element.ts:851:17)
    at ManagedPromise.invokeCallback_ (/Users/muchniki/.nvm/versions/node/v6.9.5/lib/node_modules/protractor/node_modules/selenium-webdriver/lib/promise.js:1366:14)
    at TaskQueue.execute_ (/Users/muchniki/.nvm/versions/node/v6.9.5/lib/node_modules/protractor/node_modules/selenium-webdriver/lib/promise.js:2970:14)
    at TaskQueue.executeNext_ (/Users/muchniki/.nvm/versions/node/v6.9.5/lib/node_modules/protractor/node_modules/selenium-webdriver/lib/promise.js:2953:27)
    at asyncRun (/Users/muchniki/.nvm/versions/node/v6.9.5/lib/node_modules/protractor/node_modules/selenium-webdriver/lib/promise.js:2813:27)
    at /Users/muchniki/.nvm/versions/node/v6.9.5/lib/node_modules/protractor/node_modules/selenium-webdriver/lib/promise.js:676:7
    at process._tickCallback (internal/process/next_tick.js:103:7)Error
    at ElementArrayFinder.applyAction_ (/Users/muchniki/.nvm/versions/node/v6.9.5/lib/node_modules/protractor/lib/element.ts:482:23)
    at ElementArrayFinder.(anonymous function) [as getAttribute] (/Users/muchniki/.nvm/versions/node/v6.9.5/lib/node_modules/protractor/lib/element.ts:96:21)
    at ElementFinder.(anonymous function) [as getAttribute] (/Users/muchniki/.nvm/versions/node/v6.9.5/lib/node_modules/protractor/lib/element.ts:873:14)
    at Object.<anonymous> (/Users/muchniki/dev/cfgov-refresh/test/browser_tests/spec_suites/content/blog.js:54:39)
    at /Users/muchniki/.nvm/versions/node/v6.9.5/lib/node_modules/protractor/node_modules/jasminewd2/index.js:110:25
    at new ManagedPromise (/Users/muchniki/.nvm/versions/node/v6.9.5/lib/node_modules/protractor/node_modules/selenium-webdriver/lib/promise.js:1067:7)
    at ControlFlow.promise (/Users/muchniki/.nvm/versions/node/v6.9.5/lib/node_modules/protractor/node_modules/selenium-webdriver/lib/promise.js:2396:12)
    at schedulerExecute (/Users/muchniki/.nvm/versions/node/v6.9.5/lib/node_modules/protractor/node_modules/jasminewd2/index.js:95:18)
    at TaskQueue.execute_ (/Users/muchniki/.nvm/versions/node/v6.9.5/lib/node_modules/protractor/node_modules/selenium-webdriver/lib/promise.js:2970:14)
    at TaskQueue.executeNext_ (/Users/muchniki/.nvm/versions/node/v6.9.5/lib/node_modules/protractor/node_modules/selenium-webdriver/lib/promise.js:2953:27)
From: Task: Run it("should include an Email Subscribe hidden field") in control flow
    at Object.<anonymous> (/Users/muchniki/.nvm/versions/node/v6.9.5/lib/node_modules/protractor/node_modules/jasminewd2/index.js:94:19)
    at attemptAsync (/Users/muchniki/.nvm/versions/node/v6.9.5/lib/node_modules/protractor/node_modules/jasmine-core/lib/jasmine-core/jasmine.js:1980:24)
    at QueueRunner.run (/Users/muchniki/.nvm/versions/node/v6.9.5/lib/node_modules/protractor/node_modules/jasmine-core/lib/jasmine-core/jasmine.js:1935:9)
    at QueueRunner.execute (/Users/muchniki/.nvm/versions/node/v6.9.5/lib/node_modules/protractor/node_modules/jasmine-core/lib/jasmine-core/jasmine.js:1923:10)
    at Spec.queueRunnerFactory (/Users/muchniki/.nvm/versions/node/v6.9.5/lib/node_modules/protractor/node_modules/jasmine-core/lib/jasmine-core/jasmine.js:714:35)
    at Spec.execute (/Users/muchniki/.nvm/versions/node/v6.9.5/lib/node_modules/protractor/node_modules/jasmine-core/lib/jasmine-core/jasmine.js:371:10)
    at Object.fn (/Users/muchniki/.nvm/versions/node/v6.9.5/lib/node_modules/protractor/node_modules/jasmine-core/lib/jasmine-core/jasmine.js:2579:37)
    at attemptAsync (/Users/muchniki/.nvm/versions/node/v6.9.5/lib/node_modules/protractor/node_modules/jasmine-core/lib/jasmine-core/jasmine.js:1980:24)
    at QueueRunner.run (/Users/muchniki/.nvm/versions/node/v6.9.5/lib/node_modules/protractor/node_modules/jasmine-core/lib/jasmine-core/jasmine.js:1935:9)
    at /Users/muchniki/.nvm/versions/node/v6.9.5/lib/node_modules/protractor/node_modules/jasmine-core/lib/jasmine-core/jasmine.js:1962:16
From asynchronous test: 
Error
    at Suite.<anonymous> (/Users/muchniki/dev/cfgov-refresh/test/browser_tests/spec_suites/content/blog.js:53:3)
    at addSpecsToSuite (/Users/muchniki/.nvm/versions/node/v6.9.5/lib/node_modules/protractor/node_modules/jasmine-core/lib/jasmine-core/jasmine.js:867:25)
    at Env.describe (/Users/muchniki/.nvm/versions/node/v6.9.5/lib/node_modules/protractor/node_modules/jasmine-core/lib/jasmine-core/jasmine.js:836:7)
    at describe (/Users/muchniki/.nvm/versions/node/v6.9.5/lib/node_modules/protractor/node_modules/jasmine-core/lib/jasmine-core/jasmine.js:3576:18)
    at Object.<anonymous> (/Users/muchniki/dev/cfgov-refresh/test/browser_tests/spec_suites/content/blog.js:11:1)
    at Module._compile (module.js:570:32)
    at Object.Module._extensions..js (module.js:579:10)
    at Module.load (module.js:487:32)
    at tryModuleLoad (module.js:446:12)]]>
   </failure>
  </testcase>
  <testcase classname="focused specs.The Blog Page" name="should include an Email Subscribe button" time="0.214">
   <failure type="exception" message="Failed: No element found using locator: By(css selector, .o-email-signup)"><![CDATA[NoSuchElementError: No element found using locator: By(css selector, .o-email-signup)
    at WebDriverError (/Users/muchniki/.nvm/versions/node/v6.9.5/lib/node_modules/protractor/node_modules/selenium-webdriver/lib/error.js:27:5)
    at NoSuchElementError (/Users/muchniki/.nvm/versions/node/v6.9.5/lib/node_modules/protractor/node_modules/selenium-webdriver/lib/error.js:168:5)
    at elementArrayFinder.getWebElements.then (/Users/muchniki/.nvm/versions/node/v6.9.5/lib/node_modules/protractor/lib/element.ts:851:17)
    at ManagedPromise.invokeCallback_ (/Users/muchniki/.nvm/versions/node/v6.9.5/lib/node_modules/protractor/node_modules/selenium-webdriver/lib/promise.js:1366:14)
    at TaskQueue.execute_ (/Users/muchniki/.nvm/versions/node/v6.9.5/lib/node_modules/protractor/node_modules/selenium-webdriver/lib/promise.js:2970:14)
    at TaskQueue.executeNext_ (/Users/muchniki/.nvm/versions/node/v6.9.5/lib/node_modules/protractor/node_modules/selenium-webdriver/lib/promise.js:2953:27)
    at asyncRun (/Users/muchniki/.nvm/versions/node/v6.9.5/lib/node_modules/protractor/node_modules/selenium-webdriver/lib/promise.js:2813:27)
    at /Users/muchniki/.nvm/versions/node/v6.9.5/lib/node_modules/protractor/node_modules/selenium-webdriver/lib/promise.js:676:7
    at process._tickCallback (internal/process/next_tick.js:103:7)Error
    at ElementArrayFinder.applyAction_ (/Users/muchniki/.nvm/versions/node/v6.9.5/lib/node_modules/protractor/lib/element.ts:482:23)
    at ElementArrayFinder.(anonymous function) [as getAttribute] (/Users/muchniki/.nvm/versions/node/v6.9.5/lib/node_modules/protractor/lib/element.ts:96:21)
    at ElementFinder.(anonymous function) [as getAttribute] (/Users/muchniki/.nvm/versions/node/v6.9.5/lib/node_modules/protractor/lib/element.ts:873:14)
    at Object.<anonymous> (/Users/muchniki/dev/cfgov-refresh/test/browser_tests/spec_suites/content/blog.js:61:31)
    at /Users/muchniki/.nvm/versions/node/v6.9.5/lib/node_modules/protractor/node_modules/jasminewd2/index.js:110:25
    at new ManagedPromise (/Users/muchniki/.nvm/versions/node/v6.9.5/lib/node_modules/protractor/node_modules/selenium-webdriver/lib/promise.js:1067:7)
    at ControlFlow.promise (/Users/muchniki/.nvm/versions/node/v6.9.5/lib/node_modules/protractor/node_modules/selenium-webdriver/lib/promise.js:2396:12)
    at schedulerExecute (/Users/muchniki/.nvm/versions/node/v6.9.5/lib/node_modules/protractor/node_modules/jasminewd2/index.js:95:18)
    at TaskQueue.execute_ (/Users/muchniki/.nvm/versions/node/v6.9.5/lib/node_modules/protractor/node_modules/selenium-webdriver/lib/promise.js:2970:14)
    at TaskQueue.executeNext_ (/Users/muchniki/.nvm/versions/node/v6.9.5/lib/node_modules/protractor/node_modules/selenium-webdriver/lib/promise.js:2953:27)
From: Task: Run it("should include an Email Subscribe button") in control flow
    at Object.<anonymous> (/Users/muchniki/.nvm/versions/node/v6.9.5/lib/node_modules/protractor/node_modules/jasminewd2/index.js:94:19)
    at attemptAsync (/Users/muchniki/.nvm/versions/node/v6.9.5/lib/node_modules/protractor/node_modules/jasmine-core/lib/jasmine-core/jasmine.js:1980:24)
    at QueueRunner.run (/Users/muchniki/.nvm/versions/node/v6.9.5/lib/node_modules/protractor/node_modules/jasmine-core/lib/jasmine-core/jasmine.js:1935:9)
    at QueueRunner.execute (/Users/muchniki/.nvm/versions/node/v6.9.5/lib/node_modules/protractor/node_modules/jasmine-core/lib/jasmine-core/jasmine.js:1923:10)
    at Spec.queueRunnerFactory (/Users/muchniki/.nvm/versions/node/v6.9.5/lib/node_modules/protractor/node_modules/jasmine-core/lib/jasmine-core/jasmine.js:714:35)
    at Spec.execute (/Users/muchniki/.nvm/versions/node/v6.9.5/lib/node_modules/protractor/node_modules/jasmine-core/lib/jasmine-core/jasmine.js:371:10)
    at Object.fn (/Users/muchniki/.nvm/versions/node/v6.9.5/lib/node_modules/protractor/node_modules/jasmine-core/lib/jasmine-core/jasmine.js:2579:37)
    at attemptAsync (/Users/muchniki/.nvm/versions/node/v6.9.5/lib/node_modules/protractor/node_modules/jasmine-core/lib/jasmine-core/jasmine.js:1980:24)
    at QueueRunner.run (/Users/muchniki/.nvm/versions/node/v6.9.5/lib/node_modules/protractor/node_modules/jasmine-core/lib/jasmine-core/jasmine.js:1935:9)
    at /Users/muchniki/.nvm/versions/node/v6.9.5/lib/node_modules/protractor/node_modules/jasmine-core/lib/jasmine-core/jasmine.js:1962:16
From asynchronous test: 
Error
    at Suite.<anonymous> (/Users/muchniki/dev/cfgov-refresh/test/browser_tests/spec_suites/content/blog.js:60:3)
    at addSpecsToSuite (/Users/muchniki/.nvm/versions/node/v6.9.5/lib/node_modules/protractor/node_modules/jasmine-core/lib/jasmine-core/jasmine.js:867:25)
    at Env.describe (/Users/muchniki/.nvm/versions/node/v6.9.5/lib/node_modules/protractor/node_modules/jasmine-core/lib/jasmine-core/jasmine.js:836:7)
    at describe (/Users/muchniki/.nvm/versions/node/v6.9.5/lib/node_modules/protractor/node_modules/jasmine-core/lib/jasmine-core/jasmine.js:3576:18)
    at Object.<anonymous> (/Users/muchniki/dev/cfgov-refresh/test/browser_tests/spec_suites/content/blog.js:11:1)
    at Module._compile (module.js:570:32)
    at Object.Module._extensions..js (module.js:579:10)
    at Module.load (module.js:487:32)
    at tryModuleLoad (module.js:446:12)]]>
   </failure>
  </testcase>
  <testcase classname="focused specs.The Blog Page" name="should include an RSS Subscribe section" time="0.236">
   <failure type="toBe" message="Expected false to be true."><![CDATA[Error: Failed expectation
    at Object.<anonymous> (/Users/muchniki/dev/cfgov-refresh/test/browser_tests/spec_suites/content/blog.js:66:52)
    at /Users/muchniki/.nvm/versions/node/v6.9.5/lib/node_modules/protractor/node_modules/jasminewd2/index.js:110:25
    at new ManagedPromise (/Users/muchniki/.nvm/versions/node/v6.9.5/lib/node_modules/protractor/node_modules/selenium-webdriver/lib/promise.js:1067:7)
    at ControlFlow.promise (/Users/muchniki/.nvm/versions/node/v6.9.5/lib/node_modules/protractor/node_modules/selenium-webdriver/lib/promise.js:2396:12)
    at schedulerExecute (/Users/muchniki/.nvm/versions/node/v6.9.5/lib/node_modules/protractor/node_modules/jasminewd2/index.js:95:18)
    at TaskQueue.execute_ (/Users/muchniki/.nvm/versions/node/v6.9.5/lib/node_modules/protractor/node_modules/selenium-webdriver/lib/promise.js:2970:14)
    at TaskQueue.executeNext_ (/Users/muchniki/.nvm/versions/node/v6.9.5/lib/node_modules/protractor/node_modules/selenium-webdriver/lib/promise.js:2953:27)
    at asyncRun (/Users/muchniki/.nvm/versions/node/v6.9.5/lib/node_modules/protractor/node_modules/selenium-webdriver/lib/promise.js:2860:25)
    at /Users/muchniki/.nvm/versions/node/v6.9.5/lib/node_modules/protractor/node_modules/selenium-webdriver/lib/promise.js:676:7]]>
   </failure>
  </testcase>
  <testcase classname="focused specs.The Blog Page" name="should include an RSS Subscribe button" time="0.246">
   <failure type="exception" message="Failed: No element found using locator: By(css selector, [data-qa-hook=&quot;rss-subscribe-section&quot;])"><![CDATA[NoSuchElementError: No element found using locator: By(css selector, [data-qa-hook="rss-subscribe-section"])
    at WebDriverError (/Users/muchniki/.nvm/versions/node/v6.9.5/lib/node_modules/protractor/node_modules/selenium-webdriver/lib/error.js:27:5)
    at NoSuchElementError (/Users/muchniki/.nvm/versions/node/v6.9.5/lib/node_modules/protractor/node_modules/selenium-webdriver/lib/error.js:168:5)
    at elementArrayFinder.getWebElements.then (/Users/muchniki/.nvm/versions/node/v6.9.5/lib/node_modules/protractor/lib/element.ts:851:17)
    at ManagedPromise.invokeCallback_ (/Users/muchniki/.nvm/versions/node/v6.9.5/lib/node_modules/protractor/node_modules/selenium-webdriver/lib/promise.js:1366:14)
    at TaskQueue.execute_ (/Users/muchniki/.nvm/versions/node/v6.9.5/lib/node_modules/protractor/node_modules/selenium-webdriver/lib/promise.js:2970:14)
    at TaskQueue.executeNext_ (/Users/muchniki/.nvm/versions/node/v6.9.5/lib/node_modules/protractor/node_modules/selenium-webdriver/lib/promise.js:2953:27)
    at asyncRun (/Users/muchniki/.nvm/versions/node/v6.9.5/lib/node_modules/protractor/node_modules/selenium-webdriver/lib/promise.js:2813:27)
    at /Users/muchniki/.nvm/versions/node/v6.9.5/lib/node_modules/protractor/node_modules/selenium-webdriver/lib/promise.js:676:7
    at process._tickCallback (internal/process/next_tick.js:103:7)Error
    at ElementArrayFinder.applyAction_ (/Users/muchniki/.nvm/versions/node/v6.9.5/lib/node_modules/protractor/lib/element.ts:482:23)
    at ElementArrayFinder.(anonymous function) [as getText] (/Users/muchniki/.nvm/versions/node/v6.9.5/lib/node_modules/protractor/lib/element.ts:96:21)
    at ElementFinder.(anonymous function) [as getText] (/Users/muchniki/.nvm/versions/node/v6.9.5/lib/node_modules/protractor/lib/element.ts:873:14)
    at Object.<anonymous> (/Users/muchniki/dev/cfgov-refresh/test/browser_tests/spec_suites/content/blog.js:70:34)
    at /Users/muchniki/.nvm/versions/node/v6.9.5/lib/node_modules/protractor/node_modules/jasminewd2/index.js:110:25
    at new ManagedPromise (/Users/muchniki/.nvm/versions/node/v6.9.5/lib/node_modules/protractor/node_modules/selenium-webdriver/lib/promise.js:1067:7)
    at ControlFlow.promise (/Users/muchniki/.nvm/versions/node/v6.9.5/lib/node_modules/protractor/node_modules/selenium-webdriver/lib/promise.js:2396:12)
    at schedulerExecute (/Users/muchniki/.nvm/versions/node/v6.9.5/lib/node_modules/protractor/node_modules/jasminewd2/index.js:95:18)
    at TaskQueue.execute_ (/Users/muchniki/.nvm/versions/node/v6.9.5/lib/node_modules/protractor/node_modules/selenium-webdriver/lib/promise.js:2970:14)
    at TaskQueue.executeNext_ (/Users/muchniki/.nvm/versions/node/v6.9.5/lib/node_modules/protractor/node_modules/selenium-webdriver/lib/promise.js:2953:27)
From: Task: Run it("should include an RSS Subscribe button") in control flow
    at Object.<anonymous> (/Users/muchniki/.nvm/versions/node/v6.9.5/lib/node_modules/protractor/node_modules/jasminewd2/index.js:94:19)
    at attemptAsync (/Users/muchniki/.nvm/versions/node/v6.9.5/lib/node_modules/protractor/node_modules/jasmine-core/lib/jasmine-core/jasmine.js:1980:24)
    at QueueRunner.run (/Users/muchniki/.nvm/versions/node/v6.9.5/lib/node_modules/protractor/node_modules/jasmine-core/lib/jasmine-core/jasmine.js:1935:9)
    at QueueRunner.execute (/Users/muchniki/.nvm/versions/node/v6.9.5/lib/node_modules/protractor/node_modules/jasmine-core/lib/jasmine-core/jasmine.js:1923:10)
    at Spec.queueRunnerFactory (/Users/muchniki/.nvm/versions/node/v6.9.5/lib/node_modules/protractor/node_modules/jasmine-core/lib/jasmine-core/jasmine.js:714:35)
    at Spec.execute (/Users/muchniki/.nvm/versions/node/v6.9.5/lib/node_modules/protractor/node_modules/jasmine-core/lib/jasmine-core/jasmine.js:371:10)
    at Object.fn (/Users/muchniki/.nvm/versions/node/v6.9.5/lib/node_modules/protractor/node_modules/jasmine-core/lib/jasmine-core/jasmine.js:2579:37)
    at attemptAsync (/Users/muchniki/.nvm/versions/node/v6.9.5/lib/node_modules/protractor/node_modules/jasmine-core/lib/jasmine-core/jasmine.js:1980:24)
    at QueueRunner.run (/Users/muchniki/.nvm/versions/node/v6.9.5/lib/node_modules/protractor/node_modules/jasmine-core/lib/jasmine-core/jasmine.js:1935:9)
    at /Users/muchniki/.nvm/versions/node/v6.9.5/lib/node_modules/protractor/node_modules/jasmine-core/lib/jasmine-core/jasmine.js:1962:16
From asynchronous test: 
Error
    at Suite.<anonymous> (/Users/muchniki/dev/cfgov-refresh/test/browser_tests/spec_suites/content/blog.js:69:3)
    at addSpecsToSuite (/Users/muchniki/.nvm/versions/node/v6.9.5/lib/node_modules/protractor/node_modules/jasmine-core/lib/jasmine-core/jasmine.js:867:25)
    at Env.describe (/Users/muchniki/.nvm/versions/node/v6.9.5/lib/node_modules/protractor/node_modules/jasmine-core/lib/jasmine-core/jasmine.js:836:7)
    at describe (/Users/muchniki/.nvm/versions/node/v6.9.5/lib/node_modules/protractor/node_modules/jasmine-core/lib/jasmine-core/jasmine.js:3576:18)
    at Object.<anonymous> (/Users/muchniki/dev/cfgov-refresh/test/browser_tests/spec_suites/content/blog.js:11:1)
    at Module._compile (module.js:570:32)
    at Object.Module._extensions..js (module.js:579:10)
    at Module.load (module.js:487:32)
    at tryModuleLoad (module.js:446:12)]]>
   </failure>
  </testcase>
  <testcase classname="focused specs.The Blog Page" name="should include a search filter" time="0.241">
   <failure type="toBe" message="Expected false to be true."><![CDATA[Error: Failed expectation
    at Object.<anonymous> (/Users/muchniki/dev/cfgov-refresh/test/browser_tests/spec_suites/content/blog.js:74:45)
    at /Users/muchniki/.nvm/versions/node/v6.9.5/lib/node_modules/protractor/node_modules/jasminewd2/index.js:110:25
    at new ManagedPromise (/Users/muchniki/.nvm/versions/node/v6.9.5/lib/node_modules/protractor/node_modules/selenium-webdriver/lib/promise.js:1067:7)
    at ControlFlow.promise (/Users/muchniki/.nvm/versions/node/v6.9.5/lib/node_modules/protractor/node_modules/selenium-webdriver/lib/promise.js:2396:12)
    at schedulerExecute (/Users/muchniki/.nvm/versions/node/v6.9.5/lib/node_modules/protractor/node_modules/jasminewd2/index.js:95:18)
    at TaskQueue.execute_ (/Users/muchniki/.nvm/versions/node/v6.9.5/lib/node_modules/protractor/node_modules/selenium-webdriver/lib/promise.js:2970:14)
    at TaskQueue.executeNext_ (/Users/muchniki/.nvm/versions/node/v6.9.5/lib/node_modules/protractor/node_modules/selenium-webdriver/lib/promise.js:2953:27)
    at asyncRun (/Users/muchniki/.nvm/versions/node/v6.9.5/lib/node_modules/protractor/node_modules/selenium-webdriver/lib/promise.js:2860:25)
    at /Users/muchniki/.nvm/versions/node/v6.9.5/lib/node_modules/protractor/node_modules/selenium-webdriver/lib/promise.js:676:7]]>
   </failure>
  </testcase>
  <testcase classname="focused specs.The Blog Page" name="should include a search filter button" time="0.243">
   <failure type="exception" message="Failed: No element found using locator: By(css selector, .o-filterable-list-controls .o-expandable)"><![CDATA[NoSuchElementError: No element found using locator: By(css selector, .o-filterable-list-controls .o-expandable)
    at WebDriverError (/Users/muchniki/.nvm/versions/node/v6.9.5/lib/node_modules/protractor/node_modules/selenium-webdriver/lib/error.js:27:5)
    at NoSuchElementError (/Users/muchniki/.nvm/versions/node/v6.9.5/lib/node_modules/protractor/node_modules/selenium-webdriver/lib/error.js:168:5)
    at elementArrayFinder.getWebElements.then (/Users/muchniki/.nvm/versions/node/v6.9.5/lib/node_modules/protractor/lib/element.ts:851:17)
    at ManagedPromise.invokeCallback_ (/Users/muchniki/.nvm/versions/node/v6.9.5/lib/node_modules/protractor/node_modules/selenium-webdriver/lib/promise.js:1366:14)
    at TaskQueue.execute_ (/Users/muchniki/.nvm/versions/node/v6.9.5/lib/node_modules/protractor/node_modules/selenium-webdriver/lib/promise.js:2970:14)
    at TaskQueue.executeNext_ (/Users/muchniki/.nvm/versions/node/v6.9.5/lib/node_modules/protractor/node_modules/selenium-webdriver/lib/promise.js:2953:27)
    at asyncRun (/Users/muchniki/.nvm/versions/node/v6.9.5/lib/node_modules/protractor/node_modules/selenium-webdriver/lib/promise.js:2813:27)
    at /Users/muchniki/.nvm/versions/node/v6.9.5/lib/node_modules/protractor/node_modules/selenium-webdriver/lib/promise.js:676:7
    at process._tickCallback (internal/process/next_tick.js:103:7)Error
    at ElementArrayFinder.applyAction_ (/Users/muchniki/.nvm/versions/node/v6.9.5/lib/node_modules/protractor/lib/element.ts:482:23)
    at ElementArrayFinder.(anonymous function) [as getText] (/Users/muchniki/.nvm/versions/node/v6.9.5/lib/node_modules/protractor/lib/element.ts:96:21)
    at ElementFinder.(anonymous function) [as getText] (/Users/muchniki/.nvm/versions/node/v6.9.5/lib/node_modules/protractor/lib/element.ts:873:14)
    at Object.<anonymous> (/Users/muchniki/dev/cfgov-refresh/test/browser_tests/spec_suites/content/blog.js:78:34)
    at /Users/muchniki/.nvm/versions/node/v6.9.5/lib/node_modules/protractor/node_modules/jasminewd2/index.js:110:25
    at new ManagedPromise (/Users/muchniki/.nvm/versions/node/v6.9.5/lib/node_modules/protractor/node_modules/selenium-webdriver/lib/promise.js:1067:7)
    at ControlFlow.promise (/Users/muchniki/.nvm/versions/node/v6.9.5/lib/node_modules/protractor/node_modules/selenium-webdriver/lib/promise.js:2396:12)
    at schedulerExecute (/Users/muchniki/.nvm/versions/node/v6.9.5/lib/node_modules/protractor/node_modules/jasminewd2/index.js:95:18)
    at TaskQueue.execute_ (/Users/muchniki/.nvm/versions/node/v6.9.5/lib/node_modules/protractor/node_modules/selenium-webdriver/lib/promise.js:2970:14)
    at TaskQueue.executeNext_ (/Users/muchniki/.nvm/versions/node/v6.9.5/lib/node_modules/protractor/node_modules/selenium-webdriver/lib/promise.js:2953:27)
From: Task: Run it("should include a search filter button") in control flow
    at Object.<anonymous> (/Users/muchniki/.nvm/versions/node/v6.9.5/lib/node_modules/protractor/node_modules/jasminewd2/index.js:94:19)
    at attemptAsync (/Users/muchniki/.nvm/versions/node/v6.9.5/lib/node_modules/protractor/node_modules/jasmine-core/lib/jasmine-core/jasmine.js:1980:24)
    at QueueRunner.run (/Users/muchniki/.nvm/versions/node/v6.9.5/lib/node_modules/protractor/node_modules/jasmine-core/lib/jasmine-core/jasmine.js:1935:9)
    at QueueRunner.execute (/Users/muchniki/.nvm/versions/node/v6.9.5/lib/node_modules/protractor/node_modules/jasmine-core/lib/jasmine-core/jasmine.js:1923:10)
    at Spec.queueRunnerFactory (/Users/muchniki/.nvm/versions/node/v6.9.5/lib/node_modules/protractor/node_modules/jasmine-core/lib/jasmine-core/jasmine.js:714:35)
    at Spec.execute (/Users/muchniki/.nvm/versions/node/v6.9.5/lib/node_modules/protractor/node_modules/jasmine-core/lib/jasmine-core/jasmine.js:371:10)
    at Object.fn (/Users/muchniki/.nvm/versions/node/v6.9.5/lib/node_modules/protractor/node_modules/jasmine-core/lib/jasmine-core/jasmine.js:2579:37)
    at attemptAsync (/Users/muchniki/.nvm/versions/node/v6.9.5/lib/node_modules/protractor/node_modules/jasmine-core/lib/jasmine-core/jasmine.js:1980:24)
    at QueueRunner.run (/Users/muchniki/.nvm/versions/node/v6.9.5/lib/node_modules/protractor/node_modules/jasmine-core/lib/jasmine-core/jasmine.js:1935:9)
    at /Users/muchniki/.nvm/versions/node/v6.9.5/lib/node_modules/protractor/node_modules/jasmine-core/lib/jasmine-core/jasmine.js:1962:16
From asynchronous test: 
Error
    at Suite.<anonymous> (/Users/muchniki/dev/cfgov-refresh/test/browser_tests/spec_suites/content/blog.js:77:3)
    at addSpecsToSuite (/Users/muchniki/.nvm/versions/node/v6.9.5/lib/node_modules/protractor/node_modules/jasmine-core/lib/jasmine-core/jasmine.js:867:25)
    at Env.describe (/Users/muchniki/.nvm/versions/node/v6.9.5/lib/node_modules/protractor/node_modules/jasmine-core/lib/jasmine-core/jasmine.js:836:7)
    at describe (/Users/muchniki/.nvm/versions/node/v6.9.5/lib/node_modules/protractor/node_modules/jasmine-core/lib/jasmine-core/jasmine.js:3576:18)
    at Object.<anonymous> (/Users/muchniki/dev/cfgov-refresh/test/browser_tests/spec_suites/content/blog.js:11:1)
    at Module._compile (module.js:570:32)
    at Object.Module._extensions..js (module.js:579:10)
    at Module.load (module.js:487:32)
    at tryModuleLoad (module.js:446:12)]]>
   </failure>
  </testcase>
  <testcase classname="focused specs.The Blog Page" name="should include a search filter categories" time="0">
   <skipped message="Temporarily disabled with xit" />
  </testcase>
  <testcase classname="focused specs.The Blog Page" name="should include an atomic notification" time="0.246">
   <failure type="toBe" message="Expected false to be true."><![CDATA[Error: Failed expectation
    at Object.<anonymous> (/Users/muchniki/dev/cfgov-refresh/test/browser_tests/spec_suites/content/blog.js:93:46)
    at /Users/muchniki/.nvm/versions/node/v6.9.5/lib/node_modules/protractor/node_modules/jasminewd2/index.js:110:25
    at new ManagedPromise (/Users/muchniki/.nvm/versions/node/v6.9.5/lib/node_modules/protractor/node_modules/selenium-webdriver/lib/promise.js:1067:7)
    at ControlFlow.promise (/Users/muchniki/.nvm/versions/node/v6.9.5/lib/node_modules/protractor/node_modules/selenium-webdriver/lib/promise.js:2396:12)
    at schedulerExecute (/Users/muchniki/.nvm/versions/node/v6.9.5/lib/node_modules/protractor/node_modules/jasminewd2/index.js:95:18)
    at TaskQueue.execute_ (/Users/muchniki/.nvm/versions/node/v6.9.5/lib/node_modules/protractor/node_modules/selenium-webdriver/lib/promise.js:2970:14)
    at TaskQueue.executeNext_ (/Users/muchniki/.nvm/versions/node/v6.9.5/lib/node_modules/protractor/node_modules/selenium-webdriver/lib/promise.js:2953:27)
    at asyncRun (/Users/muchniki/.nvm/versions/node/v6.9.5/lib/node_modules/protractor/node_modules/selenium-webdriver/lib/promise.js:2860:25)
    at /Users/muchniki/.nvm/versions/node/v6.9.5/lib/node_modules/protractor/node_modules/selenium-webdriver/lib/promise.js:676:7]]>
   </failure>
  </testcase>
  <testcase classname="focused specs.The Blog Page" name="should include an atomic expandable" time="0.246">
   <failure type="toBe" message="Expected false to be true."><![CDATA[Error: Failed expectation
    at Object.<anonymous> (/Users/muchniki/dev/cfgov-refresh/test/browser_tests/spec_suites/content/blog.js:97:44)
    at /Users/muchniki/.nvm/versions/node/v6.9.5/lib/node_modules/protractor/node_modules/jasminewd2/index.js:110:25
    at new ManagedPromise (/Users/muchniki/.nvm/versions/node/v6.9.5/lib/node_modules/protractor/node_modules/selenium-webdriver/lib/promise.js:1067:7)
    at ControlFlow.promise (/Users/muchniki/.nvm/versions/node/v6.9.5/lib/node_modules/protractor/node_modules/selenium-webdriver/lib/promise.js:2396:12)
    at schedulerExecute (/Users/muchniki/.nvm/versions/node/v6.9.5/lib/node_modules/protractor/node_modules/jasminewd2/index.js:95:18)
    at TaskQueue.execute_ (/Users/muchniki/.nvm/versions/node/v6.9.5/lib/node_modules/protractor/node_modules/selenium-webdriver/lib/promise.js:2970:14)
    at TaskQueue.executeNext_ (/Users/muchniki/.nvm/versions/node/v6.9.5/lib/node_modules/protractor/node_modules/selenium-webdriver/lib/promise.js:2953:27)
    at asyncRun (/Users/muchniki/.nvm/versions/node/v6.9.5/lib/node_modules/protractor/node_modules/selenium-webdriver/lib/promise.js:2860:25)
    at /Users/muchniki/.nvm/versions/node/v6.9.5/lib/node_modules/protractor/node_modules/selenium-webdriver/lib/promise.js:676:7]]>
   </failure>
  </testcase>
  <testcase classname="focused specs.The Blog Page" name="should include a visible Show button" time="0.244">
   <failure type="exception" message="Failed: No element found using locator: By(css selector, .o-filterable-list-controls .o-expandable)"><![CDATA[NoSuchElementError: No element found using locator: By(css selector, .o-filterable-list-controls .o-expandable)
    at WebDriverError (/Users/muchniki/.nvm/versions/node/v6.9.5/lib/node_modules/protractor/node_modules/selenium-webdriver/lib/error.js:27:5)
    at NoSuchElementError (/Users/muchniki/.nvm/versions/node/v6.9.5/lib/node_modules/protractor/node_modules/selenium-webdriver/lib/error.js:168:5)
    at elementArrayFinder.getWebElements.then (/Users/muchniki/.nvm/versions/node/v6.9.5/lib/node_modules/protractor/lib/element.ts:851:17)
    at ManagedPromise.invokeCallback_ (/Users/muchniki/.nvm/versions/node/v6.9.5/lib/node_modules/protractor/node_modules/selenium-webdriver/lib/promise.js:1366:14)
    at TaskQueue.execute_ (/Users/muchniki/.nvm/versions/node/v6.9.5/lib/node_modules/protractor/node_modules/selenium-webdriver/lib/promise.js:2970:14)
    at TaskQueue.executeNext_ (/Users/muchniki/.nvm/versions/node/v6.9.5/lib/node_modules/protractor/node_modules/selenium-webdriver/lib/promise.js:2953:27)
    at asyncRun (/Users/muchniki/.nvm/versions/node/v6.9.5/lib/node_modules/protractor/node_modules/selenium-webdriver/lib/promise.js:2813:27)
    at /Users/muchniki/.nvm/versions/node/v6.9.5/lib/node_modules/protractor/node_modules/selenium-webdriver/lib/promise.js:676:7
    at process._tickCallback (internal/process/next_tick.js:103:7)Error
    at ElementArrayFinder.applyAction_ (/Users/muchniki/.nvm/versions/node/v6.9.5/lib/node_modules/protractor/lib/element.ts:482:23)
    at ElementArrayFinder.(anonymous function) [as isDisplayed] (/Users/muchniki/.nvm/versions/node/v6.9.5/lib/node_modules/protractor/lib/element.ts:96:21)
    at ElementFinder.(anonymous function) [as isDisplayed] (/Users/muchniki/.nvm/versions/node/v6.9.5/lib/node_modules/protractor/lib/element.ts:873:14)
    at Object.<anonymous> (/Users/muchniki/dev/cfgov-refresh/test/browser_tests/spec_suites/content/blog.js:101:38)
    at /Users/muchniki/.nvm/versions/node/v6.9.5/lib/node_modules/protractor/node_modules/jasminewd2/index.js:110:25
    at new ManagedPromise (/Users/muchniki/.nvm/versions/node/v6.9.5/lib/node_modules/protractor/node_modules/selenium-webdriver/lib/promise.js:1067:7)
    at ControlFlow.promise (/Users/muchniki/.nvm/versions/node/v6.9.5/lib/node_modules/protractor/node_modules/selenium-webdriver/lib/promise.js:2396:12)
    at schedulerExecute (/Users/muchniki/.nvm/versions/node/v6.9.5/lib/node_modules/protractor/node_modules/jasminewd2/index.js:95:18)
    at TaskQueue.execute_ (/Users/muchniki/.nvm/versions/node/v6.9.5/lib/node_modules/protractor/node_modules/selenium-webdriver/lib/promise.js:2970:14)
    at TaskQueue.executeNext_ (/Users/muchniki/.nvm/versions/node/v6.9.5/lib/node_modules/protractor/node_modules/selenium-webdriver/lib/promise.js:2953:27)
From: Task: Run it("should include a visible Show button") in control flow
    at Object.<anonymous> (/Users/muchniki/.nvm/versions/node/v6.9.5/lib/node_modules/protractor/node_modules/jasminewd2/index.js:94:19)
    at attemptAsync (/Users/muchniki/.nvm/versions/node/v6.9.5/lib/node_modules/protractor/node_modules/jasmine-core/lib/jasmine-core/jasmine.js:1980:24)
    at QueueRunner.run (/Users/muchniki/.nvm/versions/node/v6.9.5/lib/node_modules/protractor/node_modules/jasmine-core/lib/jasmine-core/jasmine.js:1935:9)
    at QueueRunner.execute (/Users/muchniki/.nvm/versions/node/v6.9.5/lib/node_modules/protractor/node_modules/jasmine-core/lib/jasmine-core/jasmine.js:1923:10)
    at Spec.queueRunnerFactory (/Users/muchniki/.nvm/versions/node/v6.9.5/lib/node_modules/protractor/node_modules/jasmine-core/lib/jasmine-core/jasmine.js:714:35)
    at Spec.execute (/Users/muchniki/.nvm/versions/node/v6.9.5/lib/node_modules/protractor/node_modules/jasmine-core/lib/jasmine-core/jasmine.js:371:10)
    at Object.fn (/Users/muchniki/.nvm/versions/node/v6.9.5/lib/node_modules/protractor/node_modules/jasmine-core/lib/jasmine-core/jasmine.js:2579:37)
    at attemptAsync (/Users/muchniki/.nvm/versions/node/v6.9.5/lib/node_modules/protractor/node_modules/jasmine-core/lib/jasmine-core/jasmine.js:1980:24)
    at QueueRunner.run (/Users/muchniki/.nvm/versions/node/v6.9.5/lib/node_modules/protractor/node_modules/jasmine-core/lib/jasmine-core/jasmine.js:1935:9)
    at /Users/muchniki/.nvm/versions/node/v6.9.5/lib/node_modules/protractor/node_modules/jasmine-core/lib/jasmine-core/jasmine.js:1962:16
From asynchronous test: 
Error
    at Suite.<anonymous> (/Users/muchniki/dev/cfgov-refresh/test/browser_tests/spec_suites/content/blog.js:100:3)
    at addSpecsToSuite (/Users/muchniki/.nvm/versions/node/v6.9.5/lib/node_modules/protractor/node_modules/jasmine-core/lib/jasmine-core/jasmine.js:867:25)
    at Env.describe (/Users/muchniki/.nvm/versions/node/v6.9.5/lib/node_modules/protractor/node_modules/jasmine-core/lib/jasmine-core/jasmine.js:836:7)
    at describe (/Users/muchniki/.nvm/versions/node/v6.9.5/lib/node_modules/protractor/node_modules/jasmine-core/lib/jasmine-core/jasmine.js:3576:18)
    at Object.<anonymous> (/Users/muchniki/dev/cfgov-refresh/test/browser_tests/spec_suites/content/blog.js:11:1)
    at Module._compile (module.js:570:32)
    at Object.Module._extensions..js (module.js:579:10)
    at Module.load (module.js:487:32)
    at tryModuleLoad (module.js:446:12)]]>
   </failure>
  </testcase>
  <testcase classname="focused specs.The Blog Page" name="should include a hidden Hide button" time="0.235">
   <failure type="exception" message="Failed: No element found using locator: By(css selector, .o-filterable-list-controls .o-expandable)"><![CDATA[NoSuchElementError: No element found using locator: By(css selector, .o-filterable-list-controls .o-expandable)
    at WebDriverError (/Users/muchniki/.nvm/versions/node/v6.9.5/lib/node_modules/protractor/node_modules/selenium-webdriver/lib/error.js:27:5)
    at NoSuchElementError (/Users/muchniki/.nvm/versions/node/v6.9.5/lib/node_modules/protractor/node_modules/selenium-webdriver/lib/error.js:168:5)
    at elementArrayFinder.getWebElements.then (/Users/muchniki/.nvm/versions/node/v6.9.5/lib/node_modules/protractor/lib/element.ts:851:17)
    at ManagedPromise.invokeCallback_ (/Users/muchniki/.nvm/versions/node/v6.9.5/lib/node_modules/protractor/node_modules/selenium-webdriver/lib/promise.js:1366:14)
    at TaskQueue.execute_ (/Users/muchniki/.nvm/versions/node/v6.9.5/lib/node_modules/protractor/node_modules/selenium-webdriver/lib/promise.js:2970:14)
    at TaskQueue.executeNext_ (/Users/muchniki/.nvm/versions/node/v6.9.5/lib/node_modules/protractor/node_modules/selenium-webdriver/lib/promise.js:2953:27)
    at asyncRun (/Users/muchniki/.nvm/versions/node/v6.9.5/lib/node_modules/protractor/node_modules/selenium-webdriver/lib/promise.js:2813:27)
    at /Users/muchniki/.nvm/versions/node/v6.9.5/lib/node_modules/protractor/node_modules/selenium-webdriver/lib/promise.js:676:7
    at process._tickCallback (internal/process/next_tick.js:103:7)Error
    at ElementArrayFinder.applyAction_ (/Users/muchniki/.nvm/versions/node/v6.9.5/lib/node_modules/protractor/lib/element.ts:482:23)
    at ElementArrayFinder.(anonymous function) [as isDisplayed] (/Users/muchniki/.nvm/versions/node/v6.9.5/lib/node_modules/protractor/lib/element.ts:96:21)
    at ElementFinder.(anonymous function) [as isDisplayed] (/Users/muchniki/.nvm/versions/node/v6.9.5/lib/node_modules/protractor/lib/element.ts:873:14)
    at Object.<anonymous> (/Users/muchniki/dev/cfgov-refresh/test/browser_tests/spec_suites/content/blog.js:113:38)
    at /Users/muchniki/.nvm/versions/node/v6.9.5/lib/node_modules/protractor/node_modules/jasminewd2/index.js:110:25
    at new ManagedPromise (/Users/muchniki/.nvm/versions/node/v6.9.5/lib/node_modules/protractor/node_modules/selenium-webdriver/lib/promise.js:1067:7)
    at ControlFlow.promise (/Users/muchniki/.nvm/versions/node/v6.9.5/lib/node_modules/protractor/node_modules/selenium-webdriver/lib/promise.js:2396:12)
    at schedulerExecute (/Users/muchniki/.nvm/versions/node/v6.9.5/lib/node_modules/protractor/node_modules/jasminewd2/index.js:95:18)
    at TaskQueue.execute_ (/Users/muchniki/.nvm/versions/node/v6.9.5/lib/node_modules/protractor/node_modules/selenium-webdriver/lib/promise.js:2970:14)
    at TaskQueue.executeNext_ (/Users/muchniki/.nvm/versions/node/v6.9.5/lib/node_modules/protractor/node_modules/selenium-webdriver/lib/promise.js:2953:27)
From: Task: Run it("should include a hidden Hide button") in control flow
    at Object.<anonymous> (/Users/muchniki/.nvm/versions/node/v6.9.5/lib/node_modules/protractor/node_modules/jasminewd2/index.js:94:19)
    at attemptAsync (/Users/muchniki/.nvm/versions/node/v6.9.5/lib/node_modules/protractor/node_modules/jasmine-core/lib/jasmine-core/jasmine.js:1980:24)
    at QueueRunner.run (/Users/muchniki/.nvm/versions/node/v6.9.5/lib/node_modules/protractor/node_modules/jasmine-core/lib/jasmine-core/jasmine.js:1935:9)
    at QueueRunner.execute (/Users/muchniki/.nvm/versions/node/v6.9.5/lib/node_modules/protractor/node_modules/jasmine-core/lib/jasmine-core/jasmine.js:1923:10)
    at Spec.queueRunnerFactory (/Users/muchniki/.nvm/versions/node/v6.9.5/lib/node_modules/protractor/node_modules/jasmine-core/lib/jasmine-core/jasmine.js:714:35)
    at Spec.execute (/Users/muchniki/.nvm/versions/node/v6.9.5/lib/node_modules/protractor/node_modules/jasmine-core/lib/jasmine-core/jasmine.js:371:10)
    at Object.fn (/Users/muchniki/.nvm/versions/node/v6.9.5/lib/node_modules/protractor/node_modules/jasmine-core/lib/jasmine-core/jasmine.js:2579:37)
    at attemptAsync (/Users/muchniki/.nvm/versions/node/v6.9.5/lib/node_modules/protractor/node_modules/jasmine-core/lib/jasmine-core/jasmine.js:1980:24)
    at QueueRunner.run (/Users/muchniki/.nvm/versions/node/v6.9.5/lib/node_modules/protractor/node_modules/jasmine-core/lib/jasmine-core/jasmine.js:1935:9)
    at /Users/muchniki/.nvm/versions/node/v6.9.5/lib/node_modules/protractor/node_modules/jasmine-core/lib/jasmine-core/jasmine.js:1962:16
From asynchronous test: 
Error
    at Suite.<anonymous> (/Users/muchniki/dev/cfgov-refresh/test/browser_tests/spec_suites/content/blog.js:112:3)
    at addSpecsToSuite (/Users/muchniki/.nvm/versions/node/v6.9.5/lib/node_modules/protractor/node_modules/jasmine-core/lib/jasmine-core/jasmine.js:867:25)
    at Env.describe (/Users/muchniki/.nvm/versions/node/v6.9.5/lib/node_modules/protractor/node_modules/jasmine-core/lib/jasmine-core/jasmine.js:836:7)
    at describe (/Users/muchniki/.nvm/versions/node/v6.9.5/lib/node_modules/protractor/node_modules/jasmine-core/lib/jasmine-core/jasmine.js:3576:18)
    at Object.<anonymous> (/Users/muchniki/dev/cfgov-refresh/test/browser_tests/spec_suites/content/blog.js:11:1)
    at Module._compile (module.js:570:32)
    at Object.Module._extensions..js (module.js:579:10)
    at Module.load (module.js:487:32)
    at tryModuleLoad (module.js:446:12)]]>
   </failure>
  </testcase>
  <testcase classname="focused specs.The Blog Page" name="should include pagination results" time="0">
   <skipped message="Temporarily disabled with xit" />
  </testcase>
  <testcase classname="focused specs.The Blog Page" name="should include pagination form" time="0.24">
   <failure type="toBe" message="Expected false to be true."><![CDATA[Error: Failed expectation
    at Object.<anonymous> (/Users/muchniki/dev/cfgov-refresh/test/browser_tests/spec_suites/content/blog.js:121:47)
    at /Users/muchniki/.nvm/versions/node/v6.9.5/lib/node_modules/protractor/node_modules/jasminewd2/index.js:110:25
    at new ManagedPromise (/Users/muchniki/.nvm/versions/node/v6.9.5/lib/node_modules/protractor/node_modules/selenium-webdriver/lib/promise.js:1067:7)
    at ControlFlow.promise (/Users/muchniki/.nvm/versions/node/v6.9.5/lib/node_modules/protractor/node_modules/selenium-webdriver/lib/promise.js:2396:12)
    at schedulerExecute (/Users/muchniki/.nvm/versions/node/v6.9.5/lib/node_modules/protractor/node_modules/jasminewd2/index.js:95:18)
    at TaskQueue.execute_ (/Users/muchniki/.nvm/versions/node/v6.9.5/lib/node_modules/protractor/node_modules/selenium-webdriver/lib/promise.js:2970:14)
    at TaskQueue.executeNext_ (/Users/muchniki/.nvm/versions/node/v6.9.5/lib/node_modules/protractor/node_modules/selenium-webdriver/lib/promise.js:2953:27)
    at asyncRun (/Users/muchniki/.nvm/versions/node/v6.9.5/lib/node_modules/protractor/node_modules/selenium-webdriver/lib/promise.js:2860:25)
    at /Users/muchniki/.nvm/versions/node/v6.9.5/lib/node_modules/protractor/node_modules/selenium-webdriver/lib/promise.js:676:7]]>
   </failure>
  </testcase>
  <testcase classname="focused specs.The Blog Page" name="should include a previous button within the pagination element" time="0.243">
   <failure type="exception" message="Failed: No element found using locator: By(css selector, .m-pagination)"><![CDATA[NoSuchElementError: No element found using locator: By(css selector, .m-pagination)
    at WebDriverError (/Users/muchniki/.nvm/versions/node/v6.9.5/lib/node_modules/protractor/node_modules/selenium-webdriver/lib/error.js:27:5)
    at NoSuchElementError (/Users/muchniki/.nvm/versions/node/v6.9.5/lib/node_modules/protractor/node_modules/selenium-webdriver/lib/error.js:168:5)
    at elementArrayFinder.getWebElements.then (/Users/muchniki/.nvm/versions/node/v6.9.5/lib/node_modules/protractor/lib/element.ts:851:17)
    at ManagedPromise.invokeCallback_ (/Users/muchniki/.nvm/versions/node/v6.9.5/lib/node_modules/protractor/node_modules/selenium-webdriver/lib/promise.js:1366:14)
    at TaskQueue.execute_ (/Users/muchniki/.nvm/versions/node/v6.9.5/lib/node_modules/protractor/node_modules/selenium-webdriver/lib/promise.js:2970:14)
    at TaskQueue.executeNext_ (/Users/muchniki/.nvm/versions/node/v6.9.5/lib/node_modules/protractor/node_modules/selenium-webdriver/lib/promise.js:2953:27)
    at asyncRun (/Users/muchniki/.nvm/versions/node/v6.9.5/lib/node_modules/protractor/node_modules/selenium-webdriver/lib/promise.js:2813:27)
    at /Users/muchniki/.nvm/versions/node/v6.9.5/lib/node_modules/protractor/node_modules/selenium-webdriver/lib/promise.js:676:7
    at process._tickCallback (internal/process/next_tick.js:103:7)Error
    at ElementArrayFinder.applyAction_ (/Users/muchniki/.nvm/versions/node/v6.9.5/lib/node_modules/protractor/lib/element.ts:482:23)
    at ElementArrayFinder.(anonymous function) [as getText] (/Users/muchniki/.nvm/versions/node/v6.9.5/lib/node_modules/protractor/lib/element.ts:96:21)
    at ElementFinder.(anonymous function) [as getText] (/Users/muchniki/.nvm/versions/node/v6.9.5/lib/node_modules/protractor/lib/element.ts:873:14)
    at Object.<anonymous> (/Users/muchniki/dev/cfgov-refresh/test/browser_tests/spec_suites/content/blog.js:126:36)
    at /Users/muchniki/.nvm/versions/node/v6.9.5/lib/node_modules/protractor/node_modules/jasminewd2/index.js:110:25
    at new ManagedPromise (/Users/muchniki/.nvm/versions/node/v6.9.5/lib/node_modules/protractor/node_modules/selenium-webdriver/lib/promise.js:1067:7)
    at ControlFlow.promise (/Users/muchniki/.nvm/versions/node/v6.9.5/lib/node_modules/protractor/node_modules/selenium-webdriver/lib/promise.js:2396:12)
    at schedulerExecute (/Users/muchniki/.nvm/versions/node/v6.9.5/lib/node_modules/protractor/node_modules/jasminewd2/index.js:95:18)
    at TaskQueue.execute_ (/Users/muchniki/.nvm/versions/node/v6.9.5/lib/node_modules/protractor/node_modules/selenium-webdriver/lib/promise.js:2970:14)
    at TaskQueue.executeNext_ (/Users/muchniki/.nvm/versions/node/v6.9.5/lib/node_modules/protractor/node_modules/selenium-webdriver/lib/promise.js:2953:27)
From: Task: Run it("should include a previous button within the pagination element") in control flow
    at Object.<anonymous> (/Users/muchniki/.nvm/versions/node/v6.9.5/lib/node_modules/protractor/node_modules/jasminewd2/index.js:94:19)
    at attemptAsync (/Users/muchniki/.nvm/versions/node/v6.9.5/lib/node_modules/protractor/node_modules/jasmine-core/lib/jasmine-core/jasmine.js:1980:24)
    at QueueRunner.run (/Users/muchniki/.nvm/versions/node/v6.9.5/lib/node_modules/protractor/node_modules/jasmine-core/lib/jasmine-core/jasmine.js:1935:9)
    at QueueRunner.execute (/Users/muchniki/.nvm/versions/node/v6.9.5/lib/node_modules/protractor/node_modules/jasmine-core/lib/jasmine-core/jasmine.js:1923:10)
    at Spec.queueRunnerFactory (/Users/muchniki/.nvm/versions/node/v6.9.5/lib/node_modules/protractor/node_modules/jasmine-core/lib/jasmine-core/jasmine.js:714:35)
    at Spec.execute (/Users/muchniki/.nvm/versions/node/v6.9.5/lib/node_modules/protractor/node_modules/jasmine-core/lib/jasmine-core/jasmine.js:371:10)
    at Object.fn (/Users/muchniki/.nvm/versions/node/v6.9.5/lib/node_modules/protractor/node_modules/jasmine-core/lib/jasmine-core/jasmine.js:2579:37)
    at attemptAsync (/Users/muchniki/.nvm/versions/node/v6.9.5/lib/node_modules/protractor/node_modules/jasmine-core/lib/jasmine-core/jasmine.js:1980:24)
    at QueueRunner.run (/Users/muchniki/.nvm/versions/node/v6.9.5/lib/node_modules/protractor/node_modules/jasmine-core/lib/jasmine-core/jasmine.js:1935:9)
    at /Users/muchniki/.nvm/versions/node/v6.9.5/lib/node_modules/protractor/node_modules/jasmine-core/lib/jasmine-core/jasmine.js:1962:16
From asynchronous test: 
Error
    at Suite.<anonymous> (/Users/muchniki/dev/cfgov-refresh/test/browser_tests/spec_suites/content/blog.js:124:3)
    at addSpecsToSuite (/Users/muchniki/.nvm/versions/node/v6.9.5/lib/node_modules/protractor/node_modules/jasmine-core/lib/jasmine-core/jasmine.js:867:25)
    at Env.describe (/Users/muchniki/.nvm/versions/node/v6.9.5/lib/node_modules/protractor/node_modules/jasmine-core/lib/jasmine-core/jasmine.js:836:7)
    at describe (/Users/muchniki/.nvm/versions/node/v6.9.5/lib/node_modules/protractor/node_modules/jasmine-core/lib/jasmine-core/jasmine.js:3576:18)
    at Object.<anonymous> (/Users/muchniki/dev/cfgov-refresh/test/browser_tests/spec_suites/content/blog.js:11:1)
    at Module._compile (module.js:570:32)
    at Object.Module._extensions..js (module.js:579:10)
    at Module.load (module.js:487:32)
    at tryModuleLoad (module.js:446:12)]]>
   </failure>
  </testcase>
  <testcase classname="focused specs.The Blog Page" name="should include a next button within the pagination element" time="0.24">
   <failure type="exception" message="Failed: No element found using locator: By(css selector, .m-pagination)"><![CDATA[NoSuchElementError: No element found using locator: By(css selector, .m-pagination)
    at WebDriverError (/Users/muchniki/.nvm/versions/node/v6.9.5/lib/node_modules/protractor/node_modules/selenium-webdriver/lib/error.js:27:5)
    at NoSuchElementError (/Users/muchniki/.nvm/versions/node/v6.9.5/lib/node_modules/protractor/node_modules/selenium-webdriver/lib/error.js:168:5)
    at elementArrayFinder.getWebElements.then (/Users/muchniki/.nvm/versions/node/v6.9.5/lib/node_modules/protractor/lib/element.ts:851:17)
    at ManagedPromise.invokeCallback_ (/Users/muchniki/.nvm/versions/node/v6.9.5/lib/node_modules/protractor/node_modules/selenium-webdriver/lib/promise.js:1366:14)
    at TaskQueue.execute_ (/Users/muchniki/.nvm/versions/node/v6.9.5/lib/node_modules/protractor/node_modules/selenium-webdriver/lib/promise.js:2970:14)
    at TaskQueue.executeNext_ (/Users/muchniki/.nvm/versions/node/v6.9.5/lib/node_modules/protractor/node_modules/selenium-webdriver/lib/promise.js:2953:27)
    at asyncRun (/Users/muchniki/.nvm/versions/node/v6.9.5/lib/node_modules/protractor/node_modules/selenium-webdriver/lib/promise.js:2813:27)
    at /Users/muchniki/.nvm/versions/node/v6.9.5/lib/node_modules/protractor/node_modules/selenium-webdriver/lib/promise.js:676:7
    at process._tickCallback (internal/process/next_tick.js:103:7)Error
    at ElementArrayFinder.applyAction_ (/Users/muchniki/.nvm/versions/node/v6.9.5/lib/node_modules/protractor/lib/element.ts:482:23)
    at ElementArrayFinder.(anonymous function) [as getText] (/Users/muchniki/.nvm/versions/node/v6.9.5/lib/node_modules/protractor/lib/element.ts:96:21)
    at ElementFinder.(anonymous function) [as getText] (/Users/muchniki/.nvm/versions/node/v6.9.5/lib/node_modules/protractor/lib/element.ts:873:14)
    at Object.<anonymous> (/Users/muchniki/dev/cfgov-refresh/test/browser_tests/spec_suites/content/blog.js:131:36)
    at /Users/muchniki/.nvm/versions/node/v6.9.5/lib/node_modules/protractor/node_modules/jasminewd2/index.js:110:25
    at new ManagedPromise (/Users/muchniki/.nvm/versions/node/v6.9.5/lib/node_modules/protractor/node_modules/selenium-webdriver/lib/promise.js:1067:7)
    at ControlFlow.promise (/Users/muchniki/.nvm/versions/node/v6.9.5/lib/node_modules/protractor/node_modules/selenium-webdriver/lib/promise.js:2396:12)
    at schedulerExecute (/Users/muchniki/.nvm/versions/node/v6.9.5/lib/node_modules/protractor/node_modules/jasminewd2/index.js:95:18)
    at TaskQueue.execute_ (/Users/muchniki/.nvm/versions/node/v6.9.5/lib/node_modules/protractor/node_modules/selenium-webdriver/lib/promise.js:2970:14)
    at TaskQueue.executeNext_ (/Users/muchniki/.nvm/versions/node/v6.9.5/lib/node_modules/protractor/node_modules/selenium-webdriver/lib/promise.js:2953:27)
From: Task: Run it("should include a next button within the pagination element") in control flow
    at Object.<anonymous> (/Users/muchniki/.nvm/versions/node/v6.9.5/lib/node_modules/protractor/node_modules/jasminewd2/index.js:94:19)
    at attemptAsync (/Users/muchniki/.nvm/versions/node/v6.9.5/lib/node_modules/protractor/node_modules/jasmine-core/lib/jasmine-core/jasmine.js:1980:24)
    at QueueRunner.run (/Users/muchniki/.nvm/versions/node/v6.9.5/lib/node_modules/protractor/node_modules/jasmine-core/lib/jasmine-core/jasmine.js:1935:9)
    at QueueRunner.execute (/Users/muchniki/.nvm/versions/node/v6.9.5/lib/node_modules/protractor/node_modules/jasmine-core/lib/jasmine-core/jasmine.js:1923:10)
    at Spec.queueRunnerFactory (/Users/muchniki/.nvm/versions/node/v6.9.5/lib/node_modules/protractor/node_modules/jasmine-core/lib/jasmine-core/jasmine.js:714:35)
    at Spec.execute (/Users/muchniki/.nvm/versions/node/v6.9.5/lib/node_modules/protractor/node_modules/jasmine-core/lib/jasmine-core/jasmine.js:371:10)
    at Object.fn (/Users/muchniki/.nvm/versions/node/v6.9.5/lib/node_modules/protractor/node_modules/jasmine-core/lib/jasmine-core/jasmine.js:2579:37)
    at attemptAsync (/Users/muchniki/.nvm/versions/node/v6.9.5/lib/node_modules/protractor/node_modules/jasmine-core/lib/jasmine-core/jasmine.js:1980:24)
    at QueueRunner.run (/Users/muchniki/.nvm/versions/node/v6.9.5/lib/node_modules/protractor/node_modules/jasmine-core/lib/jasmine-core/jasmine.js:1935:9)
    at /Users/muchniki/.nvm/versions/node/v6.9.5/lib/node_modules/protractor/node_modules/jasmine-core/lib/jasmine-core/jasmine.js:1962:16
From asynchronous test: 
Error
    at Suite.<anonymous> (/Users/muchniki/dev/cfgov-refresh/test/browser_tests/spec_suites/content/blog.js:129:3)
    at addSpecsToSuite (/Users/muchniki/.nvm/versions/node/v6.9.5/lib/node_modules/protractor/node_modules/jasmine-core/lib/jasmine-core/jasmine.js:867:25)
    at Env.describe (/Users/muchniki/.nvm/versions/node/v6.9.5/lib/node_modules/protractor/node_modules/jasmine-core/lib/jasmine-core/jasmine.js:836:7)
    at describe (/Users/muchniki/.nvm/versions/node/v6.9.5/lib/node_modules/protractor/node_modules/jasmine-core/lib/jasmine-core/jasmine.js:3576:18)
    at Object.<anonymous> (/Users/muchniki/dev/cfgov-refresh/test/browser_tests/spec_suites/content/blog.js:11:1)
    at Module._compile (module.js:570:32)
    at Object.Module._extensions..js (module.js:579:10)
    at Module.load (module.js:487:32)
    at tryModuleLoad (module.js:446:12)]]>
   </failure>
  </testcase>
  <testcase classname="focused specs.The Blog Page" name="should include a page input with value set to 1" time="0.247">
   <failure type="exception" message="Failed: No element found using locator: By(css selector, .m-pagination)"><![CDATA[NoSuchElementError: No element found using locator: By(css selector, .m-pagination)
    at WebDriverError (/Users/muchniki/.nvm/versions/node/v6.9.5/lib/node_modules/protractor/node_modules/selenium-webdriver/lib/error.js:27:5)
    at NoSuchElementError (/Users/muchniki/.nvm/versions/node/v6.9.5/lib/node_modules/protractor/node_modules/selenium-webdriver/lib/error.js:168:5)
    at elementArrayFinder.getWebElements.then (/Users/muchniki/.nvm/versions/node/v6.9.5/lib/node_modules/protractor/lib/element.ts:851:17)
    at ManagedPromise.invokeCallback_ (/Users/muchniki/.nvm/versions/node/v6.9.5/lib/node_modules/protractor/node_modules/selenium-webdriver/lib/promise.js:1366:14)
    at TaskQueue.execute_ (/Users/muchniki/.nvm/versions/node/v6.9.5/lib/node_modules/protractor/node_modules/selenium-webdriver/lib/promise.js:2970:14)
    at TaskQueue.executeNext_ (/Users/muchniki/.nvm/versions/node/v6.9.5/lib/node_modules/protractor/node_modules/selenium-webdriver/lib/promise.js:2953:27)
    at asyncRun (/Users/muchniki/.nvm/versions/node/v6.9.5/lib/node_modules/protractor/node_modules/selenium-webdriver/lib/promise.js:2813:27)
    at /Users/muchniki/.nvm/versions/node/v6.9.5/lib/node_modules/protractor/node_modules/selenium-webdriver/lib/promise.js:676:7
    at process._tickCallback (internal/process/next_tick.js:103:7)Error
    at ElementArrayFinder.applyAction_ (/Users/muchniki/.nvm/versions/node/v6.9.5/lib/node_modules/protractor/lib/element.ts:482:23)
    at ElementArrayFinder.(anonymous function) [as getAttribute] (/Users/muchniki/.nvm/versions/node/v6.9.5/lib/node_modules/protractor/lib/element.ts:96:21)
    at ElementFinder.(anonymous function) [as getAttribute] (/Users/muchniki/.nvm/versions/node/v6.9.5/lib/node_modules/protractor/lib/element.ts:873:14)
    at Object.<anonymous> (/Users/muchniki/dev/cfgov-refresh/test/browser_tests/spec_suites/content/blog.js:135:38)
    at /Users/muchniki/.nvm/versions/node/v6.9.5/lib/node_modules/protractor/node_modules/jasminewd2/index.js:110:25
    at new ManagedPromise (/Users/muchniki/.nvm/versions/node/v6.9.5/lib/node_modules/protractor/node_modules/selenium-webdriver/lib/promise.js:1067:7)
    at ControlFlow.promise (/Users/muchniki/.nvm/versions/node/v6.9.5/lib/node_modules/protractor/node_modules/selenium-webdriver/lib/promise.js:2396:12)
    at schedulerExecute (/Users/muchniki/.nvm/versions/node/v6.9.5/lib/node_modules/protractor/node_modules/jasminewd2/index.js:95:18)
    at TaskQueue.execute_ (/Users/muchniki/.nvm/versions/node/v6.9.5/lib/node_modules/protractor/node_modules/selenium-webdriver/lib/promise.js:2970:14)
    at TaskQueue.executeNext_ (/Users/muchniki/.nvm/versions/node/v6.9.5/lib/node_modules/protractor/node_modules/selenium-webdriver/lib/promise.js:2953:27)
From: Task: Run it("should include a page input with value set to 1") in control flow
    at Object.<anonymous> (/Users/muchniki/.nvm/versions/node/v6.9.5/lib/node_modules/protractor/node_modules/jasminewd2/index.js:94:19)
    at attemptAsync (/Users/muchniki/.nvm/versions/node/v6.9.5/lib/node_modules/protractor/node_modules/jasmine-core/lib/jasmine-core/jasmine.js:1980:24)
    at QueueRunner.run (/Users/muchniki/.nvm/versions/node/v6.9.5/lib/node_modules/protractor/node_modules/jasmine-core/lib/jasmine-core/jasmine.js:1935:9)
    at QueueRunner.execute (/Users/muchniki/.nvm/versions/node/v6.9.5/lib/node_modules/protractor/node_modules/jasmine-core/lib/jasmine-core/jasmine.js:1923:10)
    at Spec.queueRunnerFactory (/Users/muchniki/.nvm/versions/node/v6.9.5/lib/node_modules/protractor/node_modules/jasmine-core/lib/jasmine-core/jasmine.js:714:35)
    at Spec.execute (/Users/muchniki/.nvm/versions/node/v6.9.5/lib/node_modules/protractor/node_modules/jasmine-core/lib/jasmine-core/jasmine.js:371:10)
    at Object.fn (/Users/muchniki/.nvm/versions/node/v6.9.5/lib/node_modules/protractor/node_modules/jasmine-core/lib/jasmine-core/jasmine.js:2579:37)
    at attemptAsync (/Users/muchniki/.nvm/versions/node/v6.9.5/lib/node_modules/protractor/node_modules/jasmine-core/lib/jasmine-core/jasmine.js:1980:24)
    at QueueRunner.run (/Users/muchniki/.nvm/versions/node/v6.9.5/lib/node_modules/protractor/node_modules/jasmine-core/lib/jasmine-core/jasmine.js:1935:9)
    at /Users/muchniki/.nvm/versions/node/v6.9.5/lib/node_modules/protractor/node_modules/jasmine-core/lib/jasmine-core/jasmine.js:1962:16
From asynchronous test: 
Error
    at Suite.<anonymous> (/Users/muchniki/dev/cfgov-refresh/test/browser_tests/spec_suites/content/blog.js:134:3)
    at addSpecsToSuite (/Users/muchniki/.nvm/versions/node/v6.9.5/lib/node_modules/protractor/node_modules/jasmine-core/lib/jasmine-core/jasmine.js:867:25)
    at Env.describe (/Users/muchniki/.nvm/versions/node/v6.9.5/lib/node_modules/protractor/node_modules/jasmine-core/lib/jasmine-core/jasmine.js:836:7)
    at describe (/Users/muchniki/.nvm/versions/node/v6.9.5/lib/node_modules/protractor/node_modules/jasmine-core/lib/jasmine-core/jasmine.js:3576:18)
    at Object.<anonymous> (/Users/muchniki/dev/cfgov-refresh/test/browser_tests/spec_suites/content/blog.js:11:1)
    at Module._compile (module.js:570:32)
    at Object.Module._extensions..js (module.js:579:10)
    at Module.load (module.js:487:32)
    at tryModuleLoad (module.js:446:12)]]>
   </failure>
  </testcase>
  <testcase classname="focused specs.The Blog Page" name="should set an initial height on filter expandable that does not cut off submit button when page loads with 5 filter options selected" time="0.223">
   <failure type="exception" message="Failed: No element found using locator: By(css selector, .o-filterable-list-controls .o-expandable)"><![CDATA[NoSuchElementError: No element found using locator: By(css selector, .o-filterable-list-controls .o-expandable)
    at WebDriverError (/Users/muchniki/.nvm/versions/node/v6.9.5/lib/node_modules/protractor/node_modules/selenium-webdriver/lib/error.js:27:5)
    at NoSuchElementError (/Users/muchniki/.nvm/versions/node/v6.9.5/lib/node_modules/protractor/node_modules/selenium-webdriver/lib/error.js:168:5)
    at elementArrayFinder.getWebElements.then (/Users/muchniki/.nvm/versions/node/v6.9.5/lib/node_modules/protractor/lib/element.ts:851:17)
    at ManagedPromise.invokeCallback_ (/Users/muchniki/.nvm/versions/node/v6.9.5/lib/node_modules/protractor/node_modules/selenium-webdriver/lib/promise.js:1366:14)
    at TaskQueue.execute_ (/Users/muchniki/.nvm/versions/node/v6.9.5/lib/node_modules/protractor/node_modules/selenium-webdriver/lib/promise.js:2970:14)
    at TaskQueue.executeNext_ (/Users/muchniki/.nvm/versions/node/v6.9.5/lib/node_modules/protractor/node_modules/selenium-webdriver/lib/promise.js:2953:27)
    at asyncRun (/Users/muchniki/.nvm/versions/node/v6.9.5/lib/node_modules/protractor/node_modules/selenium-webdriver/lib/promise.js:2813:27)
    at /Users/muchniki/.nvm/versions/node/v6.9.5/lib/node_modules/protractor/node_modules/selenium-webdriver/lib/promise.js:676:7
    at process._tickCallback (internal/process/next_tick.js:103:7)Error
    at ElementArrayFinder.applyAction_ (/Users/muchniki/.nvm/versions/node/v6.9.5/lib/node_modules/protractor/lib/element.ts:482:23)
    at ElementArrayFinder.(anonymous function) [as click] (/Users/muchniki/.nvm/versions/node/v6.9.5/lib/node_modules/protractor/lib/element.ts:96:21)
    at ElementFinder.(anonymous function) [as click] (/Users/muchniki/.nvm/versions/node/v6.9.5/lib/node_modules/protractor/lib/element.ts:873:14)
    at Object.<anonymous> (/Users/muchniki/dev/cfgov-refresh/test/browser_tests/spec_suites/content/blog.js:140:30)
    at /Users/muchniki/.nvm/versions/node/v6.9.5/lib/node_modules/protractor/node_modules/jasminewd2/index.js:110:25
    at new ManagedPromise (/Users/muchniki/.nvm/versions/node/v6.9.5/lib/node_modules/protractor/node_modules/selenium-webdriver/lib/promise.js:1067:7)
    at ControlFlow.promise (/Users/muchniki/.nvm/versions/node/v6.9.5/lib/node_modules/protractor/node_modules/selenium-webdriver/lib/promise.js:2396:12)
    at schedulerExecute (/Users/muchniki/.nvm/versions/node/v6.9.5/lib/node_modules/protractor/node_modules/jasminewd2/index.js:95:18)
    at TaskQueue.execute_ (/Users/muchniki/.nvm/versions/node/v6.9.5/lib/node_modules/protractor/node_modules/selenium-webdriver/lib/promise.js:2970:14)
    at TaskQueue.executeNext_ (/Users/muchniki/.nvm/versions/node/v6.9.5/lib/node_modules/protractor/node_modules/selenium-webdriver/lib/promise.js:2953:27)
From: Task: Run it("should set an initial height on filter expandable that does not cut off submit button when page loads with 5 filter options selected") in control flow
    at Object.<anonymous> (/Users/muchniki/.nvm/versions/node/v6.9.5/lib/node_modules/protractor/node_modules/jasminewd2/index.js:94:19)
    at attemptAsync (/Users/muchniki/.nvm/versions/node/v6.9.5/lib/node_modules/protractor/node_modules/jasmine-core/lib/jasmine-core/jasmine.js:1980:24)
    at QueueRunner.run (/Users/muchniki/.nvm/versions/node/v6.9.5/lib/node_modules/protractor/node_modules/jasmine-core/lib/jasmine-core/jasmine.js:1935:9)
    at QueueRunner.execute (/Users/muchniki/.nvm/versions/node/v6.9.5/lib/node_modules/protractor/node_modules/jasmine-core/lib/jasmine-core/jasmine.js:1923:10)
    at Spec.queueRunnerFactory (/Users/muchniki/.nvm/versions/node/v6.9.5/lib/node_modules/protractor/node_modules/jasmine-core/lib/jasmine-core/jasmine.js:714:35)
    at Spec.execute (/Users/muchniki/.nvm/versions/node/v6.9.5/lib/node_modules/protractor/node_modules/jasmine-core/lib/jasmine-core/jasmine.js:371:10)
    at Object.fn (/Users/muchniki/.nvm/versions/node/v6.9.5/lib/node_modules/protractor/node_modules/jasmine-core/lib/jasmine-core/jasmine.js:2579:37)
    at attemptAsync (/Users/muchniki/.nvm/versions/node/v6.9.5/lib/node_modules/protractor/node_modules/jasmine-core/lib/jasmine-core/jasmine.js:1980:24)
    at QueueRunner.run (/Users/muchniki/.nvm/versions/node/v6.9.5/lib/node_modules/protractor/node_modules/jasmine-core/lib/jasmine-core/jasmine.js:1935:9)
    at /Users/muchniki/.nvm/versions/node/v6.9.5/lib/node_modules/protractor/node_modules/jasmine-core/lib/jasmine-core/jasmine.js:1962:16
From asynchronous test: 
Error
    at Suite.<anonymous> (/Users/muchniki/dev/cfgov-refresh/test/browser_tests/spec_suites/content/blog.js:138:3)
    at addSpecsToSuite (/Users/muchniki/.nvm/versions/node/v6.9.5/lib/node_modules/protractor/node_modules/jasmine-core/lib/jasmine-core/jasmine.js:867:25)
    at Env.describe (/Users/muchniki/.nvm/versions/node/v6.9.5/lib/node_modules/protractor/node_modules/jasmine-core/lib/jasmine-core/jasmine.js:836:7)
    at describe (/Users/muchniki/.nvm/versions/node/v6.9.5/lib/node_modules/protractor/node_modules/jasmine-core/lib/jasmine-core/jasmine.js:3576:18)
    at Object.<anonymous> (/Users/muchniki/dev/cfgov-refresh/test/browser_tests/spec_suites/content/blog.js:11:1)
    at Module._compile (module.js:570:32)
    at Object.Module._extensions..js (module.js:579:10)
    at Module.load (module.js:487:32)
    at tryModuleLoad (module.js:446:12)]]>
   </failure>
  </testcase>
 </testsuite>
 <testsuite name="focused specs.The Bureau Structure Page" timestamp="2017-03-01T17:32:05" hostname="localhost" time="0" errors="0" tests="0" skipped="0" disabled="0" failures="0">
 </testsuite>
 <testsuite name="focused specs.The Application Process Page" timestamp="2017-03-01T17:32:05" hostname="localhost" time="8.898" errors="0" tests="6" skipped="0" disabled="0" failures="6">
  <testcase classname="focused specs.The Application Process Page" name="should properly load in a browser" time="0.01">
   <failure type="toContain" message="Expected &apos;&apos; to contain &apos;Job Application Process&apos;."><![CDATA[Error: Failed expectation
    at Object.<anonymous> (/Users/muchniki/dev/cfgov-refresh/test/browser_tests/spec_suites/content/careers-application-process.js:19:32)
    at /Users/muchniki/.nvm/versions/node/v6.9.5/lib/node_modules/protractor/node_modules/jasminewd2/index.js:110:25
    at new ManagedPromise (/Users/muchniki/.nvm/versions/node/v6.9.5/lib/node_modules/protractor/node_modules/selenium-webdriver/lib/promise.js:1067:7)
    at ControlFlow.promise (/Users/muchniki/.nvm/versions/node/v6.9.5/lib/node_modules/protractor/node_modules/selenium-webdriver/lib/promise.js:2396:12)
    at schedulerExecute (/Users/muchniki/.nvm/versions/node/v6.9.5/lib/node_modules/protractor/node_modules/jasminewd2/index.js:95:18)
    at TaskQueue.execute_ (/Users/muchniki/.nvm/versions/node/v6.9.5/lib/node_modules/protractor/node_modules/selenium-webdriver/lib/promise.js:2970:14)
    at TaskQueue.executeNext_ (/Users/muchniki/.nvm/versions/node/v6.9.5/lib/node_modules/protractor/node_modules/selenium-webdriver/lib/promise.js:2953:27)
    at asyncRun (/Users/muchniki/.nvm/versions/node/v6.9.5/lib/node_modules/protractor/node_modules/selenium-webdriver/lib/promise.js:2860:25)
    at /Users/muchniki/.nvm/versions/node/v6.9.5/lib/node_modules/protractor/node_modules/selenium-webdriver/lib/promise.js:676:7]]>
   </failure>
  </testcase>
  <testcase classname="focused specs.The Application Process Page" name="should have a sideNav" time="0.236">
   <failure type="toBe" message="Expected false to be true."><![CDATA[Error: Failed expectation
    at Object.<anonymous> (/Users/muchniki/dev/cfgov-refresh/test/browser_tests/spec_suites/content/careers-application-process.js:23:40)
    at /Users/muchniki/.nvm/versions/node/v6.9.5/lib/node_modules/protractor/node_modules/jasminewd2/index.js:110:25
    at new ManagedPromise (/Users/muchniki/.nvm/versions/node/v6.9.5/lib/node_modules/protractor/node_modules/selenium-webdriver/lib/promise.js:1067:7)
    at ControlFlow.promise (/Users/muchniki/.nvm/versions/node/v6.9.5/lib/node_modules/protractor/node_modules/selenium-webdriver/lib/promise.js:2396:12)
    at schedulerExecute (/Users/muchniki/.nvm/versions/node/v6.9.5/lib/node_modules/protractor/node_modules/jasminewd2/index.js:95:18)
    at TaskQueue.execute_ (/Users/muchniki/.nvm/versions/node/v6.9.5/lib/node_modules/protractor/node_modules/selenium-webdriver/lib/promise.js:2970:14)
    at TaskQueue.executeNext_ (/Users/muchniki/.nvm/versions/node/v6.9.5/lib/node_modules/protractor/node_modules/selenium-webdriver/lib/promise.js:2953:27)
    at asyncRun (/Users/muchniki/.nvm/versions/node/v6.9.5/lib/node_modules/protractor/node_modules/selenium-webdriver/lib/promise.js:2860:25)
    at /Users/muchniki/.nvm/versions/node/v6.9.5/lib/node_modules/protractor/node_modules/selenium-webdriver/lib/promise.js:676:7]]>
   </failure>
  </testcase>
  <testcase classname="focused specs.The Application Process Page" name="should have three job application interfaces " time="0.239">
   <failure type="toEqual" message="Expected 0 to equal 3."><![CDATA[Error: Failed expectation
    at Object.<anonymous> (/Users/muchniki/dev/cfgov-refresh/test/browser_tests/spec_suites/content/careers-application-process.js:27:54)
    at /Users/muchniki/.nvm/versions/node/v6.9.5/lib/node_modules/protractor/node_modules/jasminewd2/index.js:110:25
    at new ManagedPromise (/Users/muchniki/.nvm/versions/node/v6.9.5/lib/node_modules/protractor/node_modules/selenium-webdriver/lib/promise.js:1067:7)
    at ControlFlow.promise (/Users/muchniki/.nvm/versions/node/v6.9.5/lib/node_modules/protractor/node_modules/selenium-webdriver/lib/promise.js:2396:12)
    at schedulerExecute (/Users/muchniki/.nvm/versions/node/v6.9.5/lib/node_modules/protractor/node_modules/jasminewd2/index.js:95:18)
    at TaskQueue.execute_ (/Users/muchniki/.nvm/versions/node/v6.9.5/lib/node_modules/protractor/node_modules/selenium-webdriver/lib/promise.js:2970:14)
    at TaskQueue.executeNext_ (/Users/muchniki/.nvm/versions/node/v6.9.5/lib/node_modules/protractor/node_modules/selenium-webdriver/lib/promise.js:2953:27)
    at asyncRun (/Users/muchniki/.nvm/versions/node/v6.9.5/lib/node_modules/protractor/node_modules/selenium-webdriver/lib/promise.js:2860:25)
    at /Users/muchniki/.nvm/versions/node/v6.9.5/lib/node_modules/protractor/node_modules/selenium-webdriver/lib/promise.js:676:7]]>
   </failure>
  </testcase>
  <testcase classname="focused specs.The Application Process Page" name="should have an ethics link " time="5.909">
   <failure type="exception" message="Failed: {&quot;errorMessage&quot;:&quot;SyntaxError: DOM Exception 12&quot;,&quot;request&quot;:{&quot;headers&quot;:{&quot;Accept-Encoding&quot;:&quot;gzip,deflate&quot;,&quot;Connection&quot;:&quot;Keep-Alive&quot;,&quot;Content-Length&quot;:&quot;72&quot;,&quot;Content-Type&quot;:&quot;application/json; charset=utf-8&quot;,&quot;Host&quot;:&quot;localhost:7164&quot;,&quot;User-Agent&quot;:&quot;Apache-HttpClient/4.5.2 (Java/1.8.0_101)&quot;},&quot;httpVersion&quot;:&quot;1.1&quot;,&quot;method&quot;:&quot;POST&quot;,&quot;post&quot;:&quot;{\&quot;using\&quot;:\&quot;css selector\&quot;,\&quot;value\&quot;:\&quot;a[href=\\\&quot;mailto:EthicsHelp@cfpb.gov\\\&quot;\&quot;}&quot;,&quot;url&quot;:&quot;/elements&quot;,&quot;urlParsed&quot;:{&quot;anchor&quot;:&quot;&quot;,&quot;query&quot;:&quot;&quot;,&quot;file&quot;:&quot;elements&quot;,&quot;directory&quot;:&quot;/&quot;,&quot;path&quot;:&quot;/elements&quot;,&quot;relative&quot;:&quot;/elements&quot;,&quot;port&quot;:&quot;&quot;,&quot;host&quot;:&quot;&quot;,&quot;password&quot;:&quot;&quot;,&quot;user&quot;:&quot;&quot;,&quot;userInfo&quot;:&quot;&quot;,&quot;authority&quot;:&quot;&quot;,&quot;protocol&quot;:&quot;&quot;,&quot;source&quot;:&quot;/elements&quot;,&quot;queryKey&quot;:{},&quot;chunks&quot;:[&quot;elements&quot;]},&quot;urlOriginal&quot;:&quot;/session/dc48b790-fece-11e6-8382-a9da96c1f971/elements&quot;}}
Build info: version: &apos;3.1.0&apos;, revision: &apos;86a5d70&apos;, time: &apos;2017-02-16 07:57:44 -0800&apos;
System info: host: &apos;CFPB-rMBP15-Muchnick&apos;, ip: &apos;192.168.1.102&apos;, os.name: &apos;Mac OS X&apos;, os.arch: &apos;x86_64&apos;, os.version: &apos;10.10.5&apos;, java.version: &apos;1.8.0_101&apos;
Driver info: driver.version: unknown"><![CDATA[InvalidElementStateError: {"errorMessage":"SyntaxError: DOM Exception 12","request":{"headers":{"Accept-Encoding":"gzip,deflate","Connection":"Keep-Alive","Content-Length":"72","Content-Type":"application/json; charset=utf-8","Host":"localhost:7164","User-Agent":"Apache-HttpClient/4.5.2 (Java/1.8.0_101)"},"httpVersion":"1.1","method":"POST","post":"{\"using\":\"css selector\",\"value\":\"a[href=\\\"mailto:EthicsHelp@cfpb.gov\\\"\"}","url":"/elements","urlParsed":{"anchor":"","query":"","file":"elements","directory":"/","path":"/elements","relative":"/elements","port":"","host":"","password":"","user":"","userInfo":"","authority":"","protocol":"","source":"/elements","queryKey":{},"chunks":["elements"]},"urlOriginal":"/session/dc48b790-fece-11e6-8382-a9da96c1f971/elements"}}
Build info: version: '3.1.0', revision: '86a5d70', time: '2017-02-16 07:57:44 -0800'
System info: host: 'CFPB-rMBP15-Muchnick', ip: '192.168.1.102', os.name: 'Mac OS X', os.arch: 'x86_64', os.version: '10.10.5', java.version: '1.8.0_101'
Driver info: driver.version: unknown
    at WebDriverError (/Users/muchniki/.nvm/versions/node/v6.9.5/lib/node_modules/protractor/node_modules/selenium-webdriver/lib/error.js:27:5)
    at InvalidElementStateError (/Users/muchniki/.nvm/versions/node/v6.9.5/lib/node_modules/protractor/node_modules/selenium-webdriver/lib/error.js:100:5)
    at Object.checkLegacyResponse (/Users/muchniki/.nvm/versions/node/v6.9.5/lib/node_modules/protractor/node_modules/selenium-webdriver/lib/error.js:505:15)
    at parseHttpResponse (/Users/muchniki/.nvm/versions/node/v6.9.5/lib/node_modules/protractor/node_modules/selenium-webdriver/lib/http.js:509:13)
    at doSend.then.response (/Users/muchniki/.nvm/versions/node/v6.9.5/lib/node_modules/protractor/node_modules/selenium-webdriver/lib/http.js:440:13)
    at process._tickCallback (internal/process/next_tick.js:103:7)
From: Task: WebDriver.findElements(By(css selector, a[href="mailto:EthicsHelp@cfpb.gov"))
    at WebDriver.schedule (/Users/muchniki/.nvm/versions/node/v6.9.5/lib/node_modules/protractor/node_modules/selenium-webdriver/lib/webdriver.js:816:17)
    at WebDriver.findElements (/Users/muchniki/.nvm/versions/node/v6.9.5/lib/node_modules/protractor/node_modules/selenium-webdriver/lib/webdriver.js:1057:22)
    at ptor.waitForAngular.then (/Users/muchniki/.nvm/versions/node/v6.9.5/lib/node_modules/protractor/lib/element.ts:166:36)
    at ManagedPromise.invokeCallback_ (/Users/muchniki/.nvm/versions/node/v6.9.5/lib/node_modules/protractor/node_modules/selenium-webdriver/lib/promise.js:1366:14)
    at TaskQueue.execute_ (/Users/muchniki/.nvm/versions/node/v6.9.5/lib/node_modules/protractor/node_modules/selenium-webdriver/lib/promise.js:2970:14)
    at TaskQueue.executeNext_ (/Users/muchniki/.nvm/versions/node/v6.9.5/lib/node_modules/protractor/node_modules/selenium-webdriver/lib/promise.js:2953:27)
    at asyncRun (/Users/muchniki/.nvm/versions/node/v6.9.5/lib/node_modules/protractor/node_modules/selenium-webdriver/lib/promise.js:2813:27)
    at /Users/muchniki/.nvm/versions/node/v6.9.5/lib/node_modules/protractor/node_modules/selenium-webdriver/lib/promise.js:676:7
    at process._tickCallback (internal/process/next_tick.js:103:7)
From: Task: Run it("should have an ethics link ") in control flow
    at Object.<anonymous> (/Users/muchniki/.nvm/versions/node/v6.9.5/lib/node_modules/protractor/node_modules/jasminewd2/index.js:94:19)
    at attemptAsync (/Users/muchniki/.nvm/versions/node/v6.9.5/lib/node_modules/protractor/node_modules/jasmine-core/lib/jasmine-core/jasmine.js:1980:24)
    at QueueRunner.run (/Users/muchniki/.nvm/versions/node/v6.9.5/lib/node_modules/protractor/node_modules/jasmine-core/lib/jasmine-core/jasmine.js:1935:9)
    at QueueRunner.execute (/Users/muchniki/.nvm/versions/node/v6.9.5/lib/node_modules/protractor/node_modules/jasmine-core/lib/jasmine-core/jasmine.js:1923:10)
    at Spec.queueRunnerFactory (/Users/muchniki/.nvm/versions/node/v6.9.5/lib/node_modules/protractor/node_modules/jasmine-core/lib/jasmine-core/jasmine.js:714:35)
    at Spec.execute (/Users/muchniki/.nvm/versions/node/v6.9.5/lib/node_modules/protractor/node_modules/jasmine-core/lib/jasmine-core/jasmine.js:371:10)
    at Object.fn (/Users/muchniki/.nvm/versions/node/v6.9.5/lib/node_modules/protractor/node_modules/jasmine-core/lib/jasmine-core/jasmine.js:2579:37)
    at attemptAsync (/Users/muchniki/.nvm/versions/node/v6.9.5/lib/node_modules/protractor/node_modules/jasmine-core/lib/jasmine-core/jasmine.js:1980:24)
    at QueueRunner.run (/Users/muchniki/.nvm/versions/node/v6.9.5/lib/node_modules/protractor/node_modules/jasmine-core/lib/jasmine-core/jasmine.js:1935:9)
    at /Users/muchniki/.nvm/versions/node/v6.9.5/lib/node_modules/protractor/node_modules/jasmine-core/lib/jasmine-core/jasmine.js:1962:16
From asynchronous test: 
Error
    at Suite.<anonymous> (/Users/muchniki/dev/cfgov-refresh/test/browser_tests/spec_suites/content/careers-application-process.js:30:3)
    at addSpecsToSuite (/Users/muchniki/.nvm/versions/node/v6.9.5/lib/node_modules/protractor/node_modules/jasmine-core/lib/jasmine-core/jasmine.js:867:25)
    at Env.describe (/Users/muchniki/.nvm/versions/node/v6.9.5/lib/node_modules/protractor/node_modules/jasmine-core/lib/jasmine-core/jasmine.js:836:7)
    at describe (/Users/muchniki/.nvm/versions/node/v6.9.5/lib/node_modules/protractor/node_modules/jasmine-core/lib/jasmine-core/jasmine.js:3576:18)
    at Object.<anonymous> (/Users/muchniki/dev/cfgov-refresh/test/browser_tests/spec_suites/content/careers-application-process.js:9:1)
    at Module._compile (module.js:570:32)
    at Object.Module._extensions..js (module.js:579:10)
    at Module.load (module.js:487:32)
    at tryModuleLoad (module.js:446:12)]]>
   </failure>
  </testcase>
  <testcase classname="focused specs.The Application Process Page" name="should have a career info section" time="0.272">
   <failure type="exception" message="Failed: No element found using locator: By(css selector, [data-qa-hook=&quot;info-section&quot;])"><![CDATA[NoSuchElementError: No element found using locator: By(css selector, [data-qa-hook="info-section"])
    at WebDriverError (/Users/muchniki/.nvm/versions/node/v6.9.5/lib/node_modules/protractor/node_modules/selenium-webdriver/lib/error.js:27:5)
    at NoSuchElementError (/Users/muchniki/.nvm/versions/node/v6.9.5/lib/node_modules/protractor/node_modules/selenium-webdriver/lib/error.js:168:5)
    at elementArrayFinder.getWebElements.then (/Users/muchniki/.nvm/versions/node/v6.9.5/lib/node_modules/protractor/lib/element.ts:851:17)
    at ManagedPromise.invokeCallback_ (/Users/muchniki/.nvm/versions/node/v6.9.5/lib/node_modules/protractor/node_modules/selenium-webdriver/lib/promise.js:1366:14)
    at TaskQueue.execute_ (/Users/muchniki/.nvm/versions/node/v6.9.5/lib/node_modules/protractor/node_modules/selenium-webdriver/lib/promise.js:2970:14)
    at TaskQueue.executeNext_ (/Users/muchniki/.nvm/versions/node/v6.9.5/lib/node_modules/protractor/node_modules/selenium-webdriver/lib/promise.js:2953:27)
    at asyncRun (/Users/muchniki/.nvm/versions/node/v6.9.5/lib/node_modules/protractor/node_modules/selenium-webdriver/lib/promise.js:2813:27)
    at /Users/muchniki/.nvm/versions/node/v6.9.5/lib/node_modules/protractor/node_modules/selenium-webdriver/lib/promise.js:676:7
    at process._tickCallback (internal/process/next_tick.js:103:7)Error
    at ElementArrayFinder.applyAction_ (/Users/muchniki/.nvm/versions/node/v6.9.5/lib/node_modules/protractor/lib/element.ts:482:23)
    at ElementArrayFinder.(anonymous function) [as getText] (/Users/muchniki/.nvm/versions/node/v6.9.5/lib/node_modules/protractor/lib/element.ts:96:21)
    at Object.<anonymous> (/Users/muchniki/dev/cfgov-refresh/test/browser_tests/spec_suites/content/careers-application-process.js:45:36)
    at /Users/muchniki/.nvm/versions/node/v6.9.5/lib/node_modules/protractor/node_modules/jasminewd2/index.js:110:25
    at new ManagedPromise (/Users/muchniki/.nvm/versions/node/v6.9.5/lib/node_modules/protractor/node_modules/selenium-webdriver/lib/promise.js:1067:7)
    at ControlFlow.promise (/Users/muchniki/.nvm/versions/node/v6.9.5/lib/node_modules/protractor/node_modules/selenium-webdriver/lib/promise.js:2396:12)
    at schedulerExecute (/Users/muchniki/.nvm/versions/node/v6.9.5/lib/node_modules/protractor/node_modules/jasminewd2/index.js:95:18)
    at TaskQueue.execute_ (/Users/muchniki/.nvm/versions/node/v6.9.5/lib/node_modules/protractor/node_modules/selenium-webdriver/lib/promise.js:2970:14)
    at TaskQueue.executeNext_ (/Users/muchniki/.nvm/versions/node/v6.9.5/lib/node_modules/protractor/node_modules/selenium-webdriver/lib/promise.js:2953:27)
    at asyncRun (/Users/muchniki/.nvm/versions/node/v6.9.5/lib/node_modules/protractor/node_modules/selenium-webdriver/lib/promise.js:2860:25)
From: Task: Run it("should have a career info section") in control flow
    at Object.<anonymous> (/Users/muchniki/.nvm/versions/node/v6.9.5/lib/node_modules/protractor/node_modules/jasminewd2/index.js:94:19)
    at attemptAsync (/Users/muchniki/.nvm/versions/node/v6.9.5/lib/node_modules/protractor/node_modules/jasmine-core/lib/jasmine-core/jasmine.js:1980:24)
    at QueueRunner.run (/Users/muchniki/.nvm/versions/node/v6.9.5/lib/node_modules/protractor/node_modules/jasmine-core/lib/jasmine-core/jasmine.js:1935:9)
    at QueueRunner.execute (/Users/muchniki/.nvm/versions/node/v6.9.5/lib/node_modules/protractor/node_modules/jasmine-core/lib/jasmine-core/jasmine.js:1923:10)
    at Spec.queueRunnerFactory (/Users/muchniki/.nvm/versions/node/v6.9.5/lib/node_modules/protractor/node_modules/jasmine-core/lib/jasmine-core/jasmine.js:714:35)
    at Spec.execute (/Users/muchniki/.nvm/versions/node/v6.9.5/lib/node_modules/protractor/node_modules/jasmine-core/lib/jasmine-core/jasmine.js:371:10)
    at Object.fn (/Users/muchniki/.nvm/versions/node/v6.9.5/lib/node_modules/protractor/node_modules/jasmine-core/lib/jasmine-core/jasmine.js:2579:37)
    at attemptAsync (/Users/muchniki/.nvm/versions/node/v6.9.5/lib/node_modules/protractor/node_modules/jasmine-core/lib/jasmine-core/jasmine.js:1980:24)
    at QueueRunner.run (/Users/muchniki/.nvm/versions/node/v6.9.5/lib/node_modules/protractor/node_modules/jasmine-core/lib/jasmine-core/jasmine.js:1935:9)
    at /Users/muchniki/.nvm/versions/node/v6.9.5/lib/node_modules/protractor/node_modules/jasmine-core/lib/jasmine-core/jasmine.js:1962:16
From asynchronous test: 
Error
    at Suite.<anonymous> (/Users/muchniki/dev/cfgov-refresh/test/browser_tests/spec_suites/content/careers-application-process.js:34:3)
    at addSpecsToSuite (/Users/muchniki/.nvm/versions/node/v6.9.5/lib/node_modules/protractor/node_modules/jasmine-core/lib/jasmine-core/jasmine.js:867:25)
    at Env.describe (/Users/muchniki/.nvm/versions/node/v6.9.5/lib/node_modules/protractor/node_modules/jasmine-core/lib/jasmine-core/jasmine.js:836:7)
    at describe (/Users/muchniki/.nvm/versions/node/v6.9.5/lib/node_modules/protractor/node_modules/jasmine-core/lib/jasmine-core/jasmine.js:3576:18)
    at Object.<anonymous> (/Users/muchniki/dev/cfgov-refresh/test/browser_tests/spec_suites/content/careers-application-process.js:9:1)
    at Module._compile (module.js:570:32)
    at Object.Module._extensions..js (module.js:579:10)
    at Module.load (module.js:487:32)
    at tryModuleLoad (module.js:446:12)]]>
   </failure>
  </testcase>
  <testcase classname="focused specs.The Application Process Page" name="should have a Related Links section" time="0.25">
   <failure type="toBe" message="Expected false to be true."><![CDATA[Error: Failed expectation
    at Object.<anonymous> (/Users/muchniki/dev/cfgov-refresh/test/browser_tests/spec_suites/content/careers-application-process.js:53:52)
    at /Users/muchniki/.nvm/versions/node/v6.9.5/lib/node_modules/protractor/node_modules/jasminewd2/index.js:110:25
    at new ManagedPromise (/Users/muchniki/.nvm/versions/node/v6.9.5/lib/node_modules/protractor/node_modules/selenium-webdriver/lib/promise.js:1067:7)
    at ControlFlow.promise (/Users/muchniki/.nvm/versions/node/v6.9.5/lib/node_modules/protractor/node_modules/selenium-webdriver/lib/promise.js:2396:12)
    at schedulerExecute (/Users/muchniki/.nvm/versions/node/v6.9.5/lib/node_modules/protractor/node_modules/jasminewd2/index.js:95:18)
    at TaskQueue.execute_ (/Users/muchniki/.nvm/versions/node/v6.9.5/lib/node_modules/protractor/node_modules/selenium-webdriver/lib/promise.js:2970:14)
    at TaskQueue.executeNext_ (/Users/muchniki/.nvm/versions/node/v6.9.5/lib/node_modules/protractor/node_modules/selenium-webdriver/lib/promise.js:2953:27)
    at asyncRun (/Users/muchniki/.nvm/versions/node/v6.9.5/lib/node_modules/protractor/node_modules/selenium-webdriver/lib/promise.js:2860:25)
    at /Users/muchniki/.nvm/versions/node/v6.9.5/lib/node_modules/protractor/node_modules/selenium-webdriver/lib/promise.js:676:7]]>
   </failure>
  </testcase>
 </testsuite>
 <testsuite name="focused specs.The Application Process Page.(Video Player)" timestamp="2017-03-01T17:32:12" hostname="localhost" time="1.962" errors="0" tests="0" skipped="0" disabled="0" failures="0">
 </testsuite>
 <testsuite name="focused specs.The Application Process Page.(Video Player).on page load" timestamp="2017-03-01T17:32:12" hostname="localhost" time="0.48" errors="0" tests="2" skipped="0" disabled="0" failures="2">
  <testcase classname="focused specs.The Application Process Page.(Video Player).on page load" name="should be present" time="0.243">
   <failure type="toBe" message="Expected false to be true."><![CDATA[Error: Failed expectation
    at Object.<anonymous> (/Users/muchniki/dev/cfgov-refresh/test/browser_tests/spec_suites/content/careers-application-process.js:60:48)
    at /Users/muchniki/.nvm/versions/node/v6.9.5/lib/node_modules/protractor/node_modules/jasminewd2/index.js:110:25
    at new ManagedPromise (/Users/muchniki/.nvm/versions/node/v6.9.5/lib/node_modules/protractor/node_modules/selenium-webdriver/lib/promise.js:1067:7)
    at ControlFlow.promise (/Users/muchniki/.nvm/versions/node/v6.9.5/lib/node_modules/protractor/node_modules/selenium-webdriver/lib/promise.js:2396:12)
    at schedulerExecute (/Users/muchniki/.nvm/versions/node/v6.9.5/lib/node_modules/protractor/node_modules/jasminewd2/index.js:95:18)
    at TaskQueue.execute_ (/Users/muchniki/.nvm/versions/node/v6.9.5/lib/node_modules/protractor/node_modules/selenium-webdriver/lib/promise.js:2970:14)
    at TaskQueue.executeNext_ (/Users/muchniki/.nvm/versions/node/v6.9.5/lib/node_modules/protractor/node_modules/selenium-webdriver/lib/promise.js:2953:27)
    at asyncRun (/Users/muchniki/.nvm/versions/node/v6.9.5/lib/node_modules/protractor/node_modules/selenium-webdriver/lib/promise.js:2860:25)
    at /Users/muchniki/.nvm/versions/node/v6.9.5/lib/node_modules/protractor/node_modules/selenium-webdriver/lib/promise.js:676:7]]>
   </failure>
  </testcase>
  <testcase classname="focused specs.The Application Process Page.(Video Player).on page load" name="should show the image and not the video" time="0.237">
   <failure type="exception" message="Failed: No element found using locator: By(css selector, .video-player)"><![CDATA[NoSuchElementError: No element found using locator: By(css selector, .video-player)
    at WebDriverError (/Users/muchniki/.nvm/versions/node/v6.9.5/lib/node_modules/protractor/node_modules/selenium-webdriver/lib/error.js:27:5)
    at NoSuchElementError (/Users/muchniki/.nvm/versions/node/v6.9.5/lib/node_modules/protractor/node_modules/selenium-webdriver/lib/error.js:168:5)
    at elementArrayFinder.getWebElements.then (/Users/muchniki/.nvm/versions/node/v6.9.5/lib/node_modules/protractor/lib/element.ts:851:17)
    at ManagedPromise.invokeCallback_ (/Users/muchniki/.nvm/versions/node/v6.9.5/lib/node_modules/protractor/node_modules/selenium-webdriver/lib/promise.js:1366:14)
    at TaskQueue.execute_ (/Users/muchniki/.nvm/versions/node/v6.9.5/lib/node_modules/protractor/node_modules/selenium-webdriver/lib/promise.js:2970:14)
    at TaskQueue.executeNext_ (/Users/muchniki/.nvm/versions/node/v6.9.5/lib/node_modules/protractor/node_modules/selenium-webdriver/lib/promise.js:2953:27)
    at asyncRun (/Users/muchniki/.nvm/versions/node/v6.9.5/lib/node_modules/protractor/node_modules/selenium-webdriver/lib/promise.js:2813:27)
    at /Users/muchniki/.nvm/versions/node/v6.9.5/lib/node_modules/protractor/node_modules/selenium-webdriver/lib/promise.js:676:7
    at process._tickCallback (internal/process/next_tick.js:103:7)Error
    at ElementArrayFinder.applyAction_ (/Users/muchniki/.nvm/versions/node/v6.9.5/lib/node_modules/protractor/lib/element.ts:482:23)
    at ElementArrayFinder.(anonymous function) [as isDisplayed] (/Users/muchniki/.nvm/versions/node/v6.9.5/lib/node_modules/protractor/lib/element.ts:96:21)
    at ElementFinder.(anonymous function) [as isDisplayed] (/Users/muchniki/.nvm/versions/node/v6.9.5/lib/node_modules/protractor/lib/element.ts:873:14)
    at Object.<anonymous> (/Users/muchniki/dev/cfgov-refresh/test/browser_tests/spec_suites/content/careers-application-process.js:64:48)
    at /Users/muchniki/.nvm/versions/node/v6.9.5/lib/node_modules/protractor/node_modules/jasminewd2/index.js:110:25
    at new ManagedPromise (/Users/muchniki/.nvm/versions/node/v6.9.5/lib/node_modules/protractor/node_modules/selenium-webdriver/lib/promise.js:1067:7)
    at ControlFlow.promise (/Users/muchniki/.nvm/versions/node/v6.9.5/lib/node_modules/protractor/node_modules/selenium-webdriver/lib/promise.js:2396:12)
    at schedulerExecute (/Users/muchniki/.nvm/versions/node/v6.9.5/lib/node_modules/protractor/node_modules/jasminewd2/index.js:95:18)
    at TaskQueue.execute_ (/Users/muchniki/.nvm/versions/node/v6.9.5/lib/node_modules/protractor/node_modules/selenium-webdriver/lib/promise.js:2970:14)
    at TaskQueue.executeNext_ (/Users/muchniki/.nvm/versions/node/v6.9.5/lib/node_modules/protractor/node_modules/selenium-webdriver/lib/promise.js:2953:27)
From: Task: Run it("should show the image and not the video") in control flow
    at Object.<anonymous> (/Users/muchniki/.nvm/versions/node/v6.9.5/lib/node_modules/protractor/node_modules/jasminewd2/index.js:94:19)
    at attemptAsync (/Users/muchniki/.nvm/versions/node/v6.9.5/lib/node_modules/protractor/node_modules/jasmine-core/lib/jasmine-core/jasmine.js:1980:24)
    at QueueRunner.run (/Users/muchniki/.nvm/versions/node/v6.9.5/lib/node_modules/protractor/node_modules/jasmine-core/lib/jasmine-core/jasmine.js:1935:9)
    at QueueRunner.execute (/Users/muchniki/.nvm/versions/node/v6.9.5/lib/node_modules/protractor/node_modules/jasmine-core/lib/jasmine-core/jasmine.js:1923:10)
    at Spec.queueRunnerFactory (/Users/muchniki/.nvm/versions/node/v6.9.5/lib/node_modules/protractor/node_modules/jasmine-core/lib/jasmine-core/jasmine.js:714:35)
    at Spec.execute (/Users/muchniki/.nvm/versions/node/v6.9.5/lib/node_modules/protractor/node_modules/jasmine-core/lib/jasmine-core/jasmine.js:371:10)
    at Object.fn (/Users/muchniki/.nvm/versions/node/v6.9.5/lib/node_modules/protractor/node_modules/jasmine-core/lib/jasmine-core/jasmine.js:2579:37)
    at attemptAsync (/Users/muchniki/.nvm/versions/node/v6.9.5/lib/node_modules/protractor/node_modules/jasmine-core/lib/jasmine-core/jasmine.js:1980:24)
    at QueueRunner.run (/Users/muchniki/.nvm/versions/node/v6.9.5/lib/node_modules/protractor/node_modules/jasmine-core/lib/jasmine-core/jasmine.js:1935:9)
    at /Users/muchniki/.nvm/versions/node/v6.9.5/lib/node_modules/protractor/node_modules/jasmine-core/lib/jasmine-core/jasmine.js:1962:16
From asynchronous test: 
Error
    at Suite.<anonymous> (/Users/muchniki/dev/cfgov-refresh/test/browser_tests/spec_suites/content/careers-application-process.js:63:7)
    at addSpecsToSuite (/Users/muchniki/.nvm/versions/node/v6.9.5/lib/node_modules/protractor/node_modules/jasmine-core/lib/jasmine-core/jasmine.js:867:25)
    at Env.describe (/Users/muchniki/.nvm/versions/node/v6.9.5/lib/node_modules/protractor/node_modules/jasmine-core/lib/jasmine-core/jasmine.js:836:7)
    at describe (/Users/muchniki/.nvm/versions/node/v6.9.5/lib/node_modules/protractor/node_modules/jasmine-core/lib/jasmine-core/jasmine.js:3576:18)
    at Suite.<anonymous> (/Users/muchniki/dev/cfgov-refresh/test/browser_tests/spec_suites/content/careers-application-process.js:58:5)
    at addSpecsToSuite (/Users/muchniki/.nvm/versions/node/v6.9.5/lib/node_modules/protractor/node_modules/jasmine-core/lib/jasmine-core/jasmine.js:867:25)
    at Env.describe (/Users/muchniki/.nvm/versions/node/v6.9.5/lib/node_modules/protractor/node_modules/jasmine-core/lib/jasmine-core/jasmine.js:836:7)
    at describe (/Users/muchniki/.nvm/versions/node/v6.9.5/lib/node_modules/protractor/node_modules/jasmine-core/lib/jasmine-core/jasmine.js:3576:18)
    at Suite.<anonymous> (/Users/muchniki/dev/cfgov-refresh/test/browser_tests/spec_suites/content/careers-application-process.js:56:3)]]>
   </failure>
  </testcase>
 </testsuite>
 <testsuite name="focused specs.The Application Process Page.(Video Player).on play button click" timestamp="2017-03-01T17:32:13" hostname="localhost" time="0.98" errors="0" tests="2" skipped="0" disabled="0" failures="4">
  <testcase classname="focused specs.The Application Process Page.(Video Player).on play button click" name="should show the video and not the image" time="0.477">
   <failure type="exception" message="Failed: No element found using locator: By(css selector, .video-player)"><![CDATA[NoSuchElementError: No element found using locator: By(css selector, .video-player)
    at WebDriverError (/Users/muchniki/.nvm/versions/node/v6.9.5/lib/node_modules/protractor/node_modules/selenium-webdriver/lib/error.js:27:5)
    at NoSuchElementError (/Users/muchniki/.nvm/versions/node/v6.9.5/lib/node_modules/protractor/node_modules/selenium-webdriver/lib/error.js:168:5)
    at elementArrayFinder.getWebElements.then (/Users/muchniki/.nvm/versions/node/v6.9.5/lib/node_modules/protractor/lib/element.ts:851:17)
    at ManagedPromise.invokeCallback_ (/Users/muchniki/.nvm/versions/node/v6.9.5/lib/node_modules/protractor/node_modules/selenium-webdriver/lib/promise.js:1366:14)
    at TaskQueue.execute_ (/Users/muchniki/.nvm/versions/node/v6.9.5/lib/node_modules/protractor/node_modules/selenium-webdriver/lib/promise.js:2970:14)
    at TaskQueue.executeNext_ (/Users/muchniki/.nvm/versions/node/v6.9.5/lib/node_modules/protractor/node_modules/selenium-webdriver/lib/promise.js:2953:27)
    at asyncRun (/Users/muchniki/.nvm/versions/node/v6.9.5/lib/node_modules/protractor/node_modules/selenium-webdriver/lib/promise.js:2813:27)
    at /Users/muchniki/.nvm/versions/node/v6.9.5/lib/node_modules/protractor/node_modules/selenium-webdriver/lib/promise.js:676:7
    at process._tickCallback (internal/process/next_tick.js:103:7)Error
    at ElementArrayFinder.applyAction_ (/Users/muchniki/.nvm/versions/node/v6.9.5/lib/node_modules/protractor/lib/element.ts:482:23)
    at ElementArrayFinder.(anonymous function) [as isDisplayed] (/Users/muchniki/.nvm/versions/node/v6.9.5/lib/node_modules/protractor/lib/element.ts:96:21)
    at ElementFinder.(anonymous function) [as isDisplayed] (/Users/muchniki/.nvm/versions/node/v6.9.5/lib/node_modules/protractor/lib/element.ts:873:14)
    at Object.<anonymous> (/Users/muchniki/dev/cfgov-refresh/test/browser_tests/spec_suites/content/careers-application-process.js:71:36)
    at /Users/muchniki/.nvm/versions/node/v6.9.5/lib/node_modules/protractor/node_modules/jasminewd2/index.js:110:25
    at new ManagedPromise (/Users/muchniki/.nvm/versions/node/v6.9.5/lib/node_modules/protractor/node_modules/selenium-webdriver/lib/promise.js:1067:7)
    at ControlFlow.promise (/Users/muchniki/.nvm/versions/node/v6.9.5/lib/node_modules/protractor/node_modules/selenium-webdriver/lib/promise.js:2396:12)
    at schedulerExecute (/Users/muchniki/.nvm/versions/node/v6.9.5/lib/node_modules/protractor/node_modules/jasminewd2/index.js:95:18)
    at TaskQueue.execute_ (/Users/muchniki/.nvm/versions/node/v6.9.5/lib/node_modules/protractor/node_modules/selenium-webdriver/lib/promise.js:2970:14)
    at TaskQueue.executeNext_ (/Users/muchniki/.nvm/versions/node/v6.9.5/lib/node_modules/protractor/node_modules/selenium-webdriver/lib/promise.js:2953:27)
From: Task: Run beforeEach in control flow
    at Object.<anonymous> (/Users/muchniki/.nvm/versions/node/v6.9.5/lib/node_modules/protractor/node_modules/jasminewd2/index.js:94:19)
    at attemptAsync (/Users/muchniki/.nvm/versions/node/v6.9.5/lib/node_modules/protractor/node_modules/jasmine-core/lib/jasmine-core/jasmine.js:1980:24)
    at QueueRunner.run (/Users/muchniki/.nvm/versions/node/v6.9.5/lib/node_modules/protractor/node_modules/jasmine-core/lib/jasmine-core/jasmine.js:1935:9)
    at QueueRunner.execute (/Users/muchniki/.nvm/versions/node/v6.9.5/lib/node_modules/protractor/node_modules/jasmine-core/lib/jasmine-core/jasmine.js:1923:10)
    at Spec.queueRunnerFactory (/Users/muchniki/.nvm/versions/node/v6.9.5/lib/node_modules/protractor/node_modules/jasmine-core/lib/jasmine-core/jasmine.js:714:35)
    at Spec.execute (/Users/muchniki/.nvm/versions/node/v6.9.5/lib/node_modules/protractor/node_modules/jasmine-core/lib/jasmine-core/jasmine.js:371:10)
    at Object.fn (/Users/muchniki/.nvm/versions/node/v6.9.5/lib/node_modules/protractor/node_modules/jasmine-core/lib/jasmine-core/jasmine.js:2579:37)
    at attemptAsync (/Users/muchniki/.nvm/versions/node/v6.9.5/lib/node_modules/protractor/node_modules/jasmine-core/lib/jasmine-core/jasmine.js:1980:24)
    at QueueRunner.run (/Users/muchniki/.nvm/versions/node/v6.9.5/lib/node_modules/protractor/node_modules/jasmine-core/lib/jasmine-core/jasmine.js:1935:9)
    at QueueRunner.execute (/Users/muchniki/.nvm/versions/node/v6.9.5/lib/node_modules/protractor/node_modules/jasmine-core/lib/jasmine-core/jasmine.js:1923:10)
From asynchronous test: 
Error
    at Suite.<anonymous> (/Users/muchniki/dev/cfgov-refresh/test/browser_tests/spec_suites/content/careers-application-process.js:70:7)
    at addSpecsToSuite (/Users/muchniki/.nvm/versions/node/v6.9.5/lib/node_modules/protractor/node_modules/jasmine-core/lib/jasmine-core/jasmine.js:867:25)
    at Env.describe (/Users/muchniki/.nvm/versions/node/v6.9.5/lib/node_modules/protractor/node_modules/jasmine-core/lib/jasmine-core/jasmine.js:836:7)
    at describe (/Users/muchniki/.nvm/versions/node/v6.9.5/lib/node_modules/protractor/node_modules/jasmine-core/lib/jasmine-core/jasmine.js:3576:18)
    at Suite.<anonymous> (/Users/muchniki/dev/cfgov-refresh/test/browser_tests/spec_suites/content/careers-application-process.js:69:5)
    at addSpecsToSuite (/Users/muchniki/.nvm/versions/node/v6.9.5/lib/node_modules/protractor/node_modules/jasmine-core/lib/jasmine-core/jasmine.js:867:25)
    at Env.describe (/Users/muchniki/.nvm/versions/node/v6.9.5/lib/node_modules/protractor/node_modules/jasmine-core/lib/jasmine-core/jasmine.js:836:7)
    at describe (/Users/muchniki/.nvm/versions/node/v6.9.5/lib/node_modules/protractor/node_modules/jasmine-core/lib/jasmine-core/jasmine.js:3576:18)
    at Suite.<anonymous> (/Users/muchniki/dev/cfgov-refresh/test/browser_tests/spec_suites/content/careers-application-process.js:56:3)]]>
   </failure>
   <failure type="exception" message="Failed: No element found using locator: By(css selector, .video-player)"><![CDATA[NoSuchElementError: No element found using locator: By(css selector, .video-player)
    at WebDriverError (/Users/muchniki/.nvm/versions/node/v6.9.5/lib/node_modules/protractor/node_modules/selenium-webdriver/lib/error.js:27:5)
    at NoSuchElementError (/Users/muchniki/.nvm/versions/node/v6.9.5/lib/node_modules/protractor/node_modules/selenium-webdriver/lib/error.js:168:5)
    at elementArrayFinder.getWebElements.then (/Users/muchniki/.nvm/versions/node/v6.9.5/lib/node_modules/protractor/lib/element.ts:851:17)
    at ManagedPromise.invokeCallback_ (/Users/muchniki/.nvm/versions/node/v6.9.5/lib/node_modules/protractor/node_modules/selenium-webdriver/lib/promise.js:1366:14)
    at TaskQueue.execute_ (/Users/muchniki/.nvm/versions/node/v6.9.5/lib/node_modules/protractor/node_modules/selenium-webdriver/lib/promise.js:2970:14)
    at TaskQueue.executeNext_ (/Users/muchniki/.nvm/versions/node/v6.9.5/lib/node_modules/protractor/node_modules/selenium-webdriver/lib/promise.js:2953:27)
    at asyncRun (/Users/muchniki/.nvm/versions/node/v6.9.5/lib/node_modules/protractor/node_modules/selenium-webdriver/lib/promise.js:2813:27)
    at /Users/muchniki/.nvm/versions/node/v6.9.5/lib/node_modules/protractor/node_modules/selenium-webdriver/lib/promise.js:676:7
    at process._tickCallback (internal/process/next_tick.js:103:7)Error
    at ElementArrayFinder.applyAction_ (/Users/muchniki/.nvm/versions/node/v6.9.5/lib/node_modules/protractor/lib/element.ts:482:23)
    at ElementArrayFinder.(anonymous function) [as isDisplayed] (/Users/muchniki/.nvm/versions/node/v6.9.5/lib/node_modules/protractor/lib/element.ts:96:21)
    at ElementFinder.(anonymous function) [as isDisplayed] (/Users/muchniki/.nvm/versions/node/v6.9.5/lib/node_modules/protractor/lib/element.ts:873:14)
    at Object.<anonymous> (/Users/muchniki/dev/cfgov-refresh/test/browser_tests/spec_suites/content/careers-application-process.js:81:48)
    at /Users/muchniki/.nvm/versions/node/v6.9.5/lib/node_modules/protractor/node_modules/jasminewd2/index.js:110:25
    at new ManagedPromise (/Users/muchniki/.nvm/versions/node/v6.9.5/lib/node_modules/protractor/node_modules/selenium-webdriver/lib/promise.js:1067:7)
    at ControlFlow.promise (/Users/muchniki/.nvm/versions/node/v6.9.5/lib/node_modules/protractor/node_modules/selenium-webdriver/lib/promise.js:2396:12)
    at schedulerExecute (/Users/muchniki/.nvm/versions/node/v6.9.5/lib/node_modules/protractor/node_modules/jasminewd2/index.js:95:18)
    at TaskQueue.execute_ (/Users/muchniki/.nvm/versions/node/v6.9.5/lib/node_modules/protractor/node_modules/selenium-webdriver/lib/promise.js:2970:14)
    at TaskQueue.executeNext_ (/Users/muchniki/.nvm/versions/node/v6.9.5/lib/node_modules/protractor/node_modules/selenium-webdriver/lib/promise.js:2953:27)
From: Task: Run it("should show the video and not the image") in control flow
    at Object.<anonymous> (/Users/muchniki/.nvm/versions/node/v6.9.5/lib/node_modules/protractor/node_modules/jasminewd2/index.js:94:19)
    at attemptAsync (/Users/muchniki/.nvm/versions/node/v6.9.5/lib/node_modules/protractor/node_modules/jasmine-core/lib/jasmine-core/jasmine.js:1980:24)
    at QueueRunner.run (/Users/muchniki/.nvm/versions/node/v6.9.5/lib/node_modules/protractor/node_modules/jasmine-core/lib/jasmine-core/jasmine.js:1935:9)
    at /Users/muchniki/.nvm/versions/node/v6.9.5/lib/node_modules/protractor/node_modules/jasmine-core/lib/jasmine-core/jasmine.js:1962:16
    at /Users/muchniki/.nvm/versions/node/v6.9.5/lib/node_modules/protractor/node_modules/jasmine-core/lib/jasmine-core/jasmine.js:1905:9
    at Function.next.fail (/Users/muchniki/.nvm/versions/node/v6.9.5/lib/node_modules/protractor/node_modules/jasmine-core/lib/jasmine-core/jasmine.js:1968:9)
    at /Users/muchniki/.nvm/versions/node/v6.9.5/lib/node_modules/protractor/node_modules/jasminewd2/index.js:64:48
    at ControlFlow.emit (/Users/muchniki/.nvm/versions/node/v6.9.5/lib/node_modules/protractor/node_modules/selenium-webdriver/lib/events.js:62:21)
    at ControlFlow.shutdown_ (/Users/muchniki/.nvm/versions/node/v6.9.5/lib/node_modules/protractor/node_modules/selenium-webdriver/lib/promise.js:2565:10)
    at shutdownTask_.MicroTask (/Users/muchniki/.nvm/versions/node/v6.9.5/lib/node_modules/protractor/node_modules/selenium-webdriver/lib/promise.js:2490:53)
From asynchronous test: 
Error
    at Suite.<anonymous> (/Users/muchniki/dev/cfgov-refresh/test/browser_tests/spec_suites/content/careers-application-process.js:80:7)
    at addSpecsToSuite (/Users/muchniki/.nvm/versions/node/v6.9.5/lib/node_modules/protractor/node_modules/jasmine-core/lib/jasmine-core/jasmine.js:867:25)
    at Env.describe (/Users/muchniki/.nvm/versions/node/v6.9.5/lib/node_modules/protractor/node_modules/jasmine-core/lib/jasmine-core/jasmine.js:836:7)
    at describe (/Users/muchniki/.nvm/versions/node/v6.9.5/lib/node_modules/protractor/node_modules/jasmine-core/lib/jasmine-core/jasmine.js:3576:18)
    at Suite.<anonymous> (/Users/muchniki/dev/cfgov-refresh/test/browser_tests/spec_suites/content/careers-application-process.js:69:5)
    at addSpecsToSuite (/Users/muchniki/.nvm/versions/node/v6.9.5/lib/node_modules/protractor/node_modules/jasmine-core/lib/jasmine-core/jasmine.js:867:25)
    at Env.describe (/Users/muchniki/.nvm/versions/node/v6.9.5/lib/node_modules/protractor/node_modules/jasmine-core/lib/jasmine-core/jasmine.js:836:7)
    at describe (/Users/muchniki/.nvm/versions/node/v6.9.5/lib/node_modules/protractor/node_modules/jasmine-core/lib/jasmine-core/jasmine.js:3576:18)
    at Suite.<anonymous> (/Users/muchniki/dev/cfgov-refresh/test/browser_tests/spec_suites/content/careers-application-process.js:56:3)]]>
   </failure>
  </testcase>
  <testcase classname="focused specs.The Application Process Page.(Video Player).on play button click" name="should attach an iframe" time="0.502">
   <failure type="exception" message="Failed: No element found using locator: By(css selector, .video-player)"><![CDATA[NoSuchElementError: No element found using locator: By(css selector, .video-player)
    at WebDriverError (/Users/muchniki/.nvm/versions/node/v6.9.5/lib/node_modules/protractor/node_modules/selenium-webdriver/lib/error.js:27:5)
    at NoSuchElementError (/Users/muchniki/.nvm/versions/node/v6.9.5/lib/node_modules/protractor/node_modules/selenium-webdriver/lib/error.js:168:5)
    at elementArrayFinder.getWebElements.then (/Users/muchniki/.nvm/versions/node/v6.9.5/lib/node_modules/protractor/lib/element.ts:851:17)
    at ManagedPromise.invokeCallback_ (/Users/muchniki/.nvm/versions/node/v6.9.5/lib/node_modules/protractor/node_modules/selenium-webdriver/lib/promise.js:1366:14)
    at TaskQueue.execute_ (/Users/muchniki/.nvm/versions/node/v6.9.5/lib/node_modules/protractor/node_modules/selenium-webdriver/lib/promise.js:2970:14)
    at TaskQueue.executeNext_ (/Users/muchniki/.nvm/versions/node/v6.9.5/lib/node_modules/protractor/node_modules/selenium-webdriver/lib/promise.js:2953:27)
    at asyncRun (/Users/muchniki/.nvm/versions/node/v6.9.5/lib/node_modules/protractor/node_modules/selenium-webdriver/lib/promise.js:2813:27)
    at /Users/muchniki/.nvm/versions/node/v6.9.5/lib/node_modules/protractor/node_modules/selenium-webdriver/lib/promise.js:676:7
    at process._tickCallback (internal/process/next_tick.js:103:7)Error
    at ElementArrayFinder.applyAction_ (/Users/muchniki/.nvm/versions/node/v6.9.5/lib/node_modules/protractor/lib/element.ts:482:23)
    at ElementArrayFinder.(anonymous function) [as isDisplayed] (/Users/muchniki/.nvm/versions/node/v6.9.5/lib/node_modules/protractor/lib/element.ts:96:21)
    at ElementFinder.(anonymous function) [as isDisplayed] (/Users/muchniki/.nvm/versions/node/v6.9.5/lib/node_modules/protractor/lib/element.ts:873:14)
    at Object.<anonymous> (/Users/muchniki/dev/cfgov-refresh/test/browser_tests/spec_suites/content/careers-application-process.js:71:36)
    at /Users/muchniki/.nvm/versions/node/v6.9.5/lib/node_modules/protractor/node_modules/jasminewd2/index.js:110:25
    at new ManagedPromise (/Users/muchniki/.nvm/versions/node/v6.9.5/lib/node_modules/protractor/node_modules/selenium-webdriver/lib/promise.js:1067:7)
    at ControlFlow.promise (/Users/muchniki/.nvm/versions/node/v6.9.5/lib/node_modules/protractor/node_modules/selenium-webdriver/lib/promise.js:2396:12)
    at schedulerExecute (/Users/muchniki/.nvm/versions/node/v6.9.5/lib/node_modules/protractor/node_modules/jasminewd2/index.js:95:18)
    at TaskQueue.execute_ (/Users/muchniki/.nvm/versions/node/v6.9.5/lib/node_modules/protractor/node_modules/selenium-webdriver/lib/promise.js:2970:14)
    at TaskQueue.executeNext_ (/Users/muchniki/.nvm/versions/node/v6.9.5/lib/node_modules/protractor/node_modules/selenium-webdriver/lib/promise.js:2953:27)
From: Task: Run beforeEach in control flow
    at Object.<anonymous> (/Users/muchniki/.nvm/versions/node/v6.9.5/lib/node_modules/protractor/node_modules/jasminewd2/index.js:94:19)
    at attemptAsync (/Users/muchniki/.nvm/versions/node/v6.9.5/lib/node_modules/protractor/node_modules/jasmine-core/lib/jasmine-core/jasmine.js:1980:24)
    at QueueRunner.run (/Users/muchniki/.nvm/versions/node/v6.9.5/lib/node_modules/protractor/node_modules/jasmine-core/lib/jasmine-core/jasmine.js:1935:9)
    at QueueRunner.execute (/Users/muchniki/.nvm/versions/node/v6.9.5/lib/node_modules/protractor/node_modules/jasmine-core/lib/jasmine-core/jasmine.js:1923:10)
    at Spec.queueRunnerFactory (/Users/muchniki/.nvm/versions/node/v6.9.5/lib/node_modules/protractor/node_modules/jasmine-core/lib/jasmine-core/jasmine.js:714:35)
    at Spec.execute (/Users/muchniki/.nvm/versions/node/v6.9.5/lib/node_modules/protractor/node_modules/jasmine-core/lib/jasmine-core/jasmine.js:371:10)
    at Object.fn (/Users/muchniki/.nvm/versions/node/v6.9.5/lib/node_modules/protractor/node_modules/jasmine-core/lib/jasmine-core/jasmine.js:2579:37)
    at attemptAsync (/Users/muchniki/.nvm/versions/node/v6.9.5/lib/node_modules/protractor/node_modules/jasmine-core/lib/jasmine-core/jasmine.js:1980:24)
    at QueueRunner.run (/Users/muchniki/.nvm/versions/node/v6.9.5/lib/node_modules/protractor/node_modules/jasmine-core/lib/jasmine-core/jasmine.js:1935:9)
    at /Users/muchniki/.nvm/versions/node/v6.9.5/lib/node_modules/protractor/node_modules/jasmine-core/lib/jasmine-core/jasmine.js:1962:16
From asynchronous test: 
Error
    at Suite.<anonymous> (/Users/muchniki/dev/cfgov-refresh/test/browser_tests/spec_suites/content/careers-application-process.js:70:7)
    at addSpecsToSuite (/Users/muchniki/.nvm/versions/node/v6.9.5/lib/node_modules/protractor/node_modules/jasmine-core/lib/jasmine-core/jasmine.js:867:25)
    at Env.describe (/Users/muchniki/.nvm/versions/node/v6.9.5/lib/node_modules/protractor/node_modules/jasmine-core/lib/jasmine-core/jasmine.js:836:7)
    at describe (/Users/muchniki/.nvm/versions/node/v6.9.5/lib/node_modules/protractor/node_modules/jasmine-core/lib/jasmine-core/jasmine.js:3576:18)
    at Suite.<anonymous> (/Users/muchniki/dev/cfgov-refresh/test/browser_tests/spec_suites/content/careers-application-process.js:69:5)
    at addSpecsToSuite (/Users/muchniki/.nvm/versions/node/v6.9.5/lib/node_modules/protractor/node_modules/jasmine-core/lib/jasmine-core/jasmine.js:867:25)
    at Env.describe (/Users/muchniki/.nvm/versions/node/v6.9.5/lib/node_modules/protractor/node_modules/jasmine-core/lib/jasmine-core/jasmine.js:836:7)
    at describe (/Users/muchniki/.nvm/versions/node/v6.9.5/lib/node_modules/protractor/node_modules/jasmine-core/lib/jasmine-core/jasmine.js:3576:18)
    at Suite.<anonymous> (/Users/muchniki/dev/cfgov-refresh/test/browser_tests/spec_suites/content/careers-application-process.js:56:3)]]>
   </failure>
   <failure type="toBe" message="Expected false to be true."><![CDATA[Error: Failed expectation
    at Object.<anonymous> (/Users/muchniki/dev/cfgov-refresh/test/browser_tests/spec_suites/content/careers-application-process.js:86:59)
    at /Users/muchniki/.nvm/versions/node/v6.9.5/lib/node_modules/protractor/node_modules/jasminewd2/index.js:110:25
    at new ManagedPromise (/Users/muchniki/.nvm/versions/node/v6.9.5/lib/node_modules/protractor/node_modules/selenium-webdriver/lib/promise.js:1067:7)
    at ControlFlow.promise (/Users/muchniki/.nvm/versions/node/v6.9.5/lib/node_modules/protractor/node_modules/selenium-webdriver/lib/promise.js:2396:12)
    at schedulerExecute (/Users/muchniki/.nvm/versions/node/v6.9.5/lib/node_modules/protractor/node_modules/jasminewd2/index.js:95:18)
    at TaskQueue.execute_ (/Users/muchniki/.nvm/versions/node/v6.9.5/lib/node_modules/protractor/node_modules/selenium-webdriver/lib/promise.js:2970:14)
    at TaskQueue.executeNext_ (/Users/muchniki/.nvm/versions/node/v6.9.5/lib/node_modules/protractor/node_modules/selenium-webdriver/lib/promise.js:2953:27)
    at asyncRun (/Users/muchniki/.nvm/versions/node/v6.9.5/lib/node_modules/protractor/node_modules/selenium-webdriver/lib/promise.js:2860:25)
    at /Users/muchniki/.nvm/versions/node/v6.9.5/lib/node_modules/protractor/node_modules/selenium-webdriver/lib/promise.js:676:7]]>
   </failure>
  </testcase>
 </testsuite>
 <testsuite name="focused specs.The Application Process Page.(Video Player).on close button click" timestamp="2017-03-01T17:32:14" hostname="localhost" time="0.502" errors="0" tests="1" skipped="0" disabled="0" failures="2">
  <testcase classname="focused specs.The Application Process Page.(Video Player).on close button click" name="should hide the video and show the image" time="0.501">
   <failure type="exception" message="Failed: No element found using locator: By(css selector, .video-player)"><![CDATA[NoSuchElementError: No element found using locator: By(css selector, .video-player)
    at WebDriverError (/Users/muchniki/.nvm/versions/node/v6.9.5/lib/node_modules/protractor/node_modules/selenium-webdriver/lib/error.js:27:5)
    at NoSuchElementError (/Users/muchniki/.nvm/versions/node/v6.9.5/lib/node_modules/protractor/node_modules/selenium-webdriver/lib/error.js:168:5)
    at elementArrayFinder.getWebElements.then (/Users/muchniki/.nvm/versions/node/v6.9.5/lib/node_modules/protractor/lib/element.ts:851:17)
    at ManagedPromise.invokeCallback_ (/Users/muchniki/.nvm/versions/node/v6.9.5/lib/node_modules/protractor/node_modules/selenium-webdriver/lib/promise.js:1366:14)
    at TaskQueue.execute_ (/Users/muchniki/.nvm/versions/node/v6.9.5/lib/node_modules/protractor/node_modules/selenium-webdriver/lib/promise.js:2970:14)
    at TaskQueue.executeNext_ (/Users/muchniki/.nvm/versions/node/v6.9.5/lib/node_modules/protractor/node_modules/selenium-webdriver/lib/promise.js:2953:27)
    at asyncRun (/Users/muchniki/.nvm/versions/node/v6.9.5/lib/node_modules/protractor/node_modules/selenium-webdriver/lib/promise.js:2813:27)
    at /Users/muchniki/.nvm/versions/node/v6.9.5/lib/node_modules/protractor/node_modules/selenium-webdriver/lib/promise.js:676:7
    at process._tickCallback (internal/process/next_tick.js:103:7)Error
    at ElementArrayFinder.applyAction_ (/Users/muchniki/.nvm/versions/node/v6.9.5/lib/node_modules/protractor/lib/element.ts:482:23)
    at ElementArrayFinder.(anonymous function) [as isDisplayed] (/Users/muchniki/.nvm/versions/node/v6.9.5/lib/node_modules/protractor/lib/element.ts:96:21)
    at ElementFinder.(anonymous function) [as isDisplayed] (/Users/muchniki/.nvm/versions/node/v6.9.5/lib/node_modules/protractor/lib/element.ts:873:14)
    at Object.<anonymous> (/Users/muchniki/dev/cfgov-refresh/test/browser_tests/spec_suites/content/careers-application-process.js:92:37)
    at /Users/muchniki/.nvm/versions/node/v6.9.5/lib/node_modules/protractor/node_modules/jasminewd2/index.js:110:25
    at new ManagedPromise (/Users/muchniki/.nvm/versions/node/v6.9.5/lib/node_modules/protractor/node_modules/selenium-webdriver/lib/promise.js:1067:7)
    at ControlFlow.promise (/Users/muchniki/.nvm/versions/node/v6.9.5/lib/node_modules/protractor/node_modules/selenium-webdriver/lib/promise.js:2396:12)
    at schedulerExecute (/Users/muchniki/.nvm/versions/node/v6.9.5/lib/node_modules/protractor/node_modules/jasminewd2/index.js:95:18)
    at TaskQueue.execute_ (/Users/muchniki/.nvm/versions/node/v6.9.5/lib/node_modules/protractor/node_modules/selenium-webdriver/lib/promise.js:2970:14)
    at TaskQueue.executeNext_ (/Users/muchniki/.nvm/versions/node/v6.9.5/lib/node_modules/protractor/node_modules/selenium-webdriver/lib/promise.js:2953:27)
From: Task: Run beforeEach in control flow
    at Object.<anonymous> (/Users/muchniki/.nvm/versions/node/v6.9.5/lib/node_modules/protractor/node_modules/jasminewd2/index.js:94:19)
    at attemptAsync (/Users/muchniki/.nvm/versions/node/v6.9.5/lib/node_modules/protractor/node_modules/jasmine-core/lib/jasmine-core/jasmine.js:1980:24)
    at QueueRunner.run (/Users/muchniki/.nvm/versions/node/v6.9.5/lib/node_modules/protractor/node_modules/jasmine-core/lib/jasmine-core/jasmine.js:1935:9)
    at QueueRunner.execute (/Users/muchniki/.nvm/versions/node/v6.9.5/lib/node_modules/protractor/node_modules/jasmine-core/lib/jasmine-core/jasmine.js:1923:10)
    at Spec.queueRunnerFactory (/Users/muchniki/.nvm/versions/node/v6.9.5/lib/node_modules/protractor/node_modules/jasmine-core/lib/jasmine-core/jasmine.js:714:35)
    at Spec.execute (/Users/muchniki/.nvm/versions/node/v6.9.5/lib/node_modules/protractor/node_modules/jasmine-core/lib/jasmine-core/jasmine.js:371:10)
    at Object.fn (/Users/muchniki/.nvm/versions/node/v6.9.5/lib/node_modules/protractor/node_modules/jasmine-core/lib/jasmine-core/jasmine.js:2579:37)
    at attemptAsync (/Users/muchniki/.nvm/versions/node/v6.9.5/lib/node_modules/protractor/node_modules/jasmine-core/lib/jasmine-core/jasmine.js:1980:24)
    at QueueRunner.run (/Users/muchniki/.nvm/versions/node/v6.9.5/lib/node_modules/protractor/node_modules/jasmine-core/lib/jasmine-core/jasmine.js:1935:9)
    at QueueRunner.execute (/Users/muchniki/.nvm/versions/node/v6.9.5/lib/node_modules/protractor/node_modules/jasmine-core/lib/jasmine-core/jasmine.js:1923:10)
From asynchronous test: 
Error
    at Suite.<anonymous> (/Users/muchniki/dev/cfgov-refresh/test/browser_tests/spec_suites/content/careers-application-process.js:91:7)
    at addSpecsToSuite (/Users/muchniki/.nvm/versions/node/v6.9.5/lib/node_modules/protractor/node_modules/jasmine-core/lib/jasmine-core/jasmine.js:867:25)
    at Env.describe (/Users/muchniki/.nvm/versions/node/v6.9.5/lib/node_modules/protractor/node_modules/jasmine-core/lib/jasmine-core/jasmine.js:836:7)
    at describe (/Users/muchniki/.nvm/versions/node/v6.9.5/lib/node_modules/protractor/node_modules/jasmine-core/lib/jasmine-core/jasmine.js:3576:18)
    at Suite.<anonymous> (/Users/muchniki/dev/cfgov-refresh/test/browser_tests/spec_suites/content/careers-application-process.js:90:5)
    at addSpecsToSuite (/Users/muchniki/.nvm/versions/node/v6.9.5/lib/node_modules/protractor/node_modules/jasmine-core/lib/jasmine-core/jasmine.js:867:25)
    at Env.describe (/Users/muchniki/.nvm/versions/node/v6.9.5/lib/node_modules/protractor/node_modules/jasmine-core/lib/jasmine-core/jasmine.js:836:7)
    at describe (/Users/muchniki/.nvm/versions/node/v6.9.5/lib/node_modules/protractor/node_modules/jasmine-core/lib/jasmine-core/jasmine.js:3576:18)
    at Suite.<anonymous> (/Users/muchniki/dev/cfgov-refresh/test/browser_tests/spec_suites/content/careers-application-process.js:56:3)]]>
   </failure>
   <failure type="exception" message="Failed: No element found using locator: By(css selector, .video-player)"><![CDATA[NoSuchElementError: No element found using locator: By(css selector, .video-player)
    at WebDriverError (/Users/muchniki/.nvm/versions/node/v6.9.5/lib/node_modules/protractor/node_modules/selenium-webdriver/lib/error.js:27:5)
    at NoSuchElementError (/Users/muchniki/.nvm/versions/node/v6.9.5/lib/node_modules/protractor/node_modules/selenium-webdriver/lib/error.js:168:5)
    at elementArrayFinder.getWebElements.then (/Users/muchniki/.nvm/versions/node/v6.9.5/lib/node_modules/protractor/lib/element.ts:851:17)
    at ManagedPromise.invokeCallback_ (/Users/muchniki/.nvm/versions/node/v6.9.5/lib/node_modules/protractor/node_modules/selenium-webdriver/lib/promise.js:1366:14)
    at TaskQueue.execute_ (/Users/muchniki/.nvm/versions/node/v6.9.5/lib/node_modules/protractor/node_modules/selenium-webdriver/lib/promise.js:2970:14)
    at TaskQueue.executeNext_ (/Users/muchniki/.nvm/versions/node/v6.9.5/lib/node_modules/protractor/node_modules/selenium-webdriver/lib/promise.js:2953:27)
    at asyncRun (/Users/muchniki/.nvm/versions/node/v6.9.5/lib/node_modules/protractor/node_modules/selenium-webdriver/lib/promise.js:2813:27)
    at /Users/muchniki/.nvm/versions/node/v6.9.5/lib/node_modules/protractor/node_modules/selenium-webdriver/lib/promise.js:676:7
    at process._tickCallback (internal/process/next_tick.js:103:7)Error
    at ElementArrayFinder.applyAction_ (/Users/muchniki/.nvm/versions/node/v6.9.5/lib/node_modules/protractor/lib/element.ts:482:23)
    at ElementArrayFinder.(anonymous function) [as isDisplayed] (/Users/muchniki/.nvm/versions/node/v6.9.5/lib/node_modules/protractor/lib/element.ts:96:21)
    at ElementFinder.(anonymous function) [as isDisplayed] (/Users/muchniki/.nvm/versions/node/v6.9.5/lib/node_modules/protractor/lib/element.ts:873:14)
    at Object.<anonymous> (/Users/muchniki/dev/cfgov-refresh/test/browser_tests/spec_suites/content/careers-application-process.js:102:48)
    at /Users/muchniki/.nvm/versions/node/v6.9.5/lib/node_modules/protractor/node_modules/jasminewd2/index.js:110:25
    at new ManagedPromise (/Users/muchniki/.nvm/versions/node/v6.9.5/lib/node_modules/protractor/node_modules/selenium-webdriver/lib/promise.js:1067:7)
    at ControlFlow.promise (/Users/muchniki/.nvm/versions/node/v6.9.5/lib/node_modules/protractor/node_modules/selenium-webdriver/lib/promise.js:2396:12)
    at schedulerExecute (/Users/muchniki/.nvm/versions/node/v6.9.5/lib/node_modules/protractor/node_modules/jasminewd2/index.js:95:18)
    at TaskQueue.execute_ (/Users/muchniki/.nvm/versions/node/v6.9.5/lib/node_modules/protractor/node_modules/selenium-webdriver/lib/promise.js:2970:14)
    at TaskQueue.executeNext_ (/Users/muchniki/.nvm/versions/node/v6.9.5/lib/node_modules/protractor/node_modules/selenium-webdriver/lib/promise.js:2953:27)
From: Task: Run it("should hide the video and show the image") in control flow
    at Object.<anonymous> (/Users/muchniki/.nvm/versions/node/v6.9.5/lib/node_modules/protractor/node_modules/jasminewd2/index.js:94:19)
    at attemptAsync (/Users/muchniki/.nvm/versions/node/v6.9.5/lib/node_modules/protractor/node_modules/jasmine-core/lib/jasmine-core/jasmine.js:1980:24)
    at QueueRunner.run (/Users/muchniki/.nvm/versions/node/v6.9.5/lib/node_modules/protractor/node_modules/jasmine-core/lib/jasmine-core/jasmine.js:1935:9)
    at /Users/muchniki/.nvm/versions/node/v6.9.5/lib/node_modules/protractor/node_modules/jasmine-core/lib/jasmine-core/jasmine.js:1962:16
    at /Users/muchniki/.nvm/versions/node/v6.9.5/lib/node_modules/protractor/node_modules/jasmine-core/lib/jasmine-core/jasmine.js:1905:9
    at Function.next.fail (/Users/muchniki/.nvm/versions/node/v6.9.5/lib/node_modules/protractor/node_modules/jasmine-core/lib/jasmine-core/jasmine.js:1968:9)
    at /Users/muchniki/.nvm/versions/node/v6.9.5/lib/node_modules/protractor/node_modules/jasminewd2/index.js:64:48
    at ControlFlow.emit (/Users/muchniki/.nvm/versions/node/v6.9.5/lib/node_modules/protractor/node_modules/selenium-webdriver/lib/events.js:62:21)
    at ControlFlow.shutdown_ (/Users/muchniki/.nvm/versions/node/v6.9.5/lib/node_modules/protractor/node_modules/selenium-webdriver/lib/promise.js:2565:10)
    at shutdownTask_.MicroTask (/Users/muchniki/.nvm/versions/node/v6.9.5/lib/node_modules/protractor/node_modules/selenium-webdriver/lib/promise.js:2490:53)
From asynchronous test: 
Error
    at Suite.<anonymous> (/Users/muchniki/dev/cfgov-refresh/test/browser_tests/spec_suites/content/careers-application-process.js:101:7)
    at addSpecsToSuite (/Users/muchniki/.nvm/versions/node/v6.9.5/lib/node_modules/protractor/node_modules/jasmine-core/lib/jasmine-core/jasmine.js:867:25)
    at Env.describe (/Users/muchniki/.nvm/versions/node/v6.9.5/lib/node_modules/protractor/node_modules/jasmine-core/lib/jasmine-core/jasmine.js:836:7)
    at describe (/Users/muchniki/.nvm/versions/node/v6.9.5/lib/node_modules/protractor/node_modules/jasmine-core/lib/jasmine-core/jasmine.js:3576:18)
    at Suite.<anonymous> (/Users/muchniki/dev/cfgov-refresh/test/browser_tests/spec_suites/content/careers-application-process.js:90:5)
    at addSpecsToSuite (/Users/muchniki/.nvm/versions/node/v6.9.5/lib/node_modules/protractor/node_modules/jasmine-core/lib/jasmine-core/jasmine.js:867:25)
    at Env.describe (/Users/muchniki/.nvm/versions/node/v6.9.5/lib/node_modules/protractor/node_modules/jasmine-core/lib/jasmine-core/jasmine.js:836:7)
    at describe (/Users/muchniki/.nvm/versions/node/v6.9.5/lib/node_modules/protractor/node_modules/jasmine-core/lib/jasmine-core/jasmine.js:3576:18)
    at Suite.<anonymous> (/Users/muchniki/dev/cfgov-refresh/test/browser_tests/spec_suites/content/careers-application-process.js:56:3)]]>
   </failure>
  </testcase>
 </testsuite>
 <testsuite name="focused specs.The Current Openings Page" timestamp="2017-03-01T17:32:14" hostname="localhost" time="0.767" errors="0" tests="4" skipped="0" disabled="0" failures="4">
  <testcase classname="focused specs.The Current Openings Page" name="should properly load in a browser" time="0.012">
   <failure type="toContain" message="Expected &apos;&apos; to contain &apos;Current Openings&apos;."><![CDATA[Error: Failed expectation
    at Object.<anonymous> (/Users/muchniki/dev/cfgov-refresh/test/browser_tests/spec_suites/content/careers-current-openings.js:20:32)
    at /Users/muchniki/.nvm/versions/node/v6.9.5/lib/node_modules/protractor/node_modules/jasminewd2/index.js:110:25
    at new ManagedPromise (/Users/muchniki/.nvm/versions/node/v6.9.5/lib/node_modules/protractor/node_modules/selenium-webdriver/lib/promise.js:1067:7)
    at ControlFlow.promise (/Users/muchniki/.nvm/versions/node/v6.9.5/lib/node_modules/protractor/node_modules/selenium-webdriver/lib/promise.js:2396:12)
    at schedulerExecute (/Users/muchniki/.nvm/versions/node/v6.9.5/lib/node_modules/protractor/node_modules/jasminewd2/index.js:95:18)
    at TaskQueue.execute_ (/Users/muchniki/.nvm/versions/node/v6.9.5/lib/node_modules/protractor/node_modules/selenium-webdriver/lib/promise.js:2970:14)
    at TaskQueue.executeNext_ (/Users/muchniki/.nvm/versions/node/v6.9.5/lib/node_modules/protractor/node_modules/selenium-webdriver/lib/promise.js:2953:27)
    at asyncRun (/Users/muchniki/.nvm/versions/node/v6.9.5/lib/node_modules/protractor/node_modules/selenium-webdriver/lib/promise.js:2860:25)
    at /Users/muchniki/.nvm/versions/node/v6.9.5/lib/node_modules/protractor/node_modules/selenium-webdriver/lib/promise.js:676:7]]>
   </failure>
  </testcase>
  <testcase classname="focused specs.The Current Openings Page" name="should have a sideNav" time="0.244">
   <failure type="toBe" message="Expected false to be true."><![CDATA[Error: Failed expectation
    at Object.<anonymous> (/Users/muchniki/dev/cfgov-refresh/test/browser_tests/spec_suites/content/careers-current-openings.js:24:40)
    at /Users/muchniki/.nvm/versions/node/v6.9.5/lib/node_modules/protractor/node_modules/jasminewd2/index.js:110:25
    at new ManagedPromise (/Users/muchniki/.nvm/versions/node/v6.9.5/lib/node_modules/protractor/node_modules/selenium-webdriver/lib/promise.js:1067:7)
    at ControlFlow.promise (/Users/muchniki/.nvm/versions/node/v6.9.5/lib/node_modules/protractor/node_modules/selenium-webdriver/lib/promise.js:2396:12)
    at schedulerExecute (/Users/muchniki/.nvm/versions/node/v6.9.5/lib/node_modules/protractor/node_modules/jasminewd2/index.js:95:18)
    at TaskQueue.execute_ (/Users/muchniki/.nvm/versions/node/v6.9.5/lib/node_modules/protractor/node_modules/selenium-webdriver/lib/promise.js:2970:14)
    at TaskQueue.executeNext_ (/Users/muchniki/.nvm/versions/node/v6.9.5/lib/node_modules/protractor/node_modules/selenium-webdriver/lib/promise.js:2953:27)
    at asyncRun (/Users/muchniki/.nvm/versions/node/v6.9.5/lib/node_modules/protractor/node_modules/selenium-webdriver/lib/promise.js:2860:25)
    at /Users/muchniki/.nvm/versions/node/v6.9.5/lib/node_modules/protractor/node_modules/selenium-webdriver/lib/promise.js:676:7]]>
   </failure>
  </testcase>
  <testcase classname="focused specs.The Current Openings Page" name="should have a career info section" time="0.252">
   <failure type="exception" message="Failed: No element found using locator: By(css selector, [data-qa-hook=&quot;info-section&quot;])"><![CDATA[NoSuchElementError: No element found using locator: By(css selector, [data-qa-hook="info-section"])
    at WebDriverError (/Users/muchniki/.nvm/versions/node/v6.9.5/lib/node_modules/protractor/node_modules/selenium-webdriver/lib/error.js:27:5)
    at NoSuchElementError (/Users/muchniki/.nvm/versions/node/v6.9.5/lib/node_modules/protractor/node_modules/selenium-webdriver/lib/error.js:168:5)
    at elementArrayFinder.getWebElements.then (/Users/muchniki/.nvm/versions/node/v6.9.5/lib/node_modules/protractor/lib/element.ts:851:17)
    at ManagedPromise.invokeCallback_ (/Users/muchniki/.nvm/versions/node/v6.9.5/lib/node_modules/protractor/node_modules/selenium-webdriver/lib/promise.js:1366:14)
    at TaskQueue.execute_ (/Users/muchniki/.nvm/versions/node/v6.9.5/lib/node_modules/protractor/node_modules/selenium-webdriver/lib/promise.js:2970:14)
    at TaskQueue.executeNext_ (/Users/muchniki/.nvm/versions/node/v6.9.5/lib/node_modules/protractor/node_modules/selenium-webdriver/lib/promise.js:2953:27)
    at asyncRun (/Users/muchniki/.nvm/versions/node/v6.9.5/lib/node_modules/protractor/node_modules/selenium-webdriver/lib/promise.js:2813:27)
    at /Users/muchniki/.nvm/versions/node/v6.9.5/lib/node_modules/protractor/node_modules/selenium-webdriver/lib/promise.js:676:7
    at process._tickCallback (internal/process/next_tick.js:103:7)Error
    at ElementArrayFinder.applyAction_ (/Users/muchniki/.nvm/versions/node/v6.9.5/lib/node_modules/protractor/lib/element.ts:482:23)
    at ElementArrayFinder.(anonymous function) [as getText] (/Users/muchniki/.nvm/versions/node/v6.9.5/lib/node_modules/protractor/lib/element.ts:96:21)
    at Object.<anonymous> (/Users/muchniki/dev/cfgov-refresh/test/browser_tests/spec_suites/content/careers-current-openings.js:37:36)
    at /Users/muchniki/.nvm/versions/node/v6.9.5/lib/node_modules/protractor/node_modules/jasminewd2/index.js:110:25
    at new ManagedPromise (/Users/muchniki/.nvm/versions/node/v6.9.5/lib/node_modules/protractor/node_modules/selenium-webdriver/lib/promise.js:1067:7)
    at ControlFlow.promise (/Users/muchniki/.nvm/versions/node/v6.9.5/lib/node_modules/protractor/node_modules/selenium-webdriver/lib/promise.js:2396:12)
    at schedulerExecute (/Users/muchniki/.nvm/versions/node/v6.9.5/lib/node_modules/protractor/node_modules/jasminewd2/index.js:95:18)
    at TaskQueue.execute_ (/Users/muchniki/.nvm/versions/node/v6.9.5/lib/node_modules/protractor/node_modules/selenium-webdriver/lib/promise.js:2970:14)
    at TaskQueue.executeNext_ (/Users/muchniki/.nvm/versions/node/v6.9.5/lib/node_modules/protractor/node_modules/selenium-webdriver/lib/promise.js:2953:27)
    at asyncRun (/Users/muchniki/.nvm/versions/node/v6.9.5/lib/node_modules/protractor/node_modules/selenium-webdriver/lib/promise.js:2860:25)
From: Task: Run it("should have a career info section") in control flow
    at Object.<anonymous> (/Users/muchniki/.nvm/versions/node/v6.9.5/lib/node_modules/protractor/node_modules/jasminewd2/index.js:94:19)
    at attemptAsync (/Users/muchniki/.nvm/versions/node/v6.9.5/lib/node_modules/protractor/node_modules/jasmine-core/lib/jasmine-core/jasmine.js:1980:24)
    at QueueRunner.run (/Users/muchniki/.nvm/versions/node/v6.9.5/lib/node_modules/protractor/node_modules/jasmine-core/lib/jasmine-core/jasmine.js:1935:9)
    at QueueRunner.execute (/Users/muchniki/.nvm/versions/node/v6.9.5/lib/node_modules/protractor/node_modules/jasmine-core/lib/jasmine-core/jasmine.js:1923:10)
    at Spec.queueRunnerFactory (/Users/muchniki/.nvm/versions/node/v6.9.5/lib/node_modules/protractor/node_modules/jasmine-core/lib/jasmine-core/jasmine.js:714:35)
    at Spec.execute (/Users/muchniki/.nvm/versions/node/v6.9.5/lib/node_modules/protractor/node_modules/jasmine-core/lib/jasmine-core/jasmine.js:371:10)
    at Object.fn (/Users/muchniki/.nvm/versions/node/v6.9.5/lib/node_modules/protractor/node_modules/jasmine-core/lib/jasmine-core/jasmine.js:2579:37)
    at attemptAsync (/Users/muchniki/.nvm/versions/node/v6.9.5/lib/node_modules/protractor/node_modules/jasmine-core/lib/jasmine-core/jasmine.js:1980:24)
    at QueueRunner.run (/Users/muchniki/.nvm/versions/node/v6.9.5/lib/node_modules/protractor/node_modules/jasmine-core/lib/jasmine-core/jasmine.js:1935:9)
    at /Users/muchniki/.nvm/versions/node/v6.9.5/lib/node_modules/protractor/node_modules/jasmine-core/lib/jasmine-core/jasmine.js:1962:16
From asynchronous test: 
Error
    at Suite.<anonymous> (/Users/muchniki/dev/cfgov-refresh/test/browser_tests/spec_suites/content/careers-current-openings.js:27:3)
    at addSpecsToSuite (/Users/muchniki/.nvm/versions/node/v6.9.5/lib/node_modules/protractor/node_modules/jasmine-core/lib/jasmine-core/jasmine.js:867:25)
    at Env.describe (/Users/muchniki/.nvm/versions/node/v6.9.5/lib/node_modules/protractor/node_modules/jasmine-core/lib/jasmine-core/jasmine.js:836:7)
    at describe (/Users/muchniki/.nvm/versions/node/v6.9.5/lib/node_modules/protractor/node_modules/jasmine-core/lib/jasmine-core/jasmine.js:3576:18)
    at Object.<anonymous> (/Users/muchniki/dev/cfgov-refresh/test/browser_tests/spec_suites/content/careers-current-openings.js:9:1)
    at Module._compile (module.js:570:32)
    at Object.Module._extensions..js (module.js:579:10)
    at Module.load (module.js:487:32)
    at tryModuleLoad (module.js:446:12)]]>
   </failure>
  </testcase>
  <testcase classname="focused specs.The Current Openings Page" name="should have a Related Links section" time="0.239">
   <failure type="toBe" message="Expected false to be true."><![CDATA[Error: Failed expectation
    at Object.<anonymous> (/Users/muchniki/dev/cfgov-refresh/test/browser_tests/spec_suites/content/careers-current-openings.js:45:52)
    at /Users/muchniki/.nvm/versions/node/v6.9.5/lib/node_modules/protractor/node_modules/jasminewd2/index.js:110:25
    at new ManagedPromise (/Users/muchniki/.nvm/versions/node/v6.9.5/lib/node_modules/protractor/node_modules/selenium-webdriver/lib/promise.js:1067:7)
    at ControlFlow.promise (/Users/muchniki/.nvm/versions/node/v6.9.5/lib/node_modules/protractor/node_modules/selenium-webdriver/lib/promise.js:2396:12)
    at schedulerExecute (/Users/muchniki/.nvm/versions/node/v6.9.5/lib/node_modules/protractor/node_modules/jasminewd2/index.js:95:18)
    at TaskQueue.execute_ (/Users/muchniki/.nvm/versions/node/v6.9.5/lib/node_modules/protractor/node_modules/selenium-webdriver/lib/promise.js:2970:14)
    at TaskQueue.executeNext_ (/Users/muchniki/.nvm/versions/node/v6.9.5/lib/node_modules/protractor/node_modules/selenium-webdriver/lib/promise.js:2953:27)
    at asyncRun (/Users/muchniki/.nvm/versions/node/v6.9.5/lib/node_modules/protractor/node_modules/selenium-webdriver/lib/promise.js:2860:25)
    at /Users/muchniki/.nvm/versions/node/v6.9.5/lib/node_modules/protractor/node_modules/selenium-webdriver/lib/promise.js:676:7]]>
   </failure>
  </testcase>
 </testsuite>
 <testsuite name="focused specs.Careers/Student-and-graduates" timestamp="2017-03-01T17:32:15" hostname="localhost" time="0.523" errors="0" tests="2" skipped="0" disabled="0" failures="3">
  <testcase classname="focused specs.Careers/Student-and-graduates" name="should properly load in a browser" time="0.01">
   <failure type="toContain" message="Expected &apos;&apos; to contain &apos;Students and Graduates&apos;."><![CDATA[Error: Failed expectation
    at Object.<anonymous> (/Users/muchniki/dev/cfgov-refresh/test/browser_tests/spec_suites/content/careers-students-and-graduates.js:16:32)
    at /Users/muchniki/.nvm/versions/node/v6.9.5/lib/node_modules/protractor/node_modules/jasminewd2/index.js:110:25
    at new ManagedPromise (/Users/muchniki/.nvm/versions/node/v6.9.5/lib/node_modules/protractor/node_modules/selenium-webdriver/lib/promise.js:1067:7)
    at ControlFlow.promise (/Users/muchniki/.nvm/versions/node/v6.9.5/lib/node_modules/protractor/node_modules/selenium-webdriver/lib/promise.js:2396:12)
    at schedulerExecute (/Users/muchniki/.nvm/versions/node/v6.9.5/lib/node_modules/protractor/node_modules/jasminewd2/index.js:95:18)
    at TaskQueue.execute_ (/Users/muchniki/.nvm/versions/node/v6.9.5/lib/node_modules/protractor/node_modules/selenium-webdriver/lib/promise.js:2970:14)
    at TaskQueue.executeNext_ (/Users/muchniki/.nvm/versions/node/v6.9.5/lib/node_modules/protractor/node_modules/selenium-webdriver/lib/promise.js:2953:27)
    at asyncRun (/Users/muchniki/.nvm/versions/node/v6.9.5/lib/node_modules/protractor/node_modules/selenium-webdriver/lib/promise.js:2860:25)
    at /Users/muchniki/.nvm/versions/node/v6.9.5/lib/node_modules/protractor/node_modules/selenium-webdriver/lib/promise.js:676:7]]>
   </failure>
  </testcase>
  <testcase classname="focused specs.Careers/Student-and-graduates" name="should have 4 opportunities for students and graduates" time="0.492">
   <failure type="toEqual" message="Expected 0 to equal 4."><![CDATA[Error: Failed expectation
    at Object.<anonymous> (/Users/muchniki/dev/cfgov-refresh/test/browser_tests/spec_suites/content/careers-students-and-graduates.js:20:42)
    at /Users/muchniki/.nvm/versions/node/v6.9.5/lib/node_modules/protractor/node_modules/jasminewd2/index.js:110:25
    at new ManagedPromise (/Users/muchniki/.nvm/versions/node/v6.9.5/lib/node_modules/protractor/node_modules/selenium-webdriver/lib/promise.js:1067:7)
    at ControlFlow.promise (/Users/muchniki/.nvm/versions/node/v6.9.5/lib/node_modules/protractor/node_modules/selenium-webdriver/lib/promise.js:2396:12)
    at schedulerExecute (/Users/muchniki/.nvm/versions/node/v6.9.5/lib/node_modules/protractor/node_modules/jasminewd2/index.js:95:18)
    at TaskQueue.execute_ (/Users/muchniki/.nvm/versions/node/v6.9.5/lib/node_modules/protractor/node_modules/selenium-webdriver/lib/promise.js:2970:14)
    at TaskQueue.executeNext_ (/Users/muchniki/.nvm/versions/node/v6.9.5/lib/node_modules/protractor/node_modules/selenium-webdriver/lib/promise.js:2953:27)
    at asyncRun (/Users/muchniki/.nvm/versions/node/v6.9.5/lib/node_modules/protractor/node_modules/selenium-webdriver/lib/promise.js:2860:25)
    at /Users/muchniki/.nvm/versions/node/v6.9.5/lib/node_modules/protractor/node_modules/selenium-webdriver/lib/promise.js:676:7]]>
   </failure>
   <failure type="toContain" message="Expected [  ] to contain &apos;Presidential Management Fellow&apos;."><![CDATA[Error: Failed expectation
    at Object.<anonymous> (/Users/muchniki/dev/cfgov-refresh/test/browser_tests/spec_suites/content/careers-students-and-graduates.js:22:8)
    at /Users/muchniki/.nvm/versions/node/v6.9.5/lib/node_modules/protractor/node_modules/jasminewd2/index.js:110:25
    at new ManagedPromise (/Users/muchniki/.nvm/versions/node/v6.9.5/lib/node_modules/protractor/node_modules/selenium-webdriver/lib/promise.js:1067:7)
    at ControlFlow.promise (/Users/muchniki/.nvm/versions/node/v6.9.5/lib/node_modules/protractor/node_modules/selenium-webdriver/lib/promise.js:2396:12)
    at schedulerExecute (/Users/muchniki/.nvm/versions/node/v6.9.5/lib/node_modules/protractor/node_modules/jasminewd2/index.js:95:18)
    at TaskQueue.execute_ (/Users/muchniki/.nvm/versions/node/v6.9.5/lib/node_modules/protractor/node_modules/selenium-webdriver/lib/promise.js:2970:14)
    at TaskQueue.executeNext_ (/Users/muchniki/.nvm/versions/node/v6.9.5/lib/node_modules/protractor/node_modules/selenium-webdriver/lib/promise.js:2953:27)
    at asyncRun (/Users/muchniki/.nvm/versions/node/v6.9.5/lib/node_modules/protractor/node_modules/selenium-webdriver/lib/promise.js:2860:25)
    at /Users/muchniki/.nvm/versions/node/v6.9.5/lib/node_modules/protractor/node_modules/selenium-webdriver/lib/promise.js:676:7]]>
   </failure>
  </testcase>
 </testsuite>
 <testsuite name="focused specs.The Working At CFPB Page" timestamp="2017-03-01T17:32:16" hostname="localhost" time="1.242" errors="0" tests="6" skipped="0" disabled="0" failures="6">
  <testcase classname="focused specs.The Working At CFPB Page" name="should properly load in a browser" time="0.009">
   <failure type="toContain" message="Expected &apos;&apos; to contain &apos;Working at the CFPB&apos;."><![CDATA[Error: Failed expectation
    at Object.<anonymous> (/Users/muchniki/dev/cfgov-refresh/test/browser_tests/spec_suites/content/careers-working-at-cfpb.js:20:32)
    at /Users/muchniki/.nvm/versions/node/v6.9.5/lib/node_modules/protractor/node_modules/jasminewd2/index.js:110:25
    at new ManagedPromise (/Users/muchniki/.nvm/versions/node/v6.9.5/lib/node_modules/protractor/node_modules/selenium-webdriver/lib/promise.js:1067:7)
    at ControlFlow.promise (/Users/muchniki/.nvm/versions/node/v6.9.5/lib/node_modules/protractor/node_modules/selenium-webdriver/lib/promise.js:2396:12)
    at schedulerExecute (/Users/muchniki/.nvm/versions/node/v6.9.5/lib/node_modules/protractor/node_modules/jasminewd2/index.js:95:18)
    at TaskQueue.execute_ (/Users/muchniki/.nvm/versions/node/v6.9.5/lib/node_modules/protractor/node_modules/selenium-webdriver/lib/promise.js:2970:14)
    at TaskQueue.executeNext_ (/Users/muchniki/.nvm/versions/node/v6.9.5/lib/node_modules/protractor/node_modules/selenium-webdriver/lib/promise.js:2953:27)
    at asyncRun (/Users/muchniki/.nvm/versions/node/v6.9.5/lib/node_modules/protractor/node_modules/selenium-webdriver/lib/promise.js:2860:25)
    at /Users/muchniki/.nvm/versions/node/v6.9.5/lib/node_modules/protractor/node_modules/selenium-webdriver/lib/promise.js:676:7]]>
   </failure>
  </testcase>
  <testcase classname="focused specs.The Working At CFPB Page" name="should have a sideNav" time="0.238">
   <failure type="toBe" message="Expected false to be true."><![CDATA[Error: Failed expectation
    at Object.<anonymous> (/Users/muchniki/dev/cfgov-refresh/test/browser_tests/spec_suites/content/careers-working-at-cfpb.js:24:40)
    at /Users/muchniki/.nvm/versions/node/v6.9.5/lib/node_modules/protractor/node_modules/jasminewd2/index.js:110:25
    at new ManagedPromise (/Users/muchniki/.nvm/versions/node/v6.9.5/lib/node_modules/protractor/node_modules/selenium-webdriver/lib/promise.js:1067:7)
    at ControlFlow.promise (/Users/muchniki/.nvm/versions/node/v6.9.5/lib/node_modules/protractor/node_modules/selenium-webdriver/lib/promise.js:2396:12)
    at schedulerExecute (/Users/muchniki/.nvm/versions/node/v6.9.5/lib/node_modules/protractor/node_modules/jasminewd2/index.js:95:18)
    at TaskQueue.execute_ (/Users/muchniki/.nvm/versions/node/v6.9.5/lib/node_modules/protractor/node_modules/selenium-webdriver/lib/promise.js:2970:14)
    at TaskQueue.executeNext_ (/Users/muchniki/.nvm/versions/node/v6.9.5/lib/node_modules/protractor/node_modules/selenium-webdriver/lib/promise.js:2953:27)
    at asyncRun (/Users/muchniki/.nvm/versions/node/v6.9.5/lib/node_modules/protractor/node_modules/selenium-webdriver/lib/promise.js:2860:25)
    at /Users/muchniki/.nvm/versions/node/v6.9.5/lib/node_modules/protractor/node_modules/selenium-webdriver/lib/promise.js:676:7]]>
   </failure>
  </testcase>
  <testcase classname="focused specs.The Working At CFPB Page" name="should have an intro title" time="0.248">
   <failure type="exception" message="Failed: No element found using locator: By(css selector, [data-qa-hook=&quot;intro-section&quot;])"><![CDATA[NoSuchElementError: No element found using locator: By(css selector, [data-qa-hook="intro-section"])
    at WebDriverError (/Users/muchniki/.nvm/versions/node/v6.9.5/lib/node_modules/protractor/node_modules/selenium-webdriver/lib/error.js:27:5)
    at NoSuchElementError (/Users/muchniki/.nvm/versions/node/v6.9.5/lib/node_modules/protractor/node_modules/selenium-webdriver/lib/error.js:168:5)
    at elementArrayFinder.getWebElements.then (/Users/muchniki/.nvm/versions/node/v6.9.5/lib/node_modules/protractor/lib/element.ts:851:17)
    at ManagedPromise.invokeCallback_ (/Users/muchniki/.nvm/versions/node/v6.9.5/lib/node_modules/protractor/node_modules/selenium-webdriver/lib/promise.js:1366:14)
    at TaskQueue.execute_ (/Users/muchniki/.nvm/versions/node/v6.9.5/lib/node_modules/protractor/node_modules/selenium-webdriver/lib/promise.js:2970:14)
    at TaskQueue.executeNext_ (/Users/muchniki/.nvm/versions/node/v6.9.5/lib/node_modules/protractor/node_modules/selenium-webdriver/lib/promise.js:2953:27)
    at asyncRun (/Users/muchniki/.nvm/versions/node/v6.9.5/lib/node_modules/protractor/node_modules/selenium-webdriver/lib/promise.js:2813:27)
    at /Users/muchniki/.nvm/versions/node/v6.9.5/lib/node_modules/protractor/node_modules/selenium-webdriver/lib/promise.js:676:7
    at process._tickCallback (internal/process/next_tick.js:103:7)Error
    at ElementArrayFinder.applyAction_ (/Users/muchniki/.nvm/versions/node/v6.9.5/lib/node_modules/protractor/lib/element.ts:482:23)
    at ElementArrayFinder.(anonymous function) [as getText] (/Users/muchniki/.nvm/versions/node/v6.9.5/lib/node_modules/protractor/lib/element.ts:96:21)
    at ElementFinder.(anonymous function) [as getText] (/Users/muchniki/.nvm/versions/node/v6.9.5/lib/node_modules/protractor/lib/element.ts:873:14)
    at Object.<anonymous> (/Users/muchniki/dev/cfgov-refresh/test/browser_tests/spec_suites/content/careers-working-at-cfpb.js:28:36)
    at /Users/muchniki/.nvm/versions/node/v6.9.5/lib/node_modules/protractor/node_modules/jasminewd2/index.js:110:25
    at new ManagedPromise (/Users/muchniki/.nvm/versions/node/v6.9.5/lib/node_modules/protractor/node_modules/selenium-webdriver/lib/promise.js:1067:7)
    at ControlFlow.promise (/Users/muchniki/.nvm/versions/node/v6.9.5/lib/node_modules/protractor/node_modules/selenium-webdriver/lib/promise.js:2396:12)
    at schedulerExecute (/Users/muchniki/.nvm/versions/node/v6.9.5/lib/node_modules/protractor/node_modules/jasminewd2/index.js:95:18)
    at TaskQueue.execute_ (/Users/muchniki/.nvm/versions/node/v6.9.5/lib/node_modules/protractor/node_modules/selenium-webdriver/lib/promise.js:2970:14)
    at TaskQueue.executeNext_ (/Users/muchniki/.nvm/versions/node/v6.9.5/lib/node_modules/protractor/node_modules/selenium-webdriver/lib/promise.js:2953:27)
From: Task: Run it("should have an intro title") in control flow
    at Object.<anonymous> (/Users/muchniki/.nvm/versions/node/v6.9.5/lib/node_modules/protractor/node_modules/jasminewd2/index.js:94:19)
    at attemptAsync (/Users/muchniki/.nvm/versions/node/v6.9.5/lib/node_modules/protractor/node_modules/jasmine-core/lib/jasmine-core/jasmine.js:1980:24)
    at QueueRunner.run (/Users/muchniki/.nvm/versions/node/v6.9.5/lib/node_modules/protractor/node_modules/jasmine-core/lib/jasmine-core/jasmine.js:1935:9)
    at QueueRunner.execute (/Users/muchniki/.nvm/versions/node/v6.9.5/lib/node_modules/protractor/node_modules/jasmine-core/lib/jasmine-core/jasmine.js:1923:10)
    at Spec.queueRunnerFactory (/Users/muchniki/.nvm/versions/node/v6.9.5/lib/node_modules/protractor/node_modules/jasmine-core/lib/jasmine-core/jasmine.js:714:35)
    at Spec.execute (/Users/muchniki/.nvm/versions/node/v6.9.5/lib/node_modules/protractor/node_modules/jasmine-core/lib/jasmine-core/jasmine.js:371:10)
    at Object.fn (/Users/muchniki/.nvm/versions/node/v6.9.5/lib/node_modules/protractor/node_modules/jasmine-core/lib/jasmine-core/jasmine.js:2579:37)
    at attemptAsync (/Users/muchniki/.nvm/versions/node/v6.9.5/lib/node_modules/protractor/node_modules/jasmine-core/lib/jasmine-core/jasmine.js:1980:24)
    at QueueRunner.run (/Users/muchniki/.nvm/versions/node/v6.9.5/lib/node_modules/protractor/node_modules/jasmine-core/lib/jasmine-core/jasmine.js:1935:9)
    at /Users/muchniki/.nvm/versions/node/v6.9.5/lib/node_modules/protractor/node_modules/jasmine-core/lib/jasmine-core/jasmine.js:1962:16
From asynchronous test: 
Error
    at Suite.<anonymous> (/Users/muchniki/dev/cfgov-refresh/test/browser_tests/spec_suites/content/careers-working-at-cfpb.js:27:3)
    at addSpecsToSuite (/Users/muchniki/.nvm/versions/node/v6.9.5/lib/node_modules/protractor/node_modules/jasmine-core/lib/jasmine-core/jasmine.js:867:25)
    at Env.describe (/Users/muchniki/.nvm/versions/node/v6.9.5/lib/node_modules/protractor/node_modules/jasmine-core/lib/jasmine-core/jasmine.js:836:7)
    at describe (/Users/muchniki/.nvm/versions/node/v6.9.5/lib/node_modules/protractor/node_modules/jasmine-core/lib/jasmine-core/jasmine.js:3576:18)
    at Object.<anonymous> (/Users/muchniki/dev/cfgov-refresh/test/browser_tests/spec_suites/content/careers-working-at-cfpb.js:9:1)
    at Module._compile (module.js:570:32)
    at Object.Module._extensions..js (module.js:579:10)
    at Module.load (module.js:487:32)
    at tryModuleLoad (module.js:446:12)]]>
   </failure>
  </testcase>
  <testcase classname="focused specs.The Working At CFPB Page" name="should have mobile carousel items " time="0.243">
   <failure type="toBeGreaterThan" message="Expected 0 to be greater than 0."><![CDATA[Error: Failed expectation
    at Object.<anonymous> (/Users/muchniki/dev/cfgov-refresh/test/browser_tests/spec_suites/content/careers-working-at-cfpb.js:32:48)
    at /Users/muchniki/.nvm/versions/node/v6.9.5/lib/node_modules/protractor/node_modules/jasminewd2/index.js:110:25
    at new ManagedPromise (/Users/muchniki/.nvm/versions/node/v6.9.5/lib/node_modules/protractor/node_modules/selenium-webdriver/lib/promise.js:1067:7)
    at ControlFlow.promise (/Users/muchniki/.nvm/versions/node/v6.9.5/lib/node_modules/protractor/node_modules/selenium-webdriver/lib/promise.js:2396:12)
    at schedulerExecute (/Users/muchniki/.nvm/versions/node/v6.9.5/lib/node_modules/protractor/node_modules/jasminewd2/index.js:95:18)
    at TaskQueue.execute_ (/Users/muchniki/.nvm/versions/node/v6.9.5/lib/node_modules/protractor/node_modules/selenium-webdriver/lib/promise.js:2970:14)
    at TaskQueue.executeNext_ (/Users/muchniki/.nvm/versions/node/v6.9.5/lib/node_modules/protractor/node_modules/selenium-webdriver/lib/promise.js:2953:27)
    at asyncRun (/Users/muchniki/.nvm/versions/node/v6.9.5/lib/node_modules/protractor/node_modules/selenium-webdriver/lib/promise.js:2860:25)
    at /Users/muchniki/.nvm/versions/node/v6.9.5/lib/node_modules/protractor/node_modules/selenium-webdriver/lib/promise.js:676:7]]>
   </failure>
  </testcase>
  <testcase classname="focused specs.The Working At CFPB Page" name="should have a career info section" time="0.245">
   <failure type="exception" message="Failed: No element found using locator: By(css selector, [data-qa-hook=&quot;info-section&quot;])"><![CDATA[NoSuchElementError: No element found using locator: By(css selector, [data-qa-hook="info-section"])
    at WebDriverError (/Users/muchniki/.nvm/versions/node/v6.9.5/lib/node_modules/protractor/node_modules/selenium-webdriver/lib/error.js:27:5)
    at NoSuchElementError (/Users/muchniki/.nvm/versions/node/v6.9.5/lib/node_modules/protractor/node_modules/selenium-webdriver/lib/error.js:168:5)
    at elementArrayFinder.getWebElements.then (/Users/muchniki/.nvm/versions/node/v6.9.5/lib/node_modules/protractor/lib/element.ts:851:17)
    at ManagedPromise.invokeCallback_ (/Users/muchniki/.nvm/versions/node/v6.9.5/lib/node_modules/protractor/node_modules/selenium-webdriver/lib/promise.js:1366:14)
    at TaskQueue.execute_ (/Users/muchniki/.nvm/versions/node/v6.9.5/lib/node_modules/protractor/node_modules/selenium-webdriver/lib/promise.js:2970:14)
    at TaskQueue.executeNext_ (/Users/muchniki/.nvm/versions/node/v6.9.5/lib/node_modules/protractor/node_modules/selenium-webdriver/lib/promise.js:2953:27)
    at asyncRun (/Users/muchniki/.nvm/versions/node/v6.9.5/lib/node_modules/protractor/node_modules/selenium-webdriver/lib/promise.js:2813:27)
    at /Users/muchniki/.nvm/versions/node/v6.9.5/lib/node_modules/protractor/node_modules/selenium-webdriver/lib/promise.js:676:7
    at process._tickCallback (internal/process/next_tick.js:103:7)Error
    at ElementArrayFinder.applyAction_ (/Users/muchniki/.nvm/versions/node/v6.9.5/lib/node_modules/protractor/lib/element.ts:482:23)
    at ElementArrayFinder.(anonymous function) [as getText] (/Users/muchniki/.nvm/versions/node/v6.9.5/lib/node_modules/protractor/lib/element.ts:96:21)
    at Object.<anonymous> (/Users/muchniki/dev/cfgov-refresh/test/browser_tests/spec_suites/content/careers-working-at-cfpb.js:46:36)
    at /Users/muchniki/.nvm/versions/node/v6.9.5/lib/node_modules/protractor/node_modules/jasminewd2/index.js:110:25
    at new ManagedPromise (/Users/muchniki/.nvm/versions/node/v6.9.5/lib/node_modules/protractor/node_modules/selenium-webdriver/lib/promise.js:1067:7)
    at ControlFlow.promise (/Users/muchniki/.nvm/versions/node/v6.9.5/lib/node_modules/protractor/node_modules/selenium-webdriver/lib/promise.js:2396:12)
    at schedulerExecute (/Users/muchniki/.nvm/versions/node/v6.9.5/lib/node_modules/protractor/node_modules/jasminewd2/index.js:95:18)
    at TaskQueue.execute_ (/Users/muchniki/.nvm/versions/node/v6.9.5/lib/node_modules/protractor/node_modules/selenium-webdriver/lib/promise.js:2970:14)
    at TaskQueue.executeNext_ (/Users/muchniki/.nvm/versions/node/v6.9.5/lib/node_modules/protractor/node_modules/selenium-webdriver/lib/promise.js:2953:27)
    at asyncRun (/Users/muchniki/.nvm/versions/node/v6.9.5/lib/node_modules/protractor/node_modules/selenium-webdriver/lib/promise.js:2860:25)
From: Task: Run it("should have a career info section") in control flow
    at Object.<anonymous> (/Users/muchniki/.nvm/versions/node/v6.9.5/lib/node_modules/protractor/node_modules/jasminewd2/index.js:94:19)
    at attemptAsync (/Users/muchniki/.nvm/versions/node/v6.9.5/lib/node_modules/protractor/node_modules/jasmine-core/lib/jasmine-core/jasmine.js:1980:24)
    at QueueRunner.run (/Users/muchniki/.nvm/versions/node/v6.9.5/lib/node_modules/protractor/node_modules/jasmine-core/lib/jasmine-core/jasmine.js:1935:9)
    at QueueRunner.execute (/Users/muchniki/.nvm/versions/node/v6.9.5/lib/node_modules/protractor/node_modules/jasmine-core/lib/jasmine-core/jasmine.js:1923:10)
    at Spec.queueRunnerFactory (/Users/muchniki/.nvm/versions/node/v6.9.5/lib/node_modules/protractor/node_modules/jasmine-core/lib/jasmine-core/jasmine.js:714:35)
    at Spec.execute (/Users/muchniki/.nvm/versions/node/v6.9.5/lib/node_modules/protractor/node_modules/jasmine-core/lib/jasmine-core/jasmine.js:371:10)
    at Object.fn (/Users/muchniki/.nvm/versions/node/v6.9.5/lib/node_modules/protractor/node_modules/jasmine-core/lib/jasmine-core/jasmine.js:2579:37)
    at attemptAsync (/Users/muchniki/.nvm/versions/node/v6.9.5/lib/node_modules/protractor/node_modules/jasmine-core/lib/jasmine-core/jasmine.js:1980:24)
    at QueueRunner.run (/Users/muchniki/.nvm/versions/node/v6.9.5/lib/node_modules/protractor/node_modules/jasmine-core/lib/jasmine-core/jasmine.js:1935:9)
    at /Users/muchniki/.nvm/versions/node/v6.9.5/lib/node_modules/protractor/node_modules/jasmine-core/lib/jasmine-core/jasmine.js:1962:16
From asynchronous test: 
Error
    at Suite.<anonymous> (/Users/muchniki/dev/cfgov-refresh/test/browser_tests/spec_suites/content/careers-working-at-cfpb.js:35:3)
    at addSpecsToSuite (/Users/muchniki/.nvm/versions/node/v6.9.5/lib/node_modules/protractor/node_modules/jasmine-core/lib/jasmine-core/jasmine.js:867:25)
    at Env.describe (/Users/muchniki/.nvm/versions/node/v6.9.5/lib/node_modules/protractor/node_modules/jasmine-core/lib/jasmine-core/jasmine.js:836:7)
    at describe (/Users/muchniki/.nvm/versions/node/v6.9.5/lib/node_modules/protractor/node_modules/jasmine-core/lib/jasmine-core/jasmine.js:3576:18)
    at Object.<anonymous> (/Users/muchniki/dev/cfgov-refresh/test/browser_tests/spec_suites/content/careers-working-at-cfpb.js:9:1)
    at Module._compile (module.js:570:32)
    at Object.Module._extensions..js (module.js:579:10)
    at Module.load (module.js:487:32)
    at tryModuleLoad (module.js:446:12)]]>
   </failure>
  </testcase>
  <testcase classname="focused specs.The Working At CFPB Page" name="should have a Related Links section" time="0.239">
   <failure type="toBe" message="Expected false to be true."><![CDATA[Error: Failed expectation
    at Object.<anonymous> (/Users/muchniki/dev/cfgov-refresh/test/browser_tests/spec_suites/content/careers-working-at-cfpb.js:54:52)
    at /Users/muchniki/.nvm/versions/node/v6.9.5/lib/node_modules/protractor/node_modules/jasminewd2/index.js:110:25
    at new ManagedPromise (/Users/muchniki/.nvm/versions/node/v6.9.5/lib/node_modules/protractor/node_modules/selenium-webdriver/lib/promise.js:1067:7)
    at ControlFlow.promise (/Users/muchniki/.nvm/versions/node/v6.9.5/lib/node_modules/protractor/node_modules/selenium-webdriver/lib/promise.js:2396:12)
    at schedulerExecute (/Users/muchniki/.nvm/versions/node/v6.9.5/lib/node_modules/protractor/node_modules/jasminewd2/index.js:95:18)
    at TaskQueue.execute_ (/Users/muchniki/.nvm/versions/node/v6.9.5/lib/node_modules/protractor/node_modules/selenium-webdriver/lib/promise.js:2970:14)
    at TaskQueue.executeNext_ (/Users/muchniki/.nvm/versions/node/v6.9.5/lib/node_modules/protractor/node_modules/selenium-webdriver/lib/promise.js:2953:27)
    at asyncRun (/Users/muchniki/.nvm/versions/node/v6.9.5/lib/node_modules/protractor/node_modules/selenium-webdriver/lib/promise.js:2860:25)
    at /Users/muchniki/.nvm/versions/node/v6.9.5/lib/node_modules/protractor/node_modules/selenium-webdriver/lib/promise.js:676:7]]>
   </failure>
  </testcase>
 </testsuite>
 <testsuite name="focused specs.The Careers Page" timestamp="2017-03-01T17:32:17" hostname="localhost" time="0.805" errors="0" tests="4" skipped="0" disabled="0" failures="4">
  <testcase classname="focused specs.The Careers Page" name="should properly load in a browser" time="0.009">
   <failure type="toContain" message="Expected &apos;&apos; to contain &apos;Careers at the CFPB&apos;."><![CDATA[Error: Failed expectation
    at Object.<anonymous> (/Users/muchniki/dev/cfgov-refresh/test/browser_tests/spec_suites/content/careers.js:20:32)
    at /Users/muchniki/.nvm/versions/node/v6.9.5/lib/node_modules/protractor/node_modules/jasminewd2/index.js:110:25
    at new ManagedPromise (/Users/muchniki/.nvm/versions/node/v6.9.5/lib/node_modules/protractor/node_modules/selenium-webdriver/lib/promise.js:1067:7)
    at ControlFlow.promise (/Users/muchniki/.nvm/versions/node/v6.9.5/lib/node_modules/protractor/node_modules/selenium-webdriver/lib/promise.js:2396:12)
    at schedulerExecute (/Users/muchniki/.nvm/versions/node/v6.9.5/lib/node_modules/protractor/node_modules/jasminewd2/index.js:95:18)
    at TaskQueue.execute_ (/Users/muchniki/.nvm/versions/node/v6.9.5/lib/node_modules/protractor/node_modules/selenium-webdriver/lib/promise.js:2970:14)
    at TaskQueue.executeNext_ (/Users/muchniki/.nvm/versions/node/v6.9.5/lib/node_modules/protractor/node_modules/selenium-webdriver/lib/promise.js:2953:27)
    at asyncRun (/Users/muchniki/.nvm/versions/node/v6.9.5/lib/node_modules/protractor/node_modules/selenium-webdriver/lib/promise.js:2860:25)
    at /Users/muchniki/.nvm/versions/node/v6.9.5/lib/node_modules/protractor/node_modules/selenium-webdriver/lib/promise.js:676:7]]>
   </failure>
  </testcase>
  <testcase classname="focused specs.The Careers Page" name="should have an openings section" time="0.243">
   <failure type="toBe" message="Expected false to be true."><![CDATA[Error: Failed expectation
    at Object.<anonymous> (/Users/muchniki/dev/cfgov-refresh/test/browser_tests/spec_suites/content/careers.js:24:48)
    at /Users/muchniki/.nvm/versions/node/v6.9.5/lib/node_modules/protractor/node_modules/jasminewd2/index.js:110:25
    at new ManagedPromise (/Users/muchniki/.nvm/versions/node/v6.9.5/lib/node_modules/protractor/node_modules/selenium-webdriver/lib/promise.js:1067:7)
    at ControlFlow.promise (/Users/muchniki/.nvm/versions/node/v6.9.5/lib/node_modules/protractor/node_modules/selenium-webdriver/lib/promise.js:2396:12)
    at schedulerExecute (/Users/muchniki/.nvm/versions/node/v6.9.5/lib/node_modules/protractor/node_modules/jasminewd2/index.js:95:18)
    at TaskQueue.execute_ (/Users/muchniki/.nvm/versions/node/v6.9.5/lib/node_modules/protractor/node_modules/selenium-webdriver/lib/promise.js:2970:14)
    at TaskQueue.executeNext_ (/Users/muchniki/.nvm/versions/node/v6.9.5/lib/node_modules/protractor/node_modules/selenium-webdriver/lib/promise.js:2953:27)
    at asyncRun (/Users/muchniki/.nvm/versions/node/v6.9.5/lib/node_modules/protractor/node_modules/selenium-webdriver/lib/promise.js:2860:25)
    at /Users/muchniki/.nvm/versions/node/v6.9.5/lib/node_modules/protractor/node_modules/selenium-webdriver/lib/promise.js:676:7]]>
   </failure>
  </testcase>
  <testcase classname="focused specs.The Careers Page" name="should have a content sidebar" time="0.261">
   <failure type="toBe" message="Expected false to be true."><![CDATA[Error: Failed expectation
    at Object.<anonymous> (/Users/muchniki/dev/cfgov-refresh/test/browser_tests/spec_suites/content/careers.js:28:47)
    at /Users/muchniki/.nvm/versions/node/v6.9.5/lib/node_modules/protractor/node_modules/jasminewd2/index.js:110:25
    at new ManagedPromise (/Users/muchniki/.nvm/versions/node/v6.9.5/lib/node_modules/protractor/node_modules/selenium-webdriver/lib/promise.js:1067:7)
    at ControlFlow.promise (/Users/muchniki/.nvm/versions/node/v6.9.5/lib/node_modules/protractor/node_modules/selenium-webdriver/lib/promise.js:2396:12)
    at schedulerExecute (/Users/muchniki/.nvm/versions/node/v6.9.5/lib/node_modules/protractor/node_modules/jasminewd2/index.js:95:18)
    at TaskQueue.execute_ (/Users/muchniki/.nvm/versions/node/v6.9.5/lib/node_modules/protractor/node_modules/selenium-webdriver/lib/promise.js:2970:14)
    at TaskQueue.executeNext_ (/Users/muchniki/.nvm/versions/node/v6.9.5/lib/node_modules/protractor/node_modules/selenium-webdriver/lib/promise.js:2953:27)
    at asyncRun (/Users/muchniki/.nvm/versions/node/v6.9.5/lib/node_modules/protractor/node_modules/selenium-webdriver/lib/promise.js:2860:25)
    at /Users/muchniki/.nvm/versions/node/v6.9.5/lib/node_modules/protractor/node_modules/selenium-webdriver/lib/promise.js:676:7]]>
   </failure>
  </testcase>
  <testcase classname="focused specs.The Careers Page" name="should have a career info section" time="0.242">
   <failure type="exception" message="Failed: No element found using locator: By(css selector, [data-qa-hook=&quot;info-section&quot;])"><![CDATA[NoSuchElementError: No element found using locator: By(css selector, [data-qa-hook="info-section"])
    at WebDriverError (/Users/muchniki/.nvm/versions/node/v6.9.5/lib/node_modules/protractor/node_modules/selenium-webdriver/lib/error.js:27:5)
    at NoSuchElementError (/Users/muchniki/.nvm/versions/node/v6.9.5/lib/node_modules/protractor/node_modules/selenium-webdriver/lib/error.js:168:5)
    at elementArrayFinder.getWebElements.then (/Users/muchniki/.nvm/versions/node/v6.9.5/lib/node_modules/protractor/lib/element.ts:851:17)
    at ManagedPromise.invokeCallback_ (/Users/muchniki/.nvm/versions/node/v6.9.5/lib/node_modules/protractor/node_modules/selenium-webdriver/lib/promise.js:1366:14)
    at TaskQueue.execute_ (/Users/muchniki/.nvm/versions/node/v6.9.5/lib/node_modules/protractor/node_modules/selenium-webdriver/lib/promise.js:2970:14)
    at TaskQueue.executeNext_ (/Users/muchniki/.nvm/versions/node/v6.9.5/lib/node_modules/protractor/node_modules/selenium-webdriver/lib/promise.js:2953:27)
    at asyncRun (/Users/muchniki/.nvm/versions/node/v6.9.5/lib/node_modules/protractor/node_modules/selenium-webdriver/lib/promise.js:2813:27)
    at /Users/muchniki/.nvm/versions/node/v6.9.5/lib/node_modules/protractor/node_modules/selenium-webdriver/lib/promise.js:676:7
    at process._tickCallback (internal/process/next_tick.js:103:7)Error
    at ElementArrayFinder.applyAction_ (/Users/muchniki/.nvm/versions/node/v6.9.5/lib/node_modules/protractor/lib/element.ts:482:23)
    at ElementArrayFinder.(anonymous function) [as getText] (/Users/muchniki/.nvm/versions/node/v6.9.5/lib/node_modules/protractor/lib/element.ts:96:21)
    at Object.<anonymous> (/Users/muchniki/dev/cfgov-refresh/test/browser_tests/spec_suites/content/careers.js:41:36)
    at /Users/muchniki/.nvm/versions/node/v6.9.5/lib/node_modules/protractor/node_modules/jasminewd2/index.js:110:25
    at new ManagedPromise (/Users/muchniki/.nvm/versions/node/v6.9.5/lib/node_modules/protractor/node_modules/selenium-webdriver/lib/promise.js:1067:7)
    at ControlFlow.promise (/Users/muchniki/.nvm/versions/node/v6.9.5/lib/node_modules/protractor/node_modules/selenium-webdriver/lib/promise.js:2396:12)
    at schedulerExecute (/Users/muchniki/.nvm/versions/node/v6.9.5/lib/node_modules/protractor/node_modules/jasminewd2/index.js:95:18)
    at TaskQueue.execute_ (/Users/muchniki/.nvm/versions/node/v6.9.5/lib/node_modules/protractor/node_modules/selenium-webdriver/lib/promise.js:2970:14)
    at TaskQueue.executeNext_ (/Users/muchniki/.nvm/versions/node/v6.9.5/lib/node_modules/protractor/node_modules/selenium-webdriver/lib/promise.js:2953:27)
    at asyncRun (/Users/muchniki/.nvm/versions/node/v6.9.5/lib/node_modules/protractor/node_modules/selenium-webdriver/lib/promise.js:2860:25)
From: Task: Run it("should have a career info section") in control flow
    at Object.<anonymous> (/Users/muchniki/.nvm/versions/node/v6.9.5/lib/node_modules/protractor/node_modules/jasminewd2/index.js:94:19)
    at attemptAsync (/Users/muchniki/.nvm/versions/node/v6.9.5/lib/node_modules/protractor/node_modules/jasmine-core/lib/jasmine-core/jasmine.js:1980:24)
    at QueueRunner.run (/Users/muchniki/.nvm/versions/node/v6.9.5/lib/node_modules/protractor/node_modules/jasmine-core/lib/jasmine-core/jasmine.js:1935:9)
    at QueueRunner.execute (/Users/muchniki/.nvm/versions/node/v6.9.5/lib/node_modules/protractor/node_modules/jasmine-core/lib/jasmine-core/jasmine.js:1923:10)
    at Spec.queueRunnerFactory (/Users/muchniki/.nvm/versions/node/v6.9.5/lib/node_modules/protractor/node_modules/jasmine-core/lib/jasmine-core/jasmine.js:714:35)
    at Spec.execute (/Users/muchniki/.nvm/versions/node/v6.9.5/lib/node_modules/protractor/node_modules/jasmine-core/lib/jasmine-core/jasmine.js:371:10)
    at Object.fn (/Users/muchniki/.nvm/versions/node/v6.9.5/lib/node_modules/protractor/node_modules/jasmine-core/lib/jasmine-core/jasmine.js:2579:37)
    at attemptAsync (/Users/muchniki/.nvm/versions/node/v6.9.5/lib/node_modules/protractor/node_modules/jasmine-core/lib/jasmine-core/jasmine.js:1980:24)
    at QueueRunner.run (/Users/muchniki/.nvm/versions/node/v6.9.5/lib/node_modules/protractor/node_modules/jasmine-core/lib/jasmine-core/jasmine.js:1935:9)
    at /Users/muchniki/.nvm/versions/node/v6.9.5/lib/node_modules/protractor/node_modules/jasmine-core/lib/jasmine-core/jasmine.js:1962:16
From asynchronous test: 
Error
    at Suite.<anonymous> (/Users/muchniki/dev/cfgov-refresh/test/browser_tests/spec_suites/content/careers.js:31:3)
    at addSpecsToSuite (/Users/muchniki/.nvm/versions/node/v6.9.5/lib/node_modules/protractor/node_modules/jasmine-core/lib/jasmine-core/jasmine.js:867:25)
    at Env.describe (/Users/muchniki/.nvm/versions/node/v6.9.5/lib/node_modules/protractor/node_modules/jasmine-core/lib/jasmine-core/jasmine.js:836:7)
    at describe (/Users/muchniki/.nvm/versions/node/v6.9.5/lib/node_modules/protractor/node_modules/jasmine-core/lib/jasmine-core/jasmine.js:3576:18)
    at Object.<anonymous> (/Users/muchniki/dev/cfgov-refresh/test/browser_tests/spec_suites/content/careers.js:9:1)
    at Module._compile (module.js:570:32)
    at Object.Module._extensions..js (module.js:579:10)
    at Module.load (module.js:487:32)
    at tryModuleLoad (module.js:446:12)]]>
   </failure>
  </testcase>
 </testsuite>
 <testsuite name="focused specs.The Past Awards Page" timestamp="2017-03-01T17:32:18" hostname="localhost" time="2.206" errors="0" tests="6" skipped="0" disabled="0" failures="10">
  <testcase classname="focused specs.The Past Awards Page" name="should properly load in a browser" time="0.009">
   <failure type="toContain" message="Expected &apos;&apos; to contain &apos;Doing Business with Us: Past Awards&apos;."><![CDATA[Error: Failed expectation
    at Object.<anonymous> (/Users/muchniki/dev/cfgov-refresh/test/browser_tests/spec_suites/content/dbwu-past-awards.js:20:6)
    at /Users/muchniki/.nvm/versions/node/v6.9.5/lib/node_modules/protractor/node_modules/jasminewd2/index.js:110:25
    at new ManagedPromise (/Users/muchniki/.nvm/versions/node/v6.9.5/lib/node_modules/protractor/node_modules/selenium-webdriver/lib/promise.js:1067:7)
    at ControlFlow.promise (/Users/muchniki/.nvm/versions/node/v6.9.5/lib/node_modules/protractor/node_modules/selenium-webdriver/lib/promise.js:2396:12)
    at schedulerExecute (/Users/muchniki/.nvm/versions/node/v6.9.5/lib/node_modules/protractor/node_modules/jasminewd2/index.js:95:18)
    at TaskQueue.execute_ (/Users/muchniki/.nvm/versions/node/v6.9.5/lib/node_modules/protractor/node_modules/selenium-webdriver/lib/promise.js:2970:14)
    at TaskQueue.executeNext_ (/Users/muchniki/.nvm/versions/node/v6.9.5/lib/node_modules/protractor/node_modules/selenium-webdriver/lib/promise.js:2953:27)
    at asyncRun (/Users/muchniki/.nvm/versions/node/v6.9.5/lib/node_modules/protractor/node_modules/selenium-webdriver/lib/promise.js:2860:25)
    at /Users/muchniki/.nvm/versions/node/v6.9.5/lib/node_modules/protractor/node_modules/selenium-webdriver/lib/promise.js:676:7]]>
   </failure>
  </testcase>
  <testcase classname="focused specs.The Past Awards Page" name="should have a side nav" time="0.233">
   <failure type="toBe" message="Expected false to be true."><![CDATA[Error: Failed expectation
    at Object.<anonymous> (/Users/muchniki/dev/cfgov-refresh/test/browser_tests/spec_suites/content/dbwu-past-awards.js:24:40)
    at /Users/muchniki/.nvm/versions/node/v6.9.5/lib/node_modules/protractor/node_modules/jasminewd2/index.js:110:25
    at new ManagedPromise (/Users/muchniki/.nvm/versions/node/v6.9.5/lib/node_modules/protractor/node_modules/selenium-webdriver/lib/promise.js:1067:7)
    at ControlFlow.promise (/Users/muchniki/.nvm/versions/node/v6.9.5/lib/node_modules/protractor/node_modules/selenium-webdriver/lib/promise.js:2396:12)
    at schedulerExecute (/Users/muchniki/.nvm/versions/node/v6.9.5/lib/node_modules/protractor/node_modules/jasminewd2/index.js:95:18)
    at TaskQueue.execute_ (/Users/muchniki/.nvm/versions/node/v6.9.5/lib/node_modules/protractor/node_modules/selenium-webdriver/lib/promise.js:2970:14)
    at TaskQueue.executeNext_ (/Users/muchniki/.nvm/versions/node/v6.9.5/lib/node_modules/protractor/node_modules/selenium-webdriver/lib/promise.js:2953:27)
    at asyncRun (/Users/muchniki/.nvm/versions/node/v6.9.5/lib/node_modules/protractor/node_modules/selenium-webdriver/lib/promise.js:2860:25)
    at /Users/muchniki/.nvm/versions/node/v6.9.5/lib/node_modules/protractor/node_modules/selenium-webdriver/lib/promise.js:676:7]]>
   </failure>
  </testcase>
  <testcase classname="focused specs.The Past Awards Page" name="should have a breadcrumb" time="0.247">
   <failure type="exception" message="Failed: No element found using locator: By(css selector, .breadcrumbs_link)"><![CDATA[NoSuchElementError: No element found using locator: By(css selector, .breadcrumbs_link)
    at WebDriverError (/Users/muchniki/.nvm/versions/node/v6.9.5/lib/node_modules/protractor/node_modules/selenium-webdriver/lib/error.js:27:5)
    at NoSuchElementError (/Users/muchniki/.nvm/versions/node/v6.9.5/lib/node_modules/protractor/node_modules/selenium-webdriver/lib/error.js:168:5)
    at elementArrayFinder.getWebElements.then (/Users/muchniki/.nvm/versions/node/v6.9.5/lib/node_modules/protractor/lib/element.ts:851:17)
    at ManagedPromise.invokeCallback_ (/Users/muchniki/.nvm/versions/node/v6.9.5/lib/node_modules/protractor/node_modules/selenium-webdriver/lib/promise.js:1366:14)
    at TaskQueue.execute_ (/Users/muchniki/.nvm/versions/node/v6.9.5/lib/node_modules/protractor/node_modules/selenium-webdriver/lib/promise.js:2970:14)
    at TaskQueue.executeNext_ (/Users/muchniki/.nvm/versions/node/v6.9.5/lib/node_modules/protractor/node_modules/selenium-webdriver/lib/promise.js:2953:27)
    at asyncRun (/Users/muchniki/.nvm/versions/node/v6.9.5/lib/node_modules/protractor/node_modules/selenium-webdriver/lib/promise.js:2813:27)
    at /Users/muchniki/.nvm/versions/node/v6.9.5/lib/node_modules/protractor/node_modules/selenium-webdriver/lib/promise.js:676:7
    at process._tickCallback (internal/process/next_tick.js:103:7)Error
    at ElementArrayFinder.applyAction_ (/Users/muchniki/.nvm/versions/node/v6.9.5/lib/node_modules/protractor/lib/element.ts:482:23)
    at ElementArrayFinder.(anonymous function) [as getText] (/Users/muchniki/.nvm/versions/node/v6.9.5/lib/node_modules/protractor/lib/element.ts:96:21)
    at ElementFinder.(anonymous function) [as getText] (/Users/muchniki/.nvm/versions/node/v6.9.5/lib/node_modules/protractor/lib/element.ts:873:14)
    at Object.<anonymous> (/Users/muchniki/dev/cfgov-refresh/test/browser_tests/spec_suites/content/dbwu-past-awards.js:28:29)
    at /Users/muchniki/.nvm/versions/node/v6.9.5/lib/node_modules/protractor/node_modules/jasminewd2/index.js:110:25
    at new ManagedPromise (/Users/muchniki/.nvm/versions/node/v6.9.5/lib/node_modules/protractor/node_modules/selenium-webdriver/lib/promise.js:1067:7)
    at ControlFlow.promise (/Users/muchniki/.nvm/versions/node/v6.9.5/lib/node_modules/protractor/node_modules/selenium-webdriver/lib/promise.js:2396:12)
    at schedulerExecute (/Users/muchniki/.nvm/versions/node/v6.9.5/lib/node_modules/protractor/node_modules/jasminewd2/index.js:95:18)
    at TaskQueue.execute_ (/Users/muchniki/.nvm/versions/node/v6.9.5/lib/node_modules/protractor/node_modules/selenium-webdriver/lib/promise.js:2970:14)
    at TaskQueue.executeNext_ (/Users/muchniki/.nvm/versions/node/v6.9.5/lib/node_modules/protractor/node_modules/selenium-webdriver/lib/promise.js:2953:27)
From: Task: Run it("should have a breadcrumb") in control flow
    at Object.<anonymous> (/Users/muchniki/.nvm/versions/node/v6.9.5/lib/node_modules/protractor/node_modules/jasminewd2/index.js:94:19)
    at attemptAsync (/Users/muchniki/.nvm/versions/node/v6.9.5/lib/node_modules/protractor/node_modules/jasmine-core/lib/jasmine-core/jasmine.js:1980:24)
    at QueueRunner.run (/Users/muchniki/.nvm/versions/node/v6.9.5/lib/node_modules/protractor/node_modules/jasmine-core/lib/jasmine-core/jasmine.js:1935:9)
    at QueueRunner.execute (/Users/muchniki/.nvm/versions/node/v6.9.5/lib/node_modules/protractor/node_modules/jasmine-core/lib/jasmine-core/jasmine.js:1923:10)
    at Spec.queueRunnerFactory (/Users/muchniki/.nvm/versions/node/v6.9.5/lib/node_modules/protractor/node_modules/jasmine-core/lib/jasmine-core/jasmine.js:714:35)
    at Spec.execute (/Users/muchniki/.nvm/versions/node/v6.9.5/lib/node_modules/protractor/node_modules/jasmine-core/lib/jasmine-core/jasmine.js:371:10)
    at Object.fn (/Users/muchniki/.nvm/versions/node/v6.9.5/lib/node_modules/protractor/node_modules/jasmine-core/lib/jasmine-core/jasmine.js:2579:37)
    at attemptAsync (/Users/muchniki/.nvm/versions/node/v6.9.5/lib/node_modules/protractor/node_modules/jasmine-core/lib/jasmine-core/jasmine.js:1980:24)
    at QueueRunner.run (/Users/muchniki/.nvm/versions/node/v6.9.5/lib/node_modules/protractor/node_modules/jasmine-core/lib/jasmine-core/jasmine.js:1935:9)
    at /Users/muchniki/.nvm/versions/node/v6.9.5/lib/node_modules/protractor/node_modules/jasmine-core/lib/jasmine-core/jasmine.js:1962:16
From asynchronous test: 
Error
    at Suite.<anonymous> (/Users/muchniki/dev/cfgov-refresh/test/browser_tests/spec_suites/content/dbwu-past-awards.js:27:3)
    at addSpecsToSuite (/Users/muchniki/.nvm/versions/node/v6.9.5/lib/node_modules/protractor/node_modules/jasmine-core/lib/jasmine-core/jasmine.js:867:25)
    at Env.describe (/Users/muchniki/.nvm/versions/node/v6.9.5/lib/node_modules/protractor/node_modules/jasmine-core/lib/jasmine-core/jasmine.js:836:7)
    at describe (/Users/muchniki/.nvm/versions/node/v6.9.5/lib/node_modules/protractor/node_modules/jasmine-core/lib/jasmine-core/jasmine.js:3576:18)
    at Object.<anonymous> (/Users/muchniki/dev/cfgov-refresh/test/browser_tests/spec_suites/content/dbwu-past-awards.js:8:1)
    at Module._compile (module.js:570:32)
    at Object.Module._extensions..js (module.js:579:10)
    at Module.load (module.js:487:32)
    at tryModuleLoad (module.js:446:12)]]>
   </failure>
  </testcase>
  <testcase classname="focused specs.The Past Awards Page" name="should have a main summary" time="0.245">
   <failure type="toBe" message="Expected false to be true."><![CDATA[Error: Failed expectation
    at Object.<anonymous> (/Users/muchniki/dev/cfgov-refresh/test/browser_tests/spec_suites/content/dbwu-past-awards.js:32:44)
    at /Users/muchniki/.nvm/versions/node/v6.9.5/lib/node_modules/protractor/node_modules/jasminewd2/index.js:110:25
    at new ManagedPromise (/Users/muchniki/.nvm/versions/node/v6.9.5/lib/node_modules/protractor/node_modules/selenium-webdriver/lib/promise.js:1067:7)
    at ControlFlow.promise (/Users/muchniki/.nvm/versions/node/v6.9.5/lib/node_modules/protractor/node_modules/selenium-webdriver/lib/promise.js:2396:12)
    at schedulerExecute (/Users/muchniki/.nvm/versions/node/v6.9.5/lib/node_modules/protractor/node_modules/jasminewd2/index.js:95:18)
    at TaskQueue.execute_ (/Users/muchniki/.nvm/versions/node/v6.9.5/lib/node_modules/protractor/node_modules/selenium-webdriver/lib/promise.js:2970:14)
    at TaskQueue.executeNext_ (/Users/muchniki/.nvm/versions/node/v6.9.5/lib/node_modules/protractor/node_modules/selenium-webdriver/lib/promise.js:2953:27)
    at asyncRun (/Users/muchniki/.nvm/versions/node/v6.9.5/lib/node_modules/protractor/node_modules/selenium-webdriver/lib/promise.js:2860:25)
    at /Users/muchniki/.nvm/versions/node/v6.9.5/lib/node_modules/protractor/node_modules/selenium-webdriver/lib/promise.js:676:7]]>
   </failure>
  </testcase>
  <testcase classname="focused specs.The Past Awards Page" name="should have Business content" time="0.724">
   <failure type="toBeGreaterThan" message="Expected 0 to be greater than 0."><![CDATA[Error: Failed expectation
    at Object.<anonymous> (/Users/muchniki/dev/cfgov-refresh/test/browser_tests/spec_suites/content/dbwu-past-awards.js:36:50)
    at /Users/muchniki/.nvm/versions/node/v6.9.5/lib/node_modules/protractor/node_modules/jasminewd2/index.js:110:25
    at new ManagedPromise (/Users/muchniki/.nvm/versions/node/v6.9.5/lib/node_modules/protractor/node_modules/selenium-webdriver/lib/promise.js:1067:7)
    at ControlFlow.promise (/Users/muchniki/.nvm/versions/node/v6.9.5/lib/node_modules/protractor/node_modules/selenium-webdriver/lib/promise.js:2396:12)
    at schedulerExecute (/Users/muchniki/.nvm/versions/node/v6.9.5/lib/node_modules/protractor/node_modules/jasminewd2/index.js:95:18)
    at TaskQueue.execute_ (/Users/muchniki/.nvm/versions/node/v6.9.5/lib/node_modules/protractor/node_modules/selenium-webdriver/lib/promise.js:2970:14)
    at TaskQueue.executeNext_ (/Users/muchniki/.nvm/versions/node/v6.9.5/lib/node_modules/protractor/node_modules/selenium-webdriver/lib/promise.js:2953:27)
    at asyncRun (/Users/muchniki/.nvm/versions/node/v6.9.5/lib/node_modules/protractor/node_modules/selenium-webdriver/lib/promise.js:2860:25)
    at /Users/muchniki/.nvm/versions/node/v6.9.5/lib/node_modules/protractor/node_modules/selenium-webdriver/lib/promise.js:676:7]]>
   </failure>
   <failure type="toBeGreaterThan" message="Expected 0 to be greater than 0."><![CDATA[Error: Failed expectation
    at Object.<anonymous> (/Users/muchniki/dev/cfgov-refresh/test/browser_tests/spec_suites/content/dbwu-past-awards.js:37:49)
    at /Users/muchniki/.nvm/versions/node/v6.9.5/lib/node_modules/protractor/node_modules/jasminewd2/index.js:110:25
    at new ManagedPromise (/Users/muchniki/.nvm/versions/node/v6.9.5/lib/node_modules/protractor/node_modules/selenium-webdriver/lib/promise.js:1067:7)
    at ControlFlow.promise (/Users/muchniki/.nvm/versions/node/v6.9.5/lib/node_modules/protractor/node_modules/selenium-webdriver/lib/promise.js:2396:12)
    at schedulerExecute (/Users/muchniki/.nvm/versions/node/v6.9.5/lib/node_modules/protractor/node_modules/jasminewd2/index.js:95:18)
    at TaskQueue.execute_ (/Users/muchniki/.nvm/versions/node/v6.9.5/lib/node_modules/protractor/node_modules/selenium-webdriver/lib/promise.js:2970:14)
    at TaskQueue.executeNext_ (/Users/muchniki/.nvm/versions/node/v6.9.5/lib/node_modules/protractor/node_modules/selenium-webdriver/lib/promise.js:2953:27)
    at asyncRun (/Users/muchniki/.nvm/versions/node/v6.9.5/lib/node_modules/protractor/node_modules/selenium-webdriver/lib/promise.js:2860:25)
    at /Users/muchniki/.nvm/versions/node/v6.9.5/lib/node_modules/protractor/node_modules/selenium-webdriver/lib/promise.js:676:7]]>
   </failure>
   <failure type="toBe" message="Expected false to be true."><![CDATA[Error: Failed expectation
    at /Users/muchniki/dev/cfgov-refresh/test/browser_tests/spec_suites/content/dbwu-past-awards.js:40:54
    at ManagedPromise.invokeCallback_ (/Users/muchniki/.nvm/versions/node/v6.9.5/lib/node_modules/protractor/node_modules/selenium-webdriver/lib/promise.js:1366:14)
    at TaskQueue.execute_ (/Users/muchniki/.nvm/versions/node/v6.9.5/lib/node_modules/protractor/node_modules/selenium-webdriver/lib/promise.js:2970:14)
    at TaskQueue.executeNext_ (/Users/muchniki/.nvm/versions/node/v6.9.5/lib/node_modules/protractor/node_modules/selenium-webdriver/lib/promise.js:2953:27)
    at asyncRun (/Users/muchniki/.nvm/versions/node/v6.9.5/lib/node_modules/protractor/node_modules/selenium-webdriver/lib/promise.js:2813:27)
    at /Users/muchniki/.nvm/versions/node/v6.9.5/lib/node_modules/protractor/node_modules/selenium-webdriver/lib/promise.js:676:7
    at process._tickCallback (internal/process/next_tick.js:103:7)]]>
   </failure>
  </testcase>
  <testcase classname="focused specs.The Past Awards Page" name="should have two More Info sections" time="0.729">
   <failure type="toEqual" message="Expected [  ] to equal [ &apos;How to do business with us&apos;, &apos;Small and disadvantaged businesses&apos; ]."><![CDATA[Error: Failed expectation
    at Object.<anonymous> (/Users/muchniki/dev/cfgov-refresh/test/browser_tests/spec_suites/content/dbwu-past-awards.js:55:6)
    at /Users/muchniki/.nvm/versions/node/v6.9.5/lib/node_modules/protractor/node_modules/jasminewd2/index.js:110:25
    at new ManagedPromise (/Users/muchniki/.nvm/versions/node/v6.9.5/lib/node_modules/protractor/node_modules/selenium-webdriver/lib/promise.js:1067:7)
    at ControlFlow.promise (/Users/muchniki/.nvm/versions/node/v6.9.5/lib/node_modules/protractor/node_modules/selenium-webdriver/lib/promise.js:2396:12)
    at schedulerExecute (/Users/muchniki/.nvm/versions/node/v6.9.5/lib/node_modules/protractor/node_modules/jasminewd2/index.js:95:18)
    at TaskQueue.execute_ (/Users/muchniki/.nvm/versions/node/v6.9.5/lib/node_modules/protractor/node_modules/selenium-webdriver/lib/promise.js:2970:14)
    at TaskQueue.executeNext_ (/Users/muchniki/.nvm/versions/node/v6.9.5/lib/node_modules/protractor/node_modules/selenium-webdriver/lib/promise.js:2953:27)
    at asyncRun (/Users/muchniki/.nvm/versions/node/v6.9.5/lib/node_modules/protractor/node_modules/selenium-webdriver/lib/promise.js:2860:25)
    at /Users/muchniki/.nvm/versions/node/v6.9.5/lib/node_modules/protractor/node_modules/selenium-webdriver/lib/promise.js:676:7]]>
   </failure>
   <failure type="toEqual" message="Expected 0 to equal 2."><![CDATA[Error: Failed expectation
    at Object.<anonymous> (/Users/muchniki/dev/cfgov-refresh/test/browser_tests/spec_suites/content/dbwu-past-awards.js:56:56)
    at /Users/muchniki/.nvm/versions/node/v6.9.5/lib/node_modules/protractor/node_modules/jasminewd2/index.js:110:25
    at new ManagedPromise (/Users/muchniki/.nvm/versions/node/v6.9.5/lib/node_modules/protractor/node_modules/selenium-webdriver/lib/promise.js:1067:7)
    at ControlFlow.promise (/Users/muchniki/.nvm/versions/node/v6.9.5/lib/node_modules/protractor/node_modules/selenium-webdriver/lib/promise.js:2396:12)
    at schedulerExecute (/Users/muchniki/.nvm/versions/node/v6.9.5/lib/node_modules/protractor/node_modules/jasminewd2/index.js:95:18)
    at TaskQueue.execute_ (/Users/muchniki/.nvm/versions/node/v6.9.5/lib/node_modules/protractor/node_modules/selenium-webdriver/lib/promise.js:2970:14)
    at TaskQueue.executeNext_ (/Users/muchniki/.nvm/versions/node/v6.9.5/lib/node_modules/protractor/node_modules/selenium-webdriver/lib/promise.js:2953:27)
    at asyncRun (/Users/muchniki/.nvm/versions/node/v6.9.5/lib/node_modules/protractor/node_modules/selenium-webdriver/lib/promise.js:2860:25)
    at /Users/muchniki/.nvm/versions/node/v6.9.5/lib/node_modules/protractor/node_modules/selenium-webdriver/lib/promise.js:676:7]]>
   </failure>
   <failure type="toEqualUrl" message="Expected  to equal https://www.sam.gov/,/about-us/doing-business-with-us/small-businesses/, but it does not."><![CDATA[Error: Failed expectation
    at Object.<anonymous> (/Users/muchniki/dev/cfgov-refresh/test/browser_tests/spec_suites/content/dbwu-past-awards.js:58:6)
    at /Users/muchniki/.nvm/versions/node/v6.9.5/lib/node_modules/protractor/node_modules/jasminewd2/index.js:110:25
    at new ManagedPromise (/Users/muchniki/.nvm/versions/node/v6.9.5/lib/node_modules/protractor/node_modules/selenium-webdriver/lib/promise.js:1067:7)
    at ControlFlow.promise (/Users/muchniki/.nvm/versions/node/v6.9.5/lib/node_modules/protractor/node_modules/selenium-webdriver/lib/promise.js:2396:12)
    at schedulerExecute (/Users/muchniki/.nvm/versions/node/v6.9.5/lib/node_modules/protractor/node_modules/jasminewd2/index.js:95:18)
    at TaskQueue.execute_ (/Users/muchniki/.nvm/versions/node/v6.9.5/lib/node_modules/protractor/node_modules/selenium-webdriver/lib/promise.js:2970:14)
    at TaskQueue.executeNext_ (/Users/muchniki/.nvm/versions/node/v6.9.5/lib/node_modules/protractor/node_modules/selenium-webdriver/lib/promise.js:2953:27)
    at asyncRun (/Users/muchniki/.nvm/versions/node/v6.9.5/lib/node_modules/protractor/node_modules/selenium-webdriver/lib/promise.js:2860:25)
    at /Users/muchniki/.nvm/versions/node/v6.9.5/lib/node_modules/protractor/node_modules/selenium-webdriver/lib/promise.js:676:7]]>
   </failure>
  </testcase>
 </testsuite>
 <testsuite name="focused specs.The Small Businesses Page" timestamp="2017-03-01T17:32:20" hostname="localhost" time="1.929" errors="0" tests="8" skipped="1" disabled="0" failures="9">
  <testcase classname="focused specs.The Small Businesses Page" name="should properly load in a browser" time="0.008">
   <failure type="toContain" message="Expected &apos;&apos; to contain &apos;Doing Business with Us: Small, women-owned, and minority-owned businesses&apos;."><![CDATA[Error: Failed expectation
    at Object.<anonymous> (/Users/muchniki/dev/cfgov-refresh/test/browser_tests/spec_suites/content/dbwu-small-businesses.js:20:6)
    at /Users/muchniki/.nvm/versions/node/v6.9.5/lib/node_modules/protractor/node_modules/jasminewd2/index.js:110:25
    at new ManagedPromise (/Users/muchniki/.nvm/versions/node/v6.9.5/lib/node_modules/protractor/node_modules/selenium-webdriver/lib/promise.js:1067:7)
    at ControlFlow.promise (/Users/muchniki/.nvm/versions/node/v6.9.5/lib/node_modules/protractor/node_modules/selenium-webdriver/lib/promise.js:2396:12)
    at schedulerExecute (/Users/muchniki/.nvm/versions/node/v6.9.5/lib/node_modules/protractor/node_modules/jasminewd2/index.js:95:18)
    at TaskQueue.execute_ (/Users/muchniki/.nvm/versions/node/v6.9.5/lib/node_modules/protractor/node_modules/selenium-webdriver/lib/promise.js:2970:14)
    at TaskQueue.executeNext_ (/Users/muchniki/.nvm/versions/node/v6.9.5/lib/node_modules/protractor/node_modules/selenium-webdriver/lib/promise.js:2953:27)
    at asyncRun (/Users/muchniki/.nvm/versions/node/v6.9.5/lib/node_modules/protractor/node_modules/selenium-webdriver/lib/promise.js:2860:25)
    at /Users/muchniki/.nvm/versions/node/v6.9.5/lib/node_modules/protractor/node_modules/selenium-webdriver/lib/promise.js:676:7]]>
   </failure>
  </testcase>
  <testcase classname="focused specs.The Small Businesses Page" name="should have a side nav" time="0.239">
   <failure type="toBe" message="Expected false to be true."><![CDATA[Error: Failed expectation
    at Object.<anonymous> (/Users/muchniki/dev/cfgov-refresh/test/browser_tests/spec_suites/content/dbwu-small-businesses.js:25:40)
    at /Users/muchniki/.nvm/versions/node/v6.9.5/lib/node_modules/protractor/node_modules/jasminewd2/index.js:110:25
    at new ManagedPromise (/Users/muchniki/.nvm/versions/node/v6.9.5/lib/node_modules/protractor/node_modules/selenium-webdriver/lib/promise.js:1067:7)
    at ControlFlow.promise (/Users/muchniki/.nvm/versions/node/v6.9.5/lib/node_modules/protractor/node_modules/selenium-webdriver/lib/promise.js:2396:12)
    at schedulerExecute (/Users/muchniki/.nvm/versions/node/v6.9.5/lib/node_modules/protractor/node_modules/jasminewd2/index.js:95:18)
    at TaskQueue.execute_ (/Users/muchniki/.nvm/versions/node/v6.9.5/lib/node_modules/protractor/node_modules/selenium-webdriver/lib/promise.js:2970:14)
    at TaskQueue.executeNext_ (/Users/muchniki/.nvm/versions/node/v6.9.5/lib/node_modules/protractor/node_modules/selenium-webdriver/lib/promise.js:2953:27)
    at asyncRun (/Users/muchniki/.nvm/versions/node/v6.9.5/lib/node_modules/protractor/node_modules/selenium-webdriver/lib/promise.js:2860:25)
    at /Users/muchniki/.nvm/versions/node/v6.9.5/lib/node_modules/protractor/node_modules/selenium-webdriver/lib/promise.js:676:7]]>
   </failure>
  </testcase>
  <testcase classname="focused specs.The Small Businesses Page" name="should have a breadcrumb" time="0.212">
   <failure type="exception" message="Failed: No element found using locator: By(css selector, .breadcrumbs_link)"><![CDATA[NoSuchElementError: No element found using locator: By(css selector, .breadcrumbs_link)
    at WebDriverError (/Users/muchniki/.nvm/versions/node/v6.9.5/lib/node_modules/protractor/node_modules/selenium-webdriver/lib/error.js:27:5)
    at NoSuchElementError (/Users/muchniki/.nvm/versions/node/v6.9.5/lib/node_modules/protractor/node_modules/selenium-webdriver/lib/error.js:168:5)
    at elementArrayFinder.getWebElements.then (/Users/muchniki/.nvm/versions/node/v6.9.5/lib/node_modules/protractor/lib/element.ts:851:17)
    at ManagedPromise.invokeCallback_ (/Users/muchniki/.nvm/versions/node/v6.9.5/lib/node_modules/protractor/node_modules/selenium-webdriver/lib/promise.js:1366:14)
    at TaskQueue.execute_ (/Users/muchniki/.nvm/versions/node/v6.9.5/lib/node_modules/protractor/node_modules/selenium-webdriver/lib/promise.js:2970:14)
    at TaskQueue.executeNext_ (/Users/muchniki/.nvm/versions/node/v6.9.5/lib/node_modules/protractor/node_modules/selenium-webdriver/lib/promise.js:2953:27)
    at asyncRun (/Users/muchniki/.nvm/versions/node/v6.9.5/lib/node_modules/protractor/node_modules/selenium-webdriver/lib/promise.js:2813:27)
    at /Users/muchniki/.nvm/versions/node/v6.9.5/lib/node_modules/protractor/node_modules/selenium-webdriver/lib/promise.js:676:7
    at process._tickCallback (internal/process/next_tick.js:103:7)Error
    at ElementArrayFinder.applyAction_ (/Users/muchniki/.nvm/versions/node/v6.9.5/lib/node_modules/protractor/lib/element.ts:482:23)
    at ElementArrayFinder.(anonymous function) [as getText] (/Users/muchniki/.nvm/versions/node/v6.9.5/lib/node_modules/protractor/lib/element.ts:96:21)
    at ElementFinder.(anonymous function) [as getText] (/Users/muchniki/.nvm/versions/node/v6.9.5/lib/node_modules/protractor/lib/element.ts:873:14)
    at Object.<anonymous> (/Users/muchniki/dev/cfgov-refresh/test/browser_tests/spec_suites/content/dbwu-small-businesses.js:29:29)
    at /Users/muchniki/.nvm/versions/node/v6.9.5/lib/node_modules/protractor/node_modules/jasminewd2/index.js:110:25
    at new ManagedPromise (/Users/muchniki/.nvm/versions/node/v6.9.5/lib/node_modules/protractor/node_modules/selenium-webdriver/lib/promise.js:1067:7)
    at ControlFlow.promise (/Users/muchniki/.nvm/versions/node/v6.9.5/lib/node_modules/protractor/node_modules/selenium-webdriver/lib/promise.js:2396:12)
    at schedulerExecute (/Users/muchniki/.nvm/versions/node/v6.9.5/lib/node_modules/protractor/node_modules/jasminewd2/index.js:95:18)
    at TaskQueue.execute_ (/Users/muchniki/.nvm/versions/node/v6.9.5/lib/node_modules/protractor/node_modules/selenium-webdriver/lib/promise.js:2970:14)
    at TaskQueue.executeNext_ (/Users/muchniki/.nvm/versions/node/v6.9.5/lib/node_modules/protractor/node_modules/selenium-webdriver/lib/promise.js:2953:27)
From: Task: Run it("should have a breadcrumb") in control flow
    at Object.<anonymous> (/Users/muchniki/.nvm/versions/node/v6.9.5/lib/node_modules/protractor/node_modules/jasminewd2/index.js:94:19)
    at attemptAsync (/Users/muchniki/.nvm/versions/node/v6.9.5/lib/node_modules/protractor/node_modules/jasmine-core/lib/jasmine-core/jasmine.js:1980:24)
    at QueueRunner.run (/Users/muchniki/.nvm/versions/node/v6.9.5/lib/node_modules/protractor/node_modules/jasmine-core/lib/jasmine-core/jasmine.js:1935:9)
    at QueueRunner.execute (/Users/muchniki/.nvm/versions/node/v6.9.5/lib/node_modules/protractor/node_modules/jasmine-core/lib/jasmine-core/jasmine.js:1923:10)
    at Spec.queueRunnerFactory (/Users/muchniki/.nvm/versions/node/v6.9.5/lib/node_modules/protractor/node_modules/jasmine-core/lib/jasmine-core/jasmine.js:714:35)
    at Spec.execute (/Users/muchniki/.nvm/versions/node/v6.9.5/lib/node_modules/protractor/node_modules/jasmine-core/lib/jasmine-core/jasmine.js:371:10)
    at Object.fn (/Users/muchniki/.nvm/versions/node/v6.9.5/lib/node_modules/protractor/node_modules/jasmine-core/lib/jasmine-core/jasmine.js:2579:37)
    at attemptAsync (/Users/muchniki/.nvm/versions/node/v6.9.5/lib/node_modules/protractor/node_modules/jasmine-core/lib/jasmine-core/jasmine.js:1980:24)
    at QueueRunner.run (/Users/muchniki/.nvm/versions/node/v6.9.5/lib/node_modules/protractor/node_modules/jasmine-core/lib/jasmine-core/jasmine.js:1935:9)
    at /Users/muchniki/.nvm/versions/node/v6.9.5/lib/node_modules/protractor/node_modules/jasmine-core/lib/jasmine-core/jasmine.js:1962:16
From asynchronous test: 
Error
    at Suite.<anonymous> (/Users/muchniki/dev/cfgov-refresh/test/browser_tests/spec_suites/content/dbwu-small-businesses.js:28:3)
    at addSpecsToSuite (/Users/muchniki/.nvm/versions/node/v6.9.5/lib/node_modules/protractor/node_modules/jasmine-core/lib/jasmine-core/jasmine.js:867:25)
    at Env.describe (/Users/muchniki/.nvm/versions/node/v6.9.5/lib/node_modules/protractor/node_modules/jasmine-core/lib/jasmine-core/jasmine.js:836:7)
    at describe (/Users/muchniki/.nvm/versions/node/v6.9.5/lib/node_modules/protractor/node_modules/jasmine-core/lib/jasmine-core/jasmine.js:3576:18)
    at Object.<anonymous> (/Users/muchniki/dev/cfgov-refresh/test/browser_tests/spec_suites/content/dbwu-small-businesses.js:8:1)
    at Module._compile (module.js:570:32)
    at Object.Module._extensions..js (module.js:579:10)
    at Module.load (module.js:487:32)
    at tryModuleLoad (module.js:446:12)]]>
   </failure>
  </testcase>
  <testcase classname="focused specs.The Small Businesses Page" name="should have a main summary" time="0.24">
   <failure type="toBe" message="Expected false to be true."><![CDATA[Error: Failed expectation
    at Object.<anonymous> (/Users/muchniki/dev/cfgov-refresh/test/browser_tests/spec_suites/content/dbwu-small-businesses.js:33:44)
    at /Users/muchniki/.nvm/versions/node/v6.9.5/lib/node_modules/protractor/node_modules/jasminewd2/index.js:110:25
    at new ManagedPromise (/Users/muchniki/.nvm/versions/node/v6.9.5/lib/node_modules/protractor/node_modules/selenium-webdriver/lib/promise.js:1067:7)
    at ControlFlow.promise (/Users/muchniki/.nvm/versions/node/v6.9.5/lib/node_modules/protractor/node_modules/selenium-webdriver/lib/promise.js:2396:12)
    at schedulerExecute (/Users/muchniki/.nvm/versions/node/v6.9.5/lib/node_modules/protractor/node_modules/jasminewd2/index.js:95:18)
    at TaskQueue.execute_ (/Users/muchniki/.nvm/versions/node/v6.9.5/lib/node_modules/protractor/node_modules/selenium-webdriver/lib/promise.js:2970:14)
    at TaskQueue.executeNext_ (/Users/muchniki/.nvm/versions/node/v6.9.5/lib/node_modules/protractor/node_modules/selenium-webdriver/lib/promise.js:2953:27)
    at asyncRun (/Users/muchniki/.nvm/versions/node/v6.9.5/lib/node_modules/protractor/node_modules/selenium-webdriver/lib/promise.js:2860:25)
    at /Users/muchniki/.nvm/versions/node/v6.9.5/lib/node_modules/protractor/node_modules/selenium-webdriver/lib/promise.js:676:7]]>
   </failure>
  </testcase>
  <testcase classname="focused specs.The Small Businesses Page" name="should have a summary navigation link" time="0.244">
   <failure type="exception" message="Failed: No element found using locator: By(css selector, [data-qa-hook=&quot;main-summary&quot;])"><![CDATA[NoSuchElementError: No element found using locator: By(css selector, [data-qa-hook="main-summary"])
    at WebDriverError (/Users/muchniki/.nvm/versions/node/v6.9.5/lib/node_modules/protractor/node_modules/selenium-webdriver/lib/error.js:27:5)
    at NoSuchElementError (/Users/muchniki/.nvm/versions/node/v6.9.5/lib/node_modules/protractor/node_modules/selenium-webdriver/lib/error.js:168:5)
    at elementArrayFinder.getWebElements.then (/Users/muchniki/.nvm/versions/node/v6.9.5/lib/node_modules/protractor/lib/element.ts:851:17)
    at ManagedPromise.invokeCallback_ (/Users/muchniki/.nvm/versions/node/v6.9.5/lib/node_modules/protractor/node_modules/selenium-webdriver/lib/promise.js:1366:14)
    at TaskQueue.execute_ (/Users/muchniki/.nvm/versions/node/v6.9.5/lib/node_modules/protractor/node_modules/selenium-webdriver/lib/promise.js:2970:14)
    at TaskQueue.executeNext_ (/Users/muchniki/.nvm/versions/node/v6.9.5/lib/node_modules/protractor/node_modules/selenium-webdriver/lib/promise.js:2953:27)
    at asyncRun (/Users/muchniki/.nvm/versions/node/v6.9.5/lib/node_modules/protractor/node_modules/selenium-webdriver/lib/promise.js:2813:27)
    at /Users/muchniki/.nvm/versions/node/v6.9.5/lib/node_modules/protractor/node_modules/selenium-webdriver/lib/promise.js:676:7
    at process._tickCallback (internal/process/next_tick.js:103:7)Error
    at ElementArrayFinder.applyAction_ (/Users/muchniki/.nvm/versions/node/v6.9.5/lib/node_modules/protractor/lib/element.ts:482:23)
    at ElementArrayFinder.(anonymous function) [as getAttribute] (/Users/muchniki/.nvm/versions/node/v6.9.5/lib/node_modules/protractor/lib/element.ts:96:21)
    at ElementFinder.(anonymous function) [as getAttribute] (/Users/muchniki/.nvm/versions/node/v6.9.5/lib/node_modules/protractor/lib/element.ts:873:14)
    at Object.<anonymous> (/Users/muchniki/dev/cfgov-refresh/test/browser_tests/spec_suites/content/dbwu-small-businesses.js:37:33)
    at /Users/muchniki/.nvm/versions/node/v6.9.5/lib/node_modules/protractor/node_modules/jasminewd2/index.js:110:25
    at new ManagedPromise (/Users/muchniki/.nvm/versions/node/v6.9.5/lib/node_modules/protractor/node_modules/selenium-webdriver/lib/promise.js:1067:7)
    at ControlFlow.promise (/Users/muchniki/.nvm/versions/node/v6.9.5/lib/node_modules/protractor/node_modules/selenium-webdriver/lib/promise.js:2396:12)
    at schedulerExecute (/Users/muchniki/.nvm/versions/node/v6.9.5/lib/node_modules/protractor/node_modules/jasminewd2/index.js:95:18)
    at TaskQueue.execute_ (/Users/muchniki/.nvm/versions/node/v6.9.5/lib/node_modules/protractor/node_modules/selenium-webdriver/lib/promise.js:2970:14)
    at TaskQueue.executeNext_ (/Users/muchniki/.nvm/versions/node/v6.9.5/lib/node_modules/protractor/node_modules/selenium-webdriver/lib/promise.js:2953:27)
From: Task: Run it("should have a summary navigation link") in control flow
    at Object.<anonymous> (/Users/muchniki/.nvm/versions/node/v6.9.5/lib/node_modules/protractor/node_modules/jasminewd2/index.js:94:19)
    at attemptAsync (/Users/muchniki/.nvm/versions/node/v6.9.5/lib/node_modules/protractor/node_modules/jasmine-core/lib/jasmine-core/jasmine.js:1980:24)
    at QueueRunner.run (/Users/muchniki/.nvm/versions/node/v6.9.5/lib/node_modules/protractor/node_modules/jasmine-core/lib/jasmine-core/jasmine.js:1935:9)
    at QueueRunner.execute (/Users/muchniki/.nvm/versions/node/v6.9.5/lib/node_modules/protractor/node_modules/jasmine-core/lib/jasmine-core/jasmine.js:1923:10)
    at Spec.queueRunnerFactory (/Users/muchniki/.nvm/versions/node/v6.9.5/lib/node_modules/protractor/node_modules/jasmine-core/lib/jasmine-core/jasmine.js:714:35)
    at Spec.execute (/Users/muchniki/.nvm/versions/node/v6.9.5/lib/node_modules/protractor/node_modules/jasmine-core/lib/jasmine-core/jasmine.js:371:10)
    at Object.fn (/Users/muchniki/.nvm/versions/node/v6.9.5/lib/node_modules/protractor/node_modules/jasmine-core/lib/jasmine-core/jasmine.js:2579:37)
    at attemptAsync (/Users/muchniki/.nvm/versions/node/v6.9.5/lib/node_modules/protractor/node_modules/jasmine-core/lib/jasmine-core/jasmine.js:1980:24)
    at QueueRunner.run (/Users/muchniki/.nvm/versions/node/v6.9.5/lib/node_modules/protractor/node_modules/jasmine-core/lib/jasmine-core/jasmine.js:1935:9)
    at /Users/muchniki/.nvm/versions/node/v6.9.5/lib/node_modules/protractor/node_modules/jasmine-core/lib/jasmine-core/jasmine.js:1962:16
From asynchronous test: 
Error
    at Suite.<anonymous> (/Users/muchniki/dev/cfgov-refresh/test/browser_tests/spec_suites/content/dbwu-small-businesses.js:36:3)
    at addSpecsToSuite (/Users/muchniki/.nvm/versions/node/v6.9.5/lib/node_modules/protractor/node_modules/jasmine-core/lib/jasmine-core/jasmine.js:867:25)
    at Env.describe (/Users/muchniki/.nvm/versions/node/v6.9.5/lib/node_modules/protractor/node_modules/jasmine-core/lib/jasmine-core/jasmine.js:836:7)
    at describe (/Users/muchniki/.nvm/versions/node/v6.9.5/lib/node_modules/protractor/node_modules/jasmine-core/lib/jasmine-core/jasmine.js:3576:18)
    at Object.<anonymous> (/Users/muchniki/dev/cfgov-refresh/test/browser_tests/spec_suites/content/dbwu-small-businesses.js:8:1)
    at Module._compile (module.js:570:32)
    at Object.Module._extensions..js (module.js:579:10)
    at Module.load (module.js:487:32)
    at tryModuleLoad (module.js:446:12)]]>
   </failure>
  </testcase>
  <testcase classname="focused specs.The Small Businesses Page" name="should have an Awards table" time="0.239">
   <failure type="toBe" message="Expected false to be true."><![CDATA[Error: Failed expectation
    at Object.<anonymous> (/Users/muchniki/dev/cfgov-refresh/test/browser_tests/spec_suites/content/dbwu-small-businesses.js:43:6)
    at /Users/muchniki/.nvm/versions/node/v6.9.5/lib/node_modules/protractor/node_modules/jasminewd2/index.js:110:25
    at new ManagedPromise (/Users/muchniki/.nvm/versions/node/v6.9.5/lib/node_modules/protractor/node_modules/selenium-webdriver/lib/promise.js:1067:7)
    at ControlFlow.promise (/Users/muchniki/.nvm/versions/node/v6.9.5/lib/node_modules/protractor/node_modules/selenium-webdriver/lib/promise.js:2396:12)
    at schedulerExecute (/Users/muchniki/.nvm/versions/node/v6.9.5/lib/node_modules/protractor/node_modules/jasminewd2/index.js:95:18)
    at TaskQueue.execute_ (/Users/muchniki/.nvm/versions/node/v6.9.5/lib/node_modules/protractor/node_modules/selenium-webdriver/lib/promise.js:2970:14)
    at TaskQueue.executeNext_ (/Users/muchniki/.nvm/versions/node/v6.9.5/lib/node_modules/protractor/node_modules/selenium-webdriver/lib/promise.js:2953:27)
    at asyncRun (/Users/muchniki/.nvm/versions/node/v6.9.5/lib/node_modules/protractor/node_modules/selenium-webdriver/lib/promise.js:2860:25)
    at /Users/muchniki/.nvm/versions/node/v6.9.5/lib/node_modules/protractor/node_modules/selenium-webdriver/lib/promise.js:676:7]]>
   </failure>
  </testcase>
  <testcase classname="focused specs.The Small Businesses Page" name="should have Small Business Info sections" time="0">
   <skipped message="Temporarily disabled with xit" />
  </testcase>
  <testcase classname="focused specs.The Small Businesses Page" name="should have two More Info sections" time="0.724">
   <failure type="toEqual" message="Expected [  ] to equal [ &apos;How to do business with us&apos;, &apos;Expected procurement requests&apos; ]."><![CDATA[Error: Failed expectation
    at Object.<anonymous> (/Users/muchniki/dev/cfgov-refresh/test/browser_tests/spec_suites/content/dbwu-small-businesses.js:71:6)
    at /Users/muchniki/.nvm/versions/node/v6.9.5/lib/node_modules/protractor/node_modules/jasminewd2/index.js:110:25
    at new ManagedPromise (/Users/muchniki/.nvm/versions/node/v6.9.5/lib/node_modules/protractor/node_modules/selenium-webdriver/lib/promise.js:1067:7)
    at ControlFlow.promise (/Users/muchniki/.nvm/versions/node/v6.9.5/lib/node_modules/protractor/node_modules/selenium-webdriver/lib/promise.js:2396:12)
    at schedulerExecute (/Users/muchniki/.nvm/versions/node/v6.9.5/lib/node_modules/protractor/node_modules/jasminewd2/index.js:95:18)
    at TaskQueue.execute_ (/Users/muchniki/.nvm/versions/node/v6.9.5/lib/node_modules/protractor/node_modules/selenium-webdriver/lib/promise.js:2970:14)
    at TaskQueue.executeNext_ (/Users/muchniki/.nvm/versions/node/v6.9.5/lib/node_modules/protractor/node_modules/selenium-webdriver/lib/promise.js:2953:27)
    at asyncRun (/Users/muchniki/.nvm/versions/node/v6.9.5/lib/node_modules/protractor/node_modules/selenium-webdriver/lib/promise.js:2860:25)
    at /Users/muchniki/.nvm/versions/node/v6.9.5/lib/node_modules/protractor/node_modules/selenium-webdriver/lib/promise.js:676:7]]>
   </failure>
   <failure type="toEqual" message="Expected 0 to equal 2."><![CDATA[Error: Failed expectation
    at Object.<anonymous> (/Users/muchniki/dev/cfgov-refresh/test/browser_tests/spec_suites/content/dbwu-small-businesses.js:72:56)
    at /Users/muchniki/.nvm/versions/node/v6.9.5/lib/node_modules/protractor/node_modules/jasminewd2/index.js:110:25
    at new ManagedPromise (/Users/muchniki/.nvm/versions/node/v6.9.5/lib/node_modules/protractor/node_modules/selenium-webdriver/lib/promise.js:1067:7)
    at ControlFlow.promise (/Users/muchniki/.nvm/versions/node/v6.9.5/lib/node_modules/protractor/node_modules/selenium-webdriver/lib/promise.js:2396:12)
    at schedulerExecute (/Users/muchniki/.nvm/versions/node/v6.9.5/lib/node_modules/protractor/node_modules/jasminewd2/index.js:95:18)
    at TaskQueue.execute_ (/Users/muchniki/.nvm/versions/node/v6.9.5/lib/node_modules/protractor/node_modules/selenium-webdriver/lib/promise.js:2970:14)
    at TaskQueue.executeNext_ (/Users/muchniki/.nvm/versions/node/v6.9.5/lib/node_modules/protractor/node_modules/selenium-webdriver/lib/promise.js:2953:27)
    at asyncRun (/Users/muchniki/.nvm/versions/node/v6.9.5/lib/node_modules/protractor/node_modules/selenium-webdriver/lib/promise.js:2860:25)
    at /Users/muchniki/.nvm/versions/node/v6.9.5/lib/node_modules/protractor/node_modules/selenium-webdriver/lib/promise.js:676:7]]>
   </failure>
   <failure type="toEqualUrl" message="Expected  to equal https://www.sam.gov/,/about-us/doing-business-with-us/upcoming-procurement-needs/, but it does not."><![CDATA[Error: Failed expectation
    at Object.<anonymous> (/Users/muchniki/dev/cfgov-refresh/test/browser_tests/spec_suites/content/dbwu-small-businesses.js:74:6)
    at /Users/muchniki/.nvm/versions/node/v6.9.5/lib/node_modules/protractor/node_modules/jasminewd2/index.js:110:25
    at new ManagedPromise (/Users/muchniki/.nvm/versions/node/v6.9.5/lib/node_modules/protractor/node_modules/selenium-webdriver/lib/promise.js:1067:7)
    at ControlFlow.promise (/Users/muchniki/.nvm/versions/node/v6.9.5/lib/node_modules/protractor/node_modules/selenium-webdriver/lib/promise.js:2396:12)
    at schedulerExecute (/Users/muchniki/.nvm/versions/node/v6.9.5/lib/node_modules/protractor/node_modules/jasminewd2/index.js:95:18)
    at TaskQueue.execute_ (/Users/muchniki/.nvm/versions/node/v6.9.5/lib/node_modules/protractor/node_modules/selenium-webdriver/lib/promise.js:2970:14)
    at TaskQueue.executeNext_ (/Users/muchniki/.nvm/versions/node/v6.9.5/lib/node_modules/protractor/node_modules/selenium-webdriver/lib/promise.js:2953:27)
    at asyncRun (/Users/muchniki/.nvm/versions/node/v6.9.5/lib/node_modules/protractor/node_modules/selenium-webdriver/lib/promise.js:2860:25)
    at /Users/muchniki/.nvm/versions/node/v6.9.5/lib/node_modules/protractor/node_modules/selenium-webdriver/lib/promise.js:676:7]]>
   </failure>
  </testcase>
 </testsuite>
 <testsuite name="focused specs.The Upcoming Procurement Needs Page" timestamp="2017-03-01T17:32:22" hostname="localhost" time="1.969" errors="0" tests="7" skipped="0" disabled="0" failures="9">
  <testcase classname="focused specs.The Upcoming Procurement Needs Page" name="should properly load in a browser" time="0.009">
   <failure type="toContain" message="Expected &apos;&apos; to contain &apos;Doing Business with Us: Upcoming Procurement Needs&apos;."><![CDATA[Error: Failed expectation
    at Object.<anonymous> (/Users/muchniki/dev/cfgov-refresh/test/browser_tests/spec_suites/content/dbwu-upcoming-procurement-needs.js:20:6)
    at /Users/muchniki/.nvm/versions/node/v6.9.5/lib/node_modules/protractor/node_modules/jasminewd2/index.js:110:25
    at new ManagedPromise (/Users/muchniki/.nvm/versions/node/v6.9.5/lib/node_modules/protractor/node_modules/selenium-webdriver/lib/promise.js:1067:7)
    at ControlFlow.promise (/Users/muchniki/.nvm/versions/node/v6.9.5/lib/node_modules/protractor/node_modules/selenium-webdriver/lib/promise.js:2396:12)
    at schedulerExecute (/Users/muchniki/.nvm/versions/node/v6.9.5/lib/node_modules/protractor/node_modules/jasminewd2/index.js:95:18)
    at TaskQueue.execute_ (/Users/muchniki/.nvm/versions/node/v6.9.5/lib/node_modules/protractor/node_modules/selenium-webdriver/lib/promise.js:2970:14)
    at TaskQueue.executeNext_ (/Users/muchniki/.nvm/versions/node/v6.9.5/lib/node_modules/protractor/node_modules/selenium-webdriver/lib/promise.js:2953:27)
    at asyncRun (/Users/muchniki/.nvm/versions/node/v6.9.5/lib/node_modules/protractor/node_modules/selenium-webdriver/lib/promise.js:2860:25)
    at /Users/muchniki/.nvm/versions/node/v6.9.5/lib/node_modules/protractor/node_modules/selenium-webdriver/lib/promise.js:676:7]]>
   </failure>
  </testcase>
  <testcase classname="focused specs.The Upcoming Procurement Needs Page" name="should have a side nav" time="0.242">
   <failure type="toBe" message="Expected false to be true."><![CDATA[Error: Failed expectation
    at Object.<anonymous> (/Users/muchniki/dev/cfgov-refresh/test/browser_tests/spec_suites/content/dbwu-upcoming-procurement-needs.js:24:40)
    at /Users/muchniki/.nvm/versions/node/v6.9.5/lib/node_modules/protractor/node_modules/jasminewd2/index.js:110:25
    at new ManagedPromise (/Users/muchniki/.nvm/versions/node/v6.9.5/lib/node_modules/protractor/node_modules/selenium-webdriver/lib/promise.js:1067:7)
    at ControlFlow.promise (/Users/muchniki/.nvm/versions/node/v6.9.5/lib/node_modules/protractor/node_modules/selenium-webdriver/lib/promise.js:2396:12)
    at schedulerExecute (/Users/muchniki/.nvm/versions/node/v6.9.5/lib/node_modules/protractor/node_modules/jasminewd2/index.js:95:18)
    at TaskQueue.execute_ (/Users/muchniki/.nvm/versions/node/v6.9.5/lib/node_modules/protractor/node_modules/selenium-webdriver/lib/promise.js:2970:14)
    at TaskQueue.executeNext_ (/Users/muchniki/.nvm/versions/node/v6.9.5/lib/node_modules/protractor/node_modules/selenium-webdriver/lib/promise.js:2953:27)
    at asyncRun (/Users/muchniki/.nvm/versions/node/v6.9.5/lib/node_modules/protractor/node_modules/selenium-webdriver/lib/promise.js:2860:25)
    at /Users/muchniki/.nvm/versions/node/v6.9.5/lib/node_modules/protractor/node_modules/selenium-webdriver/lib/promise.js:676:7]]>
   </failure>
  </testcase>
  <testcase classname="focused specs.The Upcoming Procurement Needs Page" name="should have a breadcrumb" time="0.244">
   <failure type="exception" message="Failed: No element found using locator: By(css selector, .breadcrumbs_link)"><![CDATA[NoSuchElementError: No element found using locator: By(css selector, .breadcrumbs_link)
    at WebDriverError (/Users/muchniki/.nvm/versions/node/v6.9.5/lib/node_modules/protractor/node_modules/selenium-webdriver/lib/error.js:27:5)
    at NoSuchElementError (/Users/muchniki/.nvm/versions/node/v6.9.5/lib/node_modules/protractor/node_modules/selenium-webdriver/lib/error.js:168:5)
    at elementArrayFinder.getWebElements.then (/Users/muchniki/.nvm/versions/node/v6.9.5/lib/node_modules/protractor/lib/element.ts:851:17)
    at ManagedPromise.invokeCallback_ (/Users/muchniki/.nvm/versions/node/v6.9.5/lib/node_modules/protractor/node_modules/selenium-webdriver/lib/promise.js:1366:14)
    at TaskQueue.execute_ (/Users/muchniki/.nvm/versions/node/v6.9.5/lib/node_modules/protractor/node_modules/selenium-webdriver/lib/promise.js:2970:14)
    at TaskQueue.executeNext_ (/Users/muchniki/.nvm/versions/node/v6.9.5/lib/node_modules/protractor/node_modules/selenium-webdriver/lib/promise.js:2953:27)
    at asyncRun (/Users/muchniki/.nvm/versions/node/v6.9.5/lib/node_modules/protractor/node_modules/selenium-webdriver/lib/promise.js:2813:27)
    at /Users/muchniki/.nvm/versions/node/v6.9.5/lib/node_modules/protractor/node_modules/selenium-webdriver/lib/promise.js:676:7
    at process._tickCallback (internal/process/next_tick.js:103:7)Error
    at ElementArrayFinder.applyAction_ (/Users/muchniki/.nvm/versions/node/v6.9.5/lib/node_modules/protractor/lib/element.ts:482:23)
    at ElementArrayFinder.(anonymous function) [as getText] (/Users/muchniki/.nvm/versions/node/v6.9.5/lib/node_modules/protractor/lib/element.ts:96:21)
    at ElementFinder.(anonymous function) [as getText] (/Users/muchniki/.nvm/versions/node/v6.9.5/lib/node_modules/protractor/lib/element.ts:873:14)
    at Object.<anonymous> (/Users/muchniki/dev/cfgov-refresh/test/browser_tests/spec_suites/content/dbwu-upcoming-procurement-needs.js:28:29)
    at /Users/muchniki/.nvm/versions/node/v6.9.5/lib/node_modules/protractor/node_modules/jasminewd2/index.js:110:25
    at new ManagedPromise (/Users/muchniki/.nvm/versions/node/v6.9.5/lib/node_modules/protractor/node_modules/selenium-webdriver/lib/promise.js:1067:7)
    at ControlFlow.promise (/Users/muchniki/.nvm/versions/node/v6.9.5/lib/node_modules/protractor/node_modules/selenium-webdriver/lib/promise.js:2396:12)
    at schedulerExecute (/Users/muchniki/.nvm/versions/node/v6.9.5/lib/node_modules/protractor/node_modules/jasminewd2/index.js:95:18)
    at TaskQueue.execute_ (/Users/muchniki/.nvm/versions/node/v6.9.5/lib/node_modules/protractor/node_modules/selenium-webdriver/lib/promise.js:2970:14)
    at TaskQueue.executeNext_ (/Users/muchniki/.nvm/versions/node/v6.9.5/lib/node_modules/protractor/node_modules/selenium-webdriver/lib/promise.js:2953:27)
From: Task: Run it("should have a breadcrumb") in control flow
    at Object.<anonymous> (/Users/muchniki/.nvm/versions/node/v6.9.5/lib/node_modules/protractor/node_modules/jasminewd2/index.js:94:19)
    at attemptAsync (/Users/muchniki/.nvm/versions/node/v6.9.5/lib/node_modules/protractor/node_modules/jasmine-core/lib/jasmine-core/jasmine.js:1980:24)
    at QueueRunner.run (/Users/muchniki/.nvm/versions/node/v6.9.5/lib/node_modules/protractor/node_modules/jasmine-core/lib/jasmine-core/jasmine.js:1935:9)
    at QueueRunner.execute (/Users/muchniki/.nvm/versions/node/v6.9.5/lib/node_modules/protractor/node_modules/jasmine-core/lib/jasmine-core/jasmine.js:1923:10)
    at Spec.queueRunnerFactory (/Users/muchniki/.nvm/versions/node/v6.9.5/lib/node_modules/protractor/node_modules/jasmine-core/lib/jasmine-core/jasmine.js:714:35)
    at Spec.execute (/Users/muchniki/.nvm/versions/node/v6.9.5/lib/node_modules/protractor/node_modules/jasmine-core/lib/jasmine-core/jasmine.js:371:10)
    at Object.fn (/Users/muchniki/.nvm/versions/node/v6.9.5/lib/node_modules/protractor/node_modules/jasmine-core/lib/jasmine-core/jasmine.js:2579:37)
    at attemptAsync (/Users/muchniki/.nvm/versions/node/v6.9.5/lib/node_modules/protractor/node_modules/jasmine-core/lib/jasmine-core/jasmine.js:1980:24)
    at QueueRunner.run (/Users/muchniki/.nvm/versions/node/v6.9.5/lib/node_modules/protractor/node_modules/jasmine-core/lib/jasmine-core/jasmine.js:1935:9)
    at /Users/muchniki/.nvm/versions/node/v6.9.5/lib/node_modules/protractor/node_modules/jasmine-core/lib/jasmine-core/jasmine.js:1962:16
From asynchronous test: 
Error
    at Suite.<anonymous> (/Users/muchniki/dev/cfgov-refresh/test/browser_tests/spec_suites/content/dbwu-upcoming-procurement-needs.js:27:3)
    at addSpecsToSuite (/Users/muchniki/.nvm/versions/node/v6.9.5/lib/node_modules/protractor/node_modules/jasmine-core/lib/jasmine-core/jasmine.js:867:25)
    at Env.describe (/Users/muchniki/.nvm/versions/node/v6.9.5/lib/node_modules/protractor/node_modules/jasmine-core/lib/jasmine-core/jasmine.js:836:7)
    at describe (/Users/muchniki/.nvm/versions/node/v6.9.5/lib/node_modules/protractor/node_modules/jasmine-core/lib/jasmine-core/jasmine.js:3576:18)
    at Object.<anonymous> (/Users/muchniki/dev/cfgov-refresh/test/browser_tests/spec_suites/content/dbwu-upcoming-procurement-needs.js:8:1)
    at Module._compile (module.js:570:32)
    at Object.Module._extensions..js (module.js:579:10)
    at Module.load (module.js:487:32)
    at tryModuleLoad (module.js:446:12)]]>
   </failure>
  </testcase>
  <testcase classname="focused specs.The Upcoming Procurement Needs Page" name="should have a main summary" time="0.237">
   <failure type="toBe" message="Expected false to be true."><![CDATA[Error: Failed expectation
    at Object.<anonymous> (/Users/muchniki/dev/cfgov-refresh/test/browser_tests/spec_suites/content/dbwu-upcoming-procurement-needs.js:32:44)
    at /Users/muchniki/.nvm/versions/node/v6.9.5/lib/node_modules/protractor/node_modules/jasminewd2/index.js:110:25
    at new ManagedPromise (/Users/muchniki/.nvm/versions/node/v6.9.5/lib/node_modules/protractor/node_modules/selenium-webdriver/lib/promise.js:1067:7)
    at ControlFlow.promise (/Users/muchniki/.nvm/versions/node/v6.9.5/lib/node_modules/protractor/node_modules/selenium-webdriver/lib/promise.js:2396:12)
    at schedulerExecute (/Users/muchniki/.nvm/versions/node/v6.9.5/lib/node_modules/protractor/node_modules/jasminewd2/index.js:95:18)
    at TaskQueue.execute_ (/Users/muchniki/.nvm/versions/node/v6.9.5/lib/node_modules/protractor/node_modules/selenium-webdriver/lib/promise.js:2970:14)
    at TaskQueue.executeNext_ (/Users/muchniki/.nvm/versions/node/v6.9.5/lib/node_modules/protractor/node_modules/selenium-webdriver/lib/promise.js:2953:27)
    at asyncRun (/Users/muchniki/.nvm/versions/node/v6.9.5/lib/node_modules/protractor/node_modules/selenium-webdriver/lib/promise.js:2860:25)
    at /Users/muchniki/.nvm/versions/node/v6.9.5/lib/node_modules/protractor/node_modules/selenium-webdriver/lib/promise.js:676:7]]>
   </failure>
  </testcase>
  <testcase classname="focused specs.The Upcoming Procurement Needs Page" name="should have an external Procurement link" time="0.238">
   <failure type="exception" message="Failed: No element found using locator: By(css selector, [data-qa-hook=&quot;main-summary&quot;] + p a)"><![CDATA[NoSuchElementError: No element found using locator: By(css selector, [data-qa-hook="main-summary"] + p a)
    at WebDriverError (/Users/muchniki/.nvm/versions/node/v6.9.5/lib/node_modules/protractor/node_modules/selenium-webdriver/lib/error.js:27:5)
    at NoSuchElementError (/Users/muchniki/.nvm/versions/node/v6.9.5/lib/node_modules/protractor/node_modules/selenium-webdriver/lib/error.js:168:5)
    at elementArrayFinder.getWebElements.then (/Users/muchniki/.nvm/versions/node/v6.9.5/lib/node_modules/protractor/lib/element.ts:851:17)
    at ManagedPromise.invokeCallback_ (/Users/muchniki/.nvm/versions/node/v6.9.5/lib/node_modules/protractor/node_modules/selenium-webdriver/lib/promise.js:1366:14)
    at TaskQueue.execute_ (/Users/muchniki/.nvm/versions/node/v6.9.5/lib/node_modules/protractor/node_modules/selenium-webdriver/lib/promise.js:2970:14)
    at TaskQueue.executeNext_ (/Users/muchniki/.nvm/versions/node/v6.9.5/lib/node_modules/protractor/node_modules/selenium-webdriver/lib/promise.js:2953:27)
    at asyncRun (/Users/muchniki/.nvm/versions/node/v6.9.5/lib/node_modules/protractor/node_modules/selenium-webdriver/lib/promise.js:2813:27)
    at /Users/muchniki/.nvm/versions/node/v6.9.5/lib/node_modules/protractor/node_modules/selenium-webdriver/lib/promise.js:676:7
    at process._tickCallback (internal/process/next_tick.js:103:7)Error
    at ElementArrayFinder.applyAction_ (/Users/muchniki/.nvm/versions/node/v6.9.5/lib/node_modules/protractor/lib/element.ts:482:23)
    at ElementArrayFinder.(anonymous function) [as getAttribute] (/Users/muchniki/.nvm/versions/node/v6.9.5/lib/node_modules/protractor/lib/element.ts:96:21)
    at ElementFinder.(anonymous function) [as getAttribute] (/Users/muchniki/.nvm/versions/node/v6.9.5/lib/node_modules/protractor/lib/element.ts:873:14)
    at Object.<anonymous> (/Users/muchniki/dev/cfgov-refresh/test/browser_tests/spec_suites/content/dbwu-upcoming-procurement-needs.js:36:47)
    at /Users/muchniki/.nvm/versions/node/v6.9.5/lib/node_modules/protractor/node_modules/jasminewd2/index.js:110:25
    at new ManagedPromise (/Users/muchniki/.nvm/versions/node/v6.9.5/lib/node_modules/protractor/node_modules/selenium-webdriver/lib/promise.js:1067:7)
    at ControlFlow.promise (/Users/muchniki/.nvm/versions/node/v6.9.5/lib/node_modules/protractor/node_modules/selenium-webdriver/lib/promise.js:2396:12)
    at schedulerExecute (/Users/muchniki/.nvm/versions/node/v6.9.5/lib/node_modules/protractor/node_modules/jasminewd2/index.js:95:18)
    at TaskQueue.execute_ (/Users/muchniki/.nvm/versions/node/v6.9.5/lib/node_modules/protractor/node_modules/selenium-webdriver/lib/promise.js:2970:14)
    at TaskQueue.executeNext_ (/Users/muchniki/.nvm/versions/node/v6.9.5/lib/node_modules/protractor/node_modules/selenium-webdriver/lib/promise.js:2953:27)
From: Task: Run it("should have an external Procurement link") in control flow
    at Object.<anonymous> (/Users/muchniki/.nvm/versions/node/v6.9.5/lib/node_modules/protractor/node_modules/jasminewd2/index.js:94:19)
    at attemptAsync (/Users/muchniki/.nvm/versions/node/v6.9.5/lib/node_modules/protractor/node_modules/jasmine-core/lib/jasmine-core/jasmine.js:1980:24)
    at QueueRunner.run (/Users/muchniki/.nvm/versions/node/v6.9.5/lib/node_modules/protractor/node_modules/jasmine-core/lib/jasmine-core/jasmine.js:1935:9)
    at QueueRunner.execute (/Users/muchniki/.nvm/versions/node/v6.9.5/lib/node_modules/protractor/node_modules/jasmine-core/lib/jasmine-core/jasmine.js:1923:10)
    at Spec.queueRunnerFactory (/Users/muchniki/.nvm/versions/node/v6.9.5/lib/node_modules/protractor/node_modules/jasmine-core/lib/jasmine-core/jasmine.js:714:35)
    at Spec.execute (/Users/muchniki/.nvm/versions/node/v6.9.5/lib/node_modules/protractor/node_modules/jasmine-core/lib/jasmine-core/jasmine.js:371:10)
    at Object.fn (/Users/muchniki/.nvm/versions/node/v6.9.5/lib/node_modules/protractor/node_modules/jasmine-core/lib/jasmine-core/jasmine.js:2579:37)
    at attemptAsync (/Users/muchniki/.nvm/versions/node/v6.9.5/lib/node_modules/protractor/node_modules/jasmine-core/lib/jasmine-core/jasmine.js:1980:24)
    at QueueRunner.run (/Users/muchniki/.nvm/versions/node/v6.9.5/lib/node_modules/protractor/node_modules/jasmine-core/lib/jasmine-core/jasmine.js:1935:9)
    at /Users/muchniki/.nvm/versions/node/v6.9.5/lib/node_modules/protractor/node_modules/jasmine-core/lib/jasmine-core/jasmine.js:1962:16
From asynchronous test: 
Error
    at Suite.<anonymous> (/Users/muchniki/dev/cfgov-refresh/test/browser_tests/spec_suites/content/dbwu-upcoming-procurement-needs.js:35:3)
    at addSpecsToSuite (/Users/muchniki/.nvm/versions/node/v6.9.5/lib/node_modules/protractor/node_modules/jasmine-core/lib/jasmine-core/jasmine.js:867:25)
    at Env.describe (/Users/muchniki/.nvm/versions/node/v6.9.5/lib/node_modules/protractor/node_modules/jasmine-core/lib/jasmine-core/jasmine.js:836:7)
    at describe (/Users/muchniki/.nvm/versions/node/v6.9.5/lib/node_modules/protractor/node_modules/jasmine-core/lib/jasmine-core/jasmine.js:3576:18)
    at Object.<anonymous> (/Users/muchniki/dev/cfgov-refresh/test/browser_tests/spec_suites/content/dbwu-upcoming-procurement-needs.js:8:1)
    at Module._compile (module.js:570:32)
    at Object.Module._extensions..js (module.js:579:10)
    at Module.load (module.js:487:32)
    at tryModuleLoad (module.js:446:12)]]>
   </failure>
  </testcase>
  <testcase classname="focused specs.The Upcoming Procurement Needs Page" name="should have an Procurement Needs table" time="0.236">
   <failure type="toBe" message="Expected false to be true."><![CDATA[Error: Failed expectation
    at Object.<anonymous> (/Users/muchniki/dev/cfgov-refresh/test/browser_tests/spec_suites/content/dbwu-upcoming-procurement-needs.js:43:6)
    at /Users/muchniki/.nvm/versions/node/v6.9.5/lib/node_modules/protractor/node_modules/jasminewd2/index.js:110:25
    at new ManagedPromise (/Users/muchniki/.nvm/versions/node/v6.9.5/lib/node_modules/protractor/node_modules/selenium-webdriver/lib/promise.js:1067:7)
    at ControlFlow.promise (/Users/muchniki/.nvm/versions/node/v6.9.5/lib/node_modules/protractor/node_modules/selenium-webdriver/lib/promise.js:2396:12)
    at schedulerExecute (/Users/muchniki/.nvm/versions/node/v6.9.5/lib/node_modules/protractor/node_modules/jasminewd2/index.js:95:18)
    at TaskQueue.execute_ (/Users/muchniki/.nvm/versions/node/v6.9.5/lib/node_modules/protractor/node_modules/selenium-webdriver/lib/promise.js:2970:14)
    at TaskQueue.executeNext_ (/Users/muchniki/.nvm/versions/node/v6.9.5/lib/node_modules/protractor/node_modules/selenium-webdriver/lib/promise.js:2953:27)
    at asyncRun (/Users/muchniki/.nvm/versions/node/v6.9.5/lib/node_modules/protractor/node_modules/selenium-webdriver/lib/promise.js:2860:25)
    at /Users/muchniki/.nvm/versions/node/v6.9.5/lib/node_modules/protractor/node_modules/selenium-webdriver/lib/promise.js:676:7]]>
   </failure>
  </testcase>
  <testcase classname="focused specs.The Upcoming Procurement Needs Page" name="should have two More Info sections" time="0.742">
   <failure type="toEqual" message="Expected [  ] to equal [ &apos;How to do business with us&apos;, &apos;Small and disadvantaged businesses&apos; ]."><![CDATA[Error: Failed expectation
    at Object.<anonymous> (/Users/muchniki/dev/cfgov-refresh/test/browser_tests/spec_suites/content/dbwu-upcoming-procurement-needs.js:57:6)
    at /Users/muchniki/.nvm/versions/node/v6.9.5/lib/node_modules/protractor/node_modules/jasminewd2/index.js:110:25
    at new ManagedPromise (/Users/muchniki/.nvm/versions/node/v6.9.5/lib/node_modules/protractor/node_modules/selenium-webdriver/lib/promise.js:1067:7)
    at ControlFlow.promise (/Users/muchniki/.nvm/versions/node/v6.9.5/lib/node_modules/protractor/node_modules/selenium-webdriver/lib/promise.js:2396:12)
    at schedulerExecute (/Users/muchniki/.nvm/versions/node/v6.9.5/lib/node_modules/protractor/node_modules/jasminewd2/index.js:95:18)
    at TaskQueue.execute_ (/Users/muchniki/.nvm/versions/node/v6.9.5/lib/node_modules/protractor/node_modules/selenium-webdriver/lib/promise.js:2970:14)
    at TaskQueue.executeNext_ (/Users/muchniki/.nvm/versions/node/v6.9.5/lib/node_modules/protractor/node_modules/selenium-webdriver/lib/promise.js:2953:27)
    at asyncRun (/Users/muchniki/.nvm/versions/node/v6.9.5/lib/node_modules/protractor/node_modules/selenium-webdriver/lib/promise.js:2860:25)
    at /Users/muchniki/.nvm/versions/node/v6.9.5/lib/node_modules/protractor/node_modules/selenium-webdriver/lib/promise.js:676:7]]>
   </failure>
   <failure type="toEqual" message="Expected 0 to equal 2."><![CDATA[Error: Failed expectation
    at Object.<anonymous> (/Users/muchniki/dev/cfgov-refresh/test/browser_tests/spec_suites/content/dbwu-upcoming-procurement-needs.js:58:56)
    at /Users/muchniki/.nvm/versions/node/v6.9.5/lib/node_modules/protractor/node_modules/jasminewd2/index.js:110:25
    at new ManagedPromise (/Users/muchniki/.nvm/versions/node/v6.9.5/lib/node_modules/protractor/node_modules/selenium-webdriver/lib/promise.js:1067:7)
    at ControlFlow.promise (/Users/muchniki/.nvm/versions/node/v6.9.5/lib/node_modules/protractor/node_modules/selenium-webdriver/lib/promise.js:2396:12)
    at schedulerExecute (/Users/muchniki/.nvm/versions/node/v6.9.5/lib/node_modules/protractor/node_modules/jasminewd2/index.js:95:18)
    at TaskQueue.execute_ (/Users/muchniki/.nvm/versions/node/v6.9.5/lib/node_modules/protractor/node_modules/selenium-webdriver/lib/promise.js:2970:14)
    at TaskQueue.executeNext_ (/Users/muchniki/.nvm/versions/node/v6.9.5/lib/node_modules/protractor/node_modules/selenium-webdriver/lib/promise.js:2953:27)
    at asyncRun (/Users/muchniki/.nvm/versions/node/v6.9.5/lib/node_modules/protractor/node_modules/selenium-webdriver/lib/promise.js:2860:25)
    at /Users/muchniki/.nvm/versions/node/v6.9.5/lib/node_modules/protractor/node_modules/selenium-webdriver/lib/promise.js:676:7]]>
   </failure>
   <failure type="toEqualUrl" message="Expected  to equal https://www.sam.gov/,/about-us/doing-business-with-us/small-businesses/, but it does not."><![CDATA[Error: Failed expectation
    at Object.<anonymous> (/Users/muchniki/dev/cfgov-refresh/test/browser_tests/spec_suites/content/dbwu-upcoming-procurement-needs.js:60:6)
    at /Users/muchniki/.nvm/versions/node/v6.9.5/lib/node_modules/protractor/node_modules/jasminewd2/index.js:110:25
    at new ManagedPromise (/Users/muchniki/.nvm/versions/node/v6.9.5/lib/node_modules/protractor/node_modules/selenium-webdriver/lib/promise.js:1067:7)
    at ControlFlow.promise (/Users/muchniki/.nvm/versions/node/v6.9.5/lib/node_modules/protractor/node_modules/selenium-webdriver/lib/promise.js:2396:12)
    at schedulerExecute (/Users/muchniki/.nvm/versions/node/v6.9.5/lib/node_modules/protractor/node_modules/jasminewd2/index.js:95:18)
    at TaskQueue.execute_ (/Users/muchniki/.nvm/versions/node/v6.9.5/lib/node_modules/protractor/node_modules/selenium-webdriver/lib/promise.js:2970:14)
    at TaskQueue.executeNext_ (/Users/muchniki/.nvm/versions/node/v6.9.5/lib/node_modules/protractor/node_modules/selenium-webdriver/lib/promise.js:2953:27)
    at asyncRun (/Users/muchniki/.nvm/versions/node/v6.9.5/lib/node_modules/protractor/node_modules/selenium-webdriver/lib/promise.js:2860:25)
    at /Users/muchniki/.nvm/versions/node/v6.9.5/lib/node_modules/protractor/node_modules/selenium-webdriver/lib/promise.js:676:7]]>
   </failure>
  </testcase>
 </testsuite>
 <testsuite name="focused specs.The Doing Business with Us Page" timestamp="2017-03-01T17:32:24" hostname="localhost" time="1.936" errors="0" tests="7" skipped="0" disabled="0" failures="9">
  <testcase classname="focused specs.The Doing Business with Us Page" name="should properly load in a browser" time="0.008">
   <failure type="toContain" message="Expected &apos;&apos; to contain &apos;Doing business with us&apos;."><![CDATA[Error: Failed expectation
    at Object.<anonymous> (/Users/muchniki/dev/cfgov-refresh/test/browser_tests/spec_suites/content/doing-business-with-us.js:20:32)
    at /Users/muchniki/.nvm/versions/node/v6.9.5/lib/node_modules/protractor/node_modules/jasminewd2/index.js:110:25
    at new ManagedPromise (/Users/muchniki/.nvm/versions/node/v6.9.5/lib/node_modules/protractor/node_modules/selenium-webdriver/lib/promise.js:1067:7)
    at ControlFlow.promise (/Users/muchniki/.nvm/versions/node/v6.9.5/lib/node_modules/protractor/node_modules/selenium-webdriver/lib/promise.js:2396:12)
    at schedulerExecute (/Users/muchniki/.nvm/versions/node/v6.9.5/lib/node_modules/protractor/node_modules/jasminewd2/index.js:95:18)
    at TaskQueue.execute_ (/Users/muchniki/.nvm/versions/node/v6.9.5/lib/node_modules/protractor/node_modules/selenium-webdriver/lib/promise.js:2970:14)
    at TaskQueue.executeNext_ (/Users/muchniki/.nvm/versions/node/v6.9.5/lib/node_modules/protractor/node_modules/selenium-webdriver/lib/promise.js:2953:27)
    at asyncRun (/Users/muchniki/.nvm/versions/node/v6.9.5/lib/node_modules/protractor/node_modules/selenium-webdriver/lib/promise.js:2860:25)
    at /Users/muchniki/.nvm/versions/node/v6.9.5/lib/node_modules/protractor/node_modules/selenium-webdriver/lib/promise.js:676:7]]>
   </failure>
  </testcase>
  <testcase classname="focused specs.The Doing Business with Us Page" name="should have a side nav" time="0.238">
   <failure type="toBe" message="Expected false to be true."><![CDATA[Error: Failed expectation
    at Object.<anonymous> (/Users/muchniki/dev/cfgov-refresh/test/browser_tests/spec_suites/content/doing-business-with-us.js:24:40)
    at /Users/muchniki/.nvm/versions/node/v6.9.5/lib/node_modules/protractor/node_modules/jasminewd2/index.js:110:25
    at new ManagedPromise (/Users/muchniki/.nvm/versions/node/v6.9.5/lib/node_modules/protractor/node_modules/selenium-webdriver/lib/promise.js:1067:7)
    at ControlFlow.promise (/Users/muchniki/.nvm/versions/node/v6.9.5/lib/node_modules/protractor/node_modules/selenium-webdriver/lib/promise.js:2396:12)
    at schedulerExecute (/Users/muchniki/.nvm/versions/node/v6.9.5/lib/node_modules/protractor/node_modules/jasminewd2/index.js:95:18)
    at TaskQueue.execute_ (/Users/muchniki/.nvm/versions/node/v6.9.5/lib/node_modules/protractor/node_modules/selenium-webdriver/lib/promise.js:2970:14)
    at TaskQueue.executeNext_ (/Users/muchniki/.nvm/versions/node/v6.9.5/lib/node_modules/protractor/node_modules/selenium-webdriver/lib/promise.js:2953:27)
    at asyncRun (/Users/muchniki/.nvm/versions/node/v6.9.5/lib/node_modules/protractor/node_modules/selenium-webdriver/lib/promise.js:2860:25)
    at /Users/muchniki/.nvm/versions/node/v6.9.5/lib/node_modules/protractor/node_modules/selenium-webdriver/lib/promise.js:676:7]]>
   </failure>
  </testcase>
  <testcase classname="focused specs.The Doing Business with Us Page" name="should have a main summary" time="0.236">
   <failure type="toBe" message="Expected false to be true."><![CDATA[Error: Failed expectation
    at Object.<anonymous> (/Users/muchniki/dev/cfgov-refresh/test/browser_tests/spec_suites/content/doing-business-with-us.js:28:44)
    at /Users/muchniki/.nvm/versions/node/v6.9.5/lib/node_modules/protractor/node_modules/jasminewd2/index.js:110:25
    at new ManagedPromise (/Users/muchniki/.nvm/versions/node/v6.9.5/lib/node_modules/protractor/node_modules/selenium-webdriver/lib/promise.js:1067:7)
    at ControlFlow.promise (/Users/muchniki/.nvm/versions/node/v6.9.5/lib/node_modules/protractor/node_modules/selenium-webdriver/lib/promise.js:2396:12)
    at schedulerExecute (/Users/muchniki/.nvm/versions/node/v6.9.5/lib/node_modules/protractor/node_modules/jasminewd2/index.js:95:18)
    at TaskQueue.execute_ (/Users/muchniki/.nvm/versions/node/v6.9.5/lib/node_modules/protractor/node_modules/selenium-webdriver/lib/promise.js:2970:14)
    at TaskQueue.executeNext_ (/Users/muchniki/.nvm/versions/node/v6.9.5/lib/node_modules/protractor/node_modules/selenium-webdriver/lib/promise.js:2953:27)
    at asyncRun (/Users/muchniki/.nvm/versions/node/v6.9.5/lib/node_modules/protractor/node_modules/selenium-webdriver/lib/promise.js:2860:25)
    at /Users/muchniki/.nvm/versions/node/v6.9.5/lib/node_modules/protractor/node_modules/selenium-webdriver/lib/promise.js:676:7]]>
   </failure>
  </testcase>
  <testcase classname="focused specs.The Doing Business with Us Page" name="should have a contact link with main summary" time="0.241">
   <failure type="exception" message="Failed: No element found using locator: By(css selector, [data-qa-hook=&quot;main-summary&quot;])"><![CDATA[NoSuchElementError: No element found using locator: By(css selector, [data-qa-hook="main-summary"])
    at WebDriverError (/Users/muchniki/.nvm/versions/node/v6.9.5/lib/node_modules/protractor/node_modules/selenium-webdriver/lib/error.js:27:5)
    at NoSuchElementError (/Users/muchniki/.nvm/versions/node/v6.9.5/lib/node_modules/protractor/node_modules/selenium-webdriver/lib/error.js:168:5)
    at elementArrayFinder.getWebElements.then (/Users/muchniki/.nvm/versions/node/v6.9.5/lib/node_modules/protractor/lib/element.ts:851:17)
    at ManagedPromise.invokeCallback_ (/Users/muchniki/.nvm/versions/node/v6.9.5/lib/node_modules/protractor/node_modules/selenium-webdriver/lib/promise.js:1366:14)
    at TaskQueue.execute_ (/Users/muchniki/.nvm/versions/node/v6.9.5/lib/node_modules/protractor/node_modules/selenium-webdriver/lib/promise.js:2970:14)
    at TaskQueue.executeNext_ (/Users/muchniki/.nvm/versions/node/v6.9.5/lib/node_modules/protractor/node_modules/selenium-webdriver/lib/promise.js:2953:27)
    at asyncRun (/Users/muchniki/.nvm/versions/node/v6.9.5/lib/node_modules/protractor/node_modules/selenium-webdriver/lib/promise.js:2813:27)
    at /Users/muchniki/.nvm/versions/node/v6.9.5/lib/node_modules/protractor/node_modules/selenium-webdriver/lib/promise.js:676:7
    at process._tickCallback (internal/process/next_tick.js:103:7)Error
    at ElementArrayFinder.applyAction_ (/Users/muchniki/.nvm/versions/node/v6.9.5/lib/node_modules/protractor/lib/element.ts:482:23)
    at ElementArrayFinder.(anonymous function) [as getAttribute] (/Users/muchniki/.nvm/versions/node/v6.9.5/lib/node_modules/protractor/lib/element.ts:96:21)
    at ElementFinder.(anonymous function) [as getAttribute] (/Users/muchniki/.nvm/versions/node/v6.9.5/lib/node_modules/protractor/lib/element.ts:873:14)
    at Object.<anonymous> (/Users/muchniki/dev/cfgov-refresh/test/browser_tests/spec_suites/content/doing-business-with-us.js:32:41)
    at /Users/muchniki/.nvm/versions/node/v6.9.5/lib/node_modules/protractor/node_modules/jasminewd2/index.js:110:25
    at new ManagedPromise (/Users/muchniki/.nvm/versions/node/v6.9.5/lib/node_modules/protractor/node_modules/selenium-webdriver/lib/promise.js:1067:7)
    at ControlFlow.promise (/Users/muchniki/.nvm/versions/node/v6.9.5/lib/node_modules/protractor/node_modules/selenium-webdriver/lib/promise.js:2396:12)
    at schedulerExecute (/Users/muchniki/.nvm/versions/node/v6.9.5/lib/node_modules/protractor/node_modules/jasminewd2/index.js:95:18)
    at TaskQueue.execute_ (/Users/muchniki/.nvm/versions/node/v6.9.5/lib/node_modules/protractor/node_modules/selenium-webdriver/lib/promise.js:2970:14)
    at TaskQueue.executeNext_ (/Users/muchniki/.nvm/versions/node/v6.9.5/lib/node_modules/protractor/node_modules/selenium-webdriver/lib/promise.js:2953:27)
From: Task: Run it("should have a contact link with main summary") in control flow
    at Object.<anonymous> (/Users/muchniki/.nvm/versions/node/v6.9.5/lib/node_modules/protractor/node_modules/jasminewd2/index.js:94:19)
    at attemptAsync (/Users/muchniki/.nvm/versions/node/v6.9.5/lib/node_modules/protractor/node_modules/jasmine-core/lib/jasmine-core/jasmine.js:1980:24)
    at QueueRunner.run (/Users/muchniki/.nvm/versions/node/v6.9.5/lib/node_modules/protractor/node_modules/jasmine-core/lib/jasmine-core/jasmine.js:1935:9)
    at QueueRunner.execute (/Users/muchniki/.nvm/versions/node/v6.9.5/lib/node_modules/protractor/node_modules/jasmine-core/lib/jasmine-core/jasmine.js:1923:10)
    at Spec.queueRunnerFactory (/Users/muchniki/.nvm/versions/node/v6.9.5/lib/node_modules/protractor/node_modules/jasmine-core/lib/jasmine-core/jasmine.js:714:35)
    at Spec.execute (/Users/muchniki/.nvm/versions/node/v6.9.5/lib/node_modules/protractor/node_modules/jasmine-core/lib/jasmine-core/jasmine.js:371:10)
    at Object.fn (/Users/muchniki/.nvm/versions/node/v6.9.5/lib/node_modules/protractor/node_modules/jasmine-core/lib/jasmine-core/jasmine.js:2579:37)
    at attemptAsync (/Users/muchniki/.nvm/versions/node/v6.9.5/lib/node_modules/protractor/node_modules/jasmine-core/lib/jasmine-core/jasmine.js:1980:24)
    at QueueRunner.run (/Users/muchniki/.nvm/versions/node/v6.9.5/lib/node_modules/protractor/node_modules/jasmine-core/lib/jasmine-core/jasmine.js:1935:9)
    at /Users/muchniki/.nvm/versions/node/v6.9.5/lib/node_modules/protractor/node_modules/jasmine-core/lib/jasmine-core/jasmine.js:1962:16
From asynchronous test: 
Error
    at Suite.<anonymous> (/Users/muchniki/dev/cfgov-refresh/test/browser_tests/spec_suites/content/doing-business-with-us.js:31:3)
    at addSpecsToSuite (/Users/muchniki/.nvm/versions/node/v6.9.5/lib/node_modules/protractor/node_modules/jasmine-core/lib/jasmine-core/jasmine.js:867:25)
    at Env.describe (/Users/muchniki/.nvm/versions/node/v6.9.5/lib/node_modules/protractor/node_modules/jasmine-core/lib/jasmine-core/jasmine.js:836:7)
    at describe (/Users/muchniki/.nvm/versions/node/v6.9.5/lib/node_modules/protractor/node_modules/jasmine-core/lib/jasmine-core/jasmine.js:3576:18)
    at Object.<anonymous> (/Users/muchniki/dev/cfgov-refresh/test/browser_tests/spec_suites/content/doing-business-with-us.js:8:1)
    at Module._compile (module.js:570:32)
    at Object.Module._extensions..js (module.js:579:10)
    at Module.load (module.js:487:32)
    at tryModuleLoad (module.js:446:12)]]>
   </failure>
  </testcase>
  <testcase classname="focused specs.The Doing Business with Us Page" name="should have a Business Opportunity section" time="0.241">
   <failure type="exception" message="Failed: No element found using locator: By(css selector, .block__business-step_container)"><![CDATA[NoSuchElementError: No element found using locator: By(css selector, .block__business-step_container)
    at WebDriverError (/Users/muchniki/.nvm/versions/node/v6.9.5/lib/node_modules/protractor/node_modules/selenium-webdriver/lib/error.js:27:5)
    at NoSuchElementError (/Users/muchniki/.nvm/versions/node/v6.9.5/lib/node_modules/protractor/node_modules/selenium-webdriver/lib/error.js:168:5)
    at elementArrayFinder.getWebElements.then (/Users/muchniki/.nvm/versions/node/v6.9.5/lib/node_modules/protractor/lib/element.ts:851:17)
    at ManagedPromise.invokeCallback_ (/Users/muchniki/.nvm/versions/node/v6.9.5/lib/node_modules/protractor/node_modules/selenium-webdriver/lib/promise.js:1366:14)
    at TaskQueue.execute_ (/Users/muchniki/.nvm/versions/node/v6.9.5/lib/node_modules/protractor/node_modules/selenium-webdriver/lib/promise.js:2970:14)
    at TaskQueue.executeNext_ (/Users/muchniki/.nvm/versions/node/v6.9.5/lib/node_modules/protractor/node_modules/selenium-webdriver/lib/promise.js:2953:27)
    at asyncRun (/Users/muchniki/.nvm/versions/node/v6.9.5/lib/node_modules/protractor/node_modules/selenium-webdriver/lib/promise.js:2813:27)
    at /Users/muchniki/.nvm/versions/node/v6.9.5/lib/node_modules/protractor/node_modules/selenium-webdriver/lib/promise.js:676:7
    at process._tickCallback (internal/process/next_tick.js:103:7)Error
    at ElementArrayFinder.applyAction_ (/Users/muchniki/.nvm/versions/node/v6.9.5/lib/node_modules/protractor/lib/element.ts:482:23)
    at ElementArrayFinder.(anonymous function) [as getText] (/Users/muchniki/.nvm/versions/node/v6.9.5/lib/node_modules/protractor/lib/element.ts:96:21)
    at ElementFinder.(anonymous function) [as getText] (/Users/muchniki/.nvm/versions/node/v6.9.5/lib/node_modules/protractor/lib/element.ts:873:14)
    at Object.<anonymous> (/Users/muchniki/dev/cfgov-refresh/test/browser_tests/spec_suites/content/doing-business-with-us.js:37:50)
    at /Users/muchniki/.nvm/versions/node/v6.9.5/lib/node_modules/protractor/node_modules/jasminewd2/index.js:110:25
    at new ManagedPromise (/Users/muchniki/.nvm/versions/node/v6.9.5/lib/node_modules/protractor/node_modules/selenium-webdriver/lib/promise.js:1067:7)
    at ControlFlow.promise (/Users/muchniki/.nvm/versions/node/v6.9.5/lib/node_modules/protractor/node_modules/selenium-webdriver/lib/promise.js:2396:12)
    at schedulerExecute (/Users/muchniki/.nvm/versions/node/v6.9.5/lib/node_modules/protractor/node_modules/jasminewd2/index.js:95:18)
    at TaskQueue.execute_ (/Users/muchniki/.nvm/versions/node/v6.9.5/lib/node_modules/protractor/node_modules/selenium-webdriver/lib/promise.js:2970:14)
    at TaskQueue.executeNext_ (/Users/muchniki/.nvm/versions/node/v6.9.5/lib/node_modules/protractor/node_modules/selenium-webdriver/lib/promise.js:2953:27)
From: Task: Run it("should have a Business Opportunity section") in control flow
    at Object.<anonymous> (/Users/muchniki/.nvm/versions/node/v6.9.5/lib/node_modules/protractor/node_modules/jasminewd2/index.js:94:19)
    at attemptAsync (/Users/muchniki/.nvm/versions/node/v6.9.5/lib/node_modules/protractor/node_modules/jasmine-core/lib/jasmine-core/jasmine.js:1980:24)
    at QueueRunner.run (/Users/muchniki/.nvm/versions/node/v6.9.5/lib/node_modules/protractor/node_modules/jasmine-core/lib/jasmine-core/jasmine.js:1935:9)
    at QueueRunner.execute (/Users/muchniki/.nvm/versions/node/v6.9.5/lib/node_modules/protractor/node_modules/jasmine-core/lib/jasmine-core/jasmine.js:1923:10)
    at Spec.queueRunnerFactory (/Users/muchniki/.nvm/versions/node/v6.9.5/lib/node_modules/protractor/node_modules/jasmine-core/lib/jasmine-core/jasmine.js:714:35)
    at Spec.execute (/Users/muchniki/.nvm/versions/node/v6.9.5/lib/node_modules/protractor/node_modules/jasmine-core/lib/jasmine-core/jasmine.js:371:10)
    at Object.fn (/Users/muchniki/.nvm/versions/node/v6.9.5/lib/node_modules/protractor/node_modules/jasmine-core/lib/jasmine-core/jasmine.js:2579:37)
    at attemptAsync (/Users/muchniki/.nvm/versions/node/v6.9.5/lib/node_modules/protractor/node_modules/jasmine-core/lib/jasmine-core/jasmine.js:1980:24)
    at QueueRunner.run (/Users/muchniki/.nvm/versions/node/v6.9.5/lib/node_modules/protractor/node_modules/jasmine-core/lib/jasmine-core/jasmine.js:1935:9)
    at /Users/muchniki/.nvm/versions/node/v6.9.5/lib/node_modules/protractor/node_modules/jasmine-core/lib/jasmine-core/jasmine.js:1962:16
From asynchronous test: 
Error
    at Suite.<anonymous> (/Users/muchniki/dev/cfgov-refresh/test/browser_tests/spec_suites/content/doing-business-with-us.js:36:3)
    at addSpecsToSuite (/Users/muchniki/.nvm/versions/node/v6.9.5/lib/node_modules/protractor/node_modules/jasmine-core/lib/jasmine-core/jasmine.js:867:25)
    at Env.describe (/Users/muchniki/.nvm/versions/node/v6.9.5/lib/node_modules/protractor/node_modules/jasmine-core/lib/jasmine-core/jasmine.js:836:7)
    at describe (/Users/muchniki/.nvm/versions/node/v6.9.5/lib/node_modules/protractor/node_modules/jasmine-core/lib/jasmine-core/jasmine.js:3576:18)
    at Object.<anonymous> (/Users/muchniki/dev/cfgov-refresh/test/browser_tests/spec_suites/content/doing-business-with-us.js:8:1)
    at Module._compile (module.js:570:32)
    at Object.Module._extensions..js (module.js:579:10)
    at Module.load (module.js:487:32)
    at tryModuleLoad (module.js:446:12)]]>
   </failure>
  </testcase>
  <testcase classname="focused specs.The Doing Business with Us Page" name="should have three Business Opportunity steps" time="0.235">
   <failure type="exception" message="Failed: No element found using locator: By(css selector, .block__business-step_container)"><![CDATA[NoSuchElementError: No element found using locator: By(css selector, .block__business-step_container)
    at WebDriverError (/Users/muchniki/.nvm/versions/node/v6.9.5/lib/node_modules/protractor/node_modules/selenium-webdriver/lib/error.js:27:5)
    at NoSuchElementError (/Users/muchniki/.nvm/versions/node/v6.9.5/lib/node_modules/protractor/node_modules/selenium-webdriver/lib/error.js:168:5)
    at elementArrayFinder.getWebElements.then (/Users/muchniki/.nvm/versions/node/v6.9.5/lib/node_modules/protractor/lib/element.ts:851:17)
    at ManagedPromise.invokeCallback_ (/Users/muchniki/.nvm/versions/node/v6.9.5/lib/node_modules/protractor/node_modules/selenium-webdriver/lib/promise.js:1366:14)
    at TaskQueue.execute_ (/Users/muchniki/.nvm/versions/node/v6.9.5/lib/node_modules/protractor/node_modules/selenium-webdriver/lib/promise.js:2970:14)
    at TaskQueue.executeNext_ (/Users/muchniki/.nvm/versions/node/v6.9.5/lib/node_modules/protractor/node_modules/selenium-webdriver/lib/promise.js:2953:27)
    at asyncRun (/Users/muchniki/.nvm/versions/node/v6.9.5/lib/node_modules/protractor/node_modules/selenium-webdriver/lib/promise.js:2813:27)
    at /Users/muchniki/.nvm/versions/node/v6.9.5/lib/node_modules/protractor/node_modules/selenium-webdriver/lib/promise.js:676:7
    at process._tickCallback (internal/process/next_tick.js:103:7)Error
    at ElementArrayFinder.applyAction_ (/Users/muchniki/.nvm/versions/node/v6.9.5/lib/node_modules/protractor/lib/element.ts:482:23)
    at ElementArrayFinder.(anonymous function) [as getText] (/Users/muchniki/.nvm/versions/node/v6.9.5/lib/node_modules/protractor/lib/element.ts:96:21)
    at Object.<anonymous> (/Users/muchniki/dev/cfgov-refresh/test/browser_tests/spec_suites/content/doing-business-with-us.js:54:37)
    at /Users/muchniki/.nvm/versions/node/v6.9.5/lib/node_modules/protractor/node_modules/jasminewd2/index.js:110:25
    at new ManagedPromise (/Users/muchniki/.nvm/versions/node/v6.9.5/lib/node_modules/protractor/node_modules/selenium-webdriver/lib/promise.js:1067:7)
    at ControlFlow.promise (/Users/muchniki/.nvm/versions/node/v6.9.5/lib/node_modules/protractor/node_modules/selenium-webdriver/lib/promise.js:2396:12)
    at schedulerExecute (/Users/muchniki/.nvm/versions/node/v6.9.5/lib/node_modules/protractor/node_modules/jasminewd2/index.js:95:18)
    at TaskQueue.execute_ (/Users/muchniki/.nvm/versions/node/v6.9.5/lib/node_modules/protractor/node_modules/selenium-webdriver/lib/promise.js:2970:14)
    at TaskQueue.executeNext_ (/Users/muchniki/.nvm/versions/node/v6.9.5/lib/node_modules/protractor/node_modules/selenium-webdriver/lib/promise.js:2953:27)
    at asyncRun (/Users/muchniki/.nvm/versions/node/v6.9.5/lib/node_modules/protractor/node_modules/selenium-webdriver/lib/promise.js:2860:25)
From: Task: Run it("should have three Business Opportunity steps") in control flow
    at Object.<anonymous> (/Users/muchniki/.nvm/versions/node/v6.9.5/lib/node_modules/protractor/node_modules/jasminewd2/index.js:94:19)
    at attemptAsync (/Users/muchniki/.nvm/versions/node/v6.9.5/lib/node_modules/protractor/node_modules/jasmine-core/lib/jasmine-core/jasmine.js:1980:24)
    at QueueRunner.run (/Users/muchniki/.nvm/versions/node/v6.9.5/lib/node_modules/protractor/node_modules/jasmine-core/lib/jasmine-core/jasmine.js:1935:9)
    at QueueRunner.execute (/Users/muchniki/.nvm/versions/node/v6.9.5/lib/node_modules/protractor/node_modules/jasmine-core/lib/jasmine-core/jasmine.js:1923:10)
    at Spec.queueRunnerFactory (/Users/muchniki/.nvm/versions/node/v6.9.5/lib/node_modules/protractor/node_modules/jasmine-core/lib/jasmine-core/jasmine.js:714:35)
    at Spec.execute (/Users/muchniki/.nvm/versions/node/v6.9.5/lib/node_modules/protractor/node_modules/jasmine-core/lib/jasmine-core/jasmine.js:371:10)
    at Object.fn (/Users/muchniki/.nvm/versions/node/v6.9.5/lib/node_modules/protractor/node_modules/jasmine-core/lib/jasmine-core/jasmine.js:2579:37)
    at attemptAsync (/Users/muchniki/.nvm/versions/node/v6.9.5/lib/node_modules/protractor/node_modules/jasmine-core/lib/jasmine-core/jasmine.js:1980:24)
    at QueueRunner.run (/Users/muchniki/.nvm/versions/node/v6.9.5/lib/node_modules/protractor/node_modules/jasmine-core/lib/jasmine-core/jasmine.js:1935:9)
    at /Users/muchniki/.nvm/versions/node/v6.9.5/lib/node_modules/protractor/node_modules/jasmine-core/lib/jasmine-core/jasmine.js:1962:16
From asynchronous test: 
Error
    at Suite.<anonymous> (/Users/muchniki/dev/cfgov-refresh/test/browser_tests/spec_suites/content/doing-business-with-us.js:41:3)
    at addSpecsToSuite (/Users/muchniki/.nvm/versions/node/v6.9.5/lib/node_modules/protractor/node_modules/jasmine-core/lib/jasmine-core/jasmine.js:867:25)
    at Env.describe (/Users/muchniki/.nvm/versions/node/v6.9.5/lib/node_modules/protractor/node_modules/jasmine-core/lib/jasmine-core/jasmine.js:836:7)
    at describe (/Users/muchniki/.nvm/versions/node/v6.9.5/lib/node_modules/protractor/node_modules/jasmine-core/lib/jasmine-core/jasmine.js:3576:18)
    at Object.<anonymous> (/Users/muchniki/dev/cfgov-refresh/test/browser_tests/spec_suites/content/doing-business-with-us.js:8:1)
    at Module._compile (module.js:570:32)
    at Object.Module._extensions..js (module.js:579:10)
    at Module.load (module.js:487:32)
    at tryModuleLoad (module.js:446:12)]]>
   </failure>
  </testcase>
  <testcase classname="focused specs.The Doing Business with Us Page" name="should have two More Info sections" time="0.716">
   <failure type="toEqual" message="Expected [  ] to equal [ &apos;Existing and past service contracts&apos;, &apos;Small, women-owned, and minority-owned businesses&apos; ]."><![CDATA[Error: Failed expectation
    at Object.<anonymous> (/Users/muchniki/dev/cfgov-refresh/test/browser_tests/spec_suites/content/doing-business-with-us.js:72:6)
    at /Users/muchniki/.nvm/versions/node/v6.9.5/lib/node_modules/protractor/node_modules/jasminewd2/index.js:110:25
    at new ManagedPromise (/Users/muchniki/.nvm/versions/node/v6.9.5/lib/node_modules/protractor/node_modules/selenium-webdriver/lib/promise.js:1067:7)
    at ControlFlow.promise (/Users/muchniki/.nvm/versions/node/v6.9.5/lib/node_modules/protractor/node_modules/selenium-webdriver/lib/promise.js:2396:12)
    at schedulerExecute (/Users/muchniki/.nvm/versions/node/v6.9.5/lib/node_modules/protractor/node_modules/jasminewd2/index.js:95:18)
    at TaskQueue.execute_ (/Users/muchniki/.nvm/versions/node/v6.9.5/lib/node_modules/protractor/node_modules/selenium-webdriver/lib/promise.js:2970:14)
    at TaskQueue.executeNext_ (/Users/muchniki/.nvm/versions/node/v6.9.5/lib/node_modules/protractor/node_modules/selenium-webdriver/lib/promise.js:2953:27)
    at asyncRun (/Users/muchniki/.nvm/versions/node/v6.9.5/lib/node_modules/protractor/node_modules/selenium-webdriver/lib/promise.js:2860:25)
    at /Users/muchniki/.nvm/versions/node/v6.9.5/lib/node_modules/protractor/node_modules/selenium-webdriver/lib/promise.js:676:7]]>
   </failure>
   <failure type="toEqual" message="Expected 0 to equal 2."><![CDATA[Error: Failed expectation
    at Object.<anonymous> (/Users/muchniki/dev/cfgov-refresh/test/browser_tests/spec_suites/content/doing-business-with-us.js:73:56)
    at /Users/muchniki/.nvm/versions/node/v6.9.5/lib/node_modules/protractor/node_modules/jasminewd2/index.js:110:25
    at new ManagedPromise (/Users/muchniki/.nvm/versions/node/v6.9.5/lib/node_modules/protractor/node_modules/selenium-webdriver/lib/promise.js:1067:7)
    at ControlFlow.promise (/Users/muchniki/.nvm/versions/node/v6.9.5/lib/node_modules/protractor/node_modules/selenium-webdriver/lib/promise.js:2396:12)
    at schedulerExecute (/Users/muchniki/.nvm/versions/node/v6.9.5/lib/node_modules/protractor/node_modules/jasminewd2/index.js:95:18)
    at TaskQueue.execute_ (/Users/muchniki/.nvm/versions/node/v6.9.5/lib/node_modules/protractor/node_modules/selenium-webdriver/lib/promise.js:2970:14)
    at TaskQueue.executeNext_ (/Users/muchniki/.nvm/versions/node/v6.9.5/lib/node_modules/protractor/node_modules/selenium-webdriver/lib/promise.js:2953:27)
    at asyncRun (/Users/muchniki/.nvm/versions/node/v6.9.5/lib/node_modules/protractor/node_modules/selenium-webdriver/lib/promise.js:2860:25)
    at /Users/muchniki/.nvm/versions/node/v6.9.5/lib/node_modules/protractor/node_modules/selenium-webdriver/lib/promise.js:676:7]]>
   </failure>
   <failure type="toEqualUrl" message="Expected  to equal /about-us/doing-business-with-us/past-awards/,/about-us/doing-business-with-us/small-businesses/, but it does not."><![CDATA[Error: Failed expectation
    at Object.<anonymous> (/Users/muchniki/dev/cfgov-refresh/test/browser_tests/spec_suites/content/doing-business-with-us.js:75:6)
    at /Users/muchniki/.nvm/versions/node/v6.9.5/lib/node_modules/protractor/node_modules/jasminewd2/index.js:110:25
    at new ManagedPromise (/Users/muchniki/.nvm/versions/node/v6.9.5/lib/node_modules/protractor/node_modules/selenium-webdriver/lib/promise.js:1067:7)
    at ControlFlow.promise (/Users/muchniki/.nvm/versions/node/v6.9.5/lib/node_modules/protractor/node_modules/selenium-webdriver/lib/promise.js:2396:12)
    at schedulerExecute (/Users/muchniki/.nvm/versions/node/v6.9.5/lib/node_modules/protractor/node_modules/jasminewd2/index.js:95:18)
    at TaskQueue.execute_ (/Users/muchniki/.nvm/versions/node/v6.9.5/lib/node_modules/protractor/node_modules/selenium-webdriver/lib/promise.js:2970:14)
    at TaskQueue.executeNext_ (/Users/muchniki/.nvm/versions/node/v6.9.5/lib/node_modules/protractor/node_modules/selenium-webdriver/lib/promise.js:2953:27)
    at asyncRun (/Users/muchniki/.nvm/versions/node/v6.9.5/lib/node_modules/protractor/node_modules/selenium-webdriver/lib/promise.js:2860:25)
    at /Users/muchniki/.nvm/versions/node/v6.9.5/lib/node_modules/protractor/node_modules/selenium-webdriver/lib/promise.js:676:7]]>
   </failure>
  </testcase>
 </testsuite>
 <testsuite name="focused specs.Events Landing page" timestamp="2017-03-01T17:32:26" hostname="localhost" time="0.022" errors="0" tests="4" skipped="4" disabled="0" failures="0">
  <testcase classname="focused specs.Events Landing page" name="should properly load in a browser" time="0">
   <skipped message="Temporarily disabled with xit" />
  </testcase>
  <testcase classname="focused specs.Events Landing page" name="should include a hero" time="0">
   <skipped message="Temporarily disabled with xit" />
  </testcase>
  <testcase classname="focused specs.Events Landing page" name="should include at least one event" time="0">
   <skipped message="Temporarily disabled with xit" />
  </testcase>
  <testcase classname="focused specs.Events Landing page" name="should include all event meta data" time="0">
   <skipped message="Temporarily disabled with xit" />
  </testcase>
 </testsuite>
 <testsuite name="focused specs.Events Archive page" timestamp="2017-03-01T17:32:26" hostname="localhost" time="0.002" errors="0" tests="3" skipped="3" disabled="0" failures="0">
  <testcase classname="focused specs.Events Archive page" name="should properly load in a browser" time="0.001">
   <skipped message="Temporarily disabled with xit" />
  </testcase>
  <testcase classname="focused specs.Events Archive page" name="should include at least one event" time="0">
   <skipped message="Temporarily disabled with xit" />
  </testcase>
  <testcase classname="focused specs.Events Archive page" name="should include all event meta data" time="0.001">
   <skipped message="Temporarily disabled with xit" />
  </testcase>
 </testsuite>
 <testsuite name="focused specs.The homepage" timestamp="2017-03-01T17:32:26" hostname="localhost" time="0.033" errors="0" tests="1" skipped="0" disabled="0" failures="1">
  <testcase classname="focused specs.The homepage" name="should load the stylesheet" time="0.033">
   <failure type="toContain" message="Expected [  ] to contain &apos;/static/css/main.css&apos;."><![CDATA[Error: Failed expectation
    at /Users/muchniki/dev/cfgov-refresh/test/browser_tests/spec_suites/content/homepage.js:38:41
    at ManagedPromise.invokeCallback_ (/Users/muchniki/.nvm/versions/node/v6.9.5/lib/node_modules/protractor/node_modules/selenium-webdriver/lib/promise.js:1366:14)
    at TaskQueue.execute_ (/Users/muchniki/.nvm/versions/node/v6.9.5/lib/node_modules/protractor/node_modules/selenium-webdriver/lib/promise.js:2970:14)
    at TaskQueue.executeNext_ (/Users/muchniki/.nvm/versions/node/v6.9.5/lib/node_modules/protractor/node_modules/selenium-webdriver/lib/promise.js:2953:27)
    at asyncRun (/Users/muchniki/.nvm/versions/node/v6.9.5/lib/node_modules/protractor/node_modules/selenium-webdriver/lib/promise.js:2813:27)
    at /Users/muchniki/.nvm/versions/node/v6.9.5/lib/node_modules/protractor/node_modules/selenium-webdriver/lib/promise.js:676:7
    at process._tickCallback (internal/process/next_tick.js:103:7)]]>
   </failure>
  </testcase>
 </testsuite>
 <testsuite name="focused specs.The Leadership Calendar Page" timestamp="2017-03-01T17:32:26" hostname="localhost" time="3.408" errors="0" tests="4" skipped="0" disabled="0" failures="4">
  <testcase classname="focused specs.The Leadership Calendar Page" name="should properly load in a browser" time="0.01">
   <failure type="toContain" message="Expected &apos;&apos; to contain &apos;Leadership calendar&apos;."><![CDATA[Error: Failed expectation
    at Object.<anonymous> (/Users/muchniki/dev/cfgov-refresh/test/browser_tests/spec_suites/content/leadership-calendar.js:21:34)
    at /Users/muchniki/.nvm/versions/node/v6.9.5/lib/node_modules/protractor/node_modules/jasminewd2/index.js:110:25
    at new ManagedPromise (/Users/muchniki/.nvm/versions/node/v6.9.5/lib/node_modules/protractor/node_modules/selenium-webdriver/lib/promise.js:1067:7)
    at ControlFlow.promise (/Users/muchniki/.nvm/versions/node/v6.9.5/lib/node_modules/protractor/node_modules/selenium-webdriver/lib/promise.js:2396:12)
    at schedulerExecute (/Users/muchniki/.nvm/versions/node/v6.9.5/lib/node_modules/protractor/node_modules/jasminewd2/index.js:95:18)
    at TaskQueue.execute_ (/Users/muchniki/.nvm/versions/node/v6.9.5/lib/node_modules/protractor/node_modules/selenium-webdriver/lib/promise.js:2970:14)
    at TaskQueue.executeNext_ (/Users/muchniki/.nvm/versions/node/v6.9.5/lib/node_modules/protractor/node_modules/selenium-webdriver/lib/promise.js:2953:27)
    at asyncRun (/Users/muchniki/.nvm/versions/node/v6.9.5/lib/node_modules/protractor/node_modules/selenium-webdriver/lib/promise.js:2860:25)
    at /Users/muchniki/.nvm/versions/node/v6.9.5/lib/node_modules/protractor/node_modules/selenium-webdriver/lib/promise.js:676:7]]>
   </failure>
  </testcase>
  <testcase classname="focused specs.The Leadership Calendar Page" name="should include the side nav" time="0.236">
   <failure type="toBe" message="Expected false to be true."><![CDATA[Error: Failed expectation
    at Object.<anonymous> (/Users/muchniki/dev/cfgov-refresh/test/browser_tests/spec_suites/content/leadership-calendar.js:27:42)
    at /Users/muchniki/.nvm/versions/node/v6.9.5/lib/node_modules/protractor/node_modules/jasminewd2/index.js:110:25
    at new ManagedPromise (/Users/muchniki/.nvm/versions/node/v6.9.5/lib/node_modules/protractor/node_modules/selenium-webdriver/lib/promise.js:1067:7)
    at ControlFlow.promise (/Users/muchniki/.nvm/versions/node/v6.9.5/lib/node_modules/protractor/node_modules/selenium-webdriver/lib/promise.js:2396:12)
    at schedulerExecute (/Users/muchniki/.nvm/versions/node/v6.9.5/lib/node_modules/protractor/node_modules/jasminewd2/index.js:95:18)
    at TaskQueue.execute_ (/Users/muchniki/.nvm/versions/node/v6.9.5/lib/node_modules/protractor/node_modules/selenium-webdriver/lib/promise.js:2970:14)
    at TaskQueue.executeNext_ (/Users/muchniki/.nvm/versions/node/v6.9.5/lib/node_modules/protractor/node_modules/selenium-webdriver/lib/promise.js:2953:27)
    at asyncRun (/Users/muchniki/.nvm/versions/node/v6.9.5/lib/node_modules/protractor/node_modules/selenium-webdriver/lib/promise.js:2860:25)
    at /Users/muchniki/.nvm/versions/node/v6.9.5/lib/node_modules/protractor/node_modules/selenium-webdriver/lib/promise.js:676:7]]>
   </failure>
  </testcase>
  <testcase classname="focused specs.The Leadership Calendar Page" name="should include an intro summary" time="0.211">
   <failure type="toBe" message="Expected false to be true."><![CDATA[Error: Failed expectation
    at Object.<anonymous> (/Users/muchniki/dev/cfgov-refresh/test/browser_tests/spec_suites/content/leadership-calendar.js:33:47)
    at /Users/muchniki/.nvm/versions/node/v6.9.5/lib/node_modules/protractor/node_modules/jasminewd2/index.js:110:25
    at new ManagedPromise (/Users/muchniki/.nvm/versions/node/v6.9.5/lib/node_modules/protractor/node_modules/selenium-webdriver/lib/promise.js:1067:7)
    at ControlFlow.promise (/Users/muchniki/.nvm/versions/node/v6.9.5/lib/node_modules/protractor/node_modules/selenium-webdriver/lib/promise.js:2396:12)
    at schedulerExecute (/Users/muchniki/.nvm/versions/node/v6.9.5/lib/node_modules/protractor/node_modules/jasminewd2/index.js:95:18)
    at TaskQueue.execute_ (/Users/muchniki/.nvm/versions/node/v6.9.5/lib/node_modules/protractor/node_modules/selenium-webdriver/lib/promise.js:2970:14)
    at TaskQueue.executeNext_ (/Users/muchniki/.nvm/versions/node/v6.9.5/lib/node_modules/protractor/node_modules/selenium-webdriver/lib/promise.js:2953:27)
    at asyncRun (/Users/muchniki/.nvm/versions/node/v6.9.5/lib/node_modules/protractor/node_modules/selenium-webdriver/lib/promise.js:2860:25)
    at /Users/muchniki/.nvm/versions/node/v6.9.5/lib/node_modules/protractor/node_modules/selenium-webdriver/lib/promise.js:676:7]]>
   </failure>
  </testcase>
  <testcase classname="focused specs.The Leadership Calendar Page" name="should include pagination form" time="0.261">
   <failure type="toBe" message="Expected false to be true."><![CDATA[Error: Failed expectation
    at Object.<anonymous> (/Users/muchniki/dev/cfgov-refresh/test/browser_tests/spec_suites/content/leadership-calendar.js:116:49)
    at /Users/muchniki/.nvm/versions/node/v6.9.5/lib/node_modules/protractor/node_modules/jasminewd2/index.js:110:25
    at new ManagedPromise (/Users/muchniki/.nvm/versions/node/v6.9.5/lib/node_modules/protractor/node_modules/selenium-webdriver/lib/promise.js:1067:7)
    at ControlFlow.promise (/Users/muchniki/.nvm/versions/node/v6.9.5/lib/node_modules/protractor/node_modules/selenium-webdriver/lib/promise.js:2396:12)
    at schedulerExecute (/Users/muchniki/.nvm/versions/node/v6.9.5/lib/node_modules/protractor/node_modules/jasminewd2/index.js:95:18)
    at TaskQueue.execute_ (/Users/muchniki/.nvm/versions/node/v6.9.5/lib/node_modules/protractor/node_modules/selenium-webdriver/lib/promise.js:2970:14)
    at TaskQueue.executeNext_ (/Users/muchniki/.nvm/versions/node/v6.9.5/lib/node_modules/protractor/node_modules/selenium-webdriver/lib/promise.js:2953:27)
    at asyncRun (/Users/muchniki/.nvm/versions/node/v6.9.5/lib/node_modules/protractor/node_modules/selenium-webdriver/lib/promise.js:2860:25)
    at /Users/muchniki/.nvm/versions/node/v6.9.5/lib/node_modules/protractor/node_modules/selenium-webdriver/lib/promise.js:676:7]]>
   </failure>
  </testcase>
 </testsuite>
 <testsuite name="focused specs.The Leadership Calendar Page.Search Filter" timestamp="2017-03-01T17:32:26" hostname="localhost" time="1.46" errors="0" tests="5" skipped="0" disabled="0" failures="6">
  <testcase classname="focused specs.The Leadership Calendar Page.Search Filter" name="should be included" time="0.243">
   <failure type="toBe" message="Expected false to be true."><![CDATA[Error: Failed expectation
    at Object.<anonymous> (/Users/muchniki/dev/cfgov-refresh/test/browser_tests/spec_suites/content/leadership-calendar.js:41:49)
    at /Users/muchniki/.nvm/versions/node/v6.9.5/lib/node_modules/protractor/node_modules/jasminewd2/index.js:110:25
    at new ManagedPromise (/Users/muchniki/.nvm/versions/node/v6.9.5/lib/node_modules/protractor/node_modules/selenium-webdriver/lib/promise.js:1067:7)
    at ControlFlow.promise (/Users/muchniki/.nvm/versions/node/v6.9.5/lib/node_modules/protractor/node_modules/selenium-webdriver/lib/promise.js:2396:12)
    at schedulerExecute (/Users/muchniki/.nvm/versions/node/v6.9.5/lib/node_modules/protractor/node_modules/jasminewd2/index.js:95:18)
    at TaskQueue.execute_ (/Users/muchniki/.nvm/versions/node/v6.9.5/lib/node_modules/protractor/node_modules/selenium-webdriver/lib/promise.js:2970:14)
    at TaskQueue.executeNext_ (/Users/muchniki/.nvm/versions/node/v6.9.5/lib/node_modules/protractor/node_modules/selenium-webdriver/lib/promise.js:2953:27)
    at asyncRun (/Users/muchniki/.nvm/versions/node/v6.9.5/lib/node_modules/protractor/node_modules/selenium-webdriver/lib/promise.js:2860:25)
    at /Users/muchniki/.nvm/versions/node/v6.9.5/lib/node_modules/protractor/node_modules/selenium-webdriver/lib/promise.js:676:7]]>
   </failure>
  </testcase>
  <testcase classname="focused specs.The Leadership Calendar Page.Search Filter" name="should include Filter Calendars label" time="0.485">
   <failure type="toBe" message="Expected false to be true."><![CDATA[Error: Failed expectation
    at Object.<anonymous> (/Users/muchniki/dev/cfgov-refresh/test/browser_tests/spec_suites/content/leadership-calendar.js:48:47)
    at /Users/muchniki/.nvm/versions/node/v6.9.5/lib/node_modules/protractor/node_modules/jasminewd2/index.js:110:25
    at new ManagedPromise (/Users/muchniki/.nvm/versions/node/v6.9.5/lib/node_modules/protractor/node_modules/selenium-webdriver/lib/promise.js:1067:7)
    at ControlFlow.promise (/Users/muchniki/.nvm/versions/node/v6.9.5/lib/node_modules/protractor/node_modules/selenium-webdriver/lib/promise.js:2396:12)
    at schedulerExecute (/Users/muchniki/.nvm/versions/node/v6.9.5/lib/node_modules/protractor/node_modules/jasminewd2/index.js:95:18)
    at TaskQueue.execute_ (/Users/muchniki/.nvm/versions/node/v6.9.5/lib/node_modules/protractor/node_modules/selenium-webdriver/lib/promise.js:2970:14)
    at TaskQueue.executeNext_ (/Users/muchniki/.nvm/versions/node/v6.9.5/lib/node_modules/protractor/node_modules/selenium-webdriver/lib/promise.js:2953:27)
    at asyncRun (/Users/muchniki/.nvm/versions/node/v6.9.5/lib/node_modules/protractor/node_modules/selenium-webdriver/lib/promise.js:2860:25)
    at /Users/muchniki/.nvm/versions/node/v6.9.5/lib/node_modules/protractor/node_modules/selenium-webdriver/lib/promise.js:676:7]]>
   </failure>
   <failure type="exception" message="Failed: Index out of bound. Trying to access element at index: 0, but there are only 0 elements that match locator By(css selector, [data-qa-hook=&quot;filter&quot;])"><![CDATA[NoSuchElementError: Index out of bound. Trying to access element at index: 0, but there are only 0 elements that match locator By(css selector, [data-qa-hook="filter"])
    at WebDriverError (/Users/muchniki/.nvm/versions/node/v6.9.5/lib/node_modules/protractor/node_modules/selenium-webdriver/lib/error.js:27:5)
    at NoSuchElementError (/Users/muchniki/.nvm/versions/node/v6.9.5/lib/node_modules/protractor/node_modules/selenium-webdriver/lib/error.js:168:5)
    at selenium_webdriver_1.promise.all.then (/Users/muchniki/.nvm/versions/node/v6.9.5/lib/node_modules/protractor/lib/element.ts:287:17)
    at ManagedPromise.invokeCallback_ (/Users/muchniki/.nvm/versions/node/v6.9.5/lib/node_modules/protractor/node_modules/selenium-webdriver/lib/promise.js:1366:14)
    at TaskQueue.execute_ (/Users/muchniki/.nvm/versions/node/v6.9.5/lib/node_modules/protractor/node_modules/selenium-webdriver/lib/promise.js:2970:14)
    at TaskQueue.executeNext_ (/Users/muchniki/.nvm/versions/node/v6.9.5/lib/node_modules/protractor/node_modules/selenium-webdriver/lib/promise.js:2953:27)
    at asyncRun (/Users/muchniki/.nvm/versions/node/v6.9.5/lib/node_modules/protractor/node_modules/selenium-webdriver/lib/promise.js:2813:27)
    at /Users/muchniki/.nvm/versions/node/v6.9.5/lib/node_modules/protractor/node_modules/selenium-webdriver/lib/promise.js:676:7
    at process._tickCallback (internal/process/next_tick.js:103:7)Error
    at ElementArrayFinder.applyAction_ (/Users/muchniki/.nvm/versions/node/v6.9.5/lib/node_modules/protractor/lib/element.ts:482:23)
    at ElementArrayFinder.(anonymous function) [as getText] (/Users/muchniki/.nvm/versions/node/v6.9.5/lib/node_modules/protractor/lib/element.ts:96:21)
    at ElementFinder.(anonymous function) [as getText] (/Users/muchniki/.nvm/versions/node/v6.9.5/lib/node_modules/protractor/lib/element.ts:873:14)
    at Object.<anonymous> (/Users/muchniki/dev/cfgov-refresh/test/browser_tests/spec_suites/content/leadership-calendar.js:49:33)
    at /Users/muchniki/.nvm/versions/node/v6.9.5/lib/node_modules/protractor/node_modules/jasminewd2/index.js:110:25
    at new ManagedPromise (/Users/muchniki/.nvm/versions/node/v6.9.5/lib/node_modules/protractor/node_modules/selenium-webdriver/lib/promise.js:1067:7)
    at ControlFlow.promise (/Users/muchniki/.nvm/versions/node/v6.9.5/lib/node_modules/protractor/node_modules/selenium-webdriver/lib/promise.js:2396:12)
    at schedulerExecute (/Users/muchniki/.nvm/versions/node/v6.9.5/lib/node_modules/protractor/node_modules/jasminewd2/index.js:95:18)
    at TaskQueue.execute_ (/Users/muchniki/.nvm/versions/node/v6.9.5/lib/node_modules/protractor/node_modules/selenium-webdriver/lib/promise.js:2970:14)
    at TaskQueue.executeNext_ (/Users/muchniki/.nvm/versions/node/v6.9.5/lib/node_modules/protractor/node_modules/selenium-webdriver/lib/promise.js:2953:27)
From: Task: Run it("should include Filter Calendars label") in control flow
    at Object.<anonymous> (/Users/muchniki/.nvm/versions/node/v6.9.5/lib/node_modules/protractor/node_modules/jasminewd2/index.js:94:19)
    at attemptAsync (/Users/muchniki/.nvm/versions/node/v6.9.5/lib/node_modules/protractor/node_modules/jasmine-core/lib/jasmine-core/jasmine.js:1980:24)
    at QueueRunner.run (/Users/muchniki/.nvm/versions/node/v6.9.5/lib/node_modules/protractor/node_modules/jasmine-core/lib/jasmine-core/jasmine.js:1935:9)
    at QueueRunner.execute (/Users/muchniki/.nvm/versions/node/v6.9.5/lib/node_modules/protractor/node_modules/jasmine-core/lib/jasmine-core/jasmine.js:1923:10)
    at Spec.queueRunnerFactory (/Users/muchniki/.nvm/versions/node/v6.9.5/lib/node_modules/protractor/node_modules/jasmine-core/lib/jasmine-core/jasmine.js:714:35)
    at Spec.execute (/Users/muchniki/.nvm/versions/node/v6.9.5/lib/node_modules/protractor/node_modules/jasmine-core/lib/jasmine-core/jasmine.js:371:10)
    at Object.fn (/Users/muchniki/.nvm/versions/node/v6.9.5/lib/node_modules/protractor/node_modules/jasmine-core/lib/jasmine-core/jasmine.js:2579:37)
    at attemptAsync (/Users/muchniki/.nvm/versions/node/v6.9.5/lib/node_modules/protractor/node_modules/jasmine-core/lib/jasmine-core/jasmine.js:1980:24)
    at QueueRunner.run (/Users/muchniki/.nvm/versions/node/v6.9.5/lib/node_modules/protractor/node_modules/jasmine-core/lib/jasmine-core/jasmine.js:1935:9)
    at /Users/muchniki/.nvm/versions/node/v6.9.5/lib/node_modules/protractor/node_modules/jasmine-core/lib/jasmine-core/jasmine.js:1962:16
From asynchronous test: 
Error
    at Suite.<anonymous> (/Users/muchniki/dev/cfgov-refresh/test/browser_tests/spec_suites/content/leadership-calendar.js:45:5)
    at addSpecsToSuite (/Users/muchniki/.nvm/versions/node/v6.9.5/lib/node_modules/protractor/node_modules/jasmine-core/lib/jasmine-core/jasmine.js:867:25)
    at Env.describe (/Users/muchniki/.nvm/versions/node/v6.9.5/lib/node_modules/protractor/node_modules/jasmine-core/lib/jasmine-core/jasmine.js:836:7)
    at describe (/Users/muchniki/.nvm/versions/node/v6.9.5/lib/node_modules/protractor/node_modules/jasmine-core/lib/jasmine-core/jasmine.js:3576:18)
    at Suite.<anonymous> (/Users/muchniki/dev/cfgov-refresh/test/browser_tests/spec_suites/content/leadership-calendar.js:37:3)
    at addSpecsToSuite (/Users/muchniki/.nvm/versions/node/v6.9.5/lib/node_modules/protractor/node_modules/jasmine-core/lib/jasmine-core/jasmine.js:867:25)
    at Env.describe (/Users/muchniki/.nvm/versions/node/v6.9.5/lib/node_modules/protractor/node_modules/jasmine-core/lib/jasmine-core/jasmine.js:836:7)
    at describe (/Users/muchniki/.nvm/versions/node/v6.9.5/lib/node_modules/protractor/node_modules/jasmine-core/lib/jasmine-core/jasmine.js:3576:18)
    at Object.<anonymous> (/Users/muchniki/dev/cfgov-refresh/test/browser_tests/spec_suites/content/leadership-calendar.js:10:1)]]>
   </failure>
  </testcase>
  <testcase classname="focused specs.The Leadership Calendar Page.Search Filter" name="should include a visible Show button" time="0.245">
   <failure type="exception" message="Failed: Index out of bound. Trying to access element at index: 0, but there are only 0 elements that match locator By(css selector, [data-qa-hook=&quot;filter&quot;])"><![CDATA[NoSuchElementError: Index out of bound. Trying to access element at index: 0, but there are only 0 elements that match locator By(css selector, [data-qa-hook="filter"])
    at WebDriverError (/Users/muchniki/.nvm/versions/node/v6.9.5/lib/node_modules/protractor/node_modules/selenium-webdriver/lib/error.js:27:5)
    at NoSuchElementError (/Users/muchniki/.nvm/versions/node/v6.9.5/lib/node_modules/protractor/node_modules/selenium-webdriver/lib/error.js:168:5)
    at selenium_webdriver_1.promise.all.then (/Users/muchniki/.nvm/versions/node/v6.9.5/lib/node_modules/protractor/lib/element.ts:287:17)
    at ManagedPromise.invokeCallback_ (/Users/muchniki/.nvm/versions/node/v6.9.5/lib/node_modules/protractor/node_modules/selenium-webdriver/lib/promise.js:1366:14)
    at TaskQueue.execute_ (/Users/muchniki/.nvm/versions/node/v6.9.5/lib/node_modules/protractor/node_modules/selenium-webdriver/lib/promise.js:2970:14)
    at TaskQueue.executeNext_ (/Users/muchniki/.nvm/versions/node/v6.9.5/lib/node_modules/protractor/node_modules/selenium-webdriver/lib/promise.js:2953:27)
    at asyncRun (/Users/muchniki/.nvm/versions/node/v6.9.5/lib/node_modules/protractor/node_modules/selenium-webdriver/lib/promise.js:2813:27)
    at /Users/muchniki/.nvm/versions/node/v6.9.5/lib/node_modules/protractor/node_modules/selenium-webdriver/lib/promise.js:676:7
    at process._tickCallback (internal/process/next_tick.js:103:7)Error
    at ElementArrayFinder.applyAction_ (/Users/muchniki/.nvm/versions/node/v6.9.5/lib/node_modules/protractor/lib/element.ts:482:23)
    at ElementArrayFinder.(anonymous function) [as isDisplayed] (/Users/muchniki/.nvm/versions/node/v6.9.5/lib/node_modules/protractor/lib/element.ts:96:21)
    at ElementFinder.(anonymous function) [as isDisplayed] (/Users/muchniki/.nvm/versions/node/v6.9.5/lib/node_modules/protractor/lib/element.ts:873:14)
    at Object.<anonymous> (/Users/muchniki/dev/cfgov-refresh/test/browser_tests/spec_suites/content/leadership-calendar.js:54:40)
    at /Users/muchniki/.nvm/versions/node/v6.9.5/lib/node_modules/protractor/node_modules/jasminewd2/index.js:110:25
    at new ManagedPromise (/Users/muchniki/.nvm/versions/node/v6.9.5/lib/node_modules/protractor/node_modules/selenium-webdriver/lib/promise.js:1067:7)
    at ControlFlow.promise (/Users/muchniki/.nvm/versions/node/v6.9.5/lib/node_modules/protractor/node_modules/selenium-webdriver/lib/promise.js:2396:12)
    at schedulerExecute (/Users/muchniki/.nvm/versions/node/v6.9.5/lib/node_modules/protractor/node_modules/jasminewd2/index.js:95:18)
    at TaskQueue.execute_ (/Users/muchniki/.nvm/versions/node/v6.9.5/lib/node_modules/protractor/node_modules/selenium-webdriver/lib/promise.js:2970:14)
    at TaskQueue.executeNext_ (/Users/muchniki/.nvm/versions/node/v6.9.5/lib/node_modules/protractor/node_modules/selenium-webdriver/lib/promise.js:2953:27)
From: Task: Run it("should include a visible Show button") in control flow
    at Object.<anonymous> (/Users/muchniki/.nvm/versions/node/v6.9.5/lib/node_modules/protractor/node_modules/jasminewd2/index.js:94:19)
    at attemptAsync (/Users/muchniki/.nvm/versions/node/v6.9.5/lib/node_modules/protractor/node_modules/jasmine-core/lib/jasmine-core/jasmine.js:1980:24)
    at QueueRunner.run (/Users/muchniki/.nvm/versions/node/v6.9.5/lib/node_modules/protractor/node_modules/jasmine-core/lib/jasmine-core/jasmine.js:1935:9)
    at QueueRunner.execute (/Users/muchniki/.nvm/versions/node/v6.9.5/lib/node_modules/protractor/node_modules/jasmine-core/lib/jasmine-core/jasmine.js:1923:10)
    at Spec.queueRunnerFactory (/Users/muchniki/.nvm/versions/node/v6.9.5/lib/node_modules/protractor/node_modules/jasmine-core/lib/jasmine-core/jasmine.js:714:35)
    at Spec.execute (/Users/muchniki/.nvm/versions/node/v6.9.5/lib/node_modules/protractor/node_modules/jasmine-core/lib/jasmine-core/jasmine.js:371:10)
    at Object.fn (/Users/muchniki/.nvm/versions/node/v6.9.5/lib/node_modules/protractor/node_modules/jasmine-core/lib/jasmine-core/jasmine.js:2579:37)
    at attemptAsync (/Users/muchniki/.nvm/versions/node/v6.9.5/lib/node_modules/protractor/node_modules/jasmine-core/lib/jasmine-core/jasmine.js:1980:24)
    at QueueRunner.run (/Users/muchniki/.nvm/versions/node/v6.9.5/lib/node_modules/protractor/node_modules/jasmine-core/lib/jasmine-core/jasmine.js:1935:9)
    at /Users/muchniki/.nvm/versions/node/v6.9.5/lib/node_modules/protractor/node_modules/jasmine-core/lib/jasmine-core/jasmine.js:1962:16
From asynchronous test: 
Error
    at Suite.<anonymous> (/Users/muchniki/dev/cfgov-refresh/test/browser_tests/spec_suites/content/leadership-calendar.js:53:5)
    at addSpecsToSuite (/Users/muchniki/.nvm/versions/node/v6.9.5/lib/node_modules/protractor/node_modules/jasmine-core/lib/jasmine-core/jasmine.js:867:25)
    at Env.describe (/Users/muchniki/.nvm/versions/node/v6.9.5/lib/node_modules/protractor/node_modules/jasmine-core/lib/jasmine-core/jasmine.js:836:7)
    at describe (/Users/muchniki/.nvm/versions/node/v6.9.5/lib/node_modules/protractor/node_modules/jasmine-core/lib/jasmine-core/jasmine.js:3576:18)
    at Suite.<anonymous> (/Users/muchniki/dev/cfgov-refresh/test/browser_tests/spec_suites/content/leadership-calendar.js:37:3)
    at addSpecsToSuite (/Users/muchniki/.nvm/versions/node/v6.9.5/lib/node_modules/protractor/node_modules/jasmine-core/lib/jasmine-core/jasmine.js:867:25)
    at Env.describe (/Users/muchniki/.nvm/versions/node/v6.9.5/lib/node_modules/protractor/node_modules/jasmine-core/lib/jasmine-core/jasmine.js:836:7)
    at describe (/Users/muchniki/.nvm/versions/node/v6.9.5/lib/node_modules/protractor/node_modules/jasmine-core/lib/jasmine-core/jasmine.js:3576:18)
    at Object.<anonymous> (/Users/muchniki/dev/cfgov-refresh/test/browser_tests/spec_suites/content/leadership-calendar.js:10:1)]]>
   </failure>
  </testcase>
  <testcase classname="focused specs.The Leadership Calendar Page.Search Filter" name="should include a visible Hide button when clicked" time="0.25">
   <failure type="exception" message="Failed: Index out of bound. Trying to access element at index: 0, but there are only 0 elements that match locator By(css selector, [data-qa-hook=&quot;filter&quot;])"><![CDATA[NoSuchElementError: Index out of bound. Trying to access element at index: 0, but there are only 0 elements that match locator By(css selector, [data-qa-hook="filter"])
    at WebDriverError (/Users/muchniki/.nvm/versions/node/v6.9.5/lib/node_modules/protractor/node_modules/selenium-webdriver/lib/error.js:27:5)
    at NoSuchElementError (/Users/muchniki/.nvm/versions/node/v6.9.5/lib/node_modules/protractor/node_modules/selenium-webdriver/lib/error.js:168:5)
    at selenium_webdriver_1.promise.all.then (/Users/muchniki/.nvm/versions/node/v6.9.5/lib/node_modules/protractor/lib/element.ts:287:17)
    at ManagedPromise.invokeCallback_ (/Users/muchniki/.nvm/versions/node/v6.9.5/lib/node_modules/protractor/node_modules/selenium-webdriver/lib/promise.js:1366:14)
    at TaskQueue.execute_ (/Users/muchniki/.nvm/versions/node/v6.9.5/lib/node_modules/protractor/node_modules/selenium-webdriver/lib/promise.js:2970:14)
    at TaskQueue.executeNext_ (/Users/muchniki/.nvm/versions/node/v6.9.5/lib/node_modules/protractor/node_modules/selenium-webdriver/lib/promise.js:2953:27)
    at asyncRun (/Users/muchniki/.nvm/versions/node/v6.9.5/lib/node_modules/protractor/node_modules/selenium-webdriver/lib/promise.js:2813:27)
    at /Users/muchniki/.nvm/versions/node/v6.9.5/lib/node_modules/protractor/node_modules/selenium-webdriver/lib/promise.js:676:7
    at process._tickCallback (internal/process/next_tick.js:103:7)Error
    at ElementArrayFinder.applyAction_ (/Users/muchniki/.nvm/versions/node/v6.9.5/lib/node_modules/protractor/lib/element.ts:482:23)
    at ElementArrayFinder.(anonymous function) [as click] (/Users/muchniki/.nvm/versions/node/v6.9.5/lib/node_modules/protractor/lib/element.ts:96:21)
    at ElementFinder.(anonymous function) [as click] (/Users/muchniki/.nvm/versions/node/v6.9.5/lib/node_modules/protractor/lib/element.ts:873:14)
    at Object.<anonymous> (/Users/muchniki/dev/cfgov-refresh/test/browser_tests/spec_suites/content/leadership-calendar.js:67:28)
    at /Users/muchniki/.nvm/versions/node/v6.9.5/lib/node_modules/protractor/node_modules/jasminewd2/index.js:110:25
    at new ManagedPromise (/Users/muchniki/.nvm/versions/node/v6.9.5/lib/node_modules/protractor/node_modules/selenium-webdriver/lib/promise.js:1067:7)
    at ControlFlow.promise (/Users/muchniki/.nvm/versions/node/v6.9.5/lib/node_modules/protractor/node_modules/selenium-webdriver/lib/promise.js:2396:12)
    at schedulerExecute (/Users/muchniki/.nvm/versions/node/v6.9.5/lib/node_modules/protractor/node_modules/jasminewd2/index.js:95:18)
    at TaskQueue.execute_ (/Users/muchniki/.nvm/versions/node/v6.9.5/lib/node_modules/protractor/node_modules/selenium-webdriver/lib/promise.js:2970:14)
    at TaskQueue.executeNext_ (/Users/muchniki/.nvm/versions/node/v6.9.5/lib/node_modules/protractor/node_modules/selenium-webdriver/lib/promise.js:2953:27)
From: Task: Run it("should include a visible Hide button when clicked") in control flow
    at Object.<anonymous> (/Users/muchniki/.nvm/versions/node/v6.9.5/lib/node_modules/protractor/node_modules/jasminewd2/index.js:94:19)
    at attemptAsync (/Users/muchniki/.nvm/versions/node/v6.9.5/lib/node_modules/protractor/node_modules/jasmine-core/lib/jasmine-core/jasmine.js:1980:24)
    at QueueRunner.run (/Users/muchniki/.nvm/versions/node/v6.9.5/lib/node_modules/protractor/node_modules/jasmine-core/lib/jasmine-core/jasmine.js:1935:9)
    at QueueRunner.execute (/Users/muchniki/.nvm/versions/node/v6.9.5/lib/node_modules/protractor/node_modules/jasmine-core/lib/jasmine-core/jasmine.js:1923:10)
    at Spec.queueRunnerFactory (/Users/muchniki/.nvm/versions/node/v6.9.5/lib/node_modules/protractor/node_modules/jasmine-core/lib/jasmine-core/jasmine.js:714:35)
    at Spec.execute (/Users/muchniki/.nvm/versions/node/v6.9.5/lib/node_modules/protractor/node_modules/jasmine-core/lib/jasmine-core/jasmine.js:371:10)
    at Object.fn (/Users/muchniki/.nvm/versions/node/v6.9.5/lib/node_modules/protractor/node_modules/jasmine-core/lib/jasmine-core/jasmine.js:2579:37)
    at attemptAsync (/Users/muchniki/.nvm/versions/node/v6.9.5/lib/node_modules/protractor/node_modules/jasmine-core/lib/jasmine-core/jasmine.js:1980:24)
    at QueueRunner.run (/Users/muchniki/.nvm/versions/node/v6.9.5/lib/node_modules/protractor/node_modules/jasmine-core/lib/jasmine-core/jasmine.js:1935:9)
    at /Users/muchniki/.nvm/versions/node/v6.9.5/lib/node_modules/protractor/node_modules/jasmine-core/lib/jasmine-core/jasmine.js:1962:16
From asynchronous test: 
Error
    at Suite.<anonymous> (/Users/muchniki/dev/cfgov-refresh/test/browser_tests/spec_suites/content/leadership-calendar.js:65:5)
    at addSpecsToSuite (/Users/muchniki/.nvm/versions/node/v6.9.5/lib/node_modules/protractor/node_modules/jasmine-core/lib/jasmine-core/jasmine.js:867:25)
    at Env.describe (/Users/muchniki/.nvm/versions/node/v6.9.5/lib/node_modules/protractor/node_modules/jasmine-core/lib/jasmine-core/jasmine.js:836:7)
    at describe (/Users/muchniki/.nvm/versions/node/v6.9.5/lib/node_modules/protractor/node_modules/jasmine-core/lib/jasmine-core/jasmine.js:3576:18)
    at Suite.<anonymous> (/Users/muchniki/dev/cfgov-refresh/test/browser_tests/spec_suites/content/leadership-calendar.js:37:3)
    at addSpecsToSuite (/Users/muchniki/.nvm/versions/node/v6.9.5/lib/node_modules/protractor/node_modules/jasmine-core/lib/jasmine-core/jasmine.js:867:25)
    at Env.describe (/Users/muchniki/.nvm/versions/node/v6.9.5/lib/node_modules/protractor/node_modules/jasmine-core/lib/jasmine-core/jasmine.js:836:7)
    at describe (/Users/muchniki/.nvm/versions/node/v6.9.5/lib/node_modules/protractor/node_modules/jasmine-core/lib/jasmine-core/jasmine.js:3576:18)
    at Object.<anonymous> (/Users/muchniki/dev/cfgov-refresh/test/browser_tests/spec_suites/content/leadership-calendar.js:10:1)]]>
   </failure>
  </testcase>
  <testcase classname="focused specs.The Leadership Calendar Page.Search Filter" name="should include a search filter search filter results" time="0.236">
   <failure type="toBeGreaterThan" message="Expected 0 to be greater than 0."><![CDATA[Error: Failed expectation
    at Object.<anonymous> (/Users/muchniki/dev/cfgov-refresh/test/browser_tests/spec_suites/content/leadership-calendar.js:77:52)
    at /Users/muchniki/.nvm/versions/node/v6.9.5/lib/node_modules/protractor/node_modules/jasminewd2/index.js:110:25
    at new ManagedPromise (/Users/muchniki/.nvm/versions/node/v6.9.5/lib/node_modules/protractor/node_modules/selenium-webdriver/lib/promise.js:1067:7)
    at ControlFlow.promise (/Users/muchniki/.nvm/versions/node/v6.9.5/lib/node_modules/protractor/node_modules/selenium-webdriver/lib/promise.js:2396:12)
    at schedulerExecute (/Users/muchniki/.nvm/versions/node/v6.9.5/lib/node_modules/protractor/node_modules/jasminewd2/index.js:95:18)
    at TaskQueue.execute_ (/Users/muchniki/.nvm/versions/node/v6.9.5/lib/node_modules/protractor/node_modules/selenium-webdriver/lib/promise.js:2970:14)
    at TaskQueue.executeNext_ (/Users/muchniki/.nvm/versions/node/v6.9.5/lib/node_modules/protractor/node_modules/selenium-webdriver/lib/promise.js:2953:27)
    at asyncRun (/Users/muchniki/.nvm/versions/node/v6.9.5/lib/node_modules/protractor/node_modules/selenium-webdriver/lib/promise.js:2860:25)
    at /Users/muchniki/.nvm/versions/node/v6.9.5/lib/node_modules/protractor/node_modules/selenium-webdriver/lib/promise.js:676:7]]>
   </failure>
  </testcase>
 </testsuite>
 <testsuite name="focused specs.The Leadership Calendar Page.Download Filter" timestamp="2017-03-01T17:32:28" hostname="localhost" time="1.211" errors="0" tests="4" skipped="0" disabled="0" failures="5">
  <testcase classname="focused specs.The Leadership Calendar Page.Download Filter" name="should be included" time="0.239">
   <failure type="toBe" message="Expected false to be true."><![CDATA[Error: Failed expectation
    at Object.<anonymous> (/Users/muchniki/dev/cfgov-refresh/test/browser_tests/spec_suites/content/leadership-calendar.js:86:51)
    at /Users/muchniki/.nvm/versions/node/v6.9.5/lib/node_modules/protractor/node_modules/jasminewd2/index.js:110:25
    at new ManagedPromise (/Users/muchniki/.nvm/versions/node/v6.9.5/lib/node_modules/protractor/node_modules/selenium-webdriver/lib/promise.js:1067:7)
    at ControlFlow.promise (/Users/muchniki/.nvm/versions/node/v6.9.5/lib/node_modules/protractor/node_modules/selenium-webdriver/lib/promise.js:2396:12)
    at schedulerExecute (/Users/muchniki/.nvm/versions/node/v6.9.5/lib/node_modules/protractor/node_modules/jasminewd2/index.js:95:18)
    at TaskQueue.execute_ (/Users/muchniki/.nvm/versions/node/v6.9.5/lib/node_modules/protractor/node_modules/selenium-webdriver/lib/promise.js:2970:14)
    at TaskQueue.executeNext_ (/Users/muchniki/.nvm/versions/node/v6.9.5/lib/node_modules/protractor/node_modules/selenium-webdriver/lib/promise.js:2953:27)
    at asyncRun (/Users/muchniki/.nvm/versions/node/v6.9.5/lib/node_modules/protractor/node_modules/selenium-webdriver/lib/promise.js:2860:25)
    at /Users/muchniki/.nvm/versions/node/v6.9.5/lib/node_modules/protractor/node_modules/selenium-webdriver/lib/promise.js:676:7]]>
   </failure>
  </testcase>
  <testcase classname="focused specs.The Leadership Calendar Page.Download Filter" name="should include text to download options" time="0.484">
   <failure type="toBe" message="Expected false to be true."><![CDATA[Error: Failed expectation
    at Object.<anonymous> (/Users/muchniki/dev/cfgov-refresh/test/browser_tests/spec_suites/content/leadership-calendar.js:93:49)
    at /Users/muchniki/.nvm/versions/node/v6.9.5/lib/node_modules/protractor/node_modules/jasminewd2/index.js:110:25
    at new ManagedPromise (/Users/muchniki/.nvm/versions/node/v6.9.5/lib/node_modules/protractor/node_modules/selenium-webdriver/lib/promise.js:1067:7)
    at ControlFlow.promise (/Users/muchniki/.nvm/versions/node/v6.9.5/lib/node_modules/protractor/node_modules/selenium-webdriver/lib/promise.js:2396:12)
    at schedulerExecute (/Users/muchniki/.nvm/versions/node/v6.9.5/lib/node_modules/protractor/node_modules/jasminewd2/index.js:95:18)
    at TaskQueue.execute_ (/Users/muchniki/.nvm/versions/node/v6.9.5/lib/node_modules/protractor/node_modules/selenium-webdriver/lib/promise.js:2970:14)
    at TaskQueue.executeNext_ (/Users/muchniki/.nvm/versions/node/v6.9.5/lib/node_modules/protractor/node_modules/selenium-webdriver/lib/promise.js:2953:27)
    at asyncRun (/Users/muchniki/.nvm/versions/node/v6.9.5/lib/node_modules/protractor/node_modules/selenium-webdriver/lib/promise.js:2860:25)
    at /Users/muchniki/.nvm/versions/node/v6.9.5/lib/node_modules/protractor/node_modules/selenium-webdriver/lib/promise.js:676:7]]>
   </failure>
   <failure type="exception" message="Failed: Index out of bound. Trying to access element at index: 1, but there are only 0 elements that match locator By(css selector, [data-qa-hook=&quot;filter&quot;])"><![CDATA[NoSuchElementError: Index out of bound. Trying to access element at index: 1, but there are only 0 elements that match locator By(css selector, [data-qa-hook="filter"])
    at WebDriverError (/Users/muchniki/.nvm/versions/node/v6.9.5/lib/node_modules/protractor/node_modules/selenium-webdriver/lib/error.js:27:5)
    at NoSuchElementError (/Users/muchniki/.nvm/versions/node/v6.9.5/lib/node_modules/protractor/node_modules/selenium-webdriver/lib/error.js:168:5)
    at selenium_webdriver_1.promise.all.then (/Users/muchniki/.nvm/versions/node/v6.9.5/lib/node_modules/protractor/lib/element.ts:287:17)
    at ManagedPromise.invokeCallback_ (/Users/muchniki/.nvm/versions/node/v6.9.5/lib/node_modules/protractor/node_modules/selenium-webdriver/lib/promise.js:1366:14)
    at TaskQueue.execute_ (/Users/muchniki/.nvm/versions/node/v6.9.5/lib/node_modules/protractor/node_modules/selenium-webdriver/lib/promise.js:2970:14)
    at TaskQueue.executeNext_ (/Users/muchniki/.nvm/versions/node/v6.9.5/lib/node_modules/protractor/node_modules/selenium-webdriver/lib/promise.js:2953:27)
    at asyncRun (/Users/muchniki/.nvm/versions/node/v6.9.5/lib/node_modules/protractor/node_modules/selenium-webdriver/lib/promise.js:2813:27)
    at /Users/muchniki/.nvm/versions/node/v6.9.5/lib/node_modules/protractor/node_modules/selenium-webdriver/lib/promise.js:676:7
    at process._tickCallback (internal/process/next_tick.js:103:7)Error
    at ElementArrayFinder.applyAction_ (/Users/muchniki/.nvm/versions/node/v6.9.5/lib/node_modules/protractor/lib/element.ts:482:23)
    at ElementArrayFinder.(anonymous function) [as getText] (/Users/muchniki/.nvm/versions/node/v6.9.5/lib/node_modules/protractor/lib/element.ts:96:21)
    at ElementFinder.(anonymous function) [as getText] (/Users/muchniki/.nvm/versions/node/v6.9.5/lib/node_modules/protractor/lib/element.ts:873:14)
    at Object.<anonymous> (/Users/muchniki/dev/cfgov-refresh/test/browser_tests/spec_suites/content/leadership-calendar.js:94:35)
    at /Users/muchniki/.nvm/versions/node/v6.9.5/lib/node_modules/protractor/node_modules/jasminewd2/index.js:110:25
    at new ManagedPromise (/Users/muchniki/.nvm/versions/node/v6.9.5/lib/node_modules/protractor/node_modules/selenium-webdriver/lib/promise.js:1067:7)
    at ControlFlow.promise (/Users/muchniki/.nvm/versions/node/v6.9.5/lib/node_modules/protractor/node_modules/selenium-webdriver/lib/promise.js:2396:12)
    at schedulerExecute (/Users/muchniki/.nvm/versions/node/v6.9.5/lib/node_modules/protractor/node_modules/jasminewd2/index.js:95:18)
    at TaskQueue.execute_ (/Users/muchniki/.nvm/versions/node/v6.9.5/lib/node_modules/protractor/node_modules/selenium-webdriver/lib/promise.js:2970:14)
    at TaskQueue.executeNext_ (/Users/muchniki/.nvm/versions/node/v6.9.5/lib/node_modules/protractor/node_modules/selenium-webdriver/lib/promise.js:2953:27)
From: Task: Run it("should include text to download options") in control flow
    at Object.<anonymous> (/Users/muchniki/.nvm/versions/node/v6.9.5/lib/node_modules/protractor/node_modules/jasminewd2/index.js:94:19)
    at attemptAsync (/Users/muchniki/.nvm/versions/node/v6.9.5/lib/node_modules/protractor/node_modules/jasmine-core/lib/jasmine-core/jasmine.js:1980:24)
    at QueueRunner.run (/Users/muchniki/.nvm/versions/node/v6.9.5/lib/node_modules/protractor/node_modules/jasmine-core/lib/jasmine-core/jasmine.js:1935:9)
    at QueueRunner.execute (/Users/muchniki/.nvm/versions/node/v6.9.5/lib/node_modules/protractor/node_modules/jasmine-core/lib/jasmine-core/jasmine.js:1923:10)
    at Spec.queueRunnerFactory (/Users/muchniki/.nvm/versions/node/v6.9.5/lib/node_modules/protractor/node_modules/jasmine-core/lib/jasmine-core/jasmine.js:714:35)
    at Spec.execute (/Users/muchniki/.nvm/versions/node/v6.9.5/lib/node_modules/protractor/node_modules/jasmine-core/lib/jasmine-core/jasmine.js:371:10)
    at Object.fn (/Users/muchniki/.nvm/versions/node/v6.9.5/lib/node_modules/protractor/node_modules/jasmine-core/lib/jasmine-core/jasmine.js:2579:37)
    at attemptAsync (/Users/muchniki/.nvm/versions/node/v6.9.5/lib/node_modules/protractor/node_modules/jasmine-core/lib/jasmine-core/jasmine.js:1980:24)
    at QueueRunner.run (/Users/muchniki/.nvm/versions/node/v6.9.5/lib/node_modules/protractor/node_modules/jasmine-core/lib/jasmine-core/jasmine.js:1935:9)
    at /Users/muchniki/.nvm/versions/node/v6.9.5/lib/node_modules/protractor/node_modules/jasmine-core/lib/jasmine-core/jasmine.js:1962:16
From asynchronous test: 
Error
    at Suite.<anonymous> (/Users/muchniki/dev/cfgov-refresh/test/browser_tests/spec_suites/content/leadership-calendar.js:90:5)
    at addSpecsToSuite (/Users/muchniki/.nvm/versions/node/v6.9.5/lib/node_modules/protractor/node_modules/jasmine-core/lib/jasmine-core/jasmine.js:867:25)
    at Env.describe (/Users/muchniki/.nvm/versions/node/v6.9.5/lib/node_modules/protractor/node_modules/jasmine-core/lib/jasmine-core/jasmine.js:836:7)
    at describe (/Users/muchniki/.nvm/versions/node/v6.9.5/lib/node_modules/protractor/node_modules/jasmine-core/lib/jasmine-core/jasmine.js:3576:18)
    at Suite.<anonymous> (/Users/muchniki/dev/cfgov-refresh/test/browser_tests/spec_suites/content/leadership-calendar.js:82:3)
    at addSpecsToSuite (/Users/muchniki/.nvm/versions/node/v6.9.5/lib/node_modules/protractor/node_modules/jasmine-core/lib/jasmine-core/jasmine.js:867:25)
    at Env.describe (/Users/muchniki/.nvm/versions/node/v6.9.5/lib/node_modules/protractor/node_modules/jasmine-core/lib/jasmine-core/jasmine.js:836:7)
    at describe (/Users/muchniki/.nvm/versions/node/v6.9.5/lib/node_modules/protractor/node_modules/jasmine-core/lib/jasmine-core/jasmine.js:3576:18)
    at Object.<anonymous> (/Users/muchniki/dev/cfgov-refresh/test/browser_tests/spec_suites/content/leadership-calendar.js:10:1)]]>
   </failure>
  </testcase>
  <testcase classname="focused specs.The Leadership Calendar Page.Download Filter" name="should include a visible Show button" time="0.248">
   <failure type="exception" message="Failed: Index out of bound. Trying to access element at index: 1, but there are only 0 elements that match locator By(css selector, [data-qa-hook=&quot;filter&quot;])"><![CDATA[NoSuchElementError: Index out of bound. Trying to access element at index: 1, but there are only 0 elements that match locator By(css selector, [data-qa-hook="filter"])
    at WebDriverError (/Users/muchniki/.nvm/versions/node/v6.9.5/lib/node_modules/protractor/node_modules/selenium-webdriver/lib/error.js:27:5)
    at NoSuchElementError (/Users/muchniki/.nvm/versions/node/v6.9.5/lib/node_modules/protractor/node_modules/selenium-webdriver/lib/error.js:168:5)
    at selenium_webdriver_1.promise.all.then (/Users/muchniki/.nvm/versions/node/v6.9.5/lib/node_modules/protractor/lib/element.ts:287:17)
    at ManagedPromise.invokeCallback_ (/Users/muchniki/.nvm/versions/node/v6.9.5/lib/node_modules/protractor/node_modules/selenium-webdriver/lib/promise.js:1366:14)
    at TaskQueue.execute_ (/Users/muchniki/.nvm/versions/node/v6.9.5/lib/node_modules/protractor/node_modules/selenium-webdriver/lib/promise.js:2970:14)
    at TaskQueue.executeNext_ (/Users/muchniki/.nvm/versions/node/v6.9.5/lib/node_modules/protractor/node_modules/selenium-webdriver/lib/promise.js:2953:27)
    at asyncRun (/Users/muchniki/.nvm/versions/node/v6.9.5/lib/node_modules/protractor/node_modules/selenium-webdriver/lib/promise.js:2813:27)
    at /Users/muchniki/.nvm/versions/node/v6.9.5/lib/node_modules/protractor/node_modules/selenium-webdriver/lib/promise.js:676:7
    at process._tickCallback (internal/process/next_tick.js:103:7)Error
    at ElementArrayFinder.applyAction_ (/Users/muchniki/.nvm/versions/node/v6.9.5/lib/node_modules/protractor/lib/element.ts:482:23)
    at ElementArrayFinder.(anonymous function) [as isDisplayed] (/Users/muchniki/.nvm/versions/node/v6.9.5/lib/node_modules/protractor/lib/element.ts:96:21)
    at ElementFinder.(anonymous function) [as isDisplayed] (/Users/muchniki/.nvm/versions/node/v6.9.5/lib/node_modules/protractor/lib/element.ts:873:14)
    at Object.<anonymous> (/Users/muchniki/dev/cfgov-refresh/test/browser_tests/spec_suites/content/leadership-calendar.js:99:42)
    at /Users/muchniki/.nvm/versions/node/v6.9.5/lib/node_modules/protractor/node_modules/jasminewd2/index.js:110:25
    at new ManagedPromise (/Users/muchniki/.nvm/versions/node/v6.9.5/lib/node_modules/protractor/node_modules/selenium-webdriver/lib/promise.js:1067:7)
    at ControlFlow.promise (/Users/muchniki/.nvm/versions/node/v6.9.5/lib/node_modules/protractor/node_modules/selenium-webdriver/lib/promise.js:2396:12)
    at schedulerExecute (/Users/muchniki/.nvm/versions/node/v6.9.5/lib/node_modules/protractor/node_modules/jasminewd2/index.js:95:18)
    at TaskQueue.execute_ (/Users/muchniki/.nvm/versions/node/v6.9.5/lib/node_modules/protractor/node_modules/selenium-webdriver/lib/promise.js:2970:14)
    at TaskQueue.executeNext_ (/Users/muchniki/.nvm/versions/node/v6.9.5/lib/node_modules/protractor/node_modules/selenium-webdriver/lib/promise.js:2953:27)
From: Task: Run it("should include a visible Show button") in control flow
    at Object.<anonymous> (/Users/muchniki/.nvm/versions/node/v6.9.5/lib/node_modules/protractor/node_modules/jasminewd2/index.js:94:19)
    at attemptAsync (/Users/muchniki/.nvm/versions/node/v6.9.5/lib/node_modules/protractor/node_modules/jasmine-core/lib/jasmine-core/jasmine.js:1980:24)
    at QueueRunner.run (/Users/muchniki/.nvm/versions/node/v6.9.5/lib/node_modules/protractor/node_modules/jasmine-core/lib/jasmine-core/jasmine.js:1935:9)
    at QueueRunner.execute (/Users/muchniki/.nvm/versions/node/v6.9.5/lib/node_modules/protractor/node_modules/jasmine-core/lib/jasmine-core/jasmine.js:1923:10)
    at Spec.queueRunnerFactory (/Users/muchniki/.nvm/versions/node/v6.9.5/lib/node_modules/protractor/node_modules/jasmine-core/lib/jasmine-core/jasmine.js:714:35)
    at Spec.execute (/Users/muchniki/.nvm/versions/node/v6.9.5/lib/node_modules/protractor/node_modules/jasmine-core/lib/jasmine-core/jasmine.js:371:10)
    at Object.fn (/Users/muchniki/.nvm/versions/node/v6.9.5/lib/node_modules/protractor/node_modules/jasmine-core/lib/jasmine-core/jasmine.js:2579:37)
    at attemptAsync (/Users/muchniki/.nvm/versions/node/v6.9.5/lib/node_modules/protractor/node_modules/jasmine-core/lib/jasmine-core/jasmine.js:1980:24)
    at QueueRunner.run (/Users/muchniki/.nvm/versions/node/v6.9.5/lib/node_modules/protractor/node_modules/jasmine-core/lib/jasmine-core/jasmine.js:1935:9)
    at /Users/muchniki/.nvm/versions/node/v6.9.5/lib/node_modules/protractor/node_modules/jasmine-core/lib/jasmine-core/jasmine.js:1962:16
From asynchronous test: 
Error
    at Suite.<anonymous> (/Users/muchniki/dev/cfgov-refresh/test/browser_tests/spec_suites/content/leadership-calendar.js:98:5)
    at addSpecsToSuite (/Users/muchniki/.nvm/versions/node/v6.9.5/lib/node_modules/protractor/node_modules/jasmine-core/lib/jasmine-core/jasmine.js:867:25)
    at Env.describe (/Users/muchniki/.nvm/versions/node/v6.9.5/lib/node_modules/protractor/node_modules/jasmine-core/lib/jasmine-core/jasmine.js:836:7)
    at describe (/Users/muchniki/.nvm/versions/node/v6.9.5/lib/node_modules/protractor/node_modules/jasmine-core/lib/jasmine-core/jasmine.js:3576:18)
    at Suite.<anonymous> (/Users/muchniki/dev/cfgov-refresh/test/browser_tests/spec_suites/content/leadership-calendar.js:82:3)
    at addSpecsToSuite (/Users/muchniki/.nvm/versions/node/v6.9.5/lib/node_modules/protractor/node_modules/jasmine-core/lib/jasmine-core/jasmine.js:867:25)
    at Env.describe (/Users/muchniki/.nvm/versions/node/v6.9.5/lib/node_modules/protractor/node_modules/jasmine-core/lib/jasmine-core/jasmine.js:836:7)
    at describe (/Users/muchniki/.nvm/versions/node/v6.9.5/lib/node_modules/protractor/node_modules/jasmine-core/lib/jasmine-core/jasmine.js:3576:18)
    at Object.<anonymous> (/Users/muchniki/dev/cfgov-refresh/test/browser_tests/spec_suites/content/leadership-calendar.js:10:1)]]>
   </failure>
  </testcase>
  <testcase classname="focused specs.The Leadership Calendar Page.Download Filter" name="should include a visible Hide button when clicked" time="0.24">
   <failure type="exception" message="Failed: Index out of bound. Trying to access element at index: 1, but there are only 0 elements that match locator By(css selector, [data-qa-hook=&quot;filter&quot;])"><![CDATA[NoSuchElementError: Index out of bound. Trying to access element at index: 1, but there are only 0 elements that match locator By(css selector, [data-qa-hook="filter"])
    at WebDriverError (/Users/muchniki/.nvm/versions/node/v6.9.5/lib/node_modules/protractor/node_modules/selenium-webdriver/lib/error.js:27:5)
    at NoSuchElementError (/Users/muchniki/.nvm/versions/node/v6.9.5/lib/node_modules/protractor/node_modules/selenium-webdriver/lib/error.js:168:5)
    at selenium_webdriver_1.promise.all.then (/Users/muchniki/.nvm/versions/node/v6.9.5/lib/node_modules/protractor/lib/element.ts:287:17)
    at ManagedPromise.invokeCallback_ (/Users/muchniki/.nvm/versions/node/v6.9.5/lib/node_modules/protractor/node_modules/selenium-webdriver/lib/promise.js:1366:14)
    at TaskQueue.execute_ (/Users/muchniki/.nvm/versions/node/v6.9.5/lib/node_modules/protractor/node_modules/selenium-webdriver/lib/promise.js:2970:14)
    at TaskQueue.executeNext_ (/Users/muchniki/.nvm/versions/node/v6.9.5/lib/node_modules/protractor/node_modules/selenium-webdriver/lib/promise.js:2953:27)
    at asyncRun (/Users/muchniki/.nvm/versions/node/v6.9.5/lib/node_modules/protractor/node_modules/selenium-webdriver/lib/promise.js:2813:27)
    at /Users/muchniki/.nvm/versions/node/v6.9.5/lib/node_modules/protractor/node_modules/selenium-webdriver/lib/promise.js:676:7
    at process._tickCallback (internal/process/next_tick.js:103:7)Error
    at ElementArrayFinder.applyAction_ (/Users/muchniki/.nvm/versions/node/v6.9.5/lib/node_modules/protractor/lib/element.ts:482:23)
    at ElementArrayFinder.(anonymous function) [as click] (/Users/muchniki/.nvm/versions/node/v6.9.5/lib/node_modules/protractor/lib/element.ts:96:21)
    at ElementFinder.(anonymous function) [as click] (/Users/muchniki/.nvm/versions/node/v6.9.5/lib/node_modules/protractor/lib/element.ts:873:14)
    at Object.<anonymous> (/Users/muchniki/dev/cfgov-refresh/test/browser_tests/spec_suites/content/leadership-calendar.js:104:30)
    at /Users/muchniki/.nvm/versions/node/v6.9.5/lib/node_modules/protractor/node_modules/jasminewd2/index.js:110:25
    at new ManagedPromise (/Users/muchniki/.nvm/versions/node/v6.9.5/lib/node_modules/protractor/node_modules/selenium-webdriver/lib/promise.js:1067:7)
    at ControlFlow.promise (/Users/muchniki/.nvm/versions/node/v6.9.5/lib/node_modules/protractor/node_modules/selenium-webdriver/lib/promise.js:2396:12)
    at schedulerExecute (/Users/muchniki/.nvm/versions/node/v6.9.5/lib/node_modules/protractor/node_modules/jasminewd2/index.js:95:18)
    at TaskQueue.execute_ (/Users/muchniki/.nvm/versions/node/v6.9.5/lib/node_modules/protractor/node_modules/selenium-webdriver/lib/promise.js:2970:14)
    at TaskQueue.executeNext_ (/Users/muchniki/.nvm/versions/node/v6.9.5/lib/node_modules/protractor/node_modules/selenium-webdriver/lib/promise.js:2953:27)
From: Task: Run it("should include a visible Hide button when clicked") in control flow
    at Object.<anonymous> (/Users/muchniki/.nvm/versions/node/v6.9.5/lib/node_modules/protractor/node_modules/jasminewd2/index.js:94:19)
    at attemptAsync (/Users/muchniki/.nvm/versions/node/v6.9.5/lib/node_modules/protractor/node_modules/jasmine-core/lib/jasmine-core/jasmine.js:1980:24)
    at QueueRunner.run (/Users/muchniki/.nvm/versions/node/v6.9.5/lib/node_modules/protractor/node_modules/jasmine-core/lib/jasmine-core/jasmine.js:1935:9)
    at QueueRunner.execute (/Users/muchniki/.nvm/versions/node/v6.9.5/lib/node_modules/protractor/node_modules/jasmine-core/lib/jasmine-core/jasmine.js:1923:10)
    at Spec.queueRunnerFactory (/Users/muchniki/.nvm/versions/node/v6.9.5/lib/node_modules/protractor/node_modules/jasmine-core/lib/jasmine-core/jasmine.js:714:35)
    at Spec.execute (/Users/muchniki/.nvm/versions/node/v6.9.5/lib/node_modules/protractor/node_modules/jasmine-core/lib/jasmine-core/jasmine.js:371:10)
    at Object.fn (/Users/muchniki/.nvm/versions/node/v6.9.5/lib/node_modules/protractor/node_modules/jasmine-core/lib/jasmine-core/jasmine.js:2579:37)
    at attemptAsync (/Users/muchniki/.nvm/versions/node/v6.9.5/lib/node_modules/protractor/node_modules/jasmine-core/lib/jasmine-core/jasmine.js:1980:24)
    at QueueRunner.run (/Users/muchniki/.nvm/versions/node/v6.9.5/lib/node_modules/protractor/node_modules/jasmine-core/lib/jasmine-core/jasmine.js:1935:9)
    at /Users/muchniki/.nvm/versions/node/v6.9.5/lib/node_modules/protractor/node_modules/jasmine-core/lib/jasmine-core/jasmine.js:1962:16
From asynchronous test: 
Error
    at Suite.<anonymous> (/Users/muchniki/dev/cfgov-refresh/test/browser_tests/spec_suites/content/leadership-calendar.js:102:5)
    at addSpecsToSuite (/Users/muchniki/.nvm/versions/node/v6.9.5/lib/node_modules/protractor/node_modules/jasmine-core/lib/jasmine-core/jasmine.js:867:25)
    at Env.describe (/Users/muchniki/.nvm/versions/node/v6.9.5/lib/node_modules/protractor/node_modules/jasmine-core/lib/jasmine-core/jasmine.js:836:7)
    at describe (/Users/muchniki/.nvm/versions/node/v6.9.5/lib/node_modules/protractor/node_modules/jasmine-core/lib/jasmine-core/jasmine.js:3576:18)
    at Suite.<anonymous> (/Users/muchniki/dev/cfgov-refresh/test/browser_tests/spec_suites/content/leadership-calendar.js:82:3)
    at addSpecsToSuite (/Users/muchniki/.nvm/versions/node/v6.9.5/lib/node_modules/protractor/node_modules/jasmine-core/lib/jasmine-core/jasmine.js:867:25)
    at Env.describe (/Users/muchniki/.nvm/versions/node/v6.9.5/lib/node_modules/protractor/node_modules/jasmine-core/lib/jasmine-core/jasmine.js:836:7)
    at describe (/Users/muchniki/.nvm/versions/node/v6.9.5/lib/node_modules/protractor/node_modules/jasmine-core/lib/jasmine-core/jasmine.js:3576:18)
    at Object.<anonymous> (/Users/muchniki/dev/cfgov-refresh/test/browser_tests/spec_suites/content/leadership-calendar.js:10:1)]]>
   </failure>
  </testcase>
 </testsuite>
 <testsuite name="focused specs.The Newsroom Press Resources Page" timestamp="2017-03-01T17:32:29" hostname="localhost" time="3.207" errors="0" tests="23" skipped="9" disabled="0" failures="14">
  <testcase classname="focused specs.The Newsroom Press Resources Page" name="should properly load in a browser" time="0.009">
   <failure type="toContain" message="Expected &apos;&apos; to contain &apos;Press resources&apos;."><![CDATA[Error: Failed expectation
    at Object.<anonymous> (/Users/muchniki/dev/cfgov-refresh/test/browser_tests/spec_suites/content/newsroom-press-resources.js:16:32)
    at /Users/muchniki/.nvm/versions/node/v6.9.5/lib/node_modules/protractor/node_modules/jasminewd2/index.js:110:25
    at new ManagedPromise (/Users/muchniki/.nvm/versions/node/v6.9.5/lib/node_modules/protractor/node_modules/selenium-webdriver/lib/promise.js:1067:7)
    at ControlFlow.promise (/Users/muchniki/.nvm/versions/node/v6.9.5/lib/node_modules/protractor/node_modules/selenium-webdriver/lib/promise.js:2396:12)
    at schedulerExecute (/Users/muchniki/.nvm/versions/node/v6.9.5/lib/node_modules/protractor/node_modules/jasminewd2/index.js:95:18)
    at TaskQueue.execute_ (/Users/muchniki/.nvm/versions/node/v6.9.5/lib/node_modules/protractor/node_modules/selenium-webdriver/lib/promise.js:2970:14)
    at TaskQueue.executeNext_ (/Users/muchniki/.nvm/versions/node/v6.9.5/lib/node_modules/protractor/node_modules/selenium-webdriver/lib/promise.js:2953:27)
    at asyncRun (/Users/muchniki/.nvm/versions/node/v6.9.5/lib/node_modules/protractor/node_modules/selenium-webdriver/lib/promise.js:2860:25)
    at /Users/muchniki/.nvm/versions/node/v6.9.5/lib/node_modules/protractor/node_modules/selenium-webdriver/lib/promise.js:676:7]]>
   </failure>
  </testcase>
  <testcase classname="focused specs.The Newsroom Press Resources Page" name="should include a main title" time="0.245">
   <failure type="exception" message="Failed: No element found using locator: By(css selector, [data-qa-hook=&quot;main-title&quot;])"><![CDATA[NoSuchElementError: No element found using locator: By(css selector, [data-qa-hook="main-title"])
    at WebDriverError (/Users/muchniki/.nvm/versions/node/v6.9.5/lib/node_modules/protractor/node_modules/selenium-webdriver/lib/error.js:27:5)
    at NoSuchElementError (/Users/muchniki/.nvm/versions/node/v6.9.5/lib/node_modules/protractor/node_modules/selenium-webdriver/lib/error.js:168:5)
    at elementArrayFinder.getWebElements.then (/Users/muchniki/.nvm/versions/node/v6.9.5/lib/node_modules/protractor/lib/element.ts:851:17)
    at ManagedPromise.invokeCallback_ (/Users/muchniki/.nvm/versions/node/v6.9.5/lib/node_modules/protractor/node_modules/selenium-webdriver/lib/promise.js:1366:14)
    at TaskQueue.execute_ (/Users/muchniki/.nvm/versions/node/v6.9.5/lib/node_modules/protractor/node_modules/selenium-webdriver/lib/promise.js:2970:14)
    at TaskQueue.executeNext_ (/Users/muchniki/.nvm/versions/node/v6.9.5/lib/node_modules/protractor/node_modules/selenium-webdriver/lib/promise.js:2953:27)
    at asyncRun (/Users/muchniki/.nvm/versions/node/v6.9.5/lib/node_modules/protractor/node_modules/selenium-webdriver/lib/promise.js:2813:27)
    at /Users/muchniki/.nvm/versions/node/v6.9.5/lib/node_modules/protractor/node_modules/selenium-webdriver/lib/promise.js:676:7
    at process._tickCallback (internal/process/next_tick.js:103:7)Error
    at ElementArrayFinder.applyAction_ (/Users/muchniki/.nvm/versions/node/v6.9.5/lib/node_modules/protractor/lib/element.ts:482:23)
    at ElementArrayFinder.(anonymous function) [as getText] (/Users/muchniki/.nvm/versions/node/v6.9.5/lib/node_modules/protractor/lib/element.ts:96:21)
    at ElementFinder.(anonymous function) [as getText] (/Users/muchniki/.nvm/versions/node/v6.9.5/lib/node_modules/protractor/lib/element.ts:873:14)
    at Object.<anonymous> (/Users/muchniki/dev/cfgov-refresh/test/browser_tests/spec_suites/content/newsroom-press-resources.js:20:28)
    at /Users/muchniki/.nvm/versions/node/v6.9.5/lib/node_modules/protractor/node_modules/jasminewd2/index.js:110:25
    at new ManagedPromise (/Users/muchniki/.nvm/versions/node/v6.9.5/lib/node_modules/protractor/node_modules/selenium-webdriver/lib/promise.js:1067:7)
    at ControlFlow.promise (/Users/muchniki/.nvm/versions/node/v6.9.5/lib/node_modules/protractor/node_modules/selenium-webdriver/lib/promise.js:2396:12)
    at schedulerExecute (/Users/muchniki/.nvm/versions/node/v6.9.5/lib/node_modules/protractor/node_modules/jasminewd2/index.js:95:18)
    at TaskQueue.execute_ (/Users/muchniki/.nvm/versions/node/v6.9.5/lib/node_modules/protractor/node_modules/selenium-webdriver/lib/promise.js:2970:14)
    at TaskQueue.executeNext_ (/Users/muchniki/.nvm/versions/node/v6.9.5/lib/node_modules/protractor/node_modules/selenium-webdriver/lib/promise.js:2953:27)
From: Task: Run it("should include a main title") in control flow
    at Object.<anonymous> (/Users/muchniki/.nvm/versions/node/v6.9.5/lib/node_modules/protractor/node_modules/jasminewd2/index.js:94:19)
    at attemptAsync (/Users/muchniki/.nvm/versions/node/v6.9.5/lib/node_modules/protractor/node_modules/jasmine-core/lib/jasmine-core/jasmine.js:1980:24)
    at QueueRunner.run (/Users/muchniki/.nvm/versions/node/v6.9.5/lib/node_modules/protractor/node_modules/jasmine-core/lib/jasmine-core/jasmine.js:1935:9)
    at QueueRunner.execute (/Users/muchniki/.nvm/versions/node/v6.9.5/lib/node_modules/protractor/node_modules/jasmine-core/lib/jasmine-core/jasmine.js:1923:10)
    at Spec.queueRunnerFactory (/Users/muchniki/.nvm/versions/node/v6.9.5/lib/node_modules/protractor/node_modules/jasmine-core/lib/jasmine-core/jasmine.js:714:35)
    at Spec.execute (/Users/muchniki/.nvm/versions/node/v6.9.5/lib/node_modules/protractor/node_modules/jasmine-core/lib/jasmine-core/jasmine.js:371:10)
    at Object.fn (/Users/muchniki/.nvm/versions/node/v6.9.5/lib/node_modules/protractor/node_modules/jasmine-core/lib/jasmine-core/jasmine.js:2579:37)
    at attemptAsync (/Users/muchniki/.nvm/versions/node/v6.9.5/lib/node_modules/protractor/node_modules/jasmine-core/lib/jasmine-core/jasmine.js:1980:24)
    at QueueRunner.run (/Users/muchniki/.nvm/versions/node/v6.9.5/lib/node_modules/protractor/node_modules/jasmine-core/lib/jasmine-core/jasmine.js:1935:9)
    at /Users/muchniki/.nvm/versions/node/v6.9.5/lib/node_modules/protractor/node_modules/jasmine-core/lib/jasmine-core/jasmine.js:1962:16
From asynchronous test: 
Error
    at Suite.<anonymous> (/Users/muchniki/dev/cfgov-refresh/test/browser_tests/spec_suites/content/newsroom-press-resources.js:19:3)
    at addSpecsToSuite (/Users/muchniki/.nvm/versions/node/v6.9.5/lib/node_modules/protractor/node_modules/jasmine-core/lib/jasmine-core/jasmine.js:867:25)
    at Env.describe (/Users/muchniki/.nvm/versions/node/v6.9.5/lib/node_modules/protractor/node_modules/jasmine-core/lib/jasmine-core/jasmine.js:836:7)
    at describe (/Users/muchniki/.nvm/versions/node/v6.9.5/lib/node_modules/protractor/node_modules/jasmine-core/lib/jasmine-core/jasmine.js:3576:18)
    at Object.<anonymous> (/Users/muchniki/dev/cfgov-refresh/test/browser_tests/spec_suites/content/newsroom-press-resources.js:7:1)
    at Module._compile (module.js:570:32)
    at Object.Module._extensions..js (module.js:579:10)
    at Module.load (module.js:487:32)
    at tryModuleLoad (module.js:446:12)]]>
   </failure>
  </testcase>
  <testcase classname="focused specs.The Newsroom Press Resources Page" name="should have a side nav" time="0.237">
   <failure type="toBe" message="Expected false to be true."><![CDATA[Error: Failed expectation
    at Object.<anonymous> (/Users/muchniki/dev/cfgov-refresh/test/browser_tests/spec_suites/content/newsroom-press-resources.js:24:40)
    at /Users/muchniki/.nvm/versions/node/v6.9.5/lib/node_modules/protractor/node_modules/jasminewd2/index.js:110:25
    at new ManagedPromise (/Users/muchniki/.nvm/versions/node/v6.9.5/lib/node_modules/protractor/node_modules/selenium-webdriver/lib/promise.js:1067:7)
    at ControlFlow.promise (/Users/muchniki/.nvm/versions/node/v6.9.5/lib/node_modules/protractor/node_modules/selenium-webdriver/lib/promise.js:2396:12)
    at schedulerExecute (/Users/muchniki/.nvm/versions/node/v6.9.5/lib/node_modules/protractor/node_modules/jasminewd2/index.js:95:18)
    at TaskQueue.execute_ (/Users/muchniki/.nvm/versions/node/v6.9.5/lib/node_modules/protractor/node_modules/selenium-webdriver/lib/promise.js:2970:14)
    at TaskQueue.executeNext_ (/Users/muchniki/.nvm/versions/node/v6.9.5/lib/node_modules/protractor/node_modules/selenium-webdriver/lib/promise.js:2953:27)
    at asyncRun (/Users/muchniki/.nvm/versions/node/v6.9.5/lib/node_modules/protractor/node_modules/selenium-webdriver/lib/promise.js:2860:25)
    at /Users/muchniki/.nvm/versions/node/v6.9.5/lib/node_modules/protractor/node_modules/selenium-webdriver/lib/promise.js:676:7]]>
   </failure>
  </testcase>
  <testcase classname="focused specs.The Newsroom Press Resources Page" name="should include a sub title" time="0.242">
   <failure type="exception" message="Failed: No element found using locator: By(css selector, .press-contacts_title)"><![CDATA[NoSuchElementError: No element found using locator: By(css selector, .press-contacts_title)
    at WebDriverError (/Users/muchniki/.nvm/versions/node/v6.9.5/lib/node_modules/protractor/node_modules/selenium-webdriver/lib/error.js:27:5)
    at NoSuchElementError (/Users/muchniki/.nvm/versions/node/v6.9.5/lib/node_modules/protractor/node_modules/selenium-webdriver/lib/error.js:168:5)
    at elementArrayFinder.getWebElements.then (/Users/muchniki/.nvm/versions/node/v6.9.5/lib/node_modules/protractor/lib/element.ts:851:17)
    at ManagedPromise.invokeCallback_ (/Users/muchniki/.nvm/versions/node/v6.9.5/lib/node_modules/protractor/node_modules/selenium-webdriver/lib/promise.js:1366:14)
    at TaskQueue.execute_ (/Users/muchniki/.nvm/versions/node/v6.9.5/lib/node_modules/protractor/node_modules/selenium-webdriver/lib/promise.js:2970:14)
    at TaskQueue.executeNext_ (/Users/muchniki/.nvm/versions/node/v6.9.5/lib/node_modules/protractor/node_modules/selenium-webdriver/lib/promise.js:2953:27)
    at asyncRun (/Users/muchniki/.nvm/versions/node/v6.9.5/lib/node_modules/protractor/node_modules/selenium-webdriver/lib/promise.js:2813:27)
    at /Users/muchniki/.nvm/versions/node/v6.9.5/lib/node_modules/protractor/node_modules/selenium-webdriver/lib/promise.js:676:7
    at process._tickCallback (internal/process/next_tick.js:103:7)Error
    at ElementArrayFinder.applyAction_ (/Users/muchniki/.nvm/versions/node/v6.9.5/lib/node_modules/protractor/lib/element.ts:482:23)
    at ElementArrayFinder.(anonymous function) [as getText] (/Users/muchniki/.nvm/versions/node/v6.9.5/lib/node_modules/protractor/lib/element.ts:96:21)
    at ElementFinder.(anonymous function) [as getText] (/Users/muchniki/.nvm/versions/node/v6.9.5/lib/node_modules/protractor/lib/element.ts:873:14)
    at Object.<anonymous> (/Users/muchniki/dev/cfgov-refresh/test/browser_tests/spec_suites/content/newsroom-press-resources.js:28:27)
    at /Users/muchniki/.nvm/versions/node/v6.9.5/lib/node_modules/protractor/node_modules/jasminewd2/index.js:110:25
    at new ManagedPromise (/Users/muchniki/.nvm/versions/node/v6.9.5/lib/node_modules/protractor/node_modules/selenium-webdriver/lib/promise.js:1067:7)
    at ControlFlow.promise (/Users/muchniki/.nvm/versions/node/v6.9.5/lib/node_modules/protractor/node_modules/selenium-webdriver/lib/promise.js:2396:12)
    at schedulerExecute (/Users/muchniki/.nvm/versions/node/v6.9.5/lib/node_modules/protractor/node_modules/jasminewd2/index.js:95:18)
    at TaskQueue.execute_ (/Users/muchniki/.nvm/versions/node/v6.9.5/lib/node_modules/protractor/node_modules/selenium-webdriver/lib/promise.js:2970:14)
    at TaskQueue.executeNext_ (/Users/muchniki/.nvm/versions/node/v6.9.5/lib/node_modules/protractor/node_modules/selenium-webdriver/lib/promise.js:2953:27)
From: Task: Run it("should include a sub title") in control flow
    at Object.<anonymous> (/Users/muchniki/.nvm/versions/node/v6.9.5/lib/node_modules/protractor/node_modules/jasminewd2/index.js:94:19)
    at attemptAsync (/Users/muchniki/.nvm/versions/node/v6.9.5/lib/node_modules/protractor/node_modules/jasmine-core/lib/jasmine-core/jasmine.js:1980:24)
    at QueueRunner.run (/Users/muchniki/.nvm/versions/node/v6.9.5/lib/node_modules/protractor/node_modules/jasmine-core/lib/jasmine-core/jasmine.js:1935:9)
    at QueueRunner.execute (/Users/muchniki/.nvm/versions/node/v6.9.5/lib/node_modules/protractor/node_modules/jasmine-core/lib/jasmine-core/jasmine.js:1923:10)
    at Spec.queueRunnerFactory (/Users/muchniki/.nvm/versions/node/v6.9.5/lib/node_modules/protractor/node_modules/jasmine-core/lib/jasmine-core/jasmine.js:714:35)
    at Spec.execute (/Users/muchniki/.nvm/versions/node/v6.9.5/lib/node_modules/protractor/node_modules/jasmine-core/lib/jasmine-core/jasmine.js:371:10)
    at Object.fn (/Users/muchniki/.nvm/versions/node/v6.9.5/lib/node_modules/protractor/node_modules/jasmine-core/lib/jasmine-core/jasmine.js:2579:37)
    at attemptAsync (/Users/muchniki/.nvm/versions/node/v6.9.5/lib/node_modules/protractor/node_modules/jasmine-core/lib/jasmine-core/jasmine.js:1980:24)
    at QueueRunner.run (/Users/muchniki/.nvm/versions/node/v6.9.5/lib/node_modules/protractor/node_modules/jasmine-core/lib/jasmine-core/jasmine.js:1935:9)
    at /Users/muchniki/.nvm/versions/node/v6.9.5/lib/node_modules/protractor/node_modules/jasmine-core/lib/jasmine-core/jasmine.js:1962:16
From asynchronous test: 
Error
    at Suite.<anonymous> (/Users/muchniki/dev/cfgov-refresh/test/browser_tests/spec_suites/content/newsroom-press-resources.js:27:3)
    at addSpecsToSuite (/Users/muchniki/.nvm/versions/node/v6.9.5/lib/node_modules/protractor/node_modules/jasmine-core/lib/jasmine-core/jasmine.js:867:25)
    at Env.describe (/Users/muchniki/.nvm/versions/node/v6.9.5/lib/node_modules/protractor/node_modules/jasmine-core/lib/jasmine-core/jasmine.js:836:7)
    at describe (/Users/muchniki/.nvm/versions/node/v6.9.5/lib/node_modules/protractor/node_modules/jasmine-core/lib/jasmine-core/jasmine.js:3576:18)
    at Object.<anonymous> (/Users/muchniki/dev/cfgov-refresh/test/browser_tests/spec_suites/content/newsroom-press-resources.js:7:1)
    at Module._compile (module.js:570:32)
    at Object.Module._extensions..js (module.js:579:10)
    at Module.load (module.js:487:32)
    at tryModuleLoad (module.js:446:12)]]>
   </failure>
  </testcase>
  <testcase classname="focused specs.The Newsroom Press Resources Page" name="should include a Press contact email address" time="0.245">
   <failure type="exception" message="Failed: Index out of bound. Trying to access element at index: 0, but there are only 0 elements that match locator By(css selector, .press-contacts_main-contact-list .list_link)"><![CDATA[NoSuchElementError: Index out of bound. Trying to access element at index: 0, but there are only 0 elements that match locator By(css selector, .press-contacts_main-contact-list .list_link)
    at WebDriverError (/Users/muchniki/.nvm/versions/node/v6.9.5/lib/node_modules/protractor/node_modules/selenium-webdriver/lib/error.js:27:5)
    at NoSuchElementError (/Users/muchniki/.nvm/versions/node/v6.9.5/lib/node_modules/protractor/node_modules/selenium-webdriver/lib/error.js:168:5)
    at selenium_webdriver_1.promise.all.then (/Users/muchniki/.nvm/versions/node/v6.9.5/lib/node_modules/protractor/lib/element.ts:287:17)
    at ManagedPromise.invokeCallback_ (/Users/muchniki/.nvm/versions/node/v6.9.5/lib/node_modules/protractor/node_modules/selenium-webdriver/lib/promise.js:1366:14)
    at TaskQueue.execute_ (/Users/muchniki/.nvm/versions/node/v6.9.5/lib/node_modules/protractor/node_modules/selenium-webdriver/lib/promise.js:2970:14)
    at TaskQueue.executeNext_ (/Users/muchniki/.nvm/versions/node/v6.9.5/lib/node_modules/protractor/node_modules/selenium-webdriver/lib/promise.js:2953:27)
    at asyncRun (/Users/muchniki/.nvm/versions/node/v6.9.5/lib/node_modules/protractor/node_modules/selenium-webdriver/lib/promise.js:2813:27)
    at /Users/muchniki/.nvm/versions/node/v6.9.5/lib/node_modules/protractor/node_modules/selenium-webdriver/lib/promise.js:676:7
    at process._tickCallback (internal/process/next_tick.js:103:7)Error
    at ElementArrayFinder.applyAction_ (/Users/muchniki/.nvm/versions/node/v6.9.5/lib/node_modules/protractor/lib/element.ts:482:23)
    at ElementArrayFinder.(anonymous function) [as getText] (/Users/muchniki/.nvm/versions/node/v6.9.5/lib/node_modules/protractor/lib/element.ts:96:21)
    at ElementFinder.(anonymous function) [as getText] (/Users/muchniki/.nvm/versions/node/v6.9.5/lib/node_modules/protractor/lib/element.ts:873:14)
    at Object.<anonymous> (/Users/muchniki/dev/cfgov-refresh/test/browser_tests/spec_suites/content/newsroom-press-resources.js:32:35)
    at /Users/muchniki/.nvm/versions/node/v6.9.5/lib/node_modules/protractor/node_modules/jasminewd2/index.js:110:25
    at new ManagedPromise (/Users/muchniki/.nvm/versions/node/v6.9.5/lib/node_modules/protractor/node_modules/selenium-webdriver/lib/promise.js:1067:7)
    at ControlFlow.promise (/Users/muchniki/.nvm/versions/node/v6.9.5/lib/node_modules/protractor/node_modules/selenium-webdriver/lib/promise.js:2396:12)
    at schedulerExecute (/Users/muchniki/.nvm/versions/node/v6.9.5/lib/node_modules/protractor/node_modules/jasminewd2/index.js:95:18)
    at TaskQueue.execute_ (/Users/muchniki/.nvm/versions/node/v6.9.5/lib/node_modules/protractor/node_modules/selenium-webdriver/lib/promise.js:2970:14)
    at TaskQueue.executeNext_ (/Users/muchniki/.nvm/versions/node/v6.9.5/lib/node_modules/protractor/node_modules/selenium-webdriver/lib/promise.js:2953:27)
From: Task: Run it("should include a Press contact email address") in control flow
    at Object.<anonymous> (/Users/muchniki/.nvm/versions/node/v6.9.5/lib/node_modules/protractor/node_modules/jasminewd2/index.js:94:19)
    at attemptAsync (/Users/muchniki/.nvm/versions/node/v6.9.5/lib/node_modules/protractor/node_modules/jasmine-core/lib/jasmine-core/jasmine.js:1980:24)
    at QueueRunner.run (/Users/muchniki/.nvm/versions/node/v6.9.5/lib/node_modules/protractor/node_modules/jasmine-core/lib/jasmine-core/jasmine.js:1935:9)
    at QueueRunner.execute (/Users/muchniki/.nvm/versions/node/v6.9.5/lib/node_modules/protractor/node_modules/jasmine-core/lib/jasmine-core/jasmine.js:1923:10)
    at Spec.queueRunnerFactory (/Users/muchniki/.nvm/versions/node/v6.9.5/lib/node_modules/protractor/node_modules/jasmine-core/lib/jasmine-core/jasmine.js:714:35)
    at Spec.execute (/Users/muchniki/.nvm/versions/node/v6.9.5/lib/node_modules/protractor/node_modules/jasmine-core/lib/jasmine-core/jasmine.js:371:10)
    at Object.fn (/Users/muchniki/.nvm/versions/node/v6.9.5/lib/node_modules/protractor/node_modules/jasmine-core/lib/jasmine-core/jasmine.js:2579:37)
    at attemptAsync (/Users/muchniki/.nvm/versions/node/v6.9.5/lib/node_modules/protractor/node_modules/jasmine-core/lib/jasmine-core/jasmine.js:1980:24)
    at QueueRunner.run (/Users/muchniki/.nvm/versions/node/v6.9.5/lib/node_modules/protractor/node_modules/jasmine-core/lib/jasmine-core/jasmine.js:1935:9)
    at /Users/muchniki/.nvm/versions/node/v6.9.5/lib/node_modules/protractor/node_modules/jasmine-core/lib/jasmine-core/jasmine.js:1962:16
From asynchronous test: 
Error
    at Suite.<anonymous> (/Users/muchniki/dev/cfgov-refresh/test/browser_tests/spec_suites/content/newsroom-press-resources.js:31:3)
    at addSpecsToSuite (/Users/muchniki/.nvm/versions/node/v6.9.5/lib/node_modules/protractor/node_modules/jasmine-core/lib/jasmine-core/jasmine.js:867:25)
    at Env.describe (/Users/muchniki/.nvm/versions/node/v6.9.5/lib/node_modules/protractor/node_modules/jasmine-core/lib/jasmine-core/jasmine.js:836:7)
    at describe (/Users/muchniki/.nvm/versions/node/v6.9.5/lib/node_modules/protractor/node_modules/jasmine-core/lib/jasmine-core/jasmine.js:3576:18)
    at Object.<anonymous> (/Users/muchniki/dev/cfgov-refresh/test/browser_tests/spec_suites/content/newsroom-press-resources.js:7:1)
    at Module._compile (module.js:570:32)
    at Object.Module._extensions..js (module.js:579:10)
    at Module.load (module.js:487:32)
    at tryModuleLoad (module.js:446:12)]]>
   </failure>
  </testcase>
  <testcase classname="focused specs.The Newsroom Press Resources Page" name="should include a Press contact list phone number" time="0.248">
   <failure type="exception" message="Failed: Index out of bound. Trying to access element at index: 1, but there are only 0 elements that match locator By(css selector, .press-contacts_main-contact-list .list_link)"><![CDATA[NoSuchElementError: Index out of bound. Trying to access element at index: 1, but there are only 0 elements that match locator By(css selector, .press-contacts_main-contact-list .list_link)
    at WebDriverError (/Users/muchniki/.nvm/versions/node/v6.9.5/lib/node_modules/protractor/node_modules/selenium-webdriver/lib/error.js:27:5)
    at NoSuchElementError (/Users/muchniki/.nvm/versions/node/v6.9.5/lib/node_modules/protractor/node_modules/selenium-webdriver/lib/error.js:168:5)
    at selenium_webdriver_1.promise.all.then (/Users/muchniki/.nvm/versions/node/v6.9.5/lib/node_modules/protractor/lib/element.ts:287:17)
    at ManagedPromise.invokeCallback_ (/Users/muchniki/.nvm/versions/node/v6.9.5/lib/node_modules/protractor/node_modules/selenium-webdriver/lib/promise.js:1366:14)
    at TaskQueue.execute_ (/Users/muchniki/.nvm/versions/node/v6.9.5/lib/node_modules/protractor/node_modules/selenium-webdriver/lib/promise.js:2970:14)
    at TaskQueue.executeNext_ (/Users/muchniki/.nvm/versions/node/v6.9.5/lib/node_modules/protractor/node_modules/selenium-webdriver/lib/promise.js:2953:27)
    at asyncRun (/Users/muchniki/.nvm/versions/node/v6.9.5/lib/node_modules/protractor/node_modules/selenium-webdriver/lib/promise.js:2813:27)
    at /Users/muchniki/.nvm/versions/node/v6.9.5/lib/node_modules/protractor/node_modules/selenium-webdriver/lib/promise.js:676:7
    at process._tickCallback (internal/process/next_tick.js:103:7)Error
    at ElementArrayFinder.applyAction_ (/Users/muchniki/.nvm/versions/node/v6.9.5/lib/node_modules/protractor/lib/element.ts:482:23)
    at ElementArrayFinder.(anonymous function) [as getText] (/Users/muchniki/.nvm/versions/node/v6.9.5/lib/node_modules/protractor/lib/element.ts:96:21)
    at ElementFinder.(anonymous function) [as getText] (/Users/muchniki/.nvm/versions/node/v6.9.5/lib/node_modules/protractor/lib/element.ts:873:14)
    at Object.<anonymous> (/Users/muchniki/dev/cfgov-refresh/test/browser_tests/spec_suites/content/newsroom-press-resources.js:39:35)
    at /Users/muchniki/.nvm/versions/node/v6.9.5/lib/node_modules/protractor/node_modules/jasminewd2/index.js:110:25
    at new ManagedPromise (/Users/muchniki/.nvm/versions/node/v6.9.5/lib/node_modules/protractor/node_modules/selenium-webdriver/lib/promise.js:1067:7)
    at ControlFlow.promise (/Users/muchniki/.nvm/versions/node/v6.9.5/lib/node_modules/protractor/node_modules/selenium-webdriver/lib/promise.js:2396:12)
    at schedulerExecute (/Users/muchniki/.nvm/versions/node/v6.9.5/lib/node_modules/protractor/node_modules/jasminewd2/index.js:95:18)
    at TaskQueue.execute_ (/Users/muchniki/.nvm/versions/node/v6.9.5/lib/node_modules/protractor/node_modules/selenium-webdriver/lib/promise.js:2970:14)
    at TaskQueue.executeNext_ (/Users/muchniki/.nvm/versions/node/v6.9.5/lib/node_modules/protractor/node_modules/selenium-webdriver/lib/promise.js:2953:27)
From: Task: Run it("should include a Press contact list phone number") in control flow
    at Object.<anonymous> (/Users/muchniki/.nvm/versions/node/v6.9.5/lib/node_modules/protractor/node_modules/jasminewd2/index.js:94:19)
    at attemptAsync (/Users/muchniki/.nvm/versions/node/v6.9.5/lib/node_modules/protractor/node_modules/jasmine-core/lib/jasmine-core/jasmine.js:1980:24)
    at QueueRunner.run (/Users/muchniki/.nvm/versions/node/v6.9.5/lib/node_modules/protractor/node_modules/jasmine-core/lib/jasmine-core/jasmine.js:1935:9)
    at QueueRunner.execute (/Users/muchniki/.nvm/versions/node/v6.9.5/lib/node_modules/protractor/node_modules/jasmine-core/lib/jasmine-core/jasmine.js:1923:10)
    at Spec.queueRunnerFactory (/Users/muchniki/.nvm/versions/node/v6.9.5/lib/node_modules/protractor/node_modules/jasmine-core/lib/jasmine-core/jasmine.js:714:35)
    at Spec.execute (/Users/muchniki/.nvm/versions/node/v6.9.5/lib/node_modules/protractor/node_modules/jasmine-core/lib/jasmine-core/jasmine.js:371:10)
    at Object.fn (/Users/muchniki/.nvm/versions/node/v6.9.5/lib/node_modules/protractor/node_modules/jasmine-core/lib/jasmine-core/jasmine.js:2579:37)
    at attemptAsync (/Users/muchniki/.nvm/versions/node/v6.9.5/lib/node_modules/protractor/node_modules/jasmine-core/lib/jasmine-core/jasmine.js:1980:24)
    at QueueRunner.run (/Users/muchniki/.nvm/versions/node/v6.9.5/lib/node_modules/protractor/node_modules/jasmine-core/lib/jasmine-core/jasmine.js:1935:9)
    at /Users/muchniki/.nvm/versions/node/v6.9.5/lib/node_modules/protractor/node_modules/jasmine-core/lib/jasmine-core/jasmine.js:1962:16
From asynchronous test: 
Error
    at Suite.<anonymous> (/Users/muchniki/dev/cfgov-refresh/test/browser_tests/spec_suites/content/newsroom-press-resources.js:38:3)
    at addSpecsToSuite (/Users/muchniki/.nvm/versions/node/v6.9.5/lib/node_modules/protractor/node_modules/jasmine-core/lib/jasmine-core/jasmine.js:867:25)
    at Env.describe (/Users/muchniki/.nvm/versions/node/v6.9.5/lib/node_modules/protractor/node_modules/jasmine-core/lib/jasmine-core/jasmine.js:836:7)
    at describe (/Users/muchniki/.nvm/versions/node/v6.9.5/lib/node_modules/protractor/node_modules/jasmine-core/lib/jasmine-core/jasmine.js:3576:18)
    at Object.<anonymous> (/Users/muchniki/dev/cfgov-refresh/test/browser_tests/spec_suites/content/newsroom-press-resources.js:7:1)
    at Module._compile (module.js:570:32)
    at Object.Module._extensions..js (module.js:579:10)
    at Module.load (module.js:487:32)
    at tryModuleLoad (module.js:446:12)]]>
   </failure>
  </testcase>
  <testcase classname="focused specs.The Newsroom Press Resources Page" name="should include a Press section title" time="0.248">
   <failure type="exception" message="Failed: No element found using locator: By(css selector, .press-photos-bios_title)"><![CDATA[NoSuchElementError: No element found using locator: By(css selector, .press-photos-bios_title)
    at WebDriverError (/Users/muchniki/.nvm/versions/node/v6.9.5/lib/node_modules/protractor/node_modules/selenium-webdriver/lib/error.js:27:5)
    at NoSuchElementError (/Users/muchniki/.nvm/versions/node/v6.9.5/lib/node_modules/protractor/node_modules/selenium-webdriver/lib/error.js:168:5)
    at elementArrayFinder.getWebElements.then (/Users/muchniki/.nvm/versions/node/v6.9.5/lib/node_modules/protractor/lib/element.ts:851:17)
    at ManagedPromise.invokeCallback_ (/Users/muchniki/.nvm/versions/node/v6.9.5/lib/node_modules/protractor/node_modules/selenium-webdriver/lib/promise.js:1366:14)
    at TaskQueue.execute_ (/Users/muchniki/.nvm/versions/node/v6.9.5/lib/node_modules/protractor/node_modules/selenium-webdriver/lib/promise.js:2970:14)
    at TaskQueue.executeNext_ (/Users/muchniki/.nvm/versions/node/v6.9.5/lib/node_modules/protractor/node_modules/selenium-webdriver/lib/promise.js:2953:27)
    at asyncRun (/Users/muchniki/.nvm/versions/node/v6.9.5/lib/node_modules/protractor/node_modules/selenium-webdriver/lib/promise.js:2813:27)
    at /Users/muchniki/.nvm/versions/node/v6.9.5/lib/node_modules/protractor/node_modules/selenium-webdriver/lib/promise.js:676:7
    at process._tickCallback (internal/process/next_tick.js:103:7)Error
    at ElementArrayFinder.applyAction_ (/Users/muchniki/.nvm/versions/node/v6.9.5/lib/node_modules/protractor/lib/element.ts:482:23)
    at ElementArrayFinder.(anonymous function) [as getText] (/Users/muchniki/.nvm/versions/node/v6.9.5/lib/node_modules/protractor/lib/element.ts:96:21)
    at ElementFinder.(anonymous function) [as getText] (/Users/muchniki/.nvm/versions/node/v6.9.5/lib/node_modules/protractor/lib/element.ts:873:14)
    at Object.<anonymous> (/Users/muchniki/dev/cfgov-refresh/test/browser_tests/spec_suites/content/newsroom-press-resources.js:45:36)
    at /Users/muchniki/.nvm/versions/node/v6.9.5/lib/node_modules/protractor/node_modules/jasminewd2/index.js:110:25
    at new ManagedPromise (/Users/muchniki/.nvm/versions/node/v6.9.5/lib/node_modules/protractor/node_modules/selenium-webdriver/lib/promise.js:1067:7)
    at ControlFlow.promise (/Users/muchniki/.nvm/versions/node/v6.9.5/lib/node_modules/protractor/node_modules/selenium-webdriver/lib/promise.js:2396:12)
    at schedulerExecute (/Users/muchniki/.nvm/versions/node/v6.9.5/lib/node_modules/protractor/node_modules/jasminewd2/index.js:95:18)
    at TaskQueue.execute_ (/Users/muchniki/.nvm/versions/node/v6.9.5/lib/node_modules/protractor/node_modules/selenium-webdriver/lib/promise.js:2970:14)
    at TaskQueue.executeNext_ (/Users/muchniki/.nvm/versions/node/v6.9.5/lib/node_modules/protractor/node_modules/selenium-webdriver/lib/promise.js:2953:27)
From: Task: Run it("should include a Press section title") in control flow
    at Object.<anonymous> (/Users/muchniki/.nvm/versions/node/v6.9.5/lib/node_modules/protractor/node_modules/jasminewd2/index.js:94:19)
    at attemptAsync (/Users/muchniki/.nvm/versions/node/v6.9.5/lib/node_modules/protractor/node_modules/jasmine-core/lib/jasmine-core/jasmine.js:1980:24)
    at QueueRunner.run (/Users/muchniki/.nvm/versions/node/v6.9.5/lib/node_modules/protractor/node_modules/jasmine-core/lib/jasmine-core/jasmine.js:1935:9)
    at QueueRunner.execute (/Users/muchniki/.nvm/versions/node/v6.9.5/lib/node_modules/protractor/node_modules/jasmine-core/lib/jasmine-core/jasmine.js:1923:10)
    at Spec.queueRunnerFactory (/Users/muchniki/.nvm/versions/node/v6.9.5/lib/node_modules/protractor/node_modules/jasmine-core/lib/jasmine-core/jasmine.js:714:35)
    at Spec.execute (/Users/muchniki/.nvm/versions/node/v6.9.5/lib/node_modules/protractor/node_modules/jasmine-core/lib/jasmine-core/jasmine.js:371:10)
    at Object.fn (/Users/muchniki/.nvm/versions/node/v6.9.5/lib/node_modules/protractor/node_modules/jasmine-core/lib/jasmine-core/jasmine.js:2579:37)
    at attemptAsync (/Users/muchniki/.nvm/versions/node/v6.9.5/lib/node_modules/protractor/node_modules/jasmine-core/lib/jasmine-core/jasmine.js:1980:24)
    at QueueRunner.run (/Users/muchniki/.nvm/versions/node/v6.9.5/lib/node_modules/protractor/node_modules/jasmine-core/lib/jasmine-core/jasmine.js:1935:9)
    at /Users/muchniki/.nvm/versions/node/v6.9.5/lib/node_modules/protractor/node_modules/jasmine-core/lib/jasmine-core/jasmine.js:1962:16
From asynchronous test: 
Error
    at Suite.<anonymous> (/Users/muchniki/dev/cfgov-refresh/test/browser_tests/spec_suites/content/newsroom-press-resources.js:44:3)
    at addSpecsToSuite (/Users/muchniki/.nvm/versions/node/v6.9.5/lib/node_modules/protractor/node_modules/jasmine-core/lib/jasmine-core/jasmine.js:867:25)
    at Env.describe (/Users/muchniki/.nvm/versions/node/v6.9.5/lib/node_modules/protractor/node_modules/jasmine-core/lib/jasmine-core/jasmine.js:836:7)
    at describe (/Users/muchniki/.nvm/versions/node/v6.9.5/lib/node_modules/protractor/node_modules/jasmine-core/lib/jasmine-core/jasmine.js:3576:18)
    at Object.<anonymous> (/Users/muchniki/dev/cfgov-refresh/test/browser_tests/spec_suites/content/newsroom-press-resources.js:7:1)
    at Module._compile (module.js:570:32)
    at Object.Module._extensions..js (module.js:579:10)
    at Module.load (module.js:487:32)
    at tryModuleLoad (module.js:446:12)]]>
   </failure>
  </testcase>
  <testcase classname="focused specs.The Newsroom Press Resources Page" name="should include a Press section intro" time="0.239">
   <failure type="toBe" message="Expected false to be true."><![CDATA[Error: Failed expectation
    at Object.<anonymous> (/Users/muchniki/dev/cfgov-refresh/test/browser_tests/spec_suites/content/newsroom-press-resources.js:49:50)
    at /Users/muchniki/.nvm/versions/node/v6.9.5/lib/node_modules/protractor/node_modules/jasminewd2/index.js:110:25
    at new ManagedPromise (/Users/muchniki/.nvm/versions/node/v6.9.5/lib/node_modules/protractor/node_modules/selenium-webdriver/lib/promise.js:1067:7)
    at ControlFlow.promise (/Users/muchniki/.nvm/versions/node/v6.9.5/lib/node_modules/protractor/node_modules/selenium-webdriver/lib/promise.js:2396:12)
    at schedulerExecute (/Users/muchniki/.nvm/versions/node/v6.9.5/lib/node_modules/protractor/node_modules/jasminewd2/index.js:95:18)
    at TaskQueue.execute_ (/Users/muchniki/.nvm/versions/node/v6.9.5/lib/node_modules/protractor/node_modules/selenium-webdriver/lib/promise.js:2970:14)
    at TaskQueue.executeNext_ (/Users/muchniki/.nvm/versions/node/v6.9.5/lib/node_modules/protractor/node_modules/selenium-webdriver/lib/promise.js:2953:27)
    at asyncRun (/Users/muchniki/.nvm/versions/node/v6.9.5/lib/node_modules/protractor/node_modules/selenium-webdriver/lib/promise.js:2860:25)
    at /Users/muchniki/.nvm/versions/node/v6.9.5/lib/node_modules/protractor/node_modules/selenium-webdriver/lib/promise.js:676:7]]>
   </failure>
  </testcase>
  <testcase classname="focused specs.The Newsroom Press Resources Page" name="should include Director’s bio" time="0.262">
   <failure type="exception" message="Failed: Index out of bound. Trying to access element at index: 0, but there are only 0 elements that match locator By(css selector, .press-photos-bios .contact-person)"><![CDATA[NoSuchElementError: Index out of bound. Trying to access element at index: 0, but there are only 0 elements that match locator By(css selector, .press-photos-bios .contact-person)
    at WebDriverError (/Users/muchniki/.nvm/versions/node/v6.9.5/lib/node_modules/protractor/node_modules/selenium-webdriver/lib/error.js:27:5)
    at NoSuchElementError (/Users/muchniki/.nvm/versions/node/v6.9.5/lib/node_modules/protractor/node_modules/selenium-webdriver/lib/error.js:168:5)
    at selenium_webdriver_1.promise.all.then (/Users/muchniki/.nvm/versions/node/v6.9.5/lib/node_modules/protractor/lib/element.ts:287:17)
    at ManagedPromise.invokeCallback_ (/Users/muchniki/.nvm/versions/node/v6.9.5/lib/node_modules/protractor/node_modules/selenium-webdriver/lib/promise.js:1366:14)
    at TaskQueue.execute_ (/Users/muchniki/.nvm/versions/node/v6.9.5/lib/node_modules/protractor/node_modules/selenium-webdriver/lib/promise.js:2970:14)
    at TaskQueue.executeNext_ (/Users/muchniki/.nvm/versions/node/v6.9.5/lib/node_modules/protractor/node_modules/selenium-webdriver/lib/promise.js:2953:27)
    at asyncRun (/Users/muchniki/.nvm/versions/node/v6.9.5/lib/node_modules/protractor/node_modules/selenium-webdriver/lib/promise.js:2813:27)
    at /Users/muchniki/.nvm/versions/node/v6.9.5/lib/node_modules/protractor/node_modules/selenium-webdriver/lib/promise.js:676:7
    at process._tickCallback (internal/process/next_tick.js:103:7)Error
    at ElementArrayFinder.applyAction_ (/Users/muchniki/.nvm/versions/node/v6.9.5/lib/node_modules/protractor/lib/element.ts:482:23)
    at ElementArrayFinder.(anonymous function) [as getText] (/Users/muchniki/.nvm/versions/node/v6.9.5/lib/node_modules/protractor/lib/element.ts:96:21)
    at ElementFinder.(anonymous function) [as getText] (/Users/muchniki/.nvm/versions/node/v6.9.5/lib/node_modules/protractor/lib/element.ts:873:14)
    at Object.<anonymous> (/Users/muchniki/dev/cfgov-refresh/test/browser_tests/spec_suites/content/newsroom-press-resources.js:53:35)
    at /Users/muchniki/.nvm/versions/node/v6.9.5/lib/node_modules/protractor/node_modules/jasminewd2/index.js:110:25
    at new ManagedPromise (/Users/muchniki/.nvm/versions/node/v6.9.5/lib/node_modules/protractor/node_modules/selenium-webdriver/lib/promise.js:1067:7)
    at ControlFlow.promise (/Users/muchniki/.nvm/versions/node/v6.9.5/lib/node_modules/protractor/node_modules/selenium-webdriver/lib/promise.js:2396:12)
    at schedulerExecute (/Users/muchniki/.nvm/versions/node/v6.9.5/lib/node_modules/protractor/node_modules/jasminewd2/index.js:95:18)
    at TaskQueue.execute_ (/Users/muchniki/.nvm/versions/node/v6.9.5/lib/node_modules/protractor/node_modules/selenium-webdriver/lib/promise.js:2970:14)
    at TaskQueue.executeNext_ (/Users/muchniki/.nvm/versions/node/v6.9.5/lib/node_modules/protractor/node_modules/selenium-webdriver/lib/promise.js:2953:27)
From: Task: Run it("should include Director’s bio") in control flow
    at Object.<anonymous> (/Users/muchniki/.nvm/versions/node/v6.9.5/lib/node_modules/protractor/node_modules/jasminewd2/index.js:94:19)
    at attemptAsync (/Users/muchniki/.nvm/versions/node/v6.9.5/lib/node_modules/protractor/node_modules/jasmine-core/lib/jasmine-core/jasmine.js:1980:24)
    at QueueRunner.run (/Users/muchniki/.nvm/versions/node/v6.9.5/lib/node_modules/protractor/node_modules/jasmine-core/lib/jasmine-core/jasmine.js:1935:9)
    at QueueRunner.execute (/Users/muchniki/.nvm/versions/node/v6.9.5/lib/node_modules/protractor/node_modules/jasmine-core/lib/jasmine-core/jasmine.js:1923:10)
    at Spec.queueRunnerFactory (/Users/muchniki/.nvm/versions/node/v6.9.5/lib/node_modules/protractor/node_modules/jasmine-core/lib/jasmine-core/jasmine.js:714:35)
    at Spec.execute (/Users/muchniki/.nvm/versions/node/v6.9.5/lib/node_modules/protractor/node_modules/jasmine-core/lib/jasmine-core/jasmine.js:371:10)
    at Object.fn (/Users/muchniki/.nvm/versions/node/v6.9.5/lib/node_modules/protractor/node_modules/jasmine-core/lib/jasmine-core/jasmine.js:2579:37)
    at attemptAsync (/Users/muchniki/.nvm/versions/node/v6.9.5/lib/node_modules/protractor/node_modules/jasmine-core/lib/jasmine-core/jasmine.js:1980:24)
    at QueueRunner.run (/Users/muchniki/.nvm/versions/node/v6.9.5/lib/node_modules/protractor/node_modules/jasmine-core/lib/jasmine-core/jasmine.js:1935:9)
    at /Users/muchniki/.nvm/versions/node/v6.9.5/lib/node_modules/protractor/node_modules/jasmine-core/lib/jasmine-core/jasmine.js:1962:16
From asynchronous test: 
Error
    at Suite.<anonymous> (/Users/muchniki/dev/cfgov-refresh/test/browser_tests/spec_suites/content/newsroom-press-resources.js:52:3)
    at addSpecsToSuite (/Users/muchniki/.nvm/versions/node/v6.9.5/lib/node_modules/protractor/node_modules/jasmine-core/lib/jasmine-core/jasmine.js:867:25)
    at Env.describe (/Users/muchniki/.nvm/versions/node/v6.9.5/lib/node_modules/protractor/node_modules/jasmine-core/lib/jasmine-core/jasmine.js:836:7)
    at describe (/Users/muchniki/.nvm/versions/node/v6.9.5/lib/node_modules/protractor/node_modules/jasmine-core/lib/jasmine-core/jasmine.js:3576:18)
    at Object.<anonymous> (/Users/muchniki/dev/cfgov-refresh/test/browser_tests/spec_suites/content/newsroom-press-resources.js:7:1)
    at Module._compile (module.js:570:32)
    at Object.Module._extensions..js (module.js:579:10)
    at Module.load (module.js:487:32)
    at tryModuleLoad (module.js:446:12)]]>
   </failure>
  </testcase>
  <testcase classname="focused specs.The Newsroom Press Resources Page" name="should include Director’s images" time="0.247">
   <failure type="exception" message="Failed: Index out of bound. Trying to access element at index: 0, but there are only 0 elements that match locator By(css selector, .press-photos-bios .contact-person)"><![CDATA[NoSuchElementError: Index out of bound. Trying to access element at index: 0, but there are only 0 elements that match locator By(css selector, .press-photos-bios .contact-person)
    at WebDriverError (/Users/muchniki/.nvm/versions/node/v6.9.5/lib/node_modules/protractor/node_modules/selenium-webdriver/lib/error.js:27:5)
    at NoSuchElementError (/Users/muchniki/.nvm/versions/node/v6.9.5/lib/node_modules/protractor/node_modules/selenium-webdriver/lib/error.js:168:5)
    at selenium_webdriver_1.promise.all.then (/Users/muchniki/.nvm/versions/node/v6.9.5/lib/node_modules/protractor/lib/element.ts:287:17)
    at ManagedPromise.invokeCallback_ (/Users/muchniki/.nvm/versions/node/v6.9.5/lib/node_modules/protractor/node_modules/selenium-webdriver/lib/promise.js:1366:14)
    at TaskQueue.execute_ (/Users/muchniki/.nvm/versions/node/v6.9.5/lib/node_modules/protractor/node_modules/selenium-webdriver/lib/promise.js:2970:14)
    at TaskQueue.executeNext_ (/Users/muchniki/.nvm/versions/node/v6.9.5/lib/node_modules/protractor/node_modules/selenium-webdriver/lib/promise.js:2953:27)
    at asyncRun (/Users/muchniki/.nvm/versions/node/v6.9.5/lib/node_modules/protractor/node_modules/selenium-webdriver/lib/promise.js:2813:27)
    at /Users/muchniki/.nvm/versions/node/v6.9.5/lib/node_modules/protractor/node_modules/selenium-webdriver/lib/promise.js:676:7
    at process._tickCallback (internal/process/next_tick.js:103:7)Error
    at ElementArrayFinder.applyAction_ (/Users/muchniki/.nvm/versions/node/v6.9.5/lib/node_modules/protractor/lib/element.ts:482:23)
    at ElementArrayFinder.(anonymous function) [as getAttribute] (/Users/muchniki/.nvm/versions/node/v6.9.5/lib/node_modules/protractor/lib/element.ts:96:21)
    at ElementFinder.(anonymous function) [as getAttribute] (/Users/muchniki/.nvm/versions/node/v6.9.5/lib/node_modules/protractor/lib/element.ts:873:14)
    at Object.<anonymous> (/Users/muchniki/dev/cfgov-refresh/test/browser_tests/spec_suites/content/newsroom-press-resources.js:57:33)
    at /Users/muchniki/.nvm/versions/node/v6.9.5/lib/node_modules/protractor/node_modules/jasminewd2/index.js:110:25
    at new ManagedPromise (/Users/muchniki/.nvm/versions/node/v6.9.5/lib/node_modules/protractor/node_modules/selenium-webdriver/lib/promise.js:1067:7)
    at ControlFlow.promise (/Users/muchniki/.nvm/versions/node/v6.9.5/lib/node_modules/protractor/node_modules/selenium-webdriver/lib/promise.js:2396:12)
    at schedulerExecute (/Users/muchniki/.nvm/versions/node/v6.9.5/lib/node_modules/protractor/node_modules/jasminewd2/index.js:95:18)
    at TaskQueue.execute_ (/Users/muchniki/.nvm/versions/node/v6.9.5/lib/node_modules/protractor/node_modules/selenium-webdriver/lib/promise.js:2970:14)
    at TaskQueue.executeNext_ (/Users/muchniki/.nvm/versions/node/v6.9.5/lib/node_modules/protractor/node_modules/selenium-webdriver/lib/promise.js:2953:27)
From: Task: Run it("should include Director’s images") in control flow
    at Object.<anonymous> (/Users/muchniki/.nvm/versions/node/v6.9.5/lib/node_modules/protractor/node_modules/jasminewd2/index.js:94:19)
    at attemptAsync (/Users/muchniki/.nvm/versions/node/v6.9.5/lib/node_modules/protractor/node_modules/jasmine-core/lib/jasmine-core/jasmine.js:1980:24)
    at QueueRunner.run (/Users/muchniki/.nvm/versions/node/v6.9.5/lib/node_modules/protractor/node_modules/jasmine-core/lib/jasmine-core/jasmine.js:1935:9)
    at QueueRunner.execute (/Users/muchniki/.nvm/versions/node/v6.9.5/lib/node_modules/protractor/node_modules/jasmine-core/lib/jasmine-core/jasmine.js:1923:10)
    at Spec.queueRunnerFactory (/Users/muchniki/.nvm/versions/node/v6.9.5/lib/node_modules/protractor/node_modules/jasmine-core/lib/jasmine-core/jasmine.js:714:35)
    at Spec.execute (/Users/muchniki/.nvm/versions/node/v6.9.5/lib/node_modules/protractor/node_modules/jasmine-core/lib/jasmine-core/jasmine.js:371:10)
    at Object.fn (/Users/muchniki/.nvm/versions/node/v6.9.5/lib/node_modules/protractor/node_modules/jasmine-core/lib/jasmine-core/jasmine.js:2579:37)
    at attemptAsync (/Users/muchniki/.nvm/versions/node/v6.9.5/lib/node_modules/protractor/node_modules/jasmine-core/lib/jasmine-core/jasmine.js:1980:24)
    at QueueRunner.run (/Users/muchniki/.nvm/versions/node/v6.9.5/lib/node_modules/protractor/node_modules/jasmine-core/lib/jasmine-core/jasmine.js:1935:9)
    at /Users/muchniki/.nvm/versions/node/v6.9.5/lib/node_modules/protractor/node_modules/jasmine-core/lib/jasmine-core/jasmine.js:1962:16
From asynchronous test: 
Error
    at Suite.<anonymous> (/Users/muchniki/dev/cfgov-refresh/test/browser_tests/spec_suites/content/newsroom-press-resources.js:56:3)
    at addSpecsToSuite (/Users/muchniki/.nvm/versions/node/v6.9.5/lib/node_modules/protractor/node_modules/jasmine-core/lib/jasmine-core/jasmine.js:867:25)
    at Env.describe (/Users/muchniki/.nvm/versions/node/v6.9.5/lib/node_modules/protractor/node_modules/jasmine-core/lib/jasmine-core/jasmine.js:836:7)
    at describe (/Users/muchniki/.nvm/versions/node/v6.9.5/lib/node_modules/protractor/node_modules/jasmine-core/lib/jasmine-core/jasmine.js:3576:18)
    at Object.<anonymous> (/Users/muchniki/dev/cfgov-refresh/test/browser_tests/spec_suites/content/newsroom-press-resources.js:7:1)
    at Module._compile (module.js:570:32)
    at Object.Module._extensions..js (module.js:579:10)
    at Module.load (module.js:487:32)
    at tryModuleLoad (module.js:446:12)]]>
   </failure>
  </testcase>
  <testcase classname="focused specs.The Newsroom Press Resources Page" name="should include Deputy Director’s bio" time="0.232">
   <failure type="exception" message="Failed: Index out of bound. Trying to access element at index: 1, but there are only 0 elements that match locator By(css selector, .press-photos-bios .contact-person)"><![CDATA[NoSuchElementError: Index out of bound. Trying to access element at index: 1, but there are only 0 elements that match locator By(css selector, .press-photos-bios .contact-person)
    at WebDriverError (/Users/muchniki/.nvm/versions/node/v6.9.5/lib/node_modules/protractor/node_modules/selenium-webdriver/lib/error.js:27:5)
    at NoSuchElementError (/Users/muchniki/.nvm/versions/node/v6.9.5/lib/node_modules/protractor/node_modules/selenium-webdriver/lib/error.js:168:5)
    at selenium_webdriver_1.promise.all.then (/Users/muchniki/.nvm/versions/node/v6.9.5/lib/node_modules/protractor/lib/element.ts:287:17)
    at ManagedPromise.invokeCallback_ (/Users/muchniki/.nvm/versions/node/v6.9.5/lib/node_modules/protractor/node_modules/selenium-webdriver/lib/promise.js:1366:14)
    at TaskQueue.execute_ (/Users/muchniki/.nvm/versions/node/v6.9.5/lib/node_modules/protractor/node_modules/selenium-webdriver/lib/promise.js:2970:14)
    at TaskQueue.executeNext_ (/Users/muchniki/.nvm/versions/node/v6.9.5/lib/node_modules/protractor/node_modules/selenium-webdriver/lib/promise.js:2953:27)
    at asyncRun (/Users/muchniki/.nvm/versions/node/v6.9.5/lib/node_modules/protractor/node_modules/selenium-webdriver/lib/promise.js:2813:27)
    at /Users/muchniki/.nvm/versions/node/v6.9.5/lib/node_modules/protractor/node_modules/selenium-webdriver/lib/promise.js:676:7
    at process._tickCallback (internal/process/next_tick.js:103:7)Error
    at ElementArrayFinder.applyAction_ (/Users/muchniki/.nvm/versions/node/v6.9.5/lib/node_modules/protractor/lib/element.ts:482:23)
    at ElementArrayFinder.(anonymous function) [as getText] (/Users/muchniki/.nvm/versions/node/v6.9.5/lib/node_modules/protractor/lib/element.ts:96:21)
    at ElementFinder.(anonymous function) [as getText] (/Users/muchniki/.nvm/versions/node/v6.9.5/lib/node_modules/protractor/lib/element.ts:873:14)
    at Object.<anonymous> (/Users/muchniki/dev/cfgov-refresh/test/browser_tests/spec_suites/content/newsroom-press-resources.js:65:41)
    at /Users/muchniki/.nvm/versions/node/v6.9.5/lib/node_modules/protractor/node_modules/jasminewd2/index.js:110:25
    at new ManagedPromise (/Users/muchniki/.nvm/versions/node/v6.9.5/lib/node_modules/protractor/node_modules/selenium-webdriver/lib/promise.js:1067:7)
    at ControlFlow.promise (/Users/muchniki/.nvm/versions/node/v6.9.5/lib/node_modules/protractor/node_modules/selenium-webdriver/lib/promise.js:2396:12)
    at schedulerExecute (/Users/muchniki/.nvm/versions/node/v6.9.5/lib/node_modules/protractor/node_modules/jasminewd2/index.js:95:18)
    at TaskQueue.execute_ (/Users/muchniki/.nvm/versions/node/v6.9.5/lib/node_modules/protractor/node_modules/selenium-webdriver/lib/promise.js:2970:14)
    at TaskQueue.executeNext_ (/Users/muchniki/.nvm/versions/node/v6.9.5/lib/node_modules/protractor/node_modules/selenium-webdriver/lib/promise.js:2953:27)
From: Task: Run it("should include Deputy Director’s bio") in control flow
    at Object.<anonymous> (/Users/muchniki/.nvm/versions/node/v6.9.5/lib/node_modules/protractor/node_modules/jasminewd2/index.js:94:19)
    at attemptAsync (/Users/muchniki/.nvm/versions/node/v6.9.5/lib/node_modules/protractor/node_modules/jasmine-core/lib/jasmine-core/jasmine.js:1980:24)
    at QueueRunner.run (/Users/muchniki/.nvm/versions/node/v6.9.5/lib/node_modules/protractor/node_modules/jasmine-core/lib/jasmine-core/jasmine.js:1935:9)
    at QueueRunner.execute (/Users/muchniki/.nvm/versions/node/v6.9.5/lib/node_modules/protractor/node_modules/jasmine-core/lib/jasmine-core/jasmine.js:1923:10)
    at Spec.queueRunnerFactory (/Users/muchniki/.nvm/versions/node/v6.9.5/lib/node_modules/protractor/node_modules/jasmine-core/lib/jasmine-core/jasmine.js:714:35)
    at Spec.execute (/Users/muchniki/.nvm/versions/node/v6.9.5/lib/node_modules/protractor/node_modules/jasmine-core/lib/jasmine-core/jasmine.js:371:10)
    at Object.fn (/Users/muchniki/.nvm/versions/node/v6.9.5/lib/node_modules/protractor/node_modules/jasmine-core/lib/jasmine-core/jasmine.js:2579:37)
    at attemptAsync (/Users/muchniki/.nvm/versions/node/v6.9.5/lib/node_modules/protractor/node_modules/jasmine-core/lib/jasmine-core/jasmine.js:1980:24)
    at QueueRunner.run (/Users/muchniki/.nvm/versions/node/v6.9.5/lib/node_modules/protractor/node_modules/jasmine-core/lib/jasmine-core/jasmine.js:1935:9)
    at /Users/muchniki/.nvm/versions/node/v6.9.5/lib/node_modules/protractor/node_modules/jasmine-core/lib/jasmine-core/jasmine.js:1962:16
From asynchronous test: 
Error
    at Suite.<anonymous> (/Users/muchniki/dev/cfgov-refresh/test/browser_tests/spec_suites/content/newsroom-press-resources.js:64:3)
    at addSpecsToSuite (/Users/muchniki/.nvm/versions/node/v6.9.5/lib/node_modules/protractor/node_modules/jasmine-core/lib/jasmine-core/jasmine.js:867:25)
    at Env.describe (/Users/muchniki/.nvm/versions/node/v6.9.5/lib/node_modules/protractor/node_modules/jasmine-core/lib/jasmine-core/jasmine.js:836:7)
    at describe (/Users/muchniki/.nvm/versions/node/v6.9.5/lib/node_modules/protractor/node_modules/jasmine-core/lib/jasmine-core/jasmine.js:3576:18)
    at Object.<anonymous> (/Users/muchniki/dev/cfgov-refresh/test/browser_tests/spec_suites/content/newsroom-press-resources.js:7:1)
    at Module._compile (module.js:570:32)
    at Object.Module._extensions..js (module.js:579:10)
    at Module.load (module.js:487:32)
    at tryModuleLoad (module.js:446:12)]]>
   </failure>
  </testcase>
  <testcase classname="focused specs.The Newsroom Press Resources Page" name="should include the Deputy Director’s images" time="0.236">
   <failure type="exception" message="Failed: Index out of bound. Trying to access element at index: 1, but there are only 0 elements that match locator By(css selector, .press-photos-bios .contact-person)"><![CDATA[NoSuchElementError: Index out of bound. Trying to access element at index: 1, but there are only 0 elements that match locator By(css selector, .press-photos-bios .contact-person)
    at WebDriverError (/Users/muchniki/.nvm/versions/node/v6.9.5/lib/node_modules/protractor/node_modules/selenium-webdriver/lib/error.js:27:5)
    at NoSuchElementError (/Users/muchniki/.nvm/versions/node/v6.9.5/lib/node_modules/protractor/node_modules/selenium-webdriver/lib/error.js:168:5)
    at selenium_webdriver_1.promise.all.then (/Users/muchniki/.nvm/versions/node/v6.9.5/lib/node_modules/protractor/lib/element.ts:287:17)
    at ManagedPromise.invokeCallback_ (/Users/muchniki/.nvm/versions/node/v6.9.5/lib/node_modules/protractor/node_modules/selenium-webdriver/lib/promise.js:1366:14)
    at TaskQueue.execute_ (/Users/muchniki/.nvm/versions/node/v6.9.5/lib/node_modules/protractor/node_modules/selenium-webdriver/lib/promise.js:2970:14)
    at TaskQueue.executeNext_ (/Users/muchniki/.nvm/versions/node/v6.9.5/lib/node_modules/protractor/node_modules/selenium-webdriver/lib/promise.js:2953:27)
    at asyncRun (/Users/muchniki/.nvm/versions/node/v6.9.5/lib/node_modules/protractor/node_modules/selenium-webdriver/lib/promise.js:2813:27)
    at /Users/muchniki/.nvm/versions/node/v6.9.5/lib/node_modules/protractor/node_modules/selenium-webdriver/lib/promise.js:676:7
    at process._tickCallback (internal/process/next_tick.js:103:7)Error
    at ElementArrayFinder.applyAction_ (/Users/muchniki/.nvm/versions/node/v6.9.5/lib/node_modules/protractor/lib/element.ts:482:23)
    at ElementArrayFinder.(anonymous function) [as getAttribute] (/Users/muchniki/.nvm/versions/node/v6.9.5/lib/node_modules/protractor/lib/element.ts:96:21)
    at ElementFinder.(anonymous function) [as getAttribute] (/Users/muchniki/.nvm/versions/node/v6.9.5/lib/node_modules/protractor/lib/element.ts:873:14)
    at Object.<anonymous> (/Users/muchniki/dev/cfgov-refresh/test/browser_tests/spec_suites/content/newsroom-press-resources.js:69:39)
    at /Users/muchniki/.nvm/versions/node/v6.9.5/lib/node_modules/protractor/node_modules/jasminewd2/index.js:110:25
    at new ManagedPromise (/Users/muchniki/.nvm/versions/node/v6.9.5/lib/node_modules/protractor/node_modules/selenium-webdriver/lib/promise.js:1067:7)
    at ControlFlow.promise (/Users/muchniki/.nvm/versions/node/v6.9.5/lib/node_modules/protractor/node_modules/selenium-webdriver/lib/promise.js:2396:12)
    at schedulerExecute (/Users/muchniki/.nvm/versions/node/v6.9.5/lib/node_modules/protractor/node_modules/jasminewd2/index.js:95:18)
    at TaskQueue.execute_ (/Users/muchniki/.nvm/versions/node/v6.9.5/lib/node_modules/protractor/node_modules/selenium-webdriver/lib/promise.js:2970:14)
    at TaskQueue.executeNext_ (/Users/muchniki/.nvm/versions/node/v6.9.5/lib/node_modules/protractor/node_modules/selenium-webdriver/lib/promise.js:2953:27)
From: Task: Run it("should include the Deputy Director’s images") in control flow
    at Object.<anonymous> (/Users/muchniki/.nvm/versions/node/v6.9.5/lib/node_modules/protractor/node_modules/jasminewd2/index.js:94:19)
    at attemptAsync (/Users/muchniki/.nvm/versions/node/v6.9.5/lib/node_modules/protractor/node_modules/jasmine-core/lib/jasmine-core/jasmine.js:1980:24)
    at QueueRunner.run (/Users/muchniki/.nvm/versions/node/v6.9.5/lib/node_modules/protractor/node_modules/jasmine-core/lib/jasmine-core/jasmine.js:1935:9)
    at QueueRunner.execute (/Users/muchniki/.nvm/versions/node/v6.9.5/lib/node_modules/protractor/node_modules/jasmine-core/lib/jasmine-core/jasmine.js:1923:10)
    at Spec.queueRunnerFactory (/Users/muchniki/.nvm/versions/node/v6.9.5/lib/node_modules/protractor/node_modules/jasmine-core/lib/jasmine-core/jasmine.js:714:35)
    at Spec.execute (/Users/muchniki/.nvm/versions/node/v6.9.5/lib/node_modules/protractor/node_modules/jasmine-core/lib/jasmine-core/jasmine.js:371:10)
    at Object.fn (/Users/muchniki/.nvm/versions/node/v6.9.5/lib/node_modules/protractor/node_modules/jasmine-core/lib/jasmine-core/jasmine.js:2579:37)
    at attemptAsync (/Users/muchniki/.nvm/versions/node/v6.9.5/lib/node_modules/protractor/node_modules/jasmine-core/lib/jasmine-core/jasmine.js:1980:24)
    at QueueRunner.run (/Users/muchniki/.nvm/versions/node/v6.9.5/lib/node_modules/protractor/node_modules/jasmine-core/lib/jasmine-core/jasmine.js:1935:9)
    at /Users/muchniki/.nvm/versions/node/v6.9.5/lib/node_modules/protractor/node_modules/jasmine-core/lib/jasmine-core/jasmine.js:1962:16
From asynchronous test: 
Error
    at Suite.<anonymous> (/Users/muchniki/dev/cfgov-refresh/test/browser_tests/spec_suites/content/newsroom-press-resources.js:68:3)
    at addSpecsToSuite (/Users/muchniki/.nvm/versions/node/v6.9.5/lib/node_modules/protractor/node_modules/jasmine-core/lib/jasmine-core/jasmine.js:867:25)
    at Env.describe (/Users/muchniki/.nvm/versions/node/v6.9.5/lib/node_modules/protractor/node_modules/jasmine-core/lib/jasmine-core/jasmine.js:836:7)
    at describe (/Users/muchniki/.nvm/versions/node/v6.9.5/lib/node_modules/protractor/node_modules/jasmine-core/lib/jasmine-core/jasmine.js:3576:18)
    at Object.<anonymous> (/Users/muchniki/dev/cfgov-refresh/test/browser_tests/spec_suites/content/newsroom-press-resources.js:7:1)
    at Module._compile (module.js:570:32)
    at Object.Module._extensions..js (module.js:579:10)
    at Module.load (module.js:487:32)
    at tryModuleLoad (module.js:446:12)]]>
   </failure>
  </testcase>
  <testcase classname="focused specs.The Newsroom Press Resources Page" name="should include a Press section intro" time="0.26">
   <failure type="toBe" message="Expected false to be true."><![CDATA[Error: Failed expectation
    at Object.<anonymous> (/Users/muchniki/dev/cfgov-refresh/test/browser_tests/spec_suites/content/newsroom-press-resources.js:78:50)
    at /Users/muchniki/.nvm/versions/node/v6.9.5/lib/node_modules/protractor/node_modules/jasminewd2/index.js:110:25
    at new ManagedPromise (/Users/muchniki/.nvm/versions/node/v6.9.5/lib/node_modules/protractor/node_modules/selenium-webdriver/lib/promise.js:1067:7)
    at ControlFlow.promise (/Users/muchniki/.nvm/versions/node/v6.9.5/lib/node_modules/protractor/node_modules/selenium-webdriver/lib/promise.js:2396:12)
    at schedulerExecute (/Users/muchniki/.nvm/versions/node/v6.9.5/lib/node_modules/protractor/node_modules/jasminewd2/index.js:95:18)
    at TaskQueue.execute_ (/Users/muchniki/.nvm/versions/node/v6.9.5/lib/node_modules/protractor/node_modules/selenium-webdriver/lib/promise.js:2970:14)
    at TaskQueue.executeNext_ (/Users/muchniki/.nvm/versions/node/v6.9.5/lib/node_modules/protractor/node_modules/selenium-webdriver/lib/promise.js:2953:27)
    at asyncRun (/Users/muchniki/.nvm/versions/node/v6.9.5/lib/node_modules/protractor/node_modules/selenium-webdriver/lib/promise.js:2860:25)
    at /Users/muchniki/.nvm/versions/node/v6.9.5/lib/node_modules/protractor/node_modules/selenium-webdriver/lib/promise.js:676:7]]>
   </failure>
  </testcase>
  <testcase classname="focused specs.The Newsroom Press Resources Page" name="should include more than one contact person" time="0.237">
   <failure type="toBeGreaterThan" message="Expected 0 to be greater than 1."><![CDATA[Error: Failed expectation
    at Object.<anonymous> (/Users/muchniki/dev/cfgov-refresh/test/browser_tests/spec_suites/content/newsroom-press-resources.js:82:43)
    at /Users/muchniki/.nvm/versions/node/v6.9.5/lib/node_modules/protractor/node_modules/jasminewd2/index.js:110:25
    at new ManagedPromise (/Users/muchniki/.nvm/versions/node/v6.9.5/lib/node_modules/protractor/node_modules/selenium-webdriver/lib/promise.js:1067:7)
    at ControlFlow.promise (/Users/muchniki/.nvm/versions/node/v6.9.5/lib/node_modules/protractor/node_modules/selenium-webdriver/lib/promise.js:2396:12)
    at schedulerExecute (/Users/muchniki/.nvm/versions/node/v6.9.5/lib/node_modules/protractor/node_modules/jasminewd2/index.js:95:18)
    at TaskQueue.execute_ (/Users/muchniki/.nvm/versions/node/v6.9.5/lib/node_modules/protractor/node_modules/selenium-webdriver/lib/promise.js:2970:14)
    at TaskQueue.executeNext_ (/Users/muchniki/.nvm/versions/node/v6.9.5/lib/node_modules/protractor/node_modules/selenium-webdriver/lib/promise.js:2953:27)
    at asyncRun (/Users/muchniki/.nvm/versions/node/v6.9.5/lib/node_modules/protractor/node_modules/selenium-webdriver/lib/promise.js:2860:25)
    at /Users/muchniki/.nvm/versions/node/v6.9.5/lib/node_modules/protractor/node_modules/selenium-webdriver/lib/promise.js:676:7]]>
   </failure>
  </testcase>
  <testcase classname="focused specs.The Newsroom Press Resources Page" name="should include a Stay Informed section" time="0">
   <skipped message="Temporarily disabled with xit" />
  </testcase>
  <testcase classname="focused specs.The Newsroom Press Resources Page" name="should include a Stay Informed section title" time="0">
   <skipped message="Temporarily disabled with xit" />
  </testcase>
  <testcase classname="focused specs.The Newsroom Press Resources Page" name="should include a Email Subscribe form" time="0">
   <skipped message="Temporarily disabled with xit" />
  </testcase>
  <testcase classname="focused specs.The Newsroom Press Resources Page" name="should include a Email Subscribe label" time="0">
   <skipped message="Temporarily disabled with xit" />
  </testcase>
  <testcase classname="focused specs.The Newsroom Press Resources Page" name="should include a Email Subscribe input" time="0">
   <skipped message="Temporarily disabled with xit" />
  </testcase>
  <testcase classname="focused specs.The Newsroom Press Resources Page" name="should include a Email Subscribe hidden field" time="0">
   <skipped message="Temporarily disabled with xit" />
  </testcase>
  <testcase classname="focused specs.The Newsroom Press Resources Page" name="should include a Email Subscribe button" time="0">
   <skipped message="Temporarily disabled with xit" />
  </testcase>
  <testcase classname="focused specs.The Newsroom Press Resources Page" name="should include a RSS Subscribe section" time="0">
   <skipped message="Temporarily disabled with xit" />
  </testcase>
  <testcase classname="focused specs.The Newsroom Press Resources Page" name="should include a RSS Subscribe button" time="0">
   <skipped message="Temporarily disabled with xit" />
  </testcase>
 </testsuite>
 <testsuite name="focused specs.The Newsroom Page" timestamp="2017-03-01T17:32:32" hostname="localhost" time="4.331" errors="0" tests="22" skipped="3" disabled="0" failures="19">
  <testcase classname="focused specs.The Newsroom Page" name="should properly load in a browser" time="0.008">
   <failure type="toContain" message="Expected &apos;&apos; to contain &apos;Newsroom&apos;."><![CDATA[Error: Failed expectation
    at Object.<anonymous> (/Users/muchniki/dev/cfgov-refresh/test/browser_tests/spec_suites/content/newsroom.js:20:32)
    at /Users/muchniki/.nvm/versions/node/v6.9.5/lib/node_modules/protractor/node_modules/jasminewd2/index.js:110:25
    at new ManagedPromise (/Users/muchniki/.nvm/versions/node/v6.9.5/lib/node_modules/protractor/node_modules/selenium-webdriver/lib/promise.js:1067:7)
    at ControlFlow.promise (/Users/muchniki/.nvm/versions/node/v6.9.5/lib/node_modules/protractor/node_modules/selenium-webdriver/lib/promise.js:2396:12)
    at schedulerExecute (/Users/muchniki/.nvm/versions/node/v6.9.5/lib/node_modules/protractor/node_modules/jasminewd2/index.js:95:18)
    at TaskQueue.execute_ (/Users/muchniki/.nvm/versions/node/v6.9.5/lib/node_modules/protractor/node_modules/selenium-webdriver/lib/promise.js:2970:14)
    at TaskQueue.executeNext_ (/Users/muchniki/.nvm/versions/node/v6.9.5/lib/node_modules/protractor/node_modules/selenium-webdriver/lib/promise.js:2953:27)
    at asyncRun (/Users/muchniki/.nvm/versions/node/v6.9.5/lib/node_modules/protractor/node_modules/selenium-webdriver/lib/promise.js:2860:25)
    at /Users/muchniki/.nvm/versions/node/v6.9.5/lib/node_modules/protractor/node_modules/selenium-webdriver/lib/promise.js:676:7]]>
   </failure>
  </testcase>
  <testcase classname="focused specs.The Newsroom Page" name="should include a main title" time="0">
   <skipped message="Temporarily disabled with xit" />
  </testcase>
  <testcase classname="focused specs.The Newsroom Page" name="should have a side nav" time="0.241">
   <failure type="toBe" message="Expected false to be true."><![CDATA[Error: Failed expectation
    at Object.<anonymous> (/Users/muchniki/dev/cfgov-refresh/test/browser_tests/spec_suites/content/newsroom.js:28:40)
    at /Users/muchniki/.nvm/versions/node/v6.9.5/lib/node_modules/protractor/node_modules/jasminewd2/index.js:110:25
    at new ManagedPromise (/Users/muchniki/.nvm/versions/node/v6.9.5/lib/node_modules/protractor/node_modules/selenium-webdriver/lib/promise.js:1067:7)
    at ControlFlow.promise (/Users/muchniki/.nvm/versions/node/v6.9.5/lib/node_modules/protractor/node_modules/selenium-webdriver/lib/promise.js:2396:12)
    at schedulerExecute (/Users/muchniki/.nvm/versions/node/v6.9.5/lib/node_modules/protractor/node_modules/jasminewd2/index.js:95:18)
    at TaskQueue.execute_ (/Users/muchniki/.nvm/versions/node/v6.9.5/lib/node_modules/protractor/node_modules/selenium-webdriver/lib/promise.js:2970:14)
    at TaskQueue.executeNext_ (/Users/muchniki/.nvm/versions/node/v6.9.5/lib/node_modules/protractor/node_modules/selenium-webdriver/lib/promise.js:2953:27)
    at asyncRun (/Users/muchniki/.nvm/versions/node/v6.9.5/lib/node_modules/protractor/node_modules/selenium-webdriver/lib/promise.js:2860:25)
    at /Users/muchniki/.nvm/versions/node/v6.9.5/lib/node_modules/protractor/node_modules/selenium-webdriver/lib/promise.js:676:7]]>
   </failure>
  </testcase>
  <testcase classname="focused specs.The Newsroom Page" name="should include a Stay Informed section in the sidebar" time="0.233">
   <failure type="toBe" message="Expected false to be true."><![CDATA[Error: Failed expectation
    at Object.<anonymous> (/Users/muchniki/dev/cfgov-refresh/test/browser_tests/spec_suites/content/newsroom.js:32:52)
    at /Users/muchniki/.nvm/versions/node/v6.9.5/lib/node_modules/protractor/node_modules/jasminewd2/index.js:110:25
    at new ManagedPromise (/Users/muchniki/.nvm/versions/node/v6.9.5/lib/node_modules/protractor/node_modules/selenium-webdriver/lib/promise.js:1067:7)
    at ControlFlow.promise (/Users/muchniki/.nvm/versions/node/v6.9.5/lib/node_modules/protractor/node_modules/selenium-webdriver/lib/promise.js:2396:12)
    at schedulerExecute (/Users/muchniki/.nvm/versions/node/v6.9.5/lib/node_modules/protractor/node_modules/jasminewd2/index.js:95:18)
    at TaskQueue.execute_ (/Users/muchniki/.nvm/versions/node/v6.9.5/lib/node_modules/protractor/node_modules/selenium-webdriver/lib/promise.js:2970:14)
    at TaskQueue.executeNext_ (/Users/muchniki/.nvm/versions/node/v6.9.5/lib/node_modules/protractor/node_modules/selenium-webdriver/lib/promise.js:2953:27)
    at asyncRun (/Users/muchniki/.nvm/versions/node/v6.9.5/lib/node_modules/protractor/node_modules/selenium-webdriver/lib/promise.js:2860:25)
    at /Users/muchniki/.nvm/versions/node/v6.9.5/lib/node_modules/protractor/node_modules/selenium-webdriver/lib/promise.js:676:7]]>
   </failure>
  </testcase>
  <testcase classname="focused specs.The Newsroom Page" name="should include a Stay Informed section title" time="0.236">
   <failure type="exception" message="Failed: No element found using locator: By(css selector, .o-email-signup)"><![CDATA[NoSuchElementError: No element found using locator: By(css selector, .o-email-signup)
    at WebDriverError (/Users/muchniki/.nvm/versions/node/v6.9.5/lib/node_modules/protractor/node_modules/selenium-webdriver/lib/error.js:27:5)
    at NoSuchElementError (/Users/muchniki/.nvm/versions/node/v6.9.5/lib/node_modules/protractor/node_modules/selenium-webdriver/lib/error.js:168:5)
    at elementArrayFinder.getWebElements.then (/Users/muchniki/.nvm/versions/node/v6.9.5/lib/node_modules/protractor/lib/element.ts:851:17)
    at ManagedPromise.invokeCallback_ (/Users/muchniki/.nvm/versions/node/v6.9.5/lib/node_modules/protractor/node_modules/selenium-webdriver/lib/promise.js:1366:14)
    at TaskQueue.execute_ (/Users/muchniki/.nvm/versions/node/v6.9.5/lib/node_modules/protractor/node_modules/selenium-webdriver/lib/promise.js:2970:14)
    at TaskQueue.executeNext_ (/Users/muchniki/.nvm/versions/node/v6.9.5/lib/node_modules/protractor/node_modules/selenium-webdriver/lib/promise.js:2953:27)
    at asyncRun (/Users/muchniki/.nvm/versions/node/v6.9.5/lib/node_modules/protractor/node_modules/selenium-webdriver/lib/promise.js:2813:27)
    at /Users/muchniki/.nvm/versions/node/v6.9.5/lib/node_modules/protractor/node_modules/selenium-webdriver/lib/promise.js:676:7
    at process._tickCallback (internal/process/next_tick.js:103:7)Error
    at ElementArrayFinder.applyAction_ (/Users/muchniki/.nvm/versions/node/v6.9.5/lib/node_modules/protractor/lib/element.ts:482:23)
    at ElementArrayFinder.(anonymous function) [as getText] (/Users/muchniki/.nvm/versions/node/v6.9.5/lib/node_modules/protractor/lib/element.ts:96:21)
    at ElementFinder.(anonymous function) [as getText] (/Users/muchniki/.nvm/versions/node/v6.9.5/lib/node_modules/protractor/lib/element.ts:873:14)
    at Object.<anonymous> (/Users/muchniki/dev/cfgov-refresh/test/browser_tests/spec_suites/content/newsroom.js:36:43)
    at /Users/muchniki/.nvm/versions/node/v6.9.5/lib/node_modules/protractor/node_modules/jasminewd2/index.js:110:25
    at new ManagedPromise (/Users/muchniki/.nvm/versions/node/v6.9.5/lib/node_modules/protractor/node_modules/selenium-webdriver/lib/promise.js:1067:7)
    at ControlFlow.promise (/Users/muchniki/.nvm/versions/node/v6.9.5/lib/node_modules/protractor/node_modules/selenium-webdriver/lib/promise.js:2396:12)
    at schedulerExecute (/Users/muchniki/.nvm/versions/node/v6.9.5/lib/node_modules/protractor/node_modules/jasminewd2/index.js:95:18)
    at TaskQueue.execute_ (/Users/muchniki/.nvm/versions/node/v6.9.5/lib/node_modules/protractor/node_modules/selenium-webdriver/lib/promise.js:2970:14)
    at TaskQueue.executeNext_ (/Users/muchniki/.nvm/versions/node/v6.9.5/lib/node_modules/protractor/node_modules/selenium-webdriver/lib/promise.js:2953:27)
From: Task: Run it("should include a Stay Informed section title") in control flow
    at Object.<anonymous> (/Users/muchniki/.nvm/versions/node/v6.9.5/lib/node_modules/protractor/node_modules/jasminewd2/index.js:94:19)
    at attemptAsync (/Users/muchniki/.nvm/versions/node/v6.9.5/lib/node_modules/protractor/node_modules/jasmine-core/lib/jasmine-core/jasmine.js:1980:24)
    at QueueRunner.run (/Users/muchniki/.nvm/versions/node/v6.9.5/lib/node_modules/protractor/node_modules/jasmine-core/lib/jasmine-core/jasmine.js:1935:9)
    at QueueRunner.execute (/Users/muchniki/.nvm/versions/node/v6.9.5/lib/node_modules/protractor/node_modules/jasmine-core/lib/jasmine-core/jasmine.js:1923:10)
    at Spec.queueRunnerFactory (/Users/muchniki/.nvm/versions/node/v6.9.5/lib/node_modules/protractor/node_modules/jasmine-core/lib/jasmine-core/jasmine.js:714:35)
    at Spec.execute (/Users/muchniki/.nvm/versions/node/v6.9.5/lib/node_modules/protractor/node_modules/jasmine-core/lib/jasmine-core/jasmine.js:371:10)
    at Object.fn (/Users/muchniki/.nvm/versions/node/v6.9.5/lib/node_modules/protractor/node_modules/jasmine-core/lib/jasmine-core/jasmine.js:2579:37)
    at attemptAsync (/Users/muchniki/.nvm/versions/node/v6.9.5/lib/node_modules/protractor/node_modules/jasmine-core/lib/jasmine-core/jasmine.js:1980:24)
    at QueueRunner.run (/Users/muchniki/.nvm/versions/node/v6.9.5/lib/node_modules/protractor/node_modules/jasmine-core/lib/jasmine-core/jasmine.js:1935:9)
    at /Users/muchniki/.nvm/versions/node/v6.9.5/lib/node_modules/protractor/node_modules/jasmine-core/lib/jasmine-core/jasmine.js:1962:16
From asynchronous test: 
Error
    at Suite.<anonymous> (/Users/muchniki/dev/cfgov-refresh/test/browser_tests/spec_suites/content/newsroom.js:35:3)
    at addSpecsToSuite (/Users/muchniki/.nvm/versions/node/v6.9.5/lib/node_modules/protractor/node_modules/jasmine-core/lib/jasmine-core/jasmine.js:867:25)
    at Env.describe (/Users/muchniki/.nvm/versions/node/v6.9.5/lib/node_modules/protractor/node_modules/jasmine-core/lib/jasmine-core/jasmine.js:836:7)
    at describe (/Users/muchniki/.nvm/versions/node/v6.9.5/lib/node_modules/protractor/node_modules/jasmine-core/lib/jasmine-core/jasmine.js:3576:18)
    at Object.<anonymous> (/Users/muchniki/dev/cfgov-refresh/test/browser_tests/spec_suites/content/newsroom.js:11:1)
    at Module._compile (module.js:570:32)
    at Object.Module._extensions..js (module.js:579:10)
    at Module.load (module.js:487:32)
    at tryModuleLoad (module.js:446:12)]]>
   </failure>
  </testcase>
  <testcase classname="focused specs.The Newsroom Page" name="should include a Email Subscribe form" time="0.237">
   <failure type="toBe" message="Expected false to be true."><![CDATA[Error: Failed expectation
    at Object.<anonymous> (/Users/muchniki/dev/cfgov-refresh/test/browser_tests/spec_suites/content/newsroom.js:40:51)
    at /Users/muchniki/.nvm/versions/node/v6.9.5/lib/node_modules/protractor/node_modules/jasminewd2/index.js:110:25
    at new ManagedPromise (/Users/muchniki/.nvm/versions/node/v6.9.5/lib/node_modules/protractor/node_modules/selenium-webdriver/lib/promise.js:1067:7)
    at ControlFlow.promise (/Users/muchniki/.nvm/versions/node/v6.9.5/lib/node_modules/protractor/node_modules/selenium-webdriver/lib/promise.js:2396:12)
    at schedulerExecute (/Users/muchniki/.nvm/versions/node/v6.9.5/lib/node_modules/protractor/node_modules/jasminewd2/index.js:95:18)
    at TaskQueue.execute_ (/Users/muchniki/.nvm/versions/node/v6.9.5/lib/node_modules/protractor/node_modules/selenium-webdriver/lib/promise.js:2970:14)
    at TaskQueue.executeNext_ (/Users/muchniki/.nvm/versions/node/v6.9.5/lib/node_modules/protractor/node_modules/selenium-webdriver/lib/promise.js:2953:27)
    at asyncRun (/Users/muchniki/.nvm/versions/node/v6.9.5/lib/node_modules/protractor/node_modules/selenium-webdriver/lib/promise.js:2860:25)
    at /Users/muchniki/.nvm/versions/node/v6.9.5/lib/node_modules/protractor/node_modules/selenium-webdriver/lib/promise.js:676:7]]>
   </failure>
  </testcase>
  <testcase classname="focused specs.The Newsroom Page" name="should include a Email Subscribe label" time="0.241">
   <failure type="exception" message="Failed: No element found using locator: By(css selector, .o-email-signup)"><![CDATA[NoSuchElementError: No element found using locator: By(css selector, .o-email-signup)
    at WebDriverError (/Users/muchniki/.nvm/versions/node/v6.9.5/lib/node_modules/protractor/node_modules/selenium-webdriver/lib/error.js:27:5)
    at NoSuchElementError (/Users/muchniki/.nvm/versions/node/v6.9.5/lib/node_modules/protractor/node_modules/selenium-webdriver/lib/error.js:168:5)
    at elementArrayFinder.getWebElements.then (/Users/muchniki/.nvm/versions/node/v6.9.5/lib/node_modules/protractor/lib/element.ts:851:17)
    at ManagedPromise.invokeCallback_ (/Users/muchniki/.nvm/versions/node/v6.9.5/lib/node_modules/protractor/node_modules/selenium-webdriver/lib/promise.js:1366:14)
    at TaskQueue.execute_ (/Users/muchniki/.nvm/versions/node/v6.9.5/lib/node_modules/protractor/node_modules/selenium-webdriver/lib/promise.js:2970:14)
    at TaskQueue.executeNext_ (/Users/muchniki/.nvm/versions/node/v6.9.5/lib/node_modules/protractor/node_modules/selenium-webdriver/lib/promise.js:2953:27)
    at asyncRun (/Users/muchniki/.nvm/versions/node/v6.9.5/lib/node_modules/protractor/node_modules/selenium-webdriver/lib/promise.js:2813:27)
    at /Users/muchniki/.nvm/versions/node/v6.9.5/lib/node_modules/protractor/node_modules/selenium-webdriver/lib/promise.js:676:7
    at process._tickCallback (internal/process/next_tick.js:103:7)Error
    at ElementArrayFinder.applyAction_ (/Users/muchniki/.nvm/versions/node/v6.9.5/lib/node_modules/protractor/lib/element.ts:482:23)
    at ElementArrayFinder.(anonymous function) [as getText] (/Users/muchniki/.nvm/versions/node/v6.9.5/lib/node_modules/protractor/lib/element.ts:96:21)
    at ElementFinder.(anonymous function) [as getText] (/Users/muchniki/.nvm/versions/node/v6.9.5/lib/node_modules/protractor/lib/element.ts:873:14)
    at Object.<anonymous> (/Users/muchniki/dev/cfgov-refresh/test/browser_tests/spec_suites/content/newsroom.js:44:33)
    at /Users/muchniki/.nvm/versions/node/v6.9.5/lib/node_modules/protractor/node_modules/jasminewd2/index.js:110:25
    at new ManagedPromise (/Users/muchniki/.nvm/versions/node/v6.9.5/lib/node_modules/protractor/node_modules/selenium-webdriver/lib/promise.js:1067:7)
    at ControlFlow.promise (/Users/muchniki/.nvm/versions/node/v6.9.5/lib/node_modules/protractor/node_modules/selenium-webdriver/lib/promise.js:2396:12)
    at schedulerExecute (/Users/muchniki/.nvm/versions/node/v6.9.5/lib/node_modules/protractor/node_modules/jasminewd2/index.js:95:18)
    at TaskQueue.execute_ (/Users/muchniki/.nvm/versions/node/v6.9.5/lib/node_modules/protractor/node_modules/selenium-webdriver/lib/promise.js:2970:14)
    at TaskQueue.executeNext_ (/Users/muchniki/.nvm/versions/node/v6.9.5/lib/node_modules/protractor/node_modules/selenium-webdriver/lib/promise.js:2953:27)
From: Task: Run it("should include a Email Subscribe label") in control flow
    at Object.<anonymous> (/Users/muchniki/.nvm/versions/node/v6.9.5/lib/node_modules/protractor/node_modules/jasminewd2/index.js:94:19)
    at attemptAsync (/Users/muchniki/.nvm/versions/node/v6.9.5/lib/node_modules/protractor/node_modules/jasmine-core/lib/jasmine-core/jasmine.js:1980:24)
    at QueueRunner.run (/Users/muchniki/.nvm/versions/node/v6.9.5/lib/node_modules/protractor/node_modules/jasmine-core/lib/jasmine-core/jasmine.js:1935:9)
    at QueueRunner.execute (/Users/muchniki/.nvm/versions/node/v6.9.5/lib/node_modules/protractor/node_modules/jasmine-core/lib/jasmine-core/jasmine.js:1923:10)
    at Spec.queueRunnerFactory (/Users/muchniki/.nvm/versions/node/v6.9.5/lib/node_modules/protractor/node_modules/jasmine-core/lib/jasmine-core/jasmine.js:714:35)
    at Spec.execute (/Users/muchniki/.nvm/versions/node/v6.9.5/lib/node_modules/protractor/node_modules/jasmine-core/lib/jasmine-core/jasmine.js:371:10)
    at Object.fn (/Users/muchniki/.nvm/versions/node/v6.9.5/lib/node_modules/protractor/node_modules/jasmine-core/lib/jasmine-core/jasmine.js:2579:37)
    at attemptAsync (/Users/muchniki/.nvm/versions/node/v6.9.5/lib/node_modules/protractor/node_modules/jasmine-core/lib/jasmine-core/jasmine.js:1980:24)
    at QueueRunner.run (/Users/muchniki/.nvm/versions/node/v6.9.5/lib/node_modules/protractor/node_modules/jasmine-core/lib/jasmine-core/jasmine.js:1935:9)
    at /Users/muchniki/.nvm/versions/node/v6.9.5/lib/node_modules/protractor/node_modules/jasmine-core/lib/jasmine-core/jasmine.js:1962:16
From asynchronous test: 
Error
    at Suite.<anonymous> (/Users/muchniki/dev/cfgov-refresh/test/browser_tests/spec_suites/content/newsroom.js:43:3)
    at addSpecsToSuite (/Users/muchniki/.nvm/versions/node/v6.9.5/lib/node_modules/protractor/node_modules/jasmine-core/lib/jasmine-core/jasmine.js:867:25)
    at Env.describe (/Users/muchniki/.nvm/versions/node/v6.9.5/lib/node_modules/protractor/node_modules/jasmine-core/lib/jasmine-core/jasmine.js:836:7)
    at describe (/Users/muchniki/.nvm/versions/node/v6.9.5/lib/node_modules/protractor/node_modules/jasmine-core/lib/jasmine-core/jasmine.js:3576:18)
    at Object.<anonymous> (/Users/muchniki/dev/cfgov-refresh/test/browser_tests/spec_suites/content/newsroom.js:11:1)
    at Module._compile (module.js:570:32)
    at Object.Module._extensions..js (module.js:579:10)
    at Module.load (module.js:487:32)
    at tryModuleLoad (module.js:446:12)]]>
   </failure>
  </testcase>
  <testcase classname="focused specs.The Newsroom Page" name="should include an Email Subscribe input" time="0.245">
   <failure type="toBe" message="Expected false to be true."><![CDATA[Error: Failed expectation
    at Object.<anonymous> (/Users/muchniki/dev/cfgov-refresh/test/browser_tests/spec_suites/content/newsroom.js:48:47)
    at /Users/muchniki/.nvm/versions/node/v6.9.5/lib/node_modules/protractor/node_modules/jasminewd2/index.js:110:25
    at new ManagedPromise (/Users/muchniki/.nvm/versions/node/v6.9.5/lib/node_modules/protractor/node_modules/selenium-webdriver/lib/promise.js:1067:7)
    at ControlFlow.promise (/Users/muchniki/.nvm/versions/node/v6.9.5/lib/node_modules/protractor/node_modules/selenium-webdriver/lib/promise.js:2396:12)
    at schedulerExecute (/Users/muchniki/.nvm/versions/node/v6.9.5/lib/node_modules/protractor/node_modules/jasminewd2/index.js:95:18)
    at TaskQueue.execute_ (/Users/muchniki/.nvm/versions/node/v6.9.5/lib/node_modules/protractor/node_modules/selenium-webdriver/lib/promise.js:2970:14)
    at TaskQueue.executeNext_ (/Users/muchniki/.nvm/versions/node/v6.9.5/lib/node_modules/protractor/node_modules/selenium-webdriver/lib/promise.js:2953:27)
    at asyncRun (/Users/muchniki/.nvm/versions/node/v6.9.5/lib/node_modules/protractor/node_modules/selenium-webdriver/lib/promise.js:2860:25)
    at /Users/muchniki/.nvm/versions/node/v6.9.5/lib/node_modules/protractor/node_modules/selenium-webdriver/lib/promise.js:676:7]]>
   </failure>
  </testcase>
  <testcase classname="focused specs.The Newsroom Page" name="should include a Email Subscribe hidden field" time="0.241">
   <failure type="exception" message="Failed: No element found using locator: By(css selector, .o-email-signup)"><![CDATA[NoSuchElementError: No element found using locator: By(css selector, .o-email-signup)
    at WebDriverError (/Users/muchniki/.nvm/versions/node/v6.9.5/lib/node_modules/protractor/node_modules/selenium-webdriver/lib/error.js:27:5)
    at NoSuchElementError (/Users/muchniki/.nvm/versions/node/v6.9.5/lib/node_modules/protractor/node_modules/selenium-webdriver/lib/error.js:168:5)
    at elementArrayFinder.getWebElements.then (/Users/muchniki/.nvm/versions/node/v6.9.5/lib/node_modules/protractor/lib/element.ts:851:17)
    at ManagedPromise.invokeCallback_ (/Users/muchniki/.nvm/versions/node/v6.9.5/lib/node_modules/protractor/node_modules/selenium-webdriver/lib/promise.js:1366:14)
    at TaskQueue.execute_ (/Users/muchniki/.nvm/versions/node/v6.9.5/lib/node_modules/protractor/node_modules/selenium-webdriver/lib/promise.js:2970:14)
    at TaskQueue.executeNext_ (/Users/muchniki/.nvm/versions/node/v6.9.5/lib/node_modules/protractor/node_modules/selenium-webdriver/lib/promise.js:2953:27)
    at asyncRun (/Users/muchniki/.nvm/versions/node/v6.9.5/lib/node_modules/protractor/node_modules/selenium-webdriver/lib/promise.js:2813:27)
    at /Users/muchniki/.nvm/versions/node/v6.9.5/lib/node_modules/protractor/node_modules/selenium-webdriver/lib/promise.js:676:7
    at process._tickCallback (internal/process/next_tick.js:103:7)Error
    at ElementArrayFinder.applyAction_ (/Users/muchniki/.nvm/versions/node/v6.9.5/lib/node_modules/protractor/lib/element.ts:482:23)
    at ElementArrayFinder.(anonymous function) [as getAttribute] (/Users/muchniki/.nvm/versions/node/v6.9.5/lib/node_modules/protractor/lib/element.ts:96:21)
    at ElementFinder.(anonymous function) [as getAttribute] (/Users/muchniki/.nvm/versions/node/v6.9.5/lib/node_modules/protractor/lib/element.ts:873:14)
    at Object.<anonymous> (/Users/muchniki/dev/cfgov-refresh/test/browser_tests/spec_suites/content/newsroom.js:52:39)
    at /Users/muchniki/.nvm/versions/node/v6.9.5/lib/node_modules/protractor/node_modules/jasminewd2/index.js:110:25
    at new ManagedPromise (/Users/muchniki/.nvm/versions/node/v6.9.5/lib/node_modules/protractor/node_modules/selenium-webdriver/lib/promise.js:1067:7)
    at ControlFlow.promise (/Users/muchniki/.nvm/versions/node/v6.9.5/lib/node_modules/protractor/node_modules/selenium-webdriver/lib/promise.js:2396:12)
    at schedulerExecute (/Users/muchniki/.nvm/versions/node/v6.9.5/lib/node_modules/protractor/node_modules/jasminewd2/index.js:95:18)
    at TaskQueue.execute_ (/Users/muchniki/.nvm/versions/node/v6.9.5/lib/node_modules/protractor/node_modules/selenium-webdriver/lib/promise.js:2970:14)
    at TaskQueue.executeNext_ (/Users/muchniki/.nvm/versions/node/v6.9.5/lib/node_modules/protractor/node_modules/selenium-webdriver/lib/promise.js:2953:27)
From: Task: Run it("should include a Email Subscribe hidden field") in control flow
    at Object.<anonymous> (/Users/muchniki/.nvm/versions/node/v6.9.5/lib/node_modules/protractor/node_modules/jasminewd2/index.js:94:19)
    at attemptAsync (/Users/muchniki/.nvm/versions/node/v6.9.5/lib/node_modules/protractor/node_modules/jasmine-core/lib/jasmine-core/jasmine.js:1980:24)
    at QueueRunner.run (/Users/muchniki/.nvm/versions/node/v6.9.5/lib/node_modules/protractor/node_modules/jasmine-core/lib/jasmine-core/jasmine.js:1935:9)
    at QueueRunner.execute (/Users/muchniki/.nvm/versions/node/v6.9.5/lib/node_modules/protractor/node_modules/jasmine-core/lib/jasmine-core/jasmine.js:1923:10)
    at Spec.queueRunnerFactory (/Users/muchniki/.nvm/versions/node/v6.9.5/lib/node_modules/protractor/node_modules/jasmine-core/lib/jasmine-core/jasmine.js:714:35)
    at Spec.execute (/Users/muchniki/.nvm/versions/node/v6.9.5/lib/node_modules/protractor/node_modules/jasmine-core/lib/jasmine-core/jasmine.js:371:10)
    at Object.fn (/Users/muchniki/.nvm/versions/node/v6.9.5/lib/node_modules/protractor/node_modules/jasmine-core/lib/jasmine-core/jasmine.js:2579:37)
    at attemptAsync (/Users/muchniki/.nvm/versions/node/v6.9.5/lib/node_modules/protractor/node_modules/jasmine-core/lib/jasmine-core/jasmine.js:1980:24)
    at QueueRunner.run (/Users/muchniki/.nvm/versions/node/v6.9.5/lib/node_modules/protractor/node_modules/jasmine-core/lib/jasmine-core/jasmine.js:1935:9)
    at /Users/muchniki/.nvm/versions/node/v6.9.5/lib/node_modules/protractor/node_modules/jasmine-core/lib/jasmine-core/jasmine.js:1962:16
From asynchronous test: 
Error
    at Suite.<anonymous> (/Users/muchniki/dev/cfgov-refresh/test/browser_tests/spec_suites/content/newsroom.js:51:3)
    at addSpecsToSuite (/Users/muchniki/.nvm/versions/node/v6.9.5/lib/node_modules/protractor/node_modules/jasmine-core/lib/jasmine-core/jasmine.js:867:25)
    at Env.describe (/Users/muchniki/.nvm/versions/node/v6.9.5/lib/node_modules/protractor/node_modules/jasmine-core/lib/jasmine-core/jasmine.js:836:7)
    at describe (/Users/muchniki/.nvm/versions/node/v6.9.5/lib/node_modules/protractor/node_modules/jasmine-core/lib/jasmine-core/jasmine.js:3576:18)
    at Object.<anonymous> (/Users/muchniki/dev/cfgov-refresh/test/browser_tests/spec_suites/content/newsroom.js:11:1)
    at Module._compile (module.js:570:32)
    at Object.Module._extensions..js (module.js:579:10)
    at Module.load (module.js:487:32)
    at tryModuleLoad (module.js:446:12)]]>
   </failure>
  </testcase>
  <testcase classname="focused specs.The Newsroom Page" name="should include a Email Subscribe button" time="0.233">
   <failure type="exception" message="Failed: No element found using locator: By(css selector, .o-email-signup)"><![CDATA[NoSuchElementError: No element found using locator: By(css selector, .o-email-signup)
    at WebDriverError (/Users/muchniki/.nvm/versions/node/v6.9.5/lib/node_modules/protractor/node_modules/selenium-webdriver/lib/error.js:27:5)
    at NoSuchElementError (/Users/muchniki/.nvm/versions/node/v6.9.5/lib/node_modules/protractor/node_modules/selenium-webdriver/lib/error.js:168:5)
    at elementArrayFinder.getWebElements.then (/Users/muchniki/.nvm/versions/node/v6.9.5/lib/node_modules/protractor/lib/element.ts:851:17)
    at ManagedPromise.invokeCallback_ (/Users/muchniki/.nvm/versions/node/v6.9.5/lib/node_modules/protractor/node_modules/selenium-webdriver/lib/promise.js:1366:14)
    at TaskQueue.execute_ (/Users/muchniki/.nvm/versions/node/v6.9.5/lib/node_modules/protractor/node_modules/selenium-webdriver/lib/promise.js:2970:14)
    at TaskQueue.executeNext_ (/Users/muchniki/.nvm/versions/node/v6.9.5/lib/node_modules/protractor/node_modules/selenium-webdriver/lib/promise.js:2953:27)
    at asyncRun (/Users/muchniki/.nvm/versions/node/v6.9.5/lib/node_modules/protractor/node_modules/selenium-webdriver/lib/promise.js:2813:27)
    at /Users/muchniki/.nvm/versions/node/v6.9.5/lib/node_modules/protractor/node_modules/selenium-webdriver/lib/promise.js:676:7
    at process._tickCallback (internal/process/next_tick.js:103:7)Error
    at ElementArrayFinder.applyAction_ (/Users/muchniki/.nvm/versions/node/v6.9.5/lib/node_modules/protractor/lib/element.ts:482:23)
    at ElementArrayFinder.(anonymous function) [as getAttribute] (/Users/muchniki/.nvm/versions/node/v6.9.5/lib/node_modules/protractor/lib/element.ts:96:21)
    at ElementFinder.(anonymous function) [as getAttribute] (/Users/muchniki/.nvm/versions/node/v6.9.5/lib/node_modules/protractor/lib/element.ts:873:14)
    at Object.<anonymous> (/Users/muchniki/dev/cfgov-refresh/test/browser_tests/spec_suites/content/newsroom.js:59:31)
    at /Users/muchniki/.nvm/versions/node/v6.9.5/lib/node_modules/protractor/node_modules/jasminewd2/index.js:110:25
    at new ManagedPromise (/Users/muchniki/.nvm/versions/node/v6.9.5/lib/node_modules/protractor/node_modules/selenium-webdriver/lib/promise.js:1067:7)
    at ControlFlow.promise (/Users/muchniki/.nvm/versions/node/v6.9.5/lib/node_modules/protractor/node_modules/selenium-webdriver/lib/promise.js:2396:12)
    at schedulerExecute (/Users/muchniki/.nvm/versions/node/v6.9.5/lib/node_modules/protractor/node_modules/jasminewd2/index.js:95:18)
    at TaskQueue.execute_ (/Users/muchniki/.nvm/versions/node/v6.9.5/lib/node_modules/protractor/node_modules/selenium-webdriver/lib/promise.js:2970:14)
    at TaskQueue.executeNext_ (/Users/muchniki/.nvm/versions/node/v6.9.5/lib/node_modules/protractor/node_modules/selenium-webdriver/lib/promise.js:2953:27)
From: Task: Run it("should include a Email Subscribe button") in control flow
    at Object.<anonymous> (/Users/muchniki/.nvm/versions/node/v6.9.5/lib/node_modules/protractor/node_modules/jasminewd2/index.js:94:19)
    at attemptAsync (/Users/muchniki/.nvm/versions/node/v6.9.5/lib/node_modules/protractor/node_modules/jasmine-core/lib/jasmine-core/jasmine.js:1980:24)
    at QueueRunner.run (/Users/muchniki/.nvm/versions/node/v6.9.5/lib/node_modules/protractor/node_modules/jasmine-core/lib/jasmine-core/jasmine.js:1935:9)
    at QueueRunner.execute (/Users/muchniki/.nvm/versions/node/v6.9.5/lib/node_modules/protractor/node_modules/jasmine-core/lib/jasmine-core/jasmine.js:1923:10)
    at Spec.queueRunnerFactory (/Users/muchniki/.nvm/versions/node/v6.9.5/lib/node_modules/protractor/node_modules/jasmine-core/lib/jasmine-core/jasmine.js:714:35)
    at Spec.execute (/Users/muchniki/.nvm/versions/node/v6.9.5/lib/node_modules/protractor/node_modules/jasmine-core/lib/jasmine-core/jasmine.js:371:10)
    at Object.fn (/Users/muchniki/.nvm/versions/node/v6.9.5/lib/node_modules/protractor/node_modules/jasmine-core/lib/jasmine-core/jasmine.js:2579:37)
    at attemptAsync (/Users/muchniki/.nvm/versions/node/v6.9.5/lib/node_modules/protractor/node_modules/jasmine-core/lib/jasmine-core/jasmine.js:1980:24)
    at QueueRunner.run (/Users/muchniki/.nvm/versions/node/v6.9.5/lib/node_modules/protractor/node_modules/jasmine-core/lib/jasmine-core/jasmine.js:1935:9)
    at /Users/muchniki/.nvm/versions/node/v6.9.5/lib/node_modules/protractor/node_modules/jasmine-core/lib/jasmine-core/jasmine.js:1962:16
From asynchronous test: 
Error
    at Suite.<anonymous> (/Users/muchniki/dev/cfgov-refresh/test/browser_tests/spec_suites/content/newsroom.js:58:3)
    at addSpecsToSuite (/Users/muchniki/.nvm/versions/node/v6.9.5/lib/node_modules/protractor/node_modules/jasmine-core/lib/jasmine-core/jasmine.js:867:25)
    at Env.describe (/Users/muchniki/.nvm/versions/node/v6.9.5/lib/node_modules/protractor/node_modules/jasmine-core/lib/jasmine-core/jasmine.js:836:7)
    at describe (/Users/muchniki/.nvm/versions/node/v6.9.5/lib/node_modules/protractor/node_modules/jasmine-core/lib/jasmine-core/jasmine.js:3576:18)
    at Object.<anonymous> (/Users/muchniki/dev/cfgov-refresh/test/browser_tests/spec_suites/content/newsroom.js:11:1)
    at Module._compile (module.js:570:32)
    at Object.Module._extensions..js (module.js:579:10)
    at Module.load (module.js:487:32)
    at tryModuleLoad (module.js:446:12)]]>
   </failure>
  </testcase>
  <testcase classname="focused specs.The Newsroom Page" name="should include a RSS Subscribe section" time="0.235">
   <failure type="toBe" message="Expected false to be true."><![CDATA[Error: Failed expectation
    at Object.<anonymous> (/Users/muchniki/dev/cfgov-refresh/test/browser_tests/spec_suites/content/newsroom.js:64:52)
    at /Users/muchniki/.nvm/versions/node/v6.9.5/lib/node_modules/protractor/node_modules/jasminewd2/index.js:110:25
    at new ManagedPromise (/Users/muchniki/.nvm/versions/node/v6.9.5/lib/node_modules/protractor/node_modules/selenium-webdriver/lib/promise.js:1067:7)
    at ControlFlow.promise (/Users/muchniki/.nvm/versions/node/v6.9.5/lib/node_modules/protractor/node_modules/selenium-webdriver/lib/promise.js:2396:12)
    at schedulerExecute (/Users/muchniki/.nvm/versions/node/v6.9.5/lib/node_modules/protractor/node_modules/jasminewd2/index.js:95:18)
    at TaskQueue.execute_ (/Users/muchniki/.nvm/versions/node/v6.9.5/lib/node_modules/protractor/node_modules/selenium-webdriver/lib/promise.js:2970:14)
    at TaskQueue.executeNext_ (/Users/muchniki/.nvm/versions/node/v6.9.5/lib/node_modules/protractor/node_modules/selenium-webdriver/lib/promise.js:2953:27)
    at asyncRun (/Users/muchniki/.nvm/versions/node/v6.9.5/lib/node_modules/protractor/node_modules/selenium-webdriver/lib/promise.js:2860:25)
    at /Users/muchniki/.nvm/versions/node/v6.9.5/lib/node_modules/protractor/node_modules/selenium-webdriver/lib/promise.js:676:7]]>
   </failure>
  </testcase>
  <testcase classname="focused specs.The Newsroom Page" name="should include a RSS Subscribe button" time="0.236">
   <failure type="exception" message="Failed: No element found using locator: By(css selector, [data-qa-hook=&quot;rss-subscribe-section&quot;])"><![CDATA[NoSuchElementError: No element found using locator: By(css selector, [data-qa-hook="rss-subscribe-section"])
    at WebDriverError (/Users/muchniki/.nvm/versions/node/v6.9.5/lib/node_modules/protractor/node_modules/selenium-webdriver/lib/error.js:27:5)
    at NoSuchElementError (/Users/muchniki/.nvm/versions/node/v6.9.5/lib/node_modules/protractor/node_modules/selenium-webdriver/lib/error.js:168:5)
    at elementArrayFinder.getWebElements.then (/Users/muchniki/.nvm/versions/node/v6.9.5/lib/node_modules/protractor/lib/element.ts:851:17)
    at ManagedPromise.invokeCallback_ (/Users/muchniki/.nvm/versions/node/v6.9.5/lib/node_modules/protractor/node_modules/selenium-webdriver/lib/promise.js:1366:14)
    at TaskQueue.execute_ (/Users/muchniki/.nvm/versions/node/v6.9.5/lib/node_modules/protractor/node_modules/selenium-webdriver/lib/promise.js:2970:14)
    at TaskQueue.executeNext_ (/Users/muchniki/.nvm/versions/node/v6.9.5/lib/node_modules/protractor/node_modules/selenium-webdriver/lib/promise.js:2953:27)
    at asyncRun (/Users/muchniki/.nvm/versions/node/v6.9.5/lib/node_modules/protractor/node_modules/selenium-webdriver/lib/promise.js:2813:27)
    at /Users/muchniki/.nvm/versions/node/v6.9.5/lib/node_modules/protractor/node_modules/selenium-webdriver/lib/promise.js:676:7
    at process._tickCallback (internal/process/next_tick.js:103:7)Error
    at ElementArrayFinder.applyAction_ (/Users/muchniki/.nvm/versions/node/v6.9.5/lib/node_modules/protractor/lib/element.ts:482:23)
    at ElementArrayFinder.(anonymous function) [as getText] (/Users/muchniki/.nvm/versions/node/v6.9.5/lib/node_modules/protractor/lib/element.ts:96:21)
    at ElementFinder.(anonymous function) [as getText] (/Users/muchniki/.nvm/versions/node/v6.9.5/lib/node_modules/protractor/lib/element.ts:873:14)
    at Object.<anonymous> (/Users/muchniki/dev/cfgov-refresh/test/browser_tests/spec_suites/content/newsroom.js:68:34)
    at /Users/muchniki/.nvm/versions/node/v6.9.5/lib/node_modules/protractor/node_modules/jasminewd2/index.js:110:25
    at new ManagedPromise (/Users/muchniki/.nvm/versions/node/v6.9.5/lib/node_modules/protractor/node_modules/selenium-webdriver/lib/promise.js:1067:7)
    at ControlFlow.promise (/Users/muchniki/.nvm/versions/node/v6.9.5/lib/node_modules/protractor/node_modules/selenium-webdriver/lib/promise.js:2396:12)
    at schedulerExecute (/Users/muchniki/.nvm/versions/node/v6.9.5/lib/node_modules/protractor/node_modules/jasminewd2/index.js:95:18)
    at TaskQueue.execute_ (/Users/muchniki/.nvm/versions/node/v6.9.5/lib/node_modules/protractor/node_modules/selenium-webdriver/lib/promise.js:2970:14)
    at TaskQueue.executeNext_ (/Users/muchniki/.nvm/versions/node/v6.9.5/lib/node_modules/protractor/node_modules/selenium-webdriver/lib/promise.js:2953:27)
From: Task: Run it("should include a RSS Subscribe button") in control flow
    at Object.<anonymous> (/Users/muchniki/.nvm/versions/node/v6.9.5/lib/node_modules/protractor/node_modules/jasminewd2/index.js:94:19)
    at attemptAsync (/Users/muchniki/.nvm/versions/node/v6.9.5/lib/node_modules/protractor/node_modules/jasmine-core/lib/jasmine-core/jasmine.js:1980:24)
    at QueueRunner.run (/Users/muchniki/.nvm/versions/node/v6.9.5/lib/node_modules/protractor/node_modules/jasmine-core/lib/jasmine-core/jasmine.js:1935:9)
    at QueueRunner.execute (/Users/muchniki/.nvm/versions/node/v6.9.5/lib/node_modules/protractor/node_modules/jasmine-core/lib/jasmine-core/jasmine.js:1923:10)
    at Spec.queueRunnerFactory (/Users/muchniki/.nvm/versions/node/v6.9.5/lib/node_modules/protractor/node_modules/jasmine-core/lib/jasmine-core/jasmine.js:714:35)
    at Spec.execute (/Users/muchniki/.nvm/versions/node/v6.9.5/lib/node_modules/protractor/node_modules/jasmine-core/lib/jasmine-core/jasmine.js:371:10)
    at Object.fn (/Users/muchniki/.nvm/versions/node/v6.9.5/lib/node_modules/protractor/node_modules/jasmine-core/lib/jasmine-core/jasmine.js:2579:37)
    at attemptAsync (/Users/muchniki/.nvm/versions/node/v6.9.5/lib/node_modules/protractor/node_modules/jasmine-core/lib/jasmine-core/jasmine.js:1980:24)
    at QueueRunner.run (/Users/muchniki/.nvm/versions/node/v6.9.5/lib/node_modules/protractor/node_modules/jasmine-core/lib/jasmine-core/jasmine.js:1935:9)
    at /Users/muchniki/.nvm/versions/node/v6.9.5/lib/node_modules/protractor/node_modules/jasmine-core/lib/jasmine-core/jasmine.js:1962:16
From asynchronous test: 
Error
    at Suite.<anonymous> (/Users/muchniki/dev/cfgov-refresh/test/browser_tests/spec_suites/content/newsroom.js:67:3)
    at addSpecsToSuite (/Users/muchniki/.nvm/versions/node/v6.9.5/lib/node_modules/protractor/node_modules/jasmine-core/lib/jasmine-core/jasmine.js:867:25)
    at Env.describe (/Users/muchniki/.nvm/versions/node/v6.9.5/lib/node_modules/protractor/node_modules/jasmine-core/lib/jasmine-core/jasmine.js:836:7)
    at describe (/Users/muchniki/.nvm/versions/node/v6.9.5/lib/node_modules/protractor/node_modules/jasmine-core/lib/jasmine-core/jasmine.js:3576:18)
    at Object.<anonymous> (/Users/muchniki/dev/cfgov-refresh/test/browser_tests/spec_suites/content/newsroom.js:11:1)
    at Module._compile (module.js:570:32)
    at Object.Module._extensions..js (module.js:579:10)
    at Module.load (module.js:487:32)
    at tryModuleLoad (module.js:446:12)]]>
   </failure>
  </testcase>
  <testcase classname="focused specs.The Newsroom Page" name="should include a search filter" time="0.256">
   <failure type="toBe" message="Expected false to be true."><![CDATA[Error: Failed expectation
    at Object.<anonymous> (/Users/muchniki/dev/cfgov-refresh/test/browser_tests/spec_suites/content/newsroom.js:72:45)
    at /Users/muchniki/.nvm/versions/node/v6.9.5/lib/node_modules/protractor/node_modules/jasminewd2/index.js:110:25
    at new ManagedPromise (/Users/muchniki/.nvm/versions/node/v6.9.5/lib/node_modules/protractor/node_modules/selenium-webdriver/lib/promise.js:1067:7)
    at ControlFlow.promise (/Users/muchniki/.nvm/versions/node/v6.9.5/lib/node_modules/protractor/node_modules/selenium-webdriver/lib/promise.js:2396:12)
    at schedulerExecute (/Users/muchniki/.nvm/versions/node/v6.9.5/lib/node_modules/protractor/node_modules/jasminewd2/index.js:95:18)
    at TaskQueue.execute_ (/Users/muchniki/.nvm/versions/node/v6.9.5/lib/node_modules/protractor/node_modules/selenium-webdriver/lib/promise.js:2970:14)
    at TaskQueue.executeNext_ (/Users/muchniki/.nvm/versions/node/v6.9.5/lib/node_modules/protractor/node_modules/selenium-webdriver/lib/promise.js:2953:27)
    at asyncRun (/Users/muchniki/.nvm/versions/node/v6.9.5/lib/node_modules/protractor/node_modules/selenium-webdriver/lib/promise.js:2860:25)
    at /Users/muchniki/.nvm/versions/node/v6.9.5/lib/node_modules/protractor/node_modules/selenium-webdriver/lib/promise.js:676:7]]>
   </failure>
  </testcase>
  <testcase classname="focused specs.The Newsroom Page" name="should include a search filter button" time="0.239">
   <failure type="exception" message="Failed: No element found using locator: By(css selector, .o-filterable-list-controls .o-expandable)"><![CDATA[NoSuchElementError: No element found using locator: By(css selector, .o-filterable-list-controls .o-expandable)
    at WebDriverError (/Users/muchniki/.nvm/versions/node/v6.9.5/lib/node_modules/protractor/node_modules/selenium-webdriver/lib/error.js:27:5)
    at NoSuchElementError (/Users/muchniki/.nvm/versions/node/v6.9.5/lib/node_modules/protractor/node_modules/selenium-webdriver/lib/error.js:168:5)
    at elementArrayFinder.getWebElements.then (/Users/muchniki/.nvm/versions/node/v6.9.5/lib/node_modules/protractor/lib/element.ts:851:17)
    at ManagedPromise.invokeCallback_ (/Users/muchniki/.nvm/versions/node/v6.9.5/lib/node_modules/protractor/node_modules/selenium-webdriver/lib/promise.js:1366:14)
    at TaskQueue.execute_ (/Users/muchniki/.nvm/versions/node/v6.9.5/lib/node_modules/protractor/node_modules/selenium-webdriver/lib/promise.js:2970:14)
    at TaskQueue.executeNext_ (/Users/muchniki/.nvm/versions/node/v6.9.5/lib/node_modules/protractor/node_modules/selenium-webdriver/lib/promise.js:2953:27)
    at asyncRun (/Users/muchniki/.nvm/versions/node/v6.9.5/lib/node_modules/protractor/node_modules/selenium-webdriver/lib/promise.js:2813:27)
    at /Users/muchniki/.nvm/versions/node/v6.9.5/lib/node_modules/protractor/node_modules/selenium-webdriver/lib/promise.js:676:7
    at process._tickCallback (internal/process/next_tick.js:103:7)Error
    at ElementArrayFinder.applyAction_ (/Users/muchniki/.nvm/versions/node/v6.9.5/lib/node_modules/protractor/lib/element.ts:482:23)
    at ElementArrayFinder.(anonymous function) [as getText] (/Users/muchniki/.nvm/versions/node/v6.9.5/lib/node_modules/protractor/lib/element.ts:96:21)
    at ElementFinder.(anonymous function) [as getText] (/Users/muchniki/.nvm/versions/node/v6.9.5/lib/node_modules/protractor/lib/element.ts:873:14)
    at Object.<anonymous> (/Users/muchniki/dev/cfgov-refresh/test/browser_tests/spec_suites/content/newsroom.js:76:34)
    at /Users/muchniki/.nvm/versions/node/v6.9.5/lib/node_modules/protractor/node_modules/jasminewd2/index.js:110:25
    at new ManagedPromise (/Users/muchniki/.nvm/versions/node/v6.9.5/lib/node_modules/protractor/node_modules/selenium-webdriver/lib/promise.js:1067:7)
    at ControlFlow.promise (/Users/muchniki/.nvm/versions/node/v6.9.5/lib/node_modules/protractor/node_modules/selenium-webdriver/lib/promise.js:2396:12)
    at schedulerExecute (/Users/muchniki/.nvm/versions/node/v6.9.5/lib/node_modules/protractor/node_modules/jasminewd2/index.js:95:18)
    at TaskQueue.execute_ (/Users/muchniki/.nvm/versions/node/v6.9.5/lib/node_modules/protractor/node_modules/selenium-webdriver/lib/promise.js:2970:14)
    at TaskQueue.executeNext_ (/Users/muchniki/.nvm/versions/node/v6.9.5/lib/node_modules/protractor/node_modules/selenium-webdriver/lib/promise.js:2953:27)
From: Task: Run it("should include a search filter button") in control flow
    at Object.<anonymous> (/Users/muchniki/.nvm/versions/node/v6.9.5/lib/node_modules/protractor/node_modules/jasminewd2/index.js:94:19)
    at attemptAsync (/Users/muchniki/.nvm/versions/node/v6.9.5/lib/node_modules/protractor/node_modules/jasmine-core/lib/jasmine-core/jasmine.js:1980:24)
    at QueueRunner.run (/Users/muchniki/.nvm/versions/node/v6.9.5/lib/node_modules/protractor/node_modules/jasmine-core/lib/jasmine-core/jasmine.js:1935:9)
    at QueueRunner.execute (/Users/muchniki/.nvm/versions/node/v6.9.5/lib/node_modules/protractor/node_modules/jasmine-core/lib/jasmine-core/jasmine.js:1923:10)
    at Spec.queueRunnerFactory (/Users/muchniki/.nvm/versions/node/v6.9.5/lib/node_modules/protractor/node_modules/jasmine-core/lib/jasmine-core/jasmine.js:714:35)
    at Spec.execute (/Users/muchniki/.nvm/versions/node/v6.9.5/lib/node_modules/protractor/node_modules/jasmine-core/lib/jasmine-core/jasmine.js:371:10)
    at Object.fn (/Users/muchniki/.nvm/versions/node/v6.9.5/lib/node_modules/protractor/node_modules/jasmine-core/lib/jasmine-core/jasmine.js:2579:37)
    at attemptAsync (/Users/muchniki/.nvm/versions/node/v6.9.5/lib/node_modules/protractor/node_modules/jasmine-core/lib/jasmine-core/jasmine.js:1980:24)
    at QueueRunner.run (/Users/muchniki/.nvm/versions/node/v6.9.5/lib/node_modules/protractor/node_modules/jasmine-core/lib/jasmine-core/jasmine.js:1935:9)
    at /Users/muchniki/.nvm/versions/node/v6.9.5/lib/node_modules/protractor/node_modules/jasmine-core/lib/jasmine-core/jasmine.js:1962:16
From asynchronous test: 
Error
    at Suite.<anonymous> (/Users/muchniki/dev/cfgov-refresh/test/browser_tests/spec_suites/content/newsroom.js:75:3)
    at addSpecsToSuite (/Users/muchniki/.nvm/versions/node/v6.9.5/lib/node_modules/protractor/node_modules/jasmine-core/lib/jasmine-core/jasmine.js:867:25)
    at Env.describe (/Users/muchniki/.nvm/versions/node/v6.9.5/lib/node_modules/protractor/node_modules/jasmine-core/lib/jasmine-core/jasmine.js:836:7)
    at describe (/Users/muchniki/.nvm/versions/node/v6.9.5/lib/node_modules/protractor/node_modules/jasmine-core/lib/jasmine-core/jasmine.js:3576:18)
    at Object.<anonymous> (/Users/muchniki/dev/cfgov-refresh/test/browser_tests/spec_suites/content/newsroom.js:11:1)
    at Module._compile (module.js:570:32)
    at Object.Module._extensions..js (module.js:579:10)
    at Module.load (module.js:487:32)
    at tryModuleLoad (module.js:446:12)]]>
   </failure>
  </testcase>
  <testcase classname="focused specs.The Newsroom Page" name="should include a search filter categories" time="0">
   <skipped message="Temporarily disabled with xit" />
  </testcase>
  <testcase classname="focused specs.The Newsroom Page" name="should include a visible Show button" time="0.237">
   <failure type="exception" message="Failed: No element found using locator: By(css selector, .o-filterable-list-controls .o-expandable)"><![CDATA[NoSuchElementError: No element found using locator: By(css selector, .o-filterable-list-controls .o-expandable)
    at WebDriverError (/Users/muchniki/.nvm/versions/node/v6.9.5/lib/node_modules/protractor/node_modules/selenium-webdriver/lib/error.js:27:5)
    at NoSuchElementError (/Users/muchniki/.nvm/versions/node/v6.9.5/lib/node_modules/protractor/node_modules/selenium-webdriver/lib/error.js:168:5)
    at elementArrayFinder.getWebElements.then (/Users/muchniki/.nvm/versions/node/v6.9.5/lib/node_modules/protractor/lib/element.ts:851:17)
    at ManagedPromise.invokeCallback_ (/Users/muchniki/.nvm/versions/node/v6.9.5/lib/node_modules/protractor/node_modules/selenium-webdriver/lib/promise.js:1366:14)
    at TaskQueue.execute_ (/Users/muchniki/.nvm/versions/node/v6.9.5/lib/node_modules/protractor/node_modules/selenium-webdriver/lib/promise.js:2970:14)
    at TaskQueue.executeNext_ (/Users/muchniki/.nvm/versions/node/v6.9.5/lib/node_modules/protractor/node_modules/selenium-webdriver/lib/promise.js:2953:27)
    at asyncRun (/Users/muchniki/.nvm/versions/node/v6.9.5/lib/node_modules/protractor/node_modules/selenium-webdriver/lib/promise.js:2813:27)
    at /Users/muchniki/.nvm/versions/node/v6.9.5/lib/node_modules/protractor/node_modules/selenium-webdriver/lib/promise.js:676:7
    at process._tickCallback (internal/process/next_tick.js:103:7)Error
    at ElementArrayFinder.applyAction_ (/Users/muchniki/.nvm/versions/node/v6.9.5/lib/node_modules/protractor/lib/element.ts:482:23)
    at ElementArrayFinder.(anonymous function) [as isDisplayed] (/Users/muchniki/.nvm/versions/node/v6.9.5/lib/node_modules/protractor/lib/element.ts:96:21)
    at ElementFinder.(anonymous function) [as isDisplayed] (/Users/muchniki/.nvm/versions/node/v6.9.5/lib/node_modules/protractor/lib/element.ts:873:14)
    at Object.<anonymous> (/Users/muchniki/dev/cfgov-refresh/test/browser_tests/spec_suites/content/newsroom.js:91:38)
    at /Users/muchniki/.nvm/versions/node/v6.9.5/lib/node_modules/protractor/node_modules/jasminewd2/index.js:110:25
    at new ManagedPromise (/Users/muchniki/.nvm/versions/node/v6.9.5/lib/node_modules/protractor/node_modules/selenium-webdriver/lib/promise.js:1067:7)
    at ControlFlow.promise (/Users/muchniki/.nvm/versions/node/v6.9.5/lib/node_modules/protractor/node_modules/selenium-webdriver/lib/promise.js:2396:12)
    at schedulerExecute (/Users/muchniki/.nvm/versions/node/v6.9.5/lib/node_modules/protractor/node_modules/jasminewd2/index.js:95:18)
    at TaskQueue.execute_ (/Users/muchniki/.nvm/versions/node/v6.9.5/lib/node_modules/protractor/node_modules/selenium-webdriver/lib/promise.js:2970:14)
    at TaskQueue.executeNext_ (/Users/muchniki/.nvm/versions/node/v6.9.5/lib/node_modules/protractor/node_modules/selenium-webdriver/lib/promise.js:2953:27)
From: Task: Run it("should include a visible Show button") in control flow
    at Object.<anonymous> (/Users/muchniki/.nvm/versions/node/v6.9.5/lib/node_modules/protractor/node_modules/jasminewd2/index.js:94:19)
    at attemptAsync (/Users/muchniki/.nvm/versions/node/v6.9.5/lib/node_modules/protractor/node_modules/jasmine-core/lib/jasmine-core/jasmine.js:1980:24)
    at QueueRunner.run (/Users/muchniki/.nvm/versions/node/v6.9.5/lib/node_modules/protractor/node_modules/jasmine-core/lib/jasmine-core/jasmine.js:1935:9)
    at QueueRunner.execute (/Users/muchniki/.nvm/versions/node/v6.9.5/lib/node_modules/protractor/node_modules/jasmine-core/lib/jasmine-core/jasmine.js:1923:10)
    at Spec.queueRunnerFactory (/Users/muchniki/.nvm/versions/node/v6.9.5/lib/node_modules/protractor/node_modules/jasmine-core/lib/jasmine-core/jasmine.js:714:35)
    at Spec.execute (/Users/muchniki/.nvm/versions/node/v6.9.5/lib/node_modules/protractor/node_modules/jasmine-core/lib/jasmine-core/jasmine.js:371:10)
    at Object.fn (/Users/muchniki/.nvm/versions/node/v6.9.5/lib/node_modules/protractor/node_modules/jasmine-core/lib/jasmine-core/jasmine.js:2579:37)
    at attemptAsync (/Users/muchniki/.nvm/versions/node/v6.9.5/lib/node_modules/protractor/node_modules/jasmine-core/lib/jasmine-core/jasmine.js:1980:24)
    at QueueRunner.run (/Users/muchniki/.nvm/versions/node/v6.9.5/lib/node_modules/protractor/node_modules/jasmine-core/lib/jasmine-core/jasmine.js:1935:9)
    at /Users/muchniki/.nvm/versions/node/v6.9.5/lib/node_modules/protractor/node_modules/jasmine-core/lib/jasmine-core/jasmine.js:1962:16
From asynchronous test: 
Error
    at Suite.<anonymous> (/Users/muchniki/dev/cfgov-refresh/test/browser_tests/spec_suites/content/newsroom.js:90:3)
    at addSpecsToSuite (/Users/muchniki/.nvm/versions/node/v6.9.5/lib/node_modules/protractor/node_modules/jasmine-core/lib/jasmine-core/jasmine.js:867:25)
    at Env.describe (/Users/muchniki/.nvm/versions/node/v6.9.5/lib/node_modules/protractor/node_modules/jasmine-core/lib/jasmine-core/jasmine.js:836:7)
    at describe (/Users/muchniki/.nvm/versions/node/v6.9.5/lib/node_modules/protractor/node_modules/jasmine-core/lib/jasmine-core/jasmine.js:3576:18)
    at Object.<anonymous> (/Users/muchniki/dev/cfgov-refresh/test/browser_tests/spec_suites/content/newsroom.js:11:1)
    at Module._compile (module.js:570:32)
    at Object.Module._extensions..js (module.js:579:10)
    at Module.load (module.js:487:32)
    at tryModuleLoad (module.js:446:12)]]>
   </failure>
  </testcase>
  <testcase classname="focused specs.The Newsroom Page" name="should include a hidden Hide button" time="0.241">
   <failure type="exception" message="Failed: No element found using locator: By(css selector, .o-filterable-list-controls .o-expandable)"><![CDATA[NoSuchElementError: No element found using locator: By(css selector, .o-filterable-list-controls .o-expandable)
    at WebDriverError (/Users/muchniki/.nvm/versions/node/v6.9.5/lib/node_modules/protractor/node_modules/selenium-webdriver/lib/error.js:27:5)
    at NoSuchElementError (/Users/muchniki/.nvm/versions/node/v6.9.5/lib/node_modules/protractor/node_modules/selenium-webdriver/lib/error.js:168:5)
    at elementArrayFinder.getWebElements.then (/Users/muchniki/.nvm/versions/node/v6.9.5/lib/node_modules/protractor/lib/element.ts:851:17)
    at ManagedPromise.invokeCallback_ (/Users/muchniki/.nvm/versions/node/v6.9.5/lib/node_modules/protractor/node_modules/selenium-webdriver/lib/promise.js:1366:14)
    at TaskQueue.execute_ (/Users/muchniki/.nvm/versions/node/v6.9.5/lib/node_modules/protractor/node_modules/selenium-webdriver/lib/promise.js:2970:14)
    at TaskQueue.executeNext_ (/Users/muchniki/.nvm/versions/node/v6.9.5/lib/node_modules/protractor/node_modules/selenium-webdriver/lib/promise.js:2953:27)
    at asyncRun (/Users/muchniki/.nvm/versions/node/v6.9.5/lib/node_modules/protractor/node_modules/selenium-webdriver/lib/promise.js:2813:27)
    at /Users/muchniki/.nvm/versions/node/v6.9.5/lib/node_modules/protractor/node_modules/selenium-webdriver/lib/promise.js:676:7
    at process._tickCallback (internal/process/next_tick.js:103:7)Error
    at ElementArrayFinder.applyAction_ (/Users/muchniki/.nvm/versions/node/v6.9.5/lib/node_modules/protractor/lib/element.ts:482:23)
    at ElementArrayFinder.(anonymous function) [as isDisplayed] (/Users/muchniki/.nvm/versions/node/v6.9.5/lib/node_modules/protractor/lib/element.ts:96:21)
    at ElementFinder.(anonymous function) [as isDisplayed] (/Users/muchniki/.nvm/versions/node/v6.9.5/lib/node_modules/protractor/lib/element.ts:873:14)
    at Object.<anonymous> (/Users/muchniki/dev/cfgov-refresh/test/browser_tests/spec_suites/content/newsroom.js:103:38)
    at /Users/muchniki/.nvm/versions/node/v6.9.5/lib/node_modules/protractor/node_modules/jasminewd2/index.js:110:25
    at new ManagedPromise (/Users/muchniki/.nvm/versions/node/v6.9.5/lib/node_modules/protractor/node_modules/selenium-webdriver/lib/promise.js:1067:7)
    at ControlFlow.promise (/Users/muchniki/.nvm/versions/node/v6.9.5/lib/node_modules/protractor/node_modules/selenium-webdriver/lib/promise.js:2396:12)
    at schedulerExecute (/Users/muchniki/.nvm/versions/node/v6.9.5/lib/node_modules/protractor/node_modules/jasminewd2/index.js:95:18)
    at TaskQueue.execute_ (/Users/muchniki/.nvm/versions/node/v6.9.5/lib/node_modules/protractor/node_modules/selenium-webdriver/lib/promise.js:2970:14)
    at TaskQueue.executeNext_ (/Users/muchniki/.nvm/versions/node/v6.9.5/lib/node_modules/protractor/node_modules/selenium-webdriver/lib/promise.js:2953:27)
From: Task: Run it("should include a hidden Hide button") in control flow
    at Object.<anonymous> (/Users/muchniki/.nvm/versions/node/v6.9.5/lib/node_modules/protractor/node_modules/jasminewd2/index.js:94:19)
    at attemptAsync (/Users/muchniki/.nvm/versions/node/v6.9.5/lib/node_modules/protractor/node_modules/jasmine-core/lib/jasmine-core/jasmine.js:1980:24)
    at QueueRunner.run (/Users/muchniki/.nvm/versions/node/v6.9.5/lib/node_modules/protractor/node_modules/jasmine-core/lib/jasmine-core/jasmine.js:1935:9)
    at QueueRunner.execute (/Users/muchniki/.nvm/versions/node/v6.9.5/lib/node_modules/protractor/node_modules/jasmine-core/lib/jasmine-core/jasmine.js:1923:10)
    at Spec.queueRunnerFactory (/Users/muchniki/.nvm/versions/node/v6.9.5/lib/node_modules/protractor/node_modules/jasmine-core/lib/jasmine-core/jasmine.js:714:35)
    at Spec.execute (/Users/muchniki/.nvm/versions/node/v6.9.5/lib/node_modules/protractor/node_modules/jasmine-core/lib/jasmine-core/jasmine.js:371:10)
    at Object.fn (/Users/muchniki/.nvm/versions/node/v6.9.5/lib/node_modules/protractor/node_modules/jasmine-core/lib/jasmine-core/jasmine.js:2579:37)
    at attemptAsync (/Users/muchniki/.nvm/versions/node/v6.9.5/lib/node_modules/protractor/node_modules/jasmine-core/lib/jasmine-core/jasmine.js:1980:24)
    at QueueRunner.run (/Users/muchniki/.nvm/versions/node/v6.9.5/lib/node_modules/protractor/node_modules/jasmine-core/lib/jasmine-core/jasmine.js:1935:9)
    at /Users/muchniki/.nvm/versions/node/v6.9.5/lib/node_modules/protractor/node_modules/jasmine-core/lib/jasmine-core/jasmine.js:1962:16
From asynchronous test: 
Error
    at Suite.<anonymous> (/Users/muchniki/dev/cfgov-refresh/test/browser_tests/spec_suites/content/newsroom.js:102:3)
    at addSpecsToSuite (/Users/muchniki/.nvm/versions/node/v6.9.5/lib/node_modules/protractor/node_modules/jasmine-core/lib/jasmine-core/jasmine.js:867:25)
    at Env.describe (/Users/muchniki/.nvm/versions/node/v6.9.5/lib/node_modules/protractor/node_modules/jasmine-core/lib/jasmine-core/jasmine.js:836:7)
    at describe (/Users/muchniki/.nvm/versions/node/v6.9.5/lib/node_modules/protractor/node_modules/jasmine-core/lib/jasmine-core/jasmine.js:3576:18)
    at Object.<anonymous> (/Users/muchniki/dev/cfgov-refresh/test/browser_tests/spec_suites/content/newsroom.js:11:1)
    at Module._compile (module.js:570:32)
    at Object.Module._extensions..js (module.js:579:10)
    at Module.load (module.js:487:32)
    at tryModuleLoad (module.js:446:12)]]>
   </failure>
  </testcase>
  <testcase classname="focused specs.The Newsroom Page" name="should include pagination results" time="0">
   <skipped message="Temporarily disabled with xit" />
  </testcase>
  <testcase classname="focused specs.The Newsroom Page" name="should include pagination form" time="0.235">
   <failure type="toBe" message="Expected false to be true."><![CDATA[Error: Failed expectation
    at Object.<anonymous> (/Users/muchniki/dev/cfgov-refresh/test/browser_tests/spec_suites/content/newsroom.js:111:47)
    at /Users/muchniki/.nvm/versions/node/v6.9.5/lib/node_modules/protractor/node_modules/jasminewd2/index.js:110:25
    at new ManagedPromise (/Users/muchniki/.nvm/versions/node/v6.9.5/lib/node_modules/protractor/node_modules/selenium-webdriver/lib/promise.js:1067:7)
    at ControlFlow.promise (/Users/muchniki/.nvm/versions/node/v6.9.5/lib/node_modules/protractor/node_modules/selenium-webdriver/lib/promise.js:2396:12)
    at schedulerExecute (/Users/muchniki/.nvm/versions/node/v6.9.5/lib/node_modules/protractor/node_modules/jasminewd2/index.js:95:18)
    at TaskQueue.execute_ (/Users/muchniki/.nvm/versions/node/v6.9.5/lib/node_modules/protractor/node_modules/selenium-webdriver/lib/promise.js:2970:14)
    at TaskQueue.executeNext_ (/Users/muchniki/.nvm/versions/node/v6.9.5/lib/node_modules/protractor/node_modules/selenium-webdriver/lib/promise.js:2953:27)
    at asyncRun (/Users/muchniki/.nvm/versions/node/v6.9.5/lib/node_modules/protractor/node_modules/selenium-webdriver/lib/promise.js:2860:25)
    at /Users/muchniki/.nvm/versions/node/v6.9.5/lib/node_modules/protractor/node_modules/selenium-webdriver/lib/promise.js:676:7]]>
   </failure>
  </testcase>
  <testcase classname="focused specs.The Newsroom Page" name="should include a previous button within the pagination element" time="0.233">
   <failure type="exception" message="Failed: No element found using locator: By(css selector, .m-pagination)"><![CDATA[NoSuchElementError: No element found using locator: By(css selector, .m-pagination)
    at WebDriverError (/Users/muchniki/.nvm/versions/node/v6.9.5/lib/node_modules/protractor/node_modules/selenium-webdriver/lib/error.js:27:5)
    at NoSuchElementError (/Users/muchniki/.nvm/versions/node/v6.9.5/lib/node_modules/protractor/node_modules/selenium-webdriver/lib/error.js:168:5)
    at elementArrayFinder.getWebElements.then (/Users/muchniki/.nvm/versions/node/v6.9.5/lib/node_modules/protractor/lib/element.ts:851:17)
    at ManagedPromise.invokeCallback_ (/Users/muchniki/.nvm/versions/node/v6.9.5/lib/node_modules/protractor/node_modules/selenium-webdriver/lib/promise.js:1366:14)
    at TaskQueue.execute_ (/Users/muchniki/.nvm/versions/node/v6.9.5/lib/node_modules/protractor/node_modules/selenium-webdriver/lib/promise.js:2970:14)
    at TaskQueue.executeNext_ (/Users/muchniki/.nvm/versions/node/v6.9.5/lib/node_modules/protractor/node_modules/selenium-webdriver/lib/promise.js:2953:27)
    at asyncRun (/Users/muchniki/.nvm/versions/node/v6.9.5/lib/node_modules/protractor/node_modules/selenium-webdriver/lib/promise.js:2813:27)
    at /Users/muchniki/.nvm/versions/node/v6.9.5/lib/node_modules/protractor/node_modules/selenium-webdriver/lib/promise.js:676:7
    at process._tickCallback (internal/process/next_tick.js:103:7)Error
    at ElementArrayFinder.applyAction_ (/Users/muchniki/.nvm/versions/node/v6.9.5/lib/node_modules/protractor/lib/element.ts:482:23)
    at ElementArrayFinder.(anonymous function) [as getText] (/Users/muchniki/.nvm/versions/node/v6.9.5/lib/node_modules/protractor/lib/element.ts:96:21)
    at ElementFinder.(anonymous function) [as getText] (/Users/muchniki/.nvm/versions/node/v6.9.5/lib/node_modules/protractor/lib/element.ts:873:14)
    at Object.<anonymous> (/Users/muchniki/dev/cfgov-refresh/test/browser_tests/spec_suites/content/newsroom.js:116:36)
    at /Users/muchniki/.nvm/versions/node/v6.9.5/lib/node_modules/protractor/node_modules/jasminewd2/index.js:110:25
    at new ManagedPromise (/Users/muchniki/.nvm/versions/node/v6.9.5/lib/node_modules/protractor/node_modules/selenium-webdriver/lib/promise.js:1067:7)
    at ControlFlow.promise (/Users/muchniki/.nvm/versions/node/v6.9.5/lib/node_modules/protractor/node_modules/selenium-webdriver/lib/promise.js:2396:12)
    at schedulerExecute (/Users/muchniki/.nvm/versions/node/v6.9.5/lib/node_modules/protractor/node_modules/jasminewd2/index.js:95:18)
    at TaskQueue.execute_ (/Users/muchniki/.nvm/versions/node/v6.9.5/lib/node_modules/protractor/node_modules/selenium-webdriver/lib/promise.js:2970:14)
    at TaskQueue.executeNext_ (/Users/muchniki/.nvm/versions/node/v6.9.5/lib/node_modules/protractor/node_modules/selenium-webdriver/lib/promise.js:2953:27)
From: Task: Run it("should include a previous button within the pagination element") in control flow
    at Object.<anonymous> (/Users/muchniki/.nvm/versions/node/v6.9.5/lib/node_modules/protractor/node_modules/jasminewd2/index.js:94:19)
    at attemptAsync (/Users/muchniki/.nvm/versions/node/v6.9.5/lib/node_modules/protractor/node_modules/jasmine-core/lib/jasmine-core/jasmine.js:1980:24)
    at QueueRunner.run (/Users/muchniki/.nvm/versions/node/v6.9.5/lib/node_modules/protractor/node_modules/jasmine-core/lib/jasmine-core/jasmine.js:1935:9)
    at QueueRunner.execute (/Users/muchniki/.nvm/versions/node/v6.9.5/lib/node_modules/protractor/node_modules/jasmine-core/lib/jasmine-core/jasmine.js:1923:10)
    at Spec.queueRunnerFactory (/Users/muchniki/.nvm/versions/node/v6.9.5/lib/node_modules/protractor/node_modules/jasmine-core/lib/jasmine-core/jasmine.js:714:35)
    at Spec.execute (/Users/muchniki/.nvm/versions/node/v6.9.5/lib/node_modules/protractor/node_modules/jasmine-core/lib/jasmine-core/jasmine.js:371:10)
    at Object.fn (/Users/muchniki/.nvm/versions/node/v6.9.5/lib/node_modules/protractor/node_modules/jasmine-core/lib/jasmine-core/jasmine.js:2579:37)
    at attemptAsync (/Users/muchniki/.nvm/versions/node/v6.9.5/lib/node_modules/protractor/node_modules/jasmine-core/lib/jasmine-core/jasmine.js:1980:24)
    at QueueRunner.run (/Users/muchniki/.nvm/versions/node/v6.9.5/lib/node_modules/protractor/node_modules/jasmine-core/lib/jasmine-core/jasmine.js:1935:9)
    at /Users/muchniki/.nvm/versions/node/v6.9.5/lib/node_modules/protractor/node_modules/jasmine-core/lib/jasmine-core/jasmine.js:1962:16
From asynchronous test: 
Error
    at Suite.<anonymous> (/Users/muchniki/dev/cfgov-refresh/test/browser_tests/spec_suites/content/newsroom.js:114:3)
    at addSpecsToSuite (/Users/muchniki/.nvm/versions/node/v6.9.5/lib/node_modules/protractor/node_modules/jasmine-core/lib/jasmine-core/jasmine.js:867:25)
    at Env.describe (/Users/muchniki/.nvm/versions/node/v6.9.5/lib/node_modules/protractor/node_modules/jasmine-core/lib/jasmine-core/jasmine.js:836:7)
    at describe (/Users/muchniki/.nvm/versions/node/v6.9.5/lib/node_modules/protractor/node_modules/jasmine-core/lib/jasmine-core/jasmine.js:3576:18)
    at Object.<anonymous> (/Users/muchniki/dev/cfgov-refresh/test/browser_tests/spec_suites/content/newsroom.js:11:1)
    at Module._compile (module.js:570:32)
    at Object.Module._extensions..js (module.js:579:10)
    at Module.load (module.js:487:32)
    at tryModuleLoad (module.js:446:12)]]>
   </failure>
  </testcase>
  <testcase classname="focused specs.The Newsroom Page" name="should include a next button within the pagination element" time="0.241">
   <failure type="exception" message="Failed: No element found using locator: By(css selector, .m-pagination)"><![CDATA[NoSuchElementError: No element found using locator: By(css selector, .m-pagination)
    at WebDriverError (/Users/muchniki/.nvm/versions/node/v6.9.5/lib/node_modules/protractor/node_modules/selenium-webdriver/lib/error.js:27:5)
    at NoSuchElementError (/Users/muchniki/.nvm/versions/node/v6.9.5/lib/node_modules/protractor/node_modules/selenium-webdriver/lib/error.js:168:5)
    at elementArrayFinder.getWebElements.then (/Users/muchniki/.nvm/versions/node/v6.9.5/lib/node_modules/protractor/lib/element.ts:851:17)
    at ManagedPromise.invokeCallback_ (/Users/muchniki/.nvm/versions/node/v6.9.5/lib/node_modules/protractor/node_modules/selenium-webdriver/lib/promise.js:1366:14)
    at TaskQueue.execute_ (/Users/muchniki/.nvm/versions/node/v6.9.5/lib/node_modules/protractor/node_modules/selenium-webdriver/lib/promise.js:2970:14)
    at TaskQueue.executeNext_ (/Users/muchniki/.nvm/versions/node/v6.9.5/lib/node_modules/protractor/node_modules/selenium-webdriver/lib/promise.js:2953:27)
    at asyncRun (/Users/muchniki/.nvm/versions/node/v6.9.5/lib/node_modules/protractor/node_modules/selenium-webdriver/lib/promise.js:2813:27)
    at /Users/muchniki/.nvm/versions/node/v6.9.5/lib/node_modules/protractor/node_modules/selenium-webdriver/lib/promise.js:676:7
    at process._tickCallback (internal/process/next_tick.js:103:7)Error
    at ElementArrayFinder.applyAction_ (/Users/muchniki/.nvm/versions/node/v6.9.5/lib/node_modules/protractor/lib/element.ts:482:23)
    at ElementArrayFinder.(anonymous function) [as getText] (/Users/muchniki/.nvm/versions/node/v6.9.5/lib/node_modules/protractor/lib/element.ts:96:21)
    at ElementFinder.(anonymous function) [as getText] (/Users/muchniki/.nvm/versions/node/v6.9.5/lib/node_modules/protractor/lib/element.ts:873:14)
    at Object.<anonymous> (/Users/muchniki/dev/cfgov-refresh/test/browser_tests/spec_suites/content/newsroom.js:121:36)
    at /Users/muchniki/.nvm/versions/node/v6.9.5/lib/node_modules/protractor/node_modules/jasminewd2/index.js:110:25
    at new ManagedPromise (/Users/muchniki/.nvm/versions/node/v6.9.5/lib/node_modules/protractor/node_modules/selenium-webdriver/lib/promise.js:1067:7)
    at ControlFlow.promise (/Users/muchniki/.nvm/versions/node/v6.9.5/lib/node_modules/protractor/node_modules/selenium-webdriver/lib/promise.js:2396:12)
    at schedulerExecute (/Users/muchniki/.nvm/versions/node/v6.9.5/lib/node_modules/protractor/node_modules/jasminewd2/index.js:95:18)
    at TaskQueue.execute_ (/Users/muchniki/.nvm/versions/node/v6.9.5/lib/node_modules/protractor/node_modules/selenium-webdriver/lib/promise.js:2970:14)
    at TaskQueue.executeNext_ (/Users/muchniki/.nvm/versions/node/v6.9.5/lib/node_modules/protractor/node_modules/selenium-webdriver/lib/promise.js:2953:27)
From: Task: Run it("should include a next button within the pagination element") in control flow
    at Object.<anonymous> (/Users/muchniki/.nvm/versions/node/v6.9.5/lib/node_modules/protractor/node_modules/jasminewd2/index.js:94:19)
    at attemptAsync (/Users/muchniki/.nvm/versions/node/v6.9.5/lib/node_modules/protractor/node_modules/jasmine-core/lib/jasmine-core/jasmine.js:1980:24)
    at QueueRunner.run (/Users/muchniki/.nvm/versions/node/v6.9.5/lib/node_modules/protractor/node_modules/jasmine-core/lib/jasmine-core/jasmine.js:1935:9)
    at QueueRunner.execute (/Users/muchniki/.nvm/versions/node/v6.9.5/lib/node_modules/protractor/node_modules/jasmine-core/lib/jasmine-core/jasmine.js:1923:10)
    at Spec.queueRunnerFactory (/Users/muchniki/.nvm/versions/node/v6.9.5/lib/node_modules/protractor/node_modules/jasmine-core/lib/jasmine-core/jasmine.js:714:35)
    at Spec.execute (/Users/muchniki/.nvm/versions/node/v6.9.5/lib/node_modules/protractor/node_modules/jasmine-core/lib/jasmine-core/jasmine.js:371:10)
    at Object.fn (/Users/muchniki/.nvm/versions/node/v6.9.5/lib/node_modules/protractor/node_modules/jasmine-core/lib/jasmine-core/jasmine.js:2579:37)
    at attemptAsync (/Users/muchniki/.nvm/versions/node/v6.9.5/lib/node_modules/protractor/node_modules/jasmine-core/lib/jasmine-core/jasmine.js:1980:24)
    at QueueRunner.run (/Users/muchniki/.nvm/versions/node/v6.9.5/lib/node_modules/protractor/node_modules/jasmine-core/lib/jasmine-core/jasmine.js:1935:9)
    at /Users/muchniki/.nvm/versions/node/v6.9.5/lib/node_modules/protractor/node_modules/jasmine-core/lib/jasmine-core/jasmine.js:1962:16
From asynchronous test: 
Error
    at Suite.<anonymous> (/Users/muchniki/dev/cfgov-refresh/test/browser_tests/spec_suites/content/newsroom.js:119:3)
    at addSpecsToSuite (/Users/muchniki/.nvm/versions/node/v6.9.5/lib/node_modules/protractor/node_modules/jasmine-core/lib/jasmine-core/jasmine.js:867:25)
    at Env.describe (/Users/muchniki/.nvm/versions/node/v6.9.5/lib/node_modules/protractor/node_modules/jasmine-core/lib/jasmine-core/jasmine.js:836:7)
    at describe (/Users/muchniki/.nvm/versions/node/v6.9.5/lib/node_modules/protractor/node_modules/jasmine-core/lib/jasmine-core/jasmine.js:3576:18)
    at Object.<anonymous> (/Users/muchniki/dev/cfgov-refresh/test/browser_tests/spec_suites/content/newsroom.js:11:1)
    at Module._compile (module.js:570:32)
    at Object.Module._extensions..js (module.js:579:10)
    at Module.load (module.js:487:32)
    at tryModuleLoad (module.js:446:12)]]>
   </failure>
  </testcase>
  <testcase classname="focused specs.The Newsroom Page" name="should include a page input with value set to 1" time="0.243">
   <failure type="exception" message="Failed: No element found using locator: By(css selector, .m-pagination)"><![CDATA[NoSuchElementError: No element found using locator: By(css selector, .m-pagination)
    at WebDriverError (/Users/muchniki/.nvm/versions/node/v6.9.5/lib/node_modules/protractor/node_modules/selenium-webdriver/lib/error.js:27:5)
    at NoSuchElementError (/Users/muchniki/.nvm/versions/node/v6.9.5/lib/node_modules/protractor/node_modules/selenium-webdriver/lib/error.js:168:5)
    at elementArrayFinder.getWebElements.then (/Users/muchniki/.nvm/versions/node/v6.9.5/lib/node_modules/protractor/lib/element.ts:851:17)
    at ManagedPromise.invokeCallback_ (/Users/muchniki/.nvm/versions/node/v6.9.5/lib/node_modules/protractor/node_modules/selenium-webdriver/lib/promise.js:1366:14)
    at TaskQueue.execute_ (/Users/muchniki/.nvm/versions/node/v6.9.5/lib/node_modules/protractor/node_modules/selenium-webdriver/lib/promise.js:2970:14)
    at TaskQueue.executeNext_ (/Users/muchniki/.nvm/versions/node/v6.9.5/lib/node_modules/protractor/node_modules/selenium-webdriver/lib/promise.js:2953:27)
    at asyncRun (/Users/muchniki/.nvm/versions/node/v6.9.5/lib/node_modules/protractor/node_modules/selenium-webdriver/lib/promise.js:2813:27)
    at /Users/muchniki/.nvm/versions/node/v6.9.5/lib/node_modules/protractor/node_modules/selenium-webdriver/lib/promise.js:676:7
    at process._tickCallback (internal/process/next_tick.js:103:7)Error
    at ElementArrayFinder.applyAction_ (/Users/muchniki/.nvm/versions/node/v6.9.5/lib/node_modules/protractor/lib/element.ts:482:23)
    at ElementArrayFinder.(anonymous function) [as getAttribute] (/Users/muchniki/.nvm/versions/node/v6.9.5/lib/node_modules/protractor/lib/element.ts:96:21)
    at ElementFinder.(anonymous function) [as getAttribute] (/Users/muchniki/.nvm/versions/node/v6.9.5/lib/node_modules/protractor/lib/element.ts:873:14)
    at Object.<anonymous> (/Users/muchniki/dev/cfgov-refresh/test/browser_tests/spec_suites/content/newsroom.js:125:38)
    at /Users/muchniki/.nvm/versions/node/v6.9.5/lib/node_modules/protractor/node_modules/jasminewd2/index.js:110:25
    at new ManagedPromise (/Users/muchniki/.nvm/versions/node/v6.9.5/lib/node_modules/protractor/node_modules/selenium-webdriver/lib/promise.js:1067:7)
    at ControlFlow.promise (/Users/muchniki/.nvm/versions/node/v6.9.5/lib/node_modules/protractor/node_modules/selenium-webdriver/lib/promise.js:2396:12)
    at schedulerExecute (/Users/muchniki/.nvm/versions/node/v6.9.5/lib/node_modules/protractor/node_modules/jasminewd2/index.js:95:18)
    at TaskQueue.execute_ (/Users/muchniki/.nvm/versions/node/v6.9.5/lib/node_modules/protractor/node_modules/selenium-webdriver/lib/promise.js:2970:14)
    at TaskQueue.executeNext_ (/Users/muchniki/.nvm/versions/node/v6.9.5/lib/node_modules/protractor/node_modules/selenium-webdriver/lib/promise.js:2953:27)
From: Task: Run it("should include a page input with value set to 1") in control flow
    at Object.<anonymous> (/Users/muchniki/.nvm/versions/node/v6.9.5/lib/node_modules/protractor/node_modules/jasminewd2/index.js:94:19)
    at attemptAsync (/Users/muchniki/.nvm/versions/node/v6.9.5/lib/node_modules/protractor/node_modules/jasmine-core/lib/jasmine-core/jasmine.js:1980:24)
    at QueueRunner.run (/Users/muchniki/.nvm/versions/node/v6.9.5/lib/node_modules/protractor/node_modules/jasmine-core/lib/jasmine-core/jasmine.js:1935:9)
    at QueueRunner.execute (/Users/muchniki/.nvm/versions/node/v6.9.5/lib/node_modules/protractor/node_modules/jasmine-core/lib/jasmine-core/jasmine.js:1923:10)
    at Spec.queueRunnerFactory (/Users/muchniki/.nvm/versions/node/v6.9.5/lib/node_modules/protractor/node_modules/jasmine-core/lib/jasmine-core/jasmine.js:714:35)
    at Spec.execute (/Users/muchniki/.nvm/versions/node/v6.9.5/lib/node_modules/protractor/node_modules/jasmine-core/lib/jasmine-core/jasmine.js:371:10)
    at Object.fn (/Users/muchniki/.nvm/versions/node/v6.9.5/lib/node_modules/protractor/node_modules/jasmine-core/lib/jasmine-core/jasmine.js:2579:37)
    at attemptAsync (/Users/muchniki/.nvm/versions/node/v6.9.5/lib/node_modules/protractor/node_modules/jasmine-core/lib/jasmine-core/jasmine.js:1980:24)
    at QueueRunner.run (/Users/muchniki/.nvm/versions/node/v6.9.5/lib/node_modules/protractor/node_modules/jasmine-core/lib/jasmine-core/jasmine.js:1935:9)
    at /Users/muchniki/.nvm/versions/node/v6.9.5/lib/node_modules/protractor/node_modules/jasmine-core/lib/jasmine-core/jasmine.js:1962:16
From asynchronous test: 
Error
    at Suite.<anonymous> (/Users/muchniki/dev/cfgov-refresh/test/browser_tests/spec_suites/content/newsroom.js:124:3)
    at addSpecsToSuite (/Users/muchniki/.nvm/versions/node/v6.9.5/lib/node_modules/protractor/node_modules/jasmine-core/lib/jasmine-core/jasmine.js:867:25)
    at Env.describe (/Users/muchniki/.nvm/versions/node/v6.9.5/lib/node_modules/protractor/node_modules/jasmine-core/lib/jasmine-core/jasmine.js:836:7)
    at describe (/Users/muchniki/.nvm/versions/node/v6.9.5/lib/node_modules/protractor/node_modules/jasmine-core/lib/jasmine-core/jasmine.js:3576:18)
    at Object.<anonymous> (/Users/muchniki/dev/cfgov-refresh/test/browser_tests/spec_suites/content/newsroom.js:11:1)
    at Module._compile (module.js:570:32)
    at Object.Module._extensions..js (module.js:579:10)
    at Module.load (module.js:487:32)
    at tryModuleLoad (module.js:446:12)]]>
   </failure>
  </testcase>
 </testsuite>
 <testsuite name="focused specs.Browse filterable" timestamp="2017-03-01T17:32:37" hostname="localhost" time="0.779" errors="0" tests="0" skipped="0" disabled="0" failures="0">
 </testsuite>
 <testsuite name="focused specs.Browse filterable.pagination" timestamp="2017-03-01T17:32:37" hostname="localhost" time="0.778" errors="0" tests="3" skipped="0" disabled="0" failures="3">
  <testcase classname="focused specs.Browse filterable.pagination" name="should navigate to the first page of filtered results" time="0.261">
   <failure type="exception" message="Failed: No element found using locator: By(css selector, .o-filterable-list-controls .o-expandable)"><![CDATA[NoSuchElementError: No element found using locator: By(css selector, .o-filterable-list-controls .o-expandable)
    at WebDriverError (/Users/muchniki/.nvm/versions/node/v6.9.5/lib/node_modules/protractor/node_modules/selenium-webdriver/lib/error.js:27:5)
    at NoSuchElementError (/Users/muchniki/.nvm/versions/node/v6.9.5/lib/node_modules/protractor/node_modules/selenium-webdriver/lib/error.js:168:5)
    at elementArrayFinder.getWebElements.then (/Users/muchniki/.nvm/versions/node/v6.9.5/lib/node_modules/protractor/lib/element.ts:851:17)
    at ManagedPromise.invokeCallback_ (/Users/muchniki/.nvm/versions/node/v6.9.5/lib/node_modules/protractor/node_modules/selenium-webdriver/lib/promise.js:1366:14)
    at TaskQueue.execute_ (/Users/muchniki/.nvm/versions/node/v6.9.5/lib/node_modules/protractor/node_modules/selenium-webdriver/lib/promise.js:2970:14)
    at TaskQueue.executeNext_ (/Users/muchniki/.nvm/versions/node/v6.9.5/lib/node_modules/protractor/node_modules/selenium-webdriver/lib/promise.js:2953:27)
    at asyncRun (/Users/muchniki/.nvm/versions/node/v6.9.5/lib/node_modules/protractor/node_modules/selenium-webdriver/lib/promise.js:2813:27)
    at /Users/muchniki/.nvm/versions/node/v6.9.5/lib/node_modules/protractor/node_modules/selenium-webdriver/lib/promise.js:676:7
    at process._tickCallback (internal/process/next_tick.js:103:7)Error
    at ElementArrayFinder.applyAction_ (/Users/muchniki/.nvm/versions/node/v6.9.5/lib/node_modules/protractor/lib/element.ts:482:23)
    at ElementArrayFinder.(anonymous function) [as click] (/Users/muchniki/.nvm/versions/node/v6.9.5/lib/node_modules/protractor/lib/element.ts:96:21)
    at ElementFinder.(anonymous function) [as click] (/Users/muchniki/.nvm/versions/node/v6.9.5/lib/node_modules/protractor/lib/element.ts:873:14)
    at Object.<anonymous> (/Users/muchniki/dev/cfgov-refresh/test/browser_tests/spec_suites/integration/browse-filterable.js:16:28)
    at /Users/muchniki/.nvm/versions/node/v6.9.5/lib/node_modules/protractor/node_modules/jasminewd2/index.js:110:25
    at new ManagedPromise (/Users/muchniki/.nvm/versions/node/v6.9.5/lib/node_modules/protractor/node_modules/selenium-webdriver/lib/promise.js:1067:7)
    at ControlFlow.promise (/Users/muchniki/.nvm/versions/node/v6.9.5/lib/node_modules/protractor/node_modules/selenium-webdriver/lib/promise.js:2396:12)
    at schedulerExecute (/Users/muchniki/.nvm/versions/node/v6.9.5/lib/node_modules/protractor/node_modules/jasminewd2/index.js:95:18)
    at TaskQueue.execute_ (/Users/muchniki/.nvm/versions/node/v6.9.5/lib/node_modules/protractor/node_modules/selenium-webdriver/lib/promise.js:2970:14)
    at TaskQueue.executeNext_ (/Users/muchniki/.nvm/versions/node/v6.9.5/lib/node_modules/protractor/node_modules/selenium-webdriver/lib/promise.js:2953:27)
From: Task: Run it("should navigate to the first page of filtered results") in control flow
    at Object.<anonymous> (/Users/muchniki/.nvm/versions/node/v6.9.5/lib/node_modules/protractor/node_modules/jasminewd2/index.js:94:19)
    at attemptAsync (/Users/muchniki/.nvm/versions/node/v6.9.5/lib/node_modules/protractor/node_modules/jasmine-core/lib/jasmine-core/jasmine.js:1980:24)
    at QueueRunner.run (/Users/muchniki/.nvm/versions/node/v6.9.5/lib/node_modules/protractor/node_modules/jasmine-core/lib/jasmine-core/jasmine.js:1935:9)
    at /Users/muchniki/.nvm/versions/node/v6.9.5/lib/node_modules/protractor/node_modules/jasmine-core/lib/jasmine-core/jasmine.js:1962:16
    at /Users/muchniki/.nvm/versions/node/v6.9.5/lib/node_modules/protractor/node_modules/jasmine-core/lib/jasmine-core/jasmine.js:1905:9
    at /Users/muchniki/.nvm/versions/node/v6.9.5/lib/node_modules/protractor/node_modules/jasminewd2/index.js:64:48
    at ControlFlow.emit (/Users/muchniki/.nvm/versions/node/v6.9.5/lib/node_modules/protractor/node_modules/selenium-webdriver/lib/events.js:62:21)
    at ControlFlow.shutdown_ (/Users/muchniki/.nvm/versions/node/v6.9.5/lib/node_modules/protractor/node_modules/selenium-webdriver/lib/promise.js:2565:10)
    at shutdownTask_.MicroTask (/Users/muchniki/.nvm/versions/node/v6.9.5/lib/node_modules/protractor/node_modules/selenium-webdriver/lib/promise.js:2490:53)
    at MicroTask.asyncRun (/Users/muchniki/.nvm/versions/node/v6.9.5/lib/node_modules/protractor/node_modules/selenium-webdriver/lib/promise.js:2619:9)
From asynchronous test: 
Error
    at Suite.<anonymous> (/Users/muchniki/dev/cfgov-refresh/test/browser_tests/spec_suites/integration/browse-filterable.js:15:5)
    at addSpecsToSuite (/Users/muchniki/.nvm/versions/node/v6.9.5/lib/node_modules/protractor/node_modules/jasmine-core/lib/jasmine-core/jasmine.js:867:25)
    at Env.describe (/Users/muchniki/.nvm/versions/node/v6.9.5/lib/node_modules/protractor/node_modules/jasmine-core/lib/jasmine-core/jasmine.js:836:7)
    at describe (/Users/muchniki/.nvm/versions/node/v6.9.5/lib/node_modules/protractor/node_modules/jasmine-core/lib/jasmine-core/jasmine.js:3576:18)
    at Suite.<anonymous> (/Users/muchniki/dev/cfgov-refresh/test/browser_tests/spec_suites/integration/browse-filterable.js:7:3)
    at addSpecsToSuite (/Users/muchniki/.nvm/versions/node/v6.9.5/lib/node_modules/protractor/node_modules/jasmine-core/lib/jasmine-core/jasmine.js:867:25)
    at Env.describe (/Users/muchniki/.nvm/versions/node/v6.9.5/lib/node_modules/protractor/node_modules/jasmine-core/lib/jasmine-core/jasmine.js:836:7)
    at describe (/Users/muchniki/.nvm/versions/node/v6.9.5/lib/node_modules/protractor/node_modules/jasmine-core/lib/jasmine-core/jasmine.js:3576:18)
    at Object.<anonymous> (/Users/muchniki/dev/cfgov-refresh/test/browser_tests/spec_suites/integration/browse-filterable.js:5:1)]]>
   </failure>
  </testcase>
  <testcase classname="focused specs.Browse filterable.pagination" name="should navigate to the second filtered page" time="0.264">
   <failure type="exception" message="Failed: No element found using locator: By(css selector, .o-filterable-list-controls .o-expandable)"><![CDATA[NoSuchElementError: No element found using locator: By(css selector, .o-filterable-list-controls .o-expandable)
    at WebDriverError (/Users/muchniki/.nvm/versions/node/v6.9.5/lib/node_modules/protractor/node_modules/selenium-webdriver/lib/error.js:27:5)
    at NoSuchElementError (/Users/muchniki/.nvm/versions/node/v6.9.5/lib/node_modules/protractor/node_modules/selenium-webdriver/lib/error.js:168:5)
    at elementArrayFinder.getWebElements.then (/Users/muchniki/.nvm/versions/node/v6.9.5/lib/node_modules/protractor/lib/element.ts:851:17)
    at ManagedPromise.invokeCallback_ (/Users/muchniki/.nvm/versions/node/v6.9.5/lib/node_modules/protractor/node_modules/selenium-webdriver/lib/promise.js:1366:14)
    at TaskQueue.execute_ (/Users/muchniki/.nvm/versions/node/v6.9.5/lib/node_modules/protractor/node_modules/selenium-webdriver/lib/promise.js:2970:14)
    at TaskQueue.executeNext_ (/Users/muchniki/.nvm/versions/node/v6.9.5/lib/node_modules/protractor/node_modules/selenium-webdriver/lib/promise.js:2953:27)
    at asyncRun (/Users/muchniki/.nvm/versions/node/v6.9.5/lib/node_modules/protractor/node_modules/selenium-webdriver/lib/promise.js:2813:27)
    at /Users/muchniki/.nvm/versions/node/v6.9.5/lib/node_modules/protractor/node_modules/selenium-webdriver/lib/promise.js:676:7
    at process._tickCallback (internal/process/next_tick.js:103:7)Error
    at ElementArrayFinder.applyAction_ (/Users/muchniki/.nvm/versions/node/v6.9.5/lib/node_modules/protractor/lib/element.ts:482:23)
    at ElementArrayFinder.(anonymous function) [as click] (/Users/muchniki/.nvm/versions/node/v6.9.5/lib/node_modules/protractor/lib/element.ts:96:21)
    at ElementFinder.(anonymous function) [as click] (/Users/muchniki/.nvm/versions/node/v6.9.5/lib/node_modules/protractor/lib/element.ts:873:14)
    at Object.<anonymous> (/Users/muchniki/dev/cfgov-refresh/test/browser_tests/spec_suites/integration/browse-filterable.js:29:28)
    at /Users/muchniki/.nvm/versions/node/v6.9.5/lib/node_modules/protractor/node_modules/jasminewd2/index.js:110:25
    at new ManagedPromise (/Users/muchniki/.nvm/versions/node/v6.9.5/lib/node_modules/protractor/node_modules/selenium-webdriver/lib/promise.js:1067:7)
    at ControlFlow.promise (/Users/muchniki/.nvm/versions/node/v6.9.5/lib/node_modules/protractor/node_modules/selenium-webdriver/lib/promise.js:2396:12)
    at schedulerExecute (/Users/muchniki/.nvm/versions/node/v6.9.5/lib/node_modules/protractor/node_modules/jasminewd2/index.js:95:18)
    at TaskQueue.execute_ (/Users/muchniki/.nvm/versions/node/v6.9.5/lib/node_modules/protractor/node_modules/selenium-webdriver/lib/promise.js:2970:14)
    at TaskQueue.executeNext_ (/Users/muchniki/.nvm/versions/node/v6.9.5/lib/node_modules/protractor/node_modules/selenium-webdriver/lib/promise.js:2953:27)
From: Task: Run it("should navigate to the second filtered page") in control flow
    at Object.<anonymous> (/Users/muchniki/.nvm/versions/node/v6.9.5/lib/node_modules/protractor/node_modules/jasminewd2/index.js:94:19)
    at attemptAsync (/Users/muchniki/.nvm/versions/node/v6.9.5/lib/node_modules/protractor/node_modules/jasmine-core/lib/jasmine-core/jasmine.js:1980:24)
    at QueueRunner.run (/Users/muchniki/.nvm/versions/node/v6.9.5/lib/node_modules/protractor/node_modules/jasmine-core/lib/jasmine-core/jasmine.js:1935:9)
    at /Users/muchniki/.nvm/versions/node/v6.9.5/lib/node_modules/protractor/node_modules/jasmine-core/lib/jasmine-core/jasmine.js:1962:16
    at /Users/muchniki/.nvm/versions/node/v6.9.5/lib/node_modules/protractor/node_modules/jasmine-core/lib/jasmine-core/jasmine.js:1905:9
    at /Users/muchniki/.nvm/versions/node/v6.9.5/lib/node_modules/protractor/node_modules/jasminewd2/index.js:64:48
    at ControlFlow.emit (/Users/muchniki/.nvm/versions/node/v6.9.5/lib/node_modules/protractor/node_modules/selenium-webdriver/lib/events.js:62:21)
    at ControlFlow.shutdown_ (/Users/muchniki/.nvm/versions/node/v6.9.5/lib/node_modules/protractor/node_modules/selenium-webdriver/lib/promise.js:2565:10)
    at shutdownTask_.MicroTask (/Users/muchniki/.nvm/versions/node/v6.9.5/lib/node_modules/protractor/node_modules/selenium-webdriver/lib/promise.js:2490:53)
    at MicroTask.asyncRun (/Users/muchniki/.nvm/versions/node/v6.9.5/lib/node_modules/protractor/node_modules/selenium-webdriver/lib/promise.js:2619:9)
From asynchronous test: 
Error
    at Suite.<anonymous> (/Users/muchniki/dev/cfgov-refresh/test/browser_tests/spec_suites/integration/browse-filterable.js:28:5)
    at addSpecsToSuite (/Users/muchniki/.nvm/versions/node/v6.9.5/lib/node_modules/protractor/node_modules/jasmine-core/lib/jasmine-core/jasmine.js:867:25)
    at Env.describe (/Users/muchniki/.nvm/versions/node/v6.9.5/lib/node_modules/protractor/node_modules/jasmine-core/lib/jasmine-core/jasmine.js:836:7)
    at describe (/Users/muchniki/.nvm/versions/node/v6.9.5/lib/node_modules/protractor/node_modules/jasmine-core/lib/jasmine-core/jasmine.js:3576:18)
    at Suite.<anonymous> (/Users/muchniki/dev/cfgov-refresh/test/browser_tests/spec_suites/integration/browse-filterable.js:7:3)
    at addSpecsToSuite (/Users/muchniki/.nvm/versions/node/v6.9.5/lib/node_modules/protractor/node_modules/jasmine-core/lib/jasmine-core/jasmine.js:867:25)
    at Env.describe (/Users/muchniki/.nvm/versions/node/v6.9.5/lib/node_modules/protractor/node_modules/jasmine-core/lib/jasmine-core/jasmine.js:836:7)
    at describe (/Users/muchniki/.nvm/versions/node/v6.9.5/lib/node_modules/protractor/node_modules/jasmine-core/lib/jasmine-core/jasmine.js:3576:18)
    at Object.<anonymous> (/Users/muchniki/dev/cfgov-refresh/test/browser_tests/spec_suites/integration/browse-filterable.js:5:1)]]>
   </failure>
  </testcase>
  <testcase classname="focused specs.Browse filterable.pagination" name="should navigate to the fifth filtered page" time="0.253">
   <failure type="exception" message="Failed: No element found using locator: By(css selector, .o-filterable-list-controls .o-expandable)"><![CDATA[NoSuchElementError: No element found using locator: By(css selector, .o-filterable-list-controls .o-expandable)
    at WebDriverError (/Users/muchniki/.nvm/versions/node/v6.9.5/lib/node_modules/protractor/node_modules/selenium-webdriver/lib/error.js:27:5)
    at NoSuchElementError (/Users/muchniki/.nvm/versions/node/v6.9.5/lib/node_modules/protractor/node_modules/selenium-webdriver/lib/error.js:168:5)
    at elementArrayFinder.getWebElements.then (/Users/muchniki/.nvm/versions/node/v6.9.5/lib/node_modules/protractor/lib/element.ts:851:17)
    at ManagedPromise.invokeCallback_ (/Users/muchniki/.nvm/versions/node/v6.9.5/lib/node_modules/protractor/node_modules/selenium-webdriver/lib/promise.js:1366:14)
    at TaskQueue.execute_ (/Users/muchniki/.nvm/versions/node/v6.9.5/lib/node_modules/protractor/node_modules/selenium-webdriver/lib/promise.js:2970:14)
    at TaskQueue.executeNext_ (/Users/muchniki/.nvm/versions/node/v6.9.5/lib/node_modules/protractor/node_modules/selenium-webdriver/lib/promise.js:2953:27)
    at asyncRun (/Users/muchniki/.nvm/versions/node/v6.9.5/lib/node_modules/protractor/node_modules/selenium-webdriver/lib/promise.js:2813:27)
    at /Users/muchniki/.nvm/versions/node/v6.9.5/lib/node_modules/protractor/node_modules/selenium-webdriver/lib/promise.js:676:7
    at process._tickCallback (internal/process/next_tick.js:103:7)Error
    at ElementArrayFinder.applyAction_ (/Users/muchniki/.nvm/versions/node/v6.9.5/lib/node_modules/protractor/lib/element.ts:482:23)
    at ElementArrayFinder.(anonymous function) [as click] (/Users/muchniki/.nvm/versions/node/v6.9.5/lib/node_modules/protractor/lib/element.ts:96:21)
    at ElementFinder.(anonymous function) [as click] (/Users/muchniki/.nvm/versions/node/v6.9.5/lib/node_modules/protractor/lib/element.ts:873:14)
    at Object.<anonymous> (/Users/muchniki/dev/cfgov-refresh/test/browser_tests/spec_suites/integration/browse-filterable.js:60:28)
    at /Users/muchniki/.nvm/versions/node/v6.9.5/lib/node_modules/protractor/node_modules/jasminewd2/index.js:110:25
    at new ManagedPromise (/Users/muchniki/.nvm/versions/node/v6.9.5/lib/node_modules/protractor/node_modules/selenium-webdriver/lib/promise.js:1067:7)
    at ControlFlow.promise (/Users/muchniki/.nvm/versions/node/v6.9.5/lib/node_modules/protractor/node_modules/selenium-webdriver/lib/promise.js:2396:12)
    at schedulerExecute (/Users/muchniki/.nvm/versions/node/v6.9.5/lib/node_modules/protractor/node_modules/jasminewd2/index.js:95:18)
    at TaskQueue.execute_ (/Users/muchniki/.nvm/versions/node/v6.9.5/lib/node_modules/protractor/node_modules/selenium-webdriver/lib/promise.js:2970:14)
    at TaskQueue.executeNext_ (/Users/muchniki/.nvm/versions/node/v6.9.5/lib/node_modules/protractor/node_modules/selenium-webdriver/lib/promise.js:2953:27)
From: Task: Run it("should navigate to the fifth filtered page") in control flow
    at Object.<anonymous> (/Users/muchniki/.nvm/versions/node/v6.9.5/lib/node_modules/protractor/node_modules/jasminewd2/index.js:94:19)
    at attemptAsync (/Users/muchniki/.nvm/versions/node/v6.9.5/lib/node_modules/protractor/node_modules/jasmine-core/lib/jasmine-core/jasmine.js:1980:24)
    at QueueRunner.run (/Users/muchniki/.nvm/versions/node/v6.9.5/lib/node_modules/protractor/node_modules/jasmine-core/lib/jasmine-core/jasmine.js:1935:9)
    at /Users/muchniki/.nvm/versions/node/v6.9.5/lib/node_modules/protractor/node_modules/jasmine-core/lib/jasmine-core/jasmine.js:1962:16
    at /Users/muchniki/.nvm/versions/node/v6.9.5/lib/node_modules/protractor/node_modules/jasmine-core/lib/jasmine-core/jasmine.js:1905:9
    at /Users/muchniki/.nvm/versions/node/v6.9.5/lib/node_modules/protractor/node_modules/jasminewd2/index.js:64:48
    at ControlFlow.emit (/Users/muchniki/.nvm/versions/node/v6.9.5/lib/node_modules/protractor/node_modules/selenium-webdriver/lib/events.js:62:21)
    at ControlFlow.shutdown_ (/Users/muchniki/.nvm/versions/node/v6.9.5/lib/node_modules/protractor/node_modules/selenium-webdriver/lib/promise.js:2565:10)
    at shutdownTask_.MicroTask (/Users/muchniki/.nvm/versions/node/v6.9.5/lib/node_modules/protractor/node_modules/selenium-webdriver/lib/promise.js:2490:53)
    at MicroTask.asyncRun (/Users/muchniki/.nvm/versions/node/v6.9.5/lib/node_modules/protractor/node_modules/selenium-webdriver/lib/promise.js:2619:9)
From asynchronous test: 
Error
    at Suite.<anonymous> (/Users/muchniki/dev/cfgov-refresh/test/browser_tests/spec_suites/integration/browse-filterable.js:59:5)
    at addSpecsToSuite (/Users/muchniki/.nvm/versions/node/v6.9.5/lib/node_modules/protractor/node_modules/jasmine-core/lib/jasmine-core/jasmine.js:867:25)
    at Env.describe (/Users/muchniki/.nvm/versions/node/v6.9.5/lib/node_modules/protractor/node_modules/jasmine-core/lib/jasmine-core/jasmine.js:836:7)
    at describe (/Users/muchniki/.nvm/versions/node/v6.9.5/lib/node_modules/protractor/node_modules/jasmine-core/lib/jasmine-core/jasmine.js:3576:18)
    at Suite.<anonymous> (/Users/muchniki/dev/cfgov-refresh/test/browser_tests/spec_suites/integration/browse-filterable.js:7:3)
    at addSpecsToSuite (/Users/muchniki/.nvm/versions/node/v6.9.5/lib/node_modules/protractor/node_modules/jasmine-core/lib/jasmine-core/jasmine.js:867:25)
    at Env.describe (/Users/muchniki/.nvm/versions/node/v6.9.5/lib/node_modules/protractor/node_modules/jasmine-core/lib/jasmine-core/jasmine.js:836:7)
    at describe (/Users/muchniki/.nvm/versions/node/v6.9.5/lib/node_modules/protractor/node_modules/jasmine-core/lib/jasmine-core/jasmine.js:3576:18)
    at Object.<anonymous> (/Users/muchniki/dev/cfgov-refresh/test/browser_tests/spec_suites/integration/browse-filterable.js:5:1)]]>
   </failure>
  </testcase>
 </testsuite>
 <testsuite name="focused specs.Footer" timestamp="2017-03-01T17:32:37" hostname="localhost" time="1.49" errors="0" tests="5" skipped="0" disabled="0" failures="5">
  <testcase classname="focused specs.Footer" name="should properly load in a browser" time="0.244">
   <failure type="toBe" message="Expected false to be true."><![CDATA[Error: Failed expectation
    at Object.<anonymous> (/Users/muchniki/dev/cfgov-refresh/test/browser_tests/spec_suites/integration/footer.js:57:48)
    at /Users/muchniki/.nvm/versions/node/v6.9.5/lib/node_modules/protractor/node_modules/jasminewd2/index.js:110:25
    at new ManagedPromise (/Users/muchniki/.nvm/versions/node/v6.9.5/lib/node_modules/protractor/node_modules/selenium-webdriver/lib/promise.js:1067:7)
    at ControlFlow.promise (/Users/muchniki/.nvm/versions/node/v6.9.5/lib/node_modules/protractor/node_modules/selenium-webdriver/lib/promise.js:2396:12)
    at schedulerExecute (/Users/muchniki/.nvm/versions/node/v6.9.5/lib/node_modules/protractor/node_modules/jasminewd2/index.js:95:18)
    at TaskQueue.execute_ (/Users/muchniki/.nvm/versions/node/v6.9.5/lib/node_modules/protractor/node_modules/selenium-webdriver/lib/promise.js:2970:14)
    at TaskQueue.executeNext_ (/Users/muchniki/.nvm/versions/node/v6.9.5/lib/node_modules/protractor/node_modules/selenium-webdriver/lib/promise.js:2953:27)
    at asyncRun (/Users/muchniki/.nvm/versions/node/v6.9.5/lib/node_modules/protractor/node_modules/selenium-webdriver/lib/promise.js:2860:25)
    at /Users/muchniki/.nvm/versions/node/v6.9.5/lib/node_modules/protractor/node_modules/selenium-webdriver/lib/promise.js:676:7]]>
   </failure>
  </testcase>
  <testcase classname="focused specs.Footer" name="should include navList" time="0.256">
   <failure type="toBe" message="Expected false to be true."><![CDATA[Error: Failed expectation
    at Object.<anonymous> (/Users/muchniki/dev/cfgov-refresh/test/browser_tests/spec_suites/integration/footer.js:61:49)
    at /Users/muchniki/.nvm/versions/node/v6.9.5/lib/node_modules/protractor/node_modules/jasminewd2/index.js:110:25
    at new ManagedPromise (/Users/muchniki/.nvm/versions/node/v6.9.5/lib/node_modules/protractor/node_modules/selenium-webdriver/lib/promise.js:1067:7)
    at ControlFlow.promise (/Users/muchniki/.nvm/versions/node/v6.9.5/lib/node_modules/protractor/node_modules/selenium-webdriver/lib/promise.js:2396:12)
    at schedulerExecute (/Users/muchniki/.nvm/versions/node/v6.9.5/lib/node_modules/protractor/node_modules/jasminewd2/index.js:95:18)
    at TaskQueue.execute_ (/Users/muchniki/.nvm/versions/node/v6.9.5/lib/node_modules/protractor/node_modules/selenium-webdriver/lib/promise.js:2970:14)
    at TaskQueue.executeNext_ (/Users/muchniki/.nvm/versions/node/v6.9.5/lib/node_modules/protractor/node_modules/selenium-webdriver/lib/promise.js:2953:27)
    at asyncRun (/Users/muchniki/.nvm/versions/node/v6.9.5/lib/node_modules/protractor/node_modules/selenium-webdriver/lib/promise.js:2860:25)
    at /Users/muchniki/.nvm/versions/node/v6.9.5/lib/node_modules/protractor/node_modules/selenium-webdriver/lib/promise.js:676:7]]>
   </failure>
  </testcase>
  <testcase classname="focused specs.Footer" name="should include links and links should be valid" time="0.49">
   <failure type="toBeGreaterThan" message="Expected 0 to be greater than 0."><![CDATA[Error: Failed expectation
    at Object.<anonymous> (/Users/muchniki/dev/cfgov-refresh/test/browser_tests/spec_suites/integration/footer.js:73:43)
    at /Users/muchniki/.nvm/versions/node/v6.9.5/lib/node_modules/protractor/node_modules/jasminewd2/index.js:110:25
    at new ManagedPromise (/Users/muchniki/.nvm/versions/node/v6.9.5/lib/node_modules/protractor/node_modules/selenium-webdriver/lib/promise.js:1067:7)
    at ControlFlow.promise (/Users/muchniki/.nvm/versions/node/v6.9.5/lib/node_modules/protractor/node_modules/selenium-webdriver/lib/promise.js:2396:12)
    at schedulerExecute (/Users/muchniki/.nvm/versions/node/v6.9.5/lib/node_modules/protractor/node_modules/jasminewd2/index.js:95:18)
    at TaskQueue.execute_ (/Users/muchniki/.nvm/versions/node/v6.9.5/lib/node_modules/protractor/node_modules/selenium-webdriver/lib/promise.js:2970:14)
    at TaskQueue.executeNext_ (/Users/muchniki/.nvm/versions/node/v6.9.5/lib/node_modules/protractor/node_modules/selenium-webdriver/lib/promise.js:2953:27)
    at asyncRun (/Users/muchniki/.nvm/versions/node/v6.9.5/lib/node_modules/protractor/node_modules/selenium-webdriver/lib/promise.js:2860:25)
    at /Users/muchniki/.nvm/versions/node/v6.9.5/lib/node_modules/protractor/node_modules/selenium-webdriver/lib/promise.js:676:7]]>
   </failure>
  </testcase>
  <testcase classname="focused specs.Footer" name="should include post" time="0.239">
   <failure type="toBe" message="Expected false to be true."><![CDATA[Error: Failed expectation
    at Object.<anonymous> (/Users/muchniki/dev/cfgov-refresh/test/browser_tests/spec_suites/integration/footer.js:91:46)
    at /Users/muchniki/.nvm/versions/node/v6.9.5/lib/node_modules/protractor/node_modules/jasminewd2/index.js:110:25
    at new ManagedPromise (/Users/muchniki/.nvm/versions/node/v6.9.5/lib/node_modules/protractor/node_modules/selenium-webdriver/lib/promise.js:1067:7)
    at ControlFlow.promise (/Users/muchniki/.nvm/versions/node/v6.9.5/lib/node_modules/protractor/node_modules/selenium-webdriver/lib/promise.js:2396:12)
    at schedulerExecute (/Users/muchniki/.nvm/versions/node/v6.9.5/lib/node_modules/protractor/node_modules/jasminewd2/index.js:95:18)
    at TaskQueue.execute_ (/Users/muchniki/.nvm/versions/node/v6.9.5/lib/node_modules/protractor/node_modules/selenium-webdriver/lib/promise.js:2970:14)
    at TaskQueue.executeNext_ (/Users/muchniki/.nvm/versions/node/v6.9.5/lib/node_modules/protractor/node_modules/selenium-webdriver/lib/promise.js:2953:27)
    at asyncRun (/Users/muchniki/.nvm/versions/node/v6.9.5/lib/node_modules/protractor/node_modules/selenium-webdriver/lib/promise.js:2860:25)
    at /Users/muchniki/.nvm/versions/node/v6.9.5/lib/node_modules/protractor/node_modules/selenium-webdriver/lib/promise.js:676:7]]>
   </failure>
  </testcase>
  <testcase classname="focused specs.Footer" name="should include officialWebsite" time="0.24">
   <failure type="toBe" message="Expected false to be true."><![CDATA[Error: Failed expectation
    at Object.<anonymous> (/Users/muchniki/dev/cfgov-refresh/test/browser_tests/spec_suites/integration/footer.js:95:57)
    at /Users/muchniki/.nvm/versions/node/v6.9.5/lib/node_modules/protractor/node_modules/jasminewd2/index.js:110:25
    at new ManagedPromise (/Users/muchniki/.nvm/versions/node/v6.9.5/lib/node_modules/protractor/node_modules/selenium-webdriver/lib/promise.js:1067:7)
    at ControlFlow.promise (/Users/muchniki/.nvm/versions/node/v6.9.5/lib/node_modules/protractor/node_modules/selenium-webdriver/lib/promise.js:2396:12)
    at schedulerExecute (/Users/muchniki/.nvm/versions/node/v6.9.5/lib/node_modules/protractor/node_modules/jasminewd2/index.js:95:18)
    at TaskQueue.execute_ (/Users/muchniki/.nvm/versions/node/v6.9.5/lib/node_modules/protractor/node_modules/selenium-webdriver/lib/promise.js:2970:14)
    at TaskQueue.executeNext_ (/Users/muchniki/.nvm/versions/node/v6.9.5/lib/node_modules/protractor/node_modules/selenium-webdriver/lib/promise.js:2953:27)
    at asyncRun (/Users/muchniki/.nvm/versions/node/v6.9.5/lib/node_modules/protractor/node_modules/selenium-webdriver/lib/promise.js:2860:25)
    at /Users/muchniki/.nvm/versions/node/v6.9.5/lib/node_modules/protractor/node_modules/selenium-webdriver/lib/promise.js:676:7]]>
   </failure>
  </testcase>
 </testsuite>
 <testsuite name="focused specs.GlobalSearch" timestamp="2017-03-01T17:32:39" hostname="localhost" time="0" errors="0" tests="0" skipped="0" disabled="0" failures="0">
 </testsuite>
 <testsuite name="focused specs.Header" timestamp="2017-03-01T17:32:39" hostname="localhost" time="0" errors="0" tests="0" skipped="0" disabled="0" failures="0">
 </testsuite>
 <testsuite name="focused specs.MegaMenu" timestamp="2017-03-01T17:32:39" hostname="localhost" time="0" errors="0" tests="0" skipped="0" disabled="0" failures="0">
 </testsuite>
 <testsuite name="focused specs.Multiselect" timestamp="2017-03-01T17:32:39" hostname="localhost" time="5.11" errors="0" tests="0" skipped="0" disabled="0" failures="0">
 </testsuite>
 <testsuite name="focused specs.Multiselect.on page load" timestamp="2017-03-01T17:32:39" hostname="localhost" time="1.012" errors="0" tests="2" skipped="0" disabled="0" failures="4">
  <testcase classname="focused specs.Multiselect.on page load" name="should create the multiselect" time="0.504">
   <failure type="exception" message="Failed: No element found using locator: By(css selector, .o-filterable-list-controls .o-expandable)"><![CDATA[NoSuchElementError: No element found using locator: By(css selector, .o-filterable-list-controls .o-expandable)
    at WebDriverError (/Users/muchniki/.nvm/versions/node/v6.9.5/lib/node_modules/protractor/node_modules/selenium-webdriver/lib/error.js:27:5)
    at NoSuchElementError (/Users/muchniki/.nvm/versions/node/v6.9.5/lib/node_modules/protractor/node_modules/selenium-webdriver/lib/error.js:168:5)
    at elementArrayFinder.getWebElements.then (/Users/muchniki/.nvm/versions/node/v6.9.5/lib/node_modules/protractor/lib/element.ts:851:17)
    at ManagedPromise.invokeCallback_ (/Users/muchniki/.nvm/versions/node/v6.9.5/lib/node_modules/protractor/node_modules/selenium-webdriver/lib/promise.js:1366:14)
    at TaskQueue.execute_ (/Users/muchniki/.nvm/versions/node/v6.9.5/lib/node_modules/protractor/node_modules/selenium-webdriver/lib/promise.js:2970:14)
    at TaskQueue.executeNext_ (/Users/muchniki/.nvm/versions/node/v6.9.5/lib/node_modules/protractor/node_modules/selenium-webdriver/lib/promise.js:2953:27)
    at asyncRun (/Users/muchniki/.nvm/versions/node/v6.9.5/lib/node_modules/protractor/node_modules/selenium-webdriver/lib/promise.js:2813:27)
    at /Users/muchniki/.nvm/versions/node/v6.9.5/lib/node_modules/protractor/node_modules/selenium-webdriver/lib/promise.js:676:7
    at process._tickCallback (internal/process/next_tick.js:103:7)Error
    at ElementArrayFinder.applyAction_ (/Users/muchniki/.nvm/versions/node/v6.9.5/lib/node_modules/protractor/lib/element.ts:482:23)
    at ElementArrayFinder.(anonymous function) [as click] (/Users/muchniki/.nvm/versions/node/v6.9.5/lib/node_modules/protractor/lib/element.ts:96:21)
    at ElementFinder.(anonymous function) [as click] (/Users/muchniki/.nvm/versions/node/v6.9.5/lib/node_modules/protractor/lib/element.ts:873:14)
    at Object.<anonymous> (/Users/muchniki/dev/cfgov-refresh/test/browser_tests/spec_suites/integration/multiselect.js:14:26)
    at /Users/muchniki/.nvm/versions/node/v6.9.5/lib/node_modules/protractor/node_modules/jasminewd2/index.js:110:25
    at new ManagedPromise (/Users/muchniki/.nvm/versions/node/v6.9.5/lib/node_modules/protractor/node_modules/selenium-webdriver/lib/promise.js:1067:7)
    at ControlFlow.promise (/Users/muchniki/.nvm/versions/node/v6.9.5/lib/node_modules/protractor/node_modules/selenium-webdriver/lib/promise.js:2396:12)
    at schedulerExecute (/Users/muchniki/.nvm/versions/node/v6.9.5/lib/node_modules/protractor/node_modules/jasminewd2/index.js:95:18)
    at TaskQueue.execute_ (/Users/muchniki/.nvm/versions/node/v6.9.5/lib/node_modules/protractor/node_modules/selenium-webdriver/lib/promise.js:2970:14)
    at TaskQueue.executeNext_ (/Users/muchniki/.nvm/versions/node/v6.9.5/lib/node_modules/protractor/node_modules/selenium-webdriver/lib/promise.js:2953:27)
From: Task: Run beforeEach in control flow
    at Object.<anonymous> (/Users/muchniki/.nvm/versions/node/v6.9.5/lib/node_modules/protractor/node_modules/jasminewd2/index.js:94:19)
    at attemptAsync (/Users/muchniki/.nvm/versions/node/v6.9.5/lib/node_modules/protractor/node_modules/jasmine-core/lib/jasmine-core/jasmine.js:1980:24)
    at QueueRunner.run (/Users/muchniki/.nvm/versions/node/v6.9.5/lib/node_modules/protractor/node_modules/jasmine-core/lib/jasmine-core/jasmine.js:1935:9)
    at QueueRunner.execute (/Users/muchniki/.nvm/versions/node/v6.9.5/lib/node_modules/protractor/node_modules/jasmine-core/lib/jasmine-core/jasmine.js:1923:10)
    at Spec.queueRunnerFactory (/Users/muchniki/.nvm/versions/node/v6.9.5/lib/node_modules/protractor/node_modules/jasmine-core/lib/jasmine-core/jasmine.js:714:35)
    at Spec.execute (/Users/muchniki/.nvm/versions/node/v6.9.5/lib/node_modules/protractor/node_modules/jasmine-core/lib/jasmine-core/jasmine.js:371:10)
    at Object.fn (/Users/muchniki/.nvm/versions/node/v6.9.5/lib/node_modules/protractor/node_modules/jasmine-core/lib/jasmine-core/jasmine.js:2579:37)
    at attemptAsync (/Users/muchniki/.nvm/versions/node/v6.9.5/lib/node_modules/protractor/node_modules/jasmine-core/lib/jasmine-core/jasmine.js:1980:24)
    at QueueRunner.run (/Users/muchniki/.nvm/versions/node/v6.9.5/lib/node_modules/protractor/node_modules/jasmine-core/lib/jasmine-core/jasmine.js:1935:9)
    at QueueRunner.execute (/Users/muchniki/.nvm/versions/node/v6.9.5/lib/node_modules/protractor/node_modules/jasmine-core/lib/jasmine-core/jasmine.js:1923:10)
From asynchronous test: 
Error
    at Suite.<anonymous> (/Users/muchniki/dev/cfgov-refresh/test/browser_tests/spec_suites/integration/multiselect.js:10:3)
    at addSpecsToSuite (/Users/muchniki/.nvm/versions/node/v6.9.5/lib/node_modules/protractor/node_modules/jasmine-core/lib/jasmine-core/jasmine.js:867:25)
    at Env.describe (/Users/muchniki/.nvm/versions/node/v6.9.5/lib/node_modules/protractor/node_modules/jasmine-core/lib/jasmine-core/jasmine.js:836:7)
    at describe (/Users/muchniki/.nvm/versions/node/v6.9.5/lib/node_modules/protractor/node_modules/jasmine-core/lib/jasmine-core/jasmine.js:3576:18)
    at Object.<anonymous> (/Users/muchniki/dev/cfgov-refresh/test/browser_tests/spec_suites/integration/multiselect.js:7:1)
    at Module._compile (module.js:570:32)
    at Object.Module._extensions..js (module.js:579:10)
    at Module.load (module.js:487:32)
    at tryModuleLoad (module.js:446:12)]]>
   </failure>
   <failure type="exception" message="Failed: Index out of bound. Trying to access element at index: 0, but there are only 0 elements that match locator By(css selector, .cf-multi-select)"><![CDATA[NoSuchElementError: Index out of bound. Trying to access element at index: 0, but there are only 0 elements that match locator By(css selector, .cf-multi-select)
    at WebDriverError (/Users/muchniki/.nvm/versions/node/v6.9.5/lib/node_modules/protractor/node_modules/selenium-webdriver/lib/error.js:27:5)
    at NoSuchElementError (/Users/muchniki/.nvm/versions/node/v6.9.5/lib/node_modules/protractor/node_modules/selenium-webdriver/lib/error.js:168:5)
    at selenium_webdriver_1.promise.all.then (/Users/muchniki/.nvm/versions/node/v6.9.5/lib/node_modules/protractor/lib/element.ts:287:17)
    at ManagedPromise.invokeCallback_ (/Users/muchniki/.nvm/versions/node/v6.9.5/lib/node_modules/protractor/node_modules/selenium-webdriver/lib/promise.js:1366:14)
    at TaskQueue.execute_ (/Users/muchniki/.nvm/versions/node/v6.9.5/lib/node_modules/protractor/node_modules/selenium-webdriver/lib/promise.js:2970:14)
    at TaskQueue.executeNext_ (/Users/muchniki/.nvm/versions/node/v6.9.5/lib/node_modules/protractor/node_modules/selenium-webdriver/lib/promise.js:2953:27)
    at asyncRun (/Users/muchniki/.nvm/versions/node/v6.9.5/lib/node_modules/protractor/node_modules/selenium-webdriver/lib/promise.js:2813:27)
    at /Users/muchniki/.nvm/versions/node/v6.9.5/lib/node_modules/protractor/node_modules/selenium-webdriver/lib/promise.js:676:7
    at process._tickCallback (internal/process/next_tick.js:103:7)Error
    at ElementArrayFinder.applyAction_ (/Users/muchniki/.nvm/versions/node/v6.9.5/lib/node_modules/protractor/lib/element.ts:482:23)
    at ElementArrayFinder.(anonymous function) [as isDisplayed] (/Users/muchniki/.nvm/versions/node/v6.9.5/lib/node_modules/protractor/lib/element.ts:96:21)
    at ElementFinder.(anonymous function) [as isDisplayed] (/Users/muchniki/.nvm/versions/node/v6.9.5/lib/node_modules/protractor/lib/element.ts:873:14)
    at Object.<anonymous> (/Users/muchniki/dev/cfgov-refresh/test/browser_tests/spec_suites/integration/multiselect.js:20:32)
    at /Users/muchniki/.nvm/versions/node/v6.9.5/lib/node_modules/protractor/node_modules/jasminewd2/index.js:110:25
    at new ManagedPromise (/Users/muchniki/.nvm/versions/node/v6.9.5/lib/node_modules/protractor/node_modules/selenium-webdriver/lib/promise.js:1067:7)
    at ControlFlow.promise (/Users/muchniki/.nvm/versions/node/v6.9.5/lib/node_modules/protractor/node_modules/selenium-webdriver/lib/promise.js:2396:12)
    at schedulerExecute (/Users/muchniki/.nvm/versions/node/v6.9.5/lib/node_modules/protractor/node_modules/jasminewd2/index.js:95:18)
    at TaskQueue.execute_ (/Users/muchniki/.nvm/versions/node/v6.9.5/lib/node_modules/protractor/node_modules/selenium-webdriver/lib/promise.js:2970:14)
    at TaskQueue.executeNext_ (/Users/muchniki/.nvm/versions/node/v6.9.5/lib/node_modules/protractor/node_modules/selenium-webdriver/lib/promise.js:2953:27)
From: Task: Run it("should create the multiselect") in control flow
    at Object.<anonymous> (/Users/muchniki/.nvm/versions/node/v6.9.5/lib/node_modules/protractor/node_modules/jasminewd2/index.js:94:19)
    at attemptAsync (/Users/muchniki/.nvm/versions/node/v6.9.5/lib/node_modules/protractor/node_modules/jasmine-core/lib/jasmine-core/jasmine.js:1980:24)
    at QueueRunner.run (/Users/muchniki/.nvm/versions/node/v6.9.5/lib/node_modules/protractor/node_modules/jasmine-core/lib/jasmine-core/jasmine.js:1935:9)
    at /Users/muchniki/.nvm/versions/node/v6.9.5/lib/node_modules/protractor/node_modules/jasmine-core/lib/jasmine-core/jasmine.js:1962:16
    at /Users/muchniki/.nvm/versions/node/v6.9.5/lib/node_modules/protractor/node_modules/jasmine-core/lib/jasmine-core/jasmine.js:1905:9
    at Function.next.fail (/Users/muchniki/.nvm/versions/node/v6.9.5/lib/node_modules/protractor/node_modules/jasmine-core/lib/jasmine-core/jasmine.js:1968:9)
    at /Users/muchniki/.nvm/versions/node/v6.9.5/lib/node_modules/protractor/node_modules/jasminewd2/index.js:64:48
    at ControlFlow.emit (/Users/muchniki/.nvm/versions/node/v6.9.5/lib/node_modules/protractor/node_modules/selenium-webdriver/lib/events.js:62:21)
    at ControlFlow.shutdown_ (/Users/muchniki/.nvm/versions/node/v6.9.5/lib/node_modules/protractor/node_modules/selenium-webdriver/lib/promise.js:2565:10)
    at shutdownTask_.MicroTask (/Users/muchniki/.nvm/versions/node/v6.9.5/lib/node_modules/protractor/node_modules/selenium-webdriver/lib/promise.js:2490:53)
From asynchronous test: 
Error
    at Suite.<anonymous> (/Users/muchniki/dev/cfgov-refresh/test/browser_tests/spec_suites/integration/multiselect.js:19:5)
    at addSpecsToSuite (/Users/muchniki/.nvm/versions/node/v6.9.5/lib/node_modules/protractor/node_modules/jasmine-core/lib/jasmine-core/jasmine.js:867:25)
    at Env.describe (/Users/muchniki/.nvm/versions/node/v6.9.5/lib/node_modules/protractor/node_modules/jasmine-core/lib/jasmine-core/jasmine.js:836:7)
    at describe (/Users/muchniki/.nvm/versions/node/v6.9.5/lib/node_modules/protractor/node_modules/jasmine-core/lib/jasmine-core/jasmine.js:3576:18)
    at Suite.<anonymous> (/Users/muchniki/dev/cfgov-refresh/test/browser_tests/spec_suites/integration/multiselect.js:18:3)
    at addSpecsToSuite (/Users/muchniki/.nvm/versions/node/v6.9.5/lib/node_modules/protractor/node_modules/jasmine-core/lib/jasmine-core/jasmine.js:867:25)
    at Env.describe (/Users/muchniki/.nvm/versions/node/v6.9.5/lib/node_modules/protractor/node_modules/jasmine-core/lib/jasmine-core/jasmine.js:836:7)
    at describe (/Users/muchniki/.nvm/versions/node/v6.9.5/lib/node_modules/protractor/node_modules/jasmine-core/lib/jasmine-core/jasmine.js:3576:18)
    at Object.<anonymous> (/Users/muchniki/dev/cfgov-refresh/test/browser_tests/spec_suites/integration/multiselect.js:7:1)]]>
   </failure>
  </testcase>
  <testcase classname="focused specs.Multiselect.on page load" name="should not show the dropdown" time="0.508">
   <failure type="exception" message="Failed: No element found using locator: By(css selector, .o-filterable-list-controls .o-expandable)"><![CDATA[NoSuchElementError: No element found using locator: By(css selector, .o-filterable-list-controls .o-expandable)
    at WebDriverError (/Users/muchniki/.nvm/versions/node/v6.9.5/lib/node_modules/protractor/node_modules/selenium-webdriver/lib/error.js:27:5)
    at NoSuchElementError (/Users/muchniki/.nvm/versions/node/v6.9.5/lib/node_modules/protractor/node_modules/selenium-webdriver/lib/error.js:168:5)
    at elementArrayFinder.getWebElements.then (/Users/muchniki/.nvm/versions/node/v6.9.5/lib/node_modules/protractor/lib/element.ts:851:17)
    at ManagedPromise.invokeCallback_ (/Users/muchniki/.nvm/versions/node/v6.9.5/lib/node_modules/protractor/node_modules/selenium-webdriver/lib/promise.js:1366:14)
    at TaskQueue.execute_ (/Users/muchniki/.nvm/versions/node/v6.9.5/lib/node_modules/protractor/node_modules/selenium-webdriver/lib/promise.js:2970:14)
    at TaskQueue.executeNext_ (/Users/muchniki/.nvm/versions/node/v6.9.5/lib/node_modules/protractor/node_modules/selenium-webdriver/lib/promise.js:2953:27)
    at asyncRun (/Users/muchniki/.nvm/versions/node/v6.9.5/lib/node_modules/protractor/node_modules/selenium-webdriver/lib/promise.js:2813:27)
    at /Users/muchniki/.nvm/versions/node/v6.9.5/lib/node_modules/protractor/node_modules/selenium-webdriver/lib/promise.js:676:7
    at process._tickCallback (internal/process/next_tick.js:103:7)Error
    at ElementArrayFinder.applyAction_ (/Users/muchniki/.nvm/versions/node/v6.9.5/lib/node_modules/protractor/lib/element.ts:482:23)
    at ElementArrayFinder.(anonymous function) [as click] (/Users/muchniki/.nvm/versions/node/v6.9.5/lib/node_modules/protractor/lib/element.ts:96:21)
    at ElementFinder.(anonymous function) [as click] (/Users/muchniki/.nvm/versions/node/v6.9.5/lib/node_modules/protractor/lib/element.ts:873:14)
    at Object.<anonymous> (/Users/muchniki/dev/cfgov-refresh/test/browser_tests/spec_suites/integration/multiselect.js:14:26)
    at /Users/muchniki/.nvm/versions/node/v6.9.5/lib/node_modules/protractor/node_modules/jasminewd2/index.js:110:25
    at new ManagedPromise (/Users/muchniki/.nvm/versions/node/v6.9.5/lib/node_modules/protractor/node_modules/selenium-webdriver/lib/promise.js:1067:7)
    at ControlFlow.promise (/Users/muchniki/.nvm/versions/node/v6.9.5/lib/node_modules/protractor/node_modules/selenium-webdriver/lib/promise.js:2396:12)
    at schedulerExecute (/Users/muchniki/.nvm/versions/node/v6.9.5/lib/node_modules/protractor/node_modules/jasminewd2/index.js:95:18)
    at TaskQueue.execute_ (/Users/muchniki/.nvm/versions/node/v6.9.5/lib/node_modules/protractor/node_modules/selenium-webdriver/lib/promise.js:2970:14)
    at TaskQueue.executeNext_ (/Users/muchniki/.nvm/versions/node/v6.9.5/lib/node_modules/protractor/node_modules/selenium-webdriver/lib/promise.js:2953:27)
From: Task: Run beforeEach in control flow
    at Object.<anonymous> (/Users/muchniki/.nvm/versions/node/v6.9.5/lib/node_modules/protractor/node_modules/jasminewd2/index.js:94:19)
    at attemptAsync (/Users/muchniki/.nvm/versions/node/v6.9.5/lib/node_modules/protractor/node_modules/jasmine-core/lib/jasmine-core/jasmine.js:1980:24)
    at QueueRunner.run (/Users/muchniki/.nvm/versions/node/v6.9.5/lib/node_modules/protractor/node_modules/jasmine-core/lib/jasmine-core/jasmine.js:1935:9)
    at QueueRunner.execute (/Users/muchniki/.nvm/versions/node/v6.9.5/lib/node_modules/protractor/node_modules/jasmine-core/lib/jasmine-core/jasmine.js:1923:10)
    at Spec.queueRunnerFactory (/Users/muchniki/.nvm/versions/node/v6.9.5/lib/node_modules/protractor/node_modules/jasmine-core/lib/jasmine-core/jasmine.js:714:35)
    at Spec.execute (/Users/muchniki/.nvm/versions/node/v6.9.5/lib/node_modules/protractor/node_modules/jasmine-core/lib/jasmine-core/jasmine.js:371:10)
    at Object.fn (/Users/muchniki/.nvm/versions/node/v6.9.5/lib/node_modules/protractor/node_modules/jasmine-core/lib/jasmine-core/jasmine.js:2579:37)
    at attemptAsync (/Users/muchniki/.nvm/versions/node/v6.9.5/lib/node_modules/protractor/node_modules/jasmine-core/lib/jasmine-core/jasmine.js:1980:24)
    at QueueRunner.run (/Users/muchniki/.nvm/versions/node/v6.9.5/lib/node_modules/protractor/node_modules/jasmine-core/lib/jasmine-core/jasmine.js:1935:9)
    at /Users/muchniki/.nvm/versions/node/v6.9.5/lib/node_modules/protractor/node_modules/jasmine-core/lib/jasmine-core/jasmine.js:1962:16
From asynchronous test: 
Error
    at Suite.<anonymous> (/Users/muchniki/dev/cfgov-refresh/test/browser_tests/spec_suites/integration/multiselect.js:10:3)
    at addSpecsToSuite (/Users/muchniki/.nvm/versions/node/v6.9.5/lib/node_modules/protractor/node_modules/jasmine-core/lib/jasmine-core/jasmine.js:867:25)
    at Env.describe (/Users/muchniki/.nvm/versions/node/v6.9.5/lib/node_modules/protractor/node_modules/jasmine-core/lib/jasmine-core/jasmine.js:836:7)
    at describe (/Users/muchniki/.nvm/versions/node/v6.9.5/lib/node_modules/protractor/node_modules/jasmine-core/lib/jasmine-core/jasmine.js:3576:18)
    at Object.<anonymous> (/Users/muchniki/dev/cfgov-refresh/test/browser_tests/spec_suites/integration/multiselect.js:7:1)
    at Module._compile (module.js:570:32)
    at Object.Module._extensions..js (module.js:579:10)
    at Module.load (module.js:487:32)
    at tryModuleLoad (module.js:446:12)]]>
   </failure>
   <failure type="exception" message="Failed: Index out of bound. Trying to access element at index: 0, but there are only 0 elements that match locator By(css selector, .cf-multi-select)"><![CDATA[NoSuchElementError: Index out of bound. Trying to access element at index: 0, but there are only 0 elements that match locator By(css selector, .cf-multi-select)
    at WebDriverError (/Users/muchniki/.nvm/versions/node/v6.9.5/lib/node_modules/protractor/node_modules/selenium-webdriver/lib/error.js:27:5)
    at NoSuchElementError (/Users/muchniki/.nvm/versions/node/v6.9.5/lib/node_modules/protractor/node_modules/selenium-webdriver/lib/error.js:168:5)
    at selenium_webdriver_1.promise.all.then (/Users/muchniki/.nvm/versions/node/v6.9.5/lib/node_modules/protractor/lib/element.ts:287:17)
    at ManagedPromise.invokeCallback_ (/Users/muchniki/.nvm/versions/node/v6.9.5/lib/node_modules/protractor/node_modules/selenium-webdriver/lib/promise.js:1366:14)
    at TaskQueue.execute_ (/Users/muchniki/.nvm/versions/node/v6.9.5/lib/node_modules/protractor/node_modules/selenium-webdriver/lib/promise.js:2970:14)
    at TaskQueue.executeNext_ (/Users/muchniki/.nvm/versions/node/v6.9.5/lib/node_modules/protractor/node_modules/selenium-webdriver/lib/promise.js:2953:27)
    at asyncRun (/Users/muchniki/.nvm/versions/node/v6.9.5/lib/node_modules/protractor/node_modules/selenium-webdriver/lib/promise.js:2813:27)
    at /Users/muchniki/.nvm/versions/node/v6.9.5/lib/node_modules/protractor/node_modules/selenium-webdriver/lib/promise.js:676:7
    at process._tickCallback (internal/process/next_tick.js:103:7)Error
    at ElementArrayFinder.applyAction_ (/Users/muchniki/.nvm/versions/node/v6.9.5/lib/node_modules/protractor/lib/element.ts:482:23)
    at ElementArrayFinder.(anonymous function) [as isDisplayed] (/Users/muchniki/.nvm/versions/node/v6.9.5/lib/node_modules/protractor/lib/element.ts:96:21)
    at ElementFinder.(anonymous function) [as isDisplayed] (/Users/muchniki/.nvm/versions/node/v6.9.5/lib/node_modules/protractor/lib/element.ts:873:14)
    at Object.<anonymous> (/Users/muchniki/dev/cfgov-refresh/test/browser_tests/spec_suites/integration/multiselect.js:24:40)
    at /Users/muchniki/.nvm/versions/node/v6.9.5/lib/node_modules/protractor/node_modules/jasminewd2/index.js:110:25
    at new ManagedPromise (/Users/muchniki/.nvm/versions/node/v6.9.5/lib/node_modules/protractor/node_modules/selenium-webdriver/lib/promise.js:1067:7)
    at ControlFlow.promise (/Users/muchniki/.nvm/versions/node/v6.9.5/lib/node_modules/protractor/node_modules/selenium-webdriver/lib/promise.js:2396:12)
    at schedulerExecute (/Users/muchniki/.nvm/versions/node/v6.9.5/lib/node_modules/protractor/node_modules/jasminewd2/index.js:95:18)
    at TaskQueue.execute_ (/Users/muchniki/.nvm/versions/node/v6.9.5/lib/node_modules/protractor/node_modules/selenium-webdriver/lib/promise.js:2970:14)
    at TaskQueue.executeNext_ (/Users/muchniki/.nvm/versions/node/v6.9.5/lib/node_modules/protractor/node_modules/selenium-webdriver/lib/promise.js:2953:27)
From: Task: Run it("should not show the dropdown") in control flow
    at Object.<anonymous> (/Users/muchniki/.nvm/versions/node/v6.9.5/lib/node_modules/protractor/node_modules/jasminewd2/index.js:94:19)
    at attemptAsync (/Users/muchniki/.nvm/versions/node/v6.9.5/lib/node_modules/protractor/node_modules/jasmine-core/lib/jasmine-core/jasmine.js:1980:24)
    at QueueRunner.run (/Users/muchniki/.nvm/versions/node/v6.9.5/lib/node_modules/protractor/node_modules/jasmine-core/lib/jasmine-core/jasmine.js:1935:9)
    at /Users/muchniki/.nvm/versions/node/v6.9.5/lib/node_modules/protractor/node_modules/jasmine-core/lib/jasmine-core/jasmine.js:1962:16
    at /Users/muchniki/.nvm/versions/node/v6.9.5/lib/node_modules/protractor/node_modules/jasmine-core/lib/jasmine-core/jasmine.js:1905:9
    at Function.next.fail (/Users/muchniki/.nvm/versions/node/v6.9.5/lib/node_modules/protractor/node_modules/jasmine-core/lib/jasmine-core/jasmine.js:1968:9)
    at /Users/muchniki/.nvm/versions/node/v6.9.5/lib/node_modules/protractor/node_modules/jasminewd2/index.js:64:48
    at ControlFlow.emit (/Users/muchniki/.nvm/versions/node/v6.9.5/lib/node_modules/protractor/node_modules/selenium-webdriver/lib/events.js:62:21)
    at ControlFlow.shutdown_ (/Users/muchniki/.nvm/versions/node/v6.9.5/lib/node_modules/protractor/node_modules/selenium-webdriver/lib/promise.js:2565:10)
    at shutdownTask_.MicroTask (/Users/muchniki/.nvm/versions/node/v6.9.5/lib/node_modules/protractor/node_modules/selenium-webdriver/lib/promise.js:2490:53)
From asynchronous test: 
Error
    at Suite.<anonymous> (/Users/muchniki/dev/cfgov-refresh/test/browser_tests/spec_suites/integration/multiselect.js:23:5)
    at addSpecsToSuite (/Users/muchniki/.nvm/versions/node/v6.9.5/lib/node_modules/protractor/node_modules/jasmine-core/lib/jasmine-core/jasmine.js:867:25)
    at Env.describe (/Users/muchniki/.nvm/versions/node/v6.9.5/lib/node_modules/protractor/node_modules/jasmine-core/lib/jasmine-core/jasmine.js:836:7)
    at describe (/Users/muchniki/.nvm/versions/node/v6.9.5/lib/node_modules/protractor/node_modules/jasmine-core/lib/jasmine-core/jasmine.js:3576:18)
    at Suite.<anonymous> (/Users/muchniki/dev/cfgov-refresh/test/browser_tests/spec_suites/integration/multiselect.js:18:3)
    at addSpecsToSuite (/Users/muchniki/.nvm/versions/node/v6.9.5/lib/node_modules/protractor/node_modules/jasmine-core/lib/jasmine-core/jasmine.js:867:25)
    at Env.describe (/Users/muchniki/.nvm/versions/node/v6.9.5/lib/node_modules/protractor/node_modules/jasmine-core/lib/jasmine-core/jasmine.js:836:7)
    at describe (/Users/muchniki/.nvm/versions/node/v6.9.5/lib/node_modules/protractor/node_modules/jasmine-core/lib/jasmine-core/jasmine.js:3576:18)
    at Object.<anonymous> (/Users/muchniki/dev/cfgov-refresh/test/browser_tests/spec_suites/integration/multiselect.js:7:1)]]>
   </failure>
  </testcase>
 </testsuite>
 <testsuite name="focused specs.Multiselect.when interacting with search input" timestamp="2017-03-01T17:32:40" hostname="localhost" time="1.021" errors="0" tests="3" skipped="1" disabled="0" failures="4">
  <testcase classname="focused specs.Multiselect.when interacting with search input" name="should show the dropdown on click" time="0.496">
   <failure type="exception" message="Failed: No element found using locator: By(css selector, .o-filterable-list-controls .o-expandable)"><![CDATA[NoSuchElementError: No element found using locator: By(css selector, .o-filterable-list-controls .o-expandable)
    at WebDriverError (/Users/muchniki/.nvm/versions/node/v6.9.5/lib/node_modules/protractor/node_modules/selenium-webdriver/lib/error.js:27:5)
    at NoSuchElementError (/Users/muchniki/.nvm/versions/node/v6.9.5/lib/node_modules/protractor/node_modules/selenium-webdriver/lib/error.js:168:5)
    at elementArrayFinder.getWebElements.then (/Users/muchniki/.nvm/versions/node/v6.9.5/lib/node_modules/protractor/lib/element.ts:851:17)
    at ManagedPromise.invokeCallback_ (/Users/muchniki/.nvm/versions/node/v6.9.5/lib/node_modules/protractor/node_modules/selenium-webdriver/lib/promise.js:1366:14)
    at TaskQueue.execute_ (/Users/muchniki/.nvm/versions/node/v6.9.5/lib/node_modules/protractor/node_modules/selenium-webdriver/lib/promise.js:2970:14)
    at TaskQueue.executeNext_ (/Users/muchniki/.nvm/versions/node/v6.9.5/lib/node_modules/protractor/node_modules/selenium-webdriver/lib/promise.js:2953:27)
    at asyncRun (/Users/muchniki/.nvm/versions/node/v6.9.5/lib/node_modules/protractor/node_modules/selenium-webdriver/lib/promise.js:2813:27)
    at /Users/muchniki/.nvm/versions/node/v6.9.5/lib/node_modules/protractor/node_modules/selenium-webdriver/lib/promise.js:676:7
    at process._tickCallback (internal/process/next_tick.js:103:7)Error
    at ElementArrayFinder.applyAction_ (/Users/muchniki/.nvm/versions/node/v6.9.5/lib/node_modules/protractor/lib/element.ts:482:23)
    at ElementArrayFinder.(anonymous function) [as click] (/Users/muchniki/.nvm/versions/node/v6.9.5/lib/node_modules/protractor/lib/element.ts:96:21)
    at ElementFinder.(anonymous function) [as click] (/Users/muchniki/.nvm/versions/node/v6.9.5/lib/node_modules/protractor/lib/element.ts:873:14)
    at Object.<anonymous> (/Users/muchniki/dev/cfgov-refresh/test/browser_tests/spec_suites/integration/multiselect.js:14:26)
    at /Users/muchniki/.nvm/versions/node/v6.9.5/lib/node_modules/protractor/node_modules/jasminewd2/index.js:110:25
    at new ManagedPromise (/Users/muchniki/.nvm/versions/node/v6.9.5/lib/node_modules/protractor/node_modules/selenium-webdriver/lib/promise.js:1067:7)
    at ControlFlow.promise (/Users/muchniki/.nvm/versions/node/v6.9.5/lib/node_modules/protractor/node_modules/selenium-webdriver/lib/promise.js:2396:12)
    at schedulerExecute (/Users/muchniki/.nvm/versions/node/v6.9.5/lib/node_modules/protractor/node_modules/jasminewd2/index.js:95:18)
    at TaskQueue.execute_ (/Users/muchniki/.nvm/versions/node/v6.9.5/lib/node_modules/protractor/node_modules/selenium-webdriver/lib/promise.js:2970:14)
    at TaskQueue.executeNext_ (/Users/muchniki/.nvm/versions/node/v6.9.5/lib/node_modules/protractor/node_modules/selenium-webdriver/lib/promise.js:2953:27)
From: Task: Run beforeEach in control flow
    at Object.<anonymous> (/Users/muchniki/.nvm/versions/node/v6.9.5/lib/node_modules/protractor/node_modules/jasminewd2/index.js:94:19)
    at attemptAsync (/Users/muchniki/.nvm/versions/node/v6.9.5/lib/node_modules/protractor/node_modules/jasmine-core/lib/jasmine-core/jasmine.js:1980:24)
    at QueueRunner.run (/Users/muchniki/.nvm/versions/node/v6.9.5/lib/node_modules/protractor/node_modules/jasmine-core/lib/jasmine-core/jasmine.js:1935:9)
    at QueueRunner.execute (/Users/muchniki/.nvm/versions/node/v6.9.5/lib/node_modules/protractor/node_modules/jasmine-core/lib/jasmine-core/jasmine.js:1923:10)
    at Spec.queueRunnerFactory (/Users/muchniki/.nvm/versions/node/v6.9.5/lib/node_modules/protractor/node_modules/jasmine-core/lib/jasmine-core/jasmine.js:714:35)
    at Spec.execute (/Users/muchniki/.nvm/versions/node/v6.9.5/lib/node_modules/protractor/node_modules/jasmine-core/lib/jasmine-core/jasmine.js:371:10)
    at Object.fn (/Users/muchniki/.nvm/versions/node/v6.9.5/lib/node_modules/protractor/node_modules/jasmine-core/lib/jasmine-core/jasmine.js:2579:37)
    at attemptAsync (/Users/muchniki/.nvm/versions/node/v6.9.5/lib/node_modules/protractor/node_modules/jasmine-core/lib/jasmine-core/jasmine.js:1980:24)
    at QueueRunner.run (/Users/muchniki/.nvm/versions/node/v6.9.5/lib/node_modules/protractor/node_modules/jasmine-core/lib/jasmine-core/jasmine.js:1935:9)
    at QueueRunner.execute (/Users/muchniki/.nvm/versions/node/v6.9.5/lib/node_modules/protractor/node_modules/jasmine-core/lib/jasmine-core/jasmine.js:1923:10)
From asynchronous test: 
Error
    at Suite.<anonymous> (/Users/muchniki/dev/cfgov-refresh/test/browser_tests/spec_suites/integration/multiselect.js:10:3)
    at addSpecsToSuite (/Users/muchniki/.nvm/versions/node/v6.9.5/lib/node_modules/protractor/node_modules/jasmine-core/lib/jasmine-core/jasmine.js:867:25)
    at Env.describe (/Users/muchniki/.nvm/versions/node/v6.9.5/lib/node_modules/protractor/node_modules/jasmine-core/lib/jasmine-core/jasmine.js:836:7)
    at describe (/Users/muchniki/.nvm/versions/node/v6.9.5/lib/node_modules/protractor/node_modules/jasmine-core/lib/jasmine-core/jasmine.js:3576:18)
    at Object.<anonymous> (/Users/muchniki/dev/cfgov-refresh/test/browser_tests/spec_suites/integration/multiselect.js:7:1)
    at Module._compile (module.js:570:32)
    at Object.Module._extensions..js (module.js:579:10)
    at Module.load (module.js:487:32)
    at tryModuleLoad (module.js:446:12)]]>
   </failure>
   <failure type="exception" message="Failed: Index out of bound. Trying to access element at index: 0, but there are only 0 elements that match locator By(css selector, .cf-multi-select)"><![CDATA[NoSuchElementError: Index out of bound. Trying to access element at index: 0, but there are only 0 elements that match locator By(css selector, .cf-multi-select)
    at WebDriverError (/Users/muchniki/.nvm/versions/node/v6.9.5/lib/node_modules/protractor/node_modules/selenium-webdriver/lib/error.js:27:5)
    at NoSuchElementError (/Users/muchniki/.nvm/versions/node/v6.9.5/lib/node_modules/protractor/node_modules/selenium-webdriver/lib/error.js:168:5)
    at selenium_webdriver_1.promise.all.then (/Users/muchniki/.nvm/versions/node/v6.9.5/lib/node_modules/protractor/lib/element.ts:287:17)
    at ManagedPromise.invokeCallback_ (/Users/muchniki/.nvm/versions/node/v6.9.5/lib/node_modules/protractor/node_modules/selenium-webdriver/lib/promise.js:1366:14)
    at TaskQueue.execute_ (/Users/muchniki/.nvm/versions/node/v6.9.5/lib/node_modules/protractor/node_modules/selenium-webdriver/lib/promise.js:2970:14)
    at TaskQueue.executeNext_ (/Users/muchniki/.nvm/versions/node/v6.9.5/lib/node_modules/protractor/node_modules/selenium-webdriver/lib/promise.js:2953:27)
    at asyncRun (/Users/muchniki/.nvm/versions/node/v6.9.5/lib/node_modules/protractor/node_modules/selenium-webdriver/lib/promise.js:2813:27)
    at /Users/muchniki/.nvm/versions/node/v6.9.5/lib/node_modules/protractor/node_modules/selenium-webdriver/lib/promise.js:676:7
    at process._tickCallback (internal/process/next_tick.js:103:7)Error
    at ElementArrayFinder.applyAction_ (/Users/muchniki/.nvm/versions/node/v6.9.5/lib/node_modules/protractor/lib/element.ts:482:23)
    at ElementArrayFinder.(anonymous function) [as click] (/Users/muchniki/.nvm/versions/node/v6.9.5/lib/node_modules/protractor/lib/element.ts:96:21)
    at ElementFinder.(anonymous function) [as click] (/Users/muchniki/.nvm/versions/node/v6.9.5/lib/node_modules/protractor/lib/element.ts:873:14)
    at Object.<anonymous> (/Users/muchniki/dev/cfgov-refresh/test/browser_tests/spec_suites/integration/multiselect.js:30:30)
    at /Users/muchniki/.nvm/versions/node/v6.9.5/lib/node_modules/protractor/node_modules/jasminewd2/index.js:110:25
    at new ManagedPromise (/Users/muchniki/.nvm/versions/node/v6.9.5/lib/node_modules/protractor/node_modules/selenium-webdriver/lib/promise.js:1067:7)
    at ControlFlow.promise (/Users/muchniki/.nvm/versions/node/v6.9.5/lib/node_modules/protractor/node_modules/selenium-webdriver/lib/promise.js:2396:12)
    at schedulerExecute (/Users/muchniki/.nvm/versions/node/v6.9.5/lib/node_modules/protractor/node_modules/jasminewd2/index.js:95:18)
    at TaskQueue.execute_ (/Users/muchniki/.nvm/versions/node/v6.9.5/lib/node_modules/protractor/node_modules/selenium-webdriver/lib/promise.js:2970:14)
    at TaskQueue.executeNext_ (/Users/muchniki/.nvm/versions/node/v6.9.5/lib/node_modules/protractor/node_modules/selenium-webdriver/lib/promise.js:2953:27)
From: Task: Run it("should show the dropdown on click") in control flow
    at Object.<anonymous> (/Users/muchniki/.nvm/versions/node/v6.9.5/lib/node_modules/protractor/node_modules/jasminewd2/index.js:94:19)
    at attemptAsync (/Users/muchniki/.nvm/versions/node/v6.9.5/lib/node_modules/protractor/node_modules/jasmine-core/lib/jasmine-core/jasmine.js:1980:24)
    at QueueRunner.run (/Users/muchniki/.nvm/versions/node/v6.9.5/lib/node_modules/protractor/node_modules/jasmine-core/lib/jasmine-core/jasmine.js:1935:9)
    at /Users/muchniki/.nvm/versions/node/v6.9.5/lib/node_modules/protractor/node_modules/jasmine-core/lib/jasmine-core/jasmine.js:1962:16
    at /Users/muchniki/.nvm/versions/node/v6.9.5/lib/node_modules/protractor/node_modules/jasmine-core/lib/jasmine-core/jasmine.js:1905:9
    at Function.next.fail (/Users/muchniki/.nvm/versions/node/v6.9.5/lib/node_modules/protractor/node_modules/jasmine-core/lib/jasmine-core/jasmine.js:1968:9)
    at /Users/muchniki/.nvm/versions/node/v6.9.5/lib/node_modules/protractor/node_modules/jasminewd2/index.js:64:48
    at ControlFlow.emit (/Users/muchniki/.nvm/versions/node/v6.9.5/lib/node_modules/protractor/node_modules/selenium-webdriver/lib/events.js:62:21)
    at ControlFlow.shutdown_ (/Users/muchniki/.nvm/versions/node/v6.9.5/lib/node_modules/protractor/node_modules/selenium-webdriver/lib/promise.js:2565:10)
    at shutdownTask_.MicroTask (/Users/muchniki/.nvm/versions/node/v6.9.5/lib/node_modules/protractor/node_modules/selenium-webdriver/lib/promise.js:2490:53)
From asynchronous test: 
Error
    at Suite.<anonymous> (/Users/muchniki/dev/cfgov-refresh/test/browser_tests/spec_suites/integration/multiselect.js:29:5)
    at addSpecsToSuite (/Users/muchniki/.nvm/versions/node/v6.9.5/lib/node_modules/protractor/node_modules/jasmine-core/lib/jasmine-core/jasmine.js:867:25)
    at Env.describe (/Users/muchniki/.nvm/versions/node/v6.9.5/lib/node_modules/protractor/node_modules/jasmine-core/lib/jasmine-core/jasmine.js:836:7)
    at describe (/Users/muchniki/.nvm/versions/node/v6.9.5/lib/node_modules/protractor/node_modules/jasmine-core/lib/jasmine-core/jasmine.js:3576:18)
    at Suite.<anonymous> (/Users/muchniki/dev/cfgov-refresh/test/browser_tests/spec_suites/integration/multiselect.js:28:3)
    at addSpecsToSuite (/Users/muchniki/.nvm/versions/node/v6.9.5/lib/node_modules/protractor/node_modules/jasmine-core/lib/jasmine-core/jasmine.js:867:25)
    at Env.describe (/Users/muchniki/.nvm/versions/node/v6.9.5/lib/node_modules/protractor/node_modules/jasmine-core/lib/jasmine-core/jasmine.js:836:7)
    at describe (/Users/muchniki/.nvm/versions/node/v6.9.5/lib/node_modules/protractor/node_modules/jasmine-core/lib/jasmine-core/jasmine.js:3576:18)
    at Object.<anonymous> (/Users/muchniki/dev/cfgov-refresh/test/browser_tests/spec_suites/integration/multiselect.js:7:1)]]>
   </failure>
  </testcase>
  <testcase classname="focused specs.Multiselect.when interacting with search input" name="should show the dropdown on focus" time="0">
   <skipped message="Temporarily disabled with xit" />
  </testcase>
  <testcase classname="focused specs.Multiselect.when interacting with search input" name="should hide the dropdown when losing focus" time="0.525">
   <failure type="exception" message="Failed: No element found using locator: By(css selector, .o-filterable-list-controls .o-expandable)"><![CDATA[NoSuchElementError: No element found using locator: By(css selector, .o-filterable-list-controls .o-expandable)
    at WebDriverError (/Users/muchniki/.nvm/versions/node/v6.9.5/lib/node_modules/protractor/node_modules/selenium-webdriver/lib/error.js:27:5)
    at NoSuchElementError (/Users/muchniki/.nvm/versions/node/v6.9.5/lib/node_modules/protractor/node_modules/selenium-webdriver/lib/error.js:168:5)
    at elementArrayFinder.getWebElements.then (/Users/muchniki/.nvm/versions/node/v6.9.5/lib/node_modules/protractor/lib/element.ts:851:17)
    at ManagedPromise.invokeCallback_ (/Users/muchniki/.nvm/versions/node/v6.9.5/lib/node_modules/protractor/node_modules/selenium-webdriver/lib/promise.js:1366:14)
    at TaskQueue.execute_ (/Users/muchniki/.nvm/versions/node/v6.9.5/lib/node_modules/protractor/node_modules/selenium-webdriver/lib/promise.js:2970:14)
    at TaskQueue.executeNext_ (/Users/muchniki/.nvm/versions/node/v6.9.5/lib/node_modules/protractor/node_modules/selenium-webdriver/lib/promise.js:2953:27)
    at asyncRun (/Users/muchniki/.nvm/versions/node/v6.9.5/lib/node_modules/protractor/node_modules/selenium-webdriver/lib/promise.js:2813:27)
    at /Users/muchniki/.nvm/versions/node/v6.9.5/lib/node_modules/protractor/node_modules/selenium-webdriver/lib/promise.js:676:7
    at process._tickCallback (internal/process/next_tick.js:103:7)Error
    at ElementArrayFinder.applyAction_ (/Users/muchniki/.nvm/versions/node/v6.9.5/lib/node_modules/protractor/lib/element.ts:482:23)
    at ElementArrayFinder.(anonymous function) [as click] (/Users/muchniki/.nvm/versions/node/v6.9.5/lib/node_modules/protractor/lib/element.ts:96:21)
    at ElementFinder.(anonymous function) [as click] (/Users/muchniki/.nvm/versions/node/v6.9.5/lib/node_modules/protractor/lib/element.ts:873:14)
    at Object.<anonymous> (/Users/muchniki/dev/cfgov-refresh/test/browser_tests/spec_suites/integration/multiselect.js:14:26)
    at /Users/muchniki/.nvm/versions/node/v6.9.5/lib/node_modules/protractor/node_modules/jasminewd2/index.js:110:25
    at new ManagedPromise (/Users/muchniki/.nvm/versions/node/v6.9.5/lib/node_modules/protractor/node_modules/selenium-webdriver/lib/promise.js:1067:7)
    at ControlFlow.promise (/Users/muchniki/.nvm/versions/node/v6.9.5/lib/node_modules/protractor/node_modules/selenium-webdriver/lib/promise.js:2396:12)
    at schedulerExecute (/Users/muchniki/.nvm/versions/node/v6.9.5/lib/node_modules/protractor/node_modules/jasminewd2/index.js:95:18)
    at TaskQueue.execute_ (/Users/muchniki/.nvm/versions/node/v6.9.5/lib/node_modules/protractor/node_modules/selenium-webdriver/lib/promise.js:2970:14)
    at TaskQueue.executeNext_ (/Users/muchniki/.nvm/versions/node/v6.9.5/lib/node_modules/protractor/node_modules/selenium-webdriver/lib/promise.js:2953:27)
From: Task: Run beforeEach in control flow
    at Object.<anonymous> (/Users/muchniki/.nvm/versions/node/v6.9.5/lib/node_modules/protractor/node_modules/jasminewd2/index.js:94:19)
    at attemptAsync (/Users/muchniki/.nvm/versions/node/v6.9.5/lib/node_modules/protractor/node_modules/jasmine-core/lib/jasmine-core/jasmine.js:1980:24)
    at QueueRunner.run (/Users/muchniki/.nvm/versions/node/v6.9.5/lib/node_modules/protractor/node_modules/jasmine-core/lib/jasmine-core/jasmine.js:1935:9)
    at QueueRunner.execute (/Users/muchniki/.nvm/versions/node/v6.9.5/lib/node_modules/protractor/node_modules/jasmine-core/lib/jasmine-core/jasmine.js:1923:10)
    at Spec.queueRunnerFactory (/Users/muchniki/.nvm/versions/node/v6.9.5/lib/node_modules/protractor/node_modules/jasmine-core/lib/jasmine-core/jasmine.js:714:35)
    at Spec.execute (/Users/muchniki/.nvm/versions/node/v6.9.5/lib/node_modules/protractor/node_modules/jasmine-core/lib/jasmine-core/jasmine.js:371:10)
    at Object.fn (/Users/muchniki/.nvm/versions/node/v6.9.5/lib/node_modules/protractor/node_modules/jasmine-core/lib/jasmine-core/jasmine.js:2579:37)
    at attemptAsync (/Users/muchniki/.nvm/versions/node/v6.9.5/lib/node_modules/protractor/node_modules/jasmine-core/lib/jasmine-core/jasmine.js:1980:24)
    at QueueRunner.run (/Users/muchniki/.nvm/versions/node/v6.9.5/lib/node_modules/protractor/node_modules/jasmine-core/lib/jasmine-core/jasmine.js:1935:9)
    at /Users/muchniki/.nvm/versions/node/v6.9.5/lib/node_modules/protractor/node_modules/jasmine-core/lib/jasmine-core/jasmine.js:1962:16
From asynchronous test: 
Error
    at Suite.<anonymous> (/Users/muchniki/dev/cfgov-refresh/test/browser_tests/spec_suites/integration/multiselect.js:10:3)
    at addSpecsToSuite (/Users/muchniki/.nvm/versions/node/v6.9.5/lib/node_modules/protractor/node_modules/jasmine-core/lib/jasmine-core/jasmine.js:867:25)
    at Env.describe (/Users/muchniki/.nvm/versions/node/v6.9.5/lib/node_modules/protractor/node_modules/jasmine-core/lib/jasmine-core/jasmine.js:836:7)
    at describe (/Users/muchniki/.nvm/versions/node/v6.9.5/lib/node_modules/protractor/node_modules/jasmine-core/lib/jasmine-core/jasmine.js:3576:18)
    at Object.<anonymous> (/Users/muchniki/dev/cfgov-refresh/test/browser_tests/spec_suites/integration/multiselect.js:7:1)
    at Module._compile (module.js:570:32)
    at Object.Module._extensions..js (module.js:579:10)
    at Module.load (module.js:487:32)
    at tryModuleLoad (module.js:446:12)]]>
   </failure>
   <failure type="exception" message="Failed: Index out of bound. Trying to access element at index: 0, but there are only 0 elements that match locator By(css selector, .cf-multi-select)"><![CDATA[NoSuchElementError: Index out of bound. Trying to access element at index: 0, but there are only 0 elements that match locator By(css selector, .cf-multi-select)
    at WebDriverError (/Users/muchniki/.nvm/versions/node/v6.9.5/lib/node_modules/protractor/node_modules/selenium-webdriver/lib/error.js:27:5)
    at NoSuchElementError (/Users/muchniki/.nvm/versions/node/v6.9.5/lib/node_modules/protractor/node_modules/selenium-webdriver/lib/error.js:168:5)
    at selenium_webdriver_1.promise.all.then (/Users/muchniki/.nvm/versions/node/v6.9.5/lib/node_modules/protractor/lib/element.ts:287:17)
    at ManagedPromise.invokeCallback_ (/Users/muchniki/.nvm/versions/node/v6.9.5/lib/node_modules/protractor/node_modules/selenium-webdriver/lib/promise.js:1366:14)
    at TaskQueue.execute_ (/Users/muchniki/.nvm/versions/node/v6.9.5/lib/node_modules/protractor/node_modules/selenium-webdriver/lib/promise.js:2970:14)
    at TaskQueue.executeNext_ (/Users/muchniki/.nvm/versions/node/v6.9.5/lib/node_modules/protractor/node_modules/selenium-webdriver/lib/promise.js:2953:27)
    at asyncRun (/Users/muchniki/.nvm/versions/node/v6.9.5/lib/node_modules/protractor/node_modules/selenium-webdriver/lib/promise.js:2813:27)
    at /Users/muchniki/.nvm/versions/node/v6.9.5/lib/node_modules/protractor/node_modules/selenium-webdriver/lib/promise.js:676:7
    at process._tickCallback (internal/process/next_tick.js:103:7)Error
    at ElementArrayFinder.applyAction_ (/Users/muchniki/.nvm/versions/node/v6.9.5/lib/node_modules/protractor/lib/element.ts:482:23)
    at ElementArrayFinder.(anonymous function) [as click] (/Users/muchniki/.nvm/versions/node/v6.9.5/lib/node_modules/protractor/lib/element.ts:96:21)
    at ElementFinder.(anonymous function) [as click] (/Users/muchniki/.nvm/versions/node/v6.9.5/lib/node_modules/protractor/lib/element.ts:873:14)
    at Object.<anonymous> (/Users/muchniki/dev/cfgov-refresh/test/browser_tests/spec_suites/integration/multiselect.js:50:30)
    at /Users/muchniki/.nvm/versions/node/v6.9.5/lib/node_modules/protractor/node_modules/jasminewd2/index.js:110:25
    at new ManagedPromise (/Users/muchniki/.nvm/versions/node/v6.9.5/lib/node_modules/protractor/node_modules/selenium-webdriver/lib/promise.js:1067:7)
    at ControlFlow.promise (/Users/muchniki/.nvm/versions/node/v6.9.5/lib/node_modules/protractor/node_modules/selenium-webdriver/lib/promise.js:2396:12)
    at schedulerExecute (/Users/muchniki/.nvm/versions/node/v6.9.5/lib/node_modules/protractor/node_modules/jasminewd2/index.js:95:18)
    at TaskQueue.execute_ (/Users/muchniki/.nvm/versions/node/v6.9.5/lib/node_modules/protractor/node_modules/selenium-webdriver/lib/promise.js:2970:14)
    at TaskQueue.executeNext_ (/Users/muchniki/.nvm/versions/node/v6.9.5/lib/node_modules/protractor/node_modules/selenium-webdriver/lib/promise.js:2953:27)
From: Task: Run it("should hide the dropdown when losing focus") in control flow
    at Object.<anonymous> (/Users/muchniki/.nvm/versions/node/v6.9.5/lib/node_modules/protractor/node_modules/jasminewd2/index.js:94:19)
    at attemptAsync (/Users/muchniki/.nvm/versions/node/v6.9.5/lib/node_modules/protractor/node_modules/jasmine-core/lib/jasmine-core/jasmine.js:1980:24)
    at QueueRunner.run (/Users/muchniki/.nvm/versions/node/v6.9.5/lib/node_modules/protractor/node_modules/jasmine-core/lib/jasmine-core/jasmine.js:1935:9)
    at /Users/muchniki/.nvm/versions/node/v6.9.5/lib/node_modules/protractor/node_modules/jasmine-core/lib/jasmine-core/jasmine.js:1962:16
    at /Users/muchniki/.nvm/versions/node/v6.9.5/lib/node_modules/protractor/node_modules/jasmine-core/lib/jasmine-core/jasmine.js:1905:9
    at Function.next.fail (/Users/muchniki/.nvm/versions/node/v6.9.5/lib/node_modules/protractor/node_modules/jasmine-core/lib/jasmine-core/jasmine.js:1968:9)
    at /Users/muchniki/.nvm/versions/node/v6.9.5/lib/node_modules/protractor/node_modules/jasminewd2/index.js:64:48
    at ControlFlow.emit (/Users/muchniki/.nvm/versions/node/v6.9.5/lib/node_modules/protractor/node_modules/selenium-webdriver/lib/events.js:62:21)
    at ControlFlow.shutdown_ (/Users/muchniki/.nvm/versions/node/v6.9.5/lib/node_modules/protractor/node_modules/selenium-webdriver/lib/promise.js:2565:10)
    at shutdownTask_.MicroTask (/Users/muchniki/.nvm/versions/node/v6.9.5/lib/node_modules/protractor/node_modules/selenium-webdriver/lib/promise.js:2490:53)
From asynchronous test: 
Error
    at Suite.<anonymous> (/Users/muchniki/dev/cfgov-refresh/test/browser_tests/spec_suites/integration/multiselect.js:49:5)
    at addSpecsToSuite (/Users/muchniki/.nvm/versions/node/v6.9.5/lib/node_modules/protractor/node_modules/jasmine-core/lib/jasmine-core/jasmine.js:867:25)
    at Env.describe (/Users/muchniki/.nvm/versions/node/v6.9.5/lib/node_modules/protractor/node_modules/jasmine-core/lib/jasmine-core/jasmine.js:836:7)
    at describe (/Users/muchniki/.nvm/versions/node/v6.9.5/lib/node_modules/protractor/node_modules/jasmine-core/lib/jasmine-core/jasmine.js:3576:18)
    at Suite.<anonymous> (/Users/muchniki/dev/cfgov-refresh/test/browser_tests/spec_suites/integration/multiselect.js:28:3)
    at addSpecsToSuite (/Users/muchniki/.nvm/versions/node/v6.9.5/lib/node_modules/protractor/node_modules/jasmine-core/lib/jasmine-core/jasmine.js:867:25)
    at Env.describe (/Users/muchniki/.nvm/versions/node/v6.9.5/lib/node_modules/protractor/node_modules/jasmine-core/lib/jasmine-core/jasmine.js:836:7)
    at describe (/Users/muchniki/.nvm/versions/node/v6.9.5/lib/node_modules/protractor/node_modules/jasmine-core/lib/jasmine-core/jasmine.js:3576:18)
    at Object.<anonymous> (/Users/muchniki/dev/cfgov-refresh/test/browser_tests/spec_suites/integration/multiselect.js:7:1)]]>
   </failure>
  </testcase>
 </testsuite>
 <testsuite name="focused specs.Multiselect.when typing in search input" timestamp="2017-03-01T17:32:41" hostname="localhost" time="1.779" errors="0" tests="4" skipped="0" disabled="0" failures="8">
  <testcase classname="focused specs.Multiselect.when typing in search input" name="should return the matched results" time="0.514">
   <failure type="exception" message="Failed: No element found using locator: By(css selector, .o-filterable-list-controls .o-expandable)"><![CDATA[NoSuchElementError: No element found using locator: By(css selector, .o-filterable-list-controls .o-expandable)
    at WebDriverError (/Users/muchniki/.nvm/versions/node/v6.9.5/lib/node_modules/protractor/node_modules/selenium-webdriver/lib/error.js:27:5)
    at NoSuchElementError (/Users/muchniki/.nvm/versions/node/v6.9.5/lib/node_modules/protractor/node_modules/selenium-webdriver/lib/error.js:168:5)
    at elementArrayFinder.getWebElements.then (/Users/muchniki/.nvm/versions/node/v6.9.5/lib/node_modules/protractor/lib/element.ts:851:17)
    at ManagedPromise.invokeCallback_ (/Users/muchniki/.nvm/versions/node/v6.9.5/lib/node_modules/protractor/node_modules/selenium-webdriver/lib/promise.js:1366:14)
    at TaskQueue.execute_ (/Users/muchniki/.nvm/versions/node/v6.9.5/lib/node_modules/protractor/node_modules/selenium-webdriver/lib/promise.js:2970:14)
    at TaskQueue.executeNext_ (/Users/muchniki/.nvm/versions/node/v6.9.5/lib/node_modules/protractor/node_modules/selenium-webdriver/lib/promise.js:2953:27)
    at asyncRun (/Users/muchniki/.nvm/versions/node/v6.9.5/lib/node_modules/protractor/node_modules/selenium-webdriver/lib/promise.js:2813:27)
    at /Users/muchniki/.nvm/versions/node/v6.9.5/lib/node_modules/protractor/node_modules/selenium-webdriver/lib/promise.js:676:7
    at process._tickCallback (internal/process/next_tick.js:103:7)Error
    at ElementArrayFinder.applyAction_ (/Users/muchniki/.nvm/versions/node/v6.9.5/lib/node_modules/protractor/lib/element.ts:482:23)
    at ElementArrayFinder.(anonymous function) [as click] (/Users/muchniki/.nvm/versions/node/v6.9.5/lib/node_modules/protractor/lib/element.ts:96:21)
    at ElementFinder.(anonymous function) [as click] (/Users/muchniki/.nvm/versions/node/v6.9.5/lib/node_modules/protractor/lib/element.ts:873:14)
    at Object.<anonymous> (/Users/muchniki/dev/cfgov-refresh/test/browser_tests/spec_suites/integration/multiselect.js:14:26)
    at /Users/muchniki/.nvm/versions/node/v6.9.5/lib/node_modules/protractor/node_modules/jasminewd2/index.js:110:25
    at new ManagedPromise (/Users/muchniki/.nvm/versions/node/v6.9.5/lib/node_modules/protractor/node_modules/selenium-webdriver/lib/promise.js:1067:7)
    at ControlFlow.promise (/Users/muchniki/.nvm/versions/node/v6.9.5/lib/node_modules/protractor/node_modules/selenium-webdriver/lib/promise.js:2396:12)
    at schedulerExecute (/Users/muchniki/.nvm/versions/node/v6.9.5/lib/node_modules/protractor/node_modules/jasminewd2/index.js:95:18)
    at TaskQueue.execute_ (/Users/muchniki/.nvm/versions/node/v6.9.5/lib/node_modules/protractor/node_modules/selenium-webdriver/lib/promise.js:2970:14)
    at TaskQueue.executeNext_ (/Users/muchniki/.nvm/versions/node/v6.9.5/lib/node_modules/protractor/node_modules/selenium-webdriver/lib/promise.js:2953:27)
From: Task: Run beforeEach in control flow
    at Object.<anonymous> (/Users/muchniki/.nvm/versions/node/v6.9.5/lib/node_modules/protractor/node_modules/jasminewd2/index.js:94:19)
    at attemptAsync (/Users/muchniki/.nvm/versions/node/v6.9.5/lib/node_modules/protractor/node_modules/jasmine-core/lib/jasmine-core/jasmine.js:1980:24)
    at QueueRunner.run (/Users/muchniki/.nvm/versions/node/v6.9.5/lib/node_modules/protractor/node_modules/jasmine-core/lib/jasmine-core/jasmine.js:1935:9)
    at QueueRunner.execute (/Users/muchniki/.nvm/versions/node/v6.9.5/lib/node_modules/protractor/node_modules/jasmine-core/lib/jasmine-core/jasmine.js:1923:10)
    at Spec.queueRunnerFactory (/Users/muchniki/.nvm/versions/node/v6.9.5/lib/node_modules/protractor/node_modules/jasmine-core/lib/jasmine-core/jasmine.js:714:35)
    at Spec.execute (/Users/muchniki/.nvm/versions/node/v6.9.5/lib/node_modules/protractor/node_modules/jasmine-core/lib/jasmine-core/jasmine.js:371:10)
    at Object.fn (/Users/muchniki/.nvm/versions/node/v6.9.5/lib/node_modules/protractor/node_modules/jasmine-core/lib/jasmine-core/jasmine.js:2579:37)
    at attemptAsync (/Users/muchniki/.nvm/versions/node/v6.9.5/lib/node_modules/protractor/node_modules/jasmine-core/lib/jasmine-core/jasmine.js:1980:24)
    at QueueRunner.run (/Users/muchniki/.nvm/versions/node/v6.9.5/lib/node_modules/protractor/node_modules/jasmine-core/lib/jasmine-core/jasmine.js:1935:9)
    at QueueRunner.execute (/Users/muchniki/.nvm/versions/node/v6.9.5/lib/node_modules/protractor/node_modules/jasmine-core/lib/jasmine-core/jasmine.js:1923:10)
From asynchronous test: 
Error
    at Suite.<anonymous> (/Users/muchniki/dev/cfgov-refresh/test/browser_tests/spec_suites/integration/multiselect.js:10:3)
    at addSpecsToSuite (/Users/muchniki/.nvm/versions/node/v6.9.5/lib/node_modules/protractor/node_modules/jasmine-core/lib/jasmine-core/jasmine.js:867:25)
    at Env.describe (/Users/muchniki/.nvm/versions/node/v6.9.5/lib/node_modules/protractor/node_modules/jasmine-core/lib/jasmine-core/jasmine.js:836:7)
    at describe (/Users/muchniki/.nvm/versions/node/v6.9.5/lib/node_modules/protractor/node_modules/jasmine-core/lib/jasmine-core/jasmine.js:3576:18)
    at Object.<anonymous> (/Users/muchniki/dev/cfgov-refresh/test/browser_tests/spec_suites/integration/multiselect.js:7:1)
    at Module._compile (module.js:570:32)
    at Object.Module._extensions..js (module.js:579:10)
    at Module.load (module.js:487:32)
    at tryModuleLoad (module.js:446:12)]]>
   </failure>
   <failure type="exception" message="Failed: Index out of bound. Trying to access element at index: 0, but there are only 0 elements that match locator By(css selector, .cf-multi-select)"><![CDATA[NoSuchElementError: Index out of bound. Trying to access element at index: 0, but there are only 0 elements that match locator By(css selector, .cf-multi-select)
    at WebDriverError (/Users/muchniki/.nvm/versions/node/v6.9.5/lib/node_modules/protractor/node_modules/selenium-webdriver/lib/error.js:27:5)
    at NoSuchElementError (/Users/muchniki/.nvm/versions/node/v6.9.5/lib/node_modules/protractor/node_modules/selenium-webdriver/lib/error.js:168:5)
    at selenium_webdriver_1.promise.all.then (/Users/muchniki/.nvm/versions/node/v6.9.5/lib/node_modules/protractor/lib/element.ts:287:17)
    at ManagedPromise.invokeCallback_ (/Users/muchniki/.nvm/versions/node/v6.9.5/lib/node_modules/protractor/node_modules/selenium-webdriver/lib/promise.js:1366:14)
    at TaskQueue.execute_ (/Users/muchniki/.nvm/versions/node/v6.9.5/lib/node_modules/protractor/node_modules/selenium-webdriver/lib/promise.js:2970:14)
    at TaskQueue.executeNext_ (/Users/muchniki/.nvm/versions/node/v6.9.5/lib/node_modules/protractor/node_modules/selenium-webdriver/lib/promise.js:2953:27)
    at asyncRun (/Users/muchniki/.nvm/versions/node/v6.9.5/lib/node_modules/protractor/node_modules/selenium-webdriver/lib/promise.js:2813:27)
    at /Users/muchniki/.nvm/versions/node/v6.9.5/lib/node_modules/protractor/node_modules/selenium-webdriver/lib/promise.js:676:7
    at process._tickCallback (internal/process/next_tick.js:103:7)Error
    at ElementArrayFinder.applyAction_ (/Users/muchniki/.nvm/versions/node/v6.9.5/lib/node_modules/protractor/lib/element.ts:482:23)
    at ElementArrayFinder.(anonymous function) [as sendKeys] (/Users/muchniki/.nvm/versions/node/v6.9.5/lib/node_modules/protractor/lib/element.ts:96:21)
    at ElementFinder.(anonymous function) [as sendKeys] (/Users/muchniki/.nvm/versions/node/v6.9.5/lib/node_modules/protractor/lib/element.ts:873:14)
    at Object.<anonymous> (/Users/muchniki/dev/cfgov-refresh/test/browser_tests/spec_suites/integration/multiselect.js:61:30)
    at /Users/muchniki/.nvm/versions/node/v6.9.5/lib/node_modules/protractor/node_modules/jasminewd2/index.js:110:25
    at new ManagedPromise (/Users/muchniki/.nvm/versions/node/v6.9.5/lib/node_modules/protractor/node_modules/selenium-webdriver/lib/promise.js:1067:7)
    at ControlFlow.promise (/Users/muchniki/.nvm/versions/node/v6.9.5/lib/node_modules/protractor/node_modules/selenium-webdriver/lib/promise.js:2396:12)
    at schedulerExecute (/Users/muchniki/.nvm/versions/node/v6.9.5/lib/node_modules/protractor/node_modules/jasminewd2/index.js:95:18)
    at TaskQueue.execute_ (/Users/muchniki/.nvm/versions/node/v6.9.5/lib/node_modules/protractor/node_modules/selenium-webdriver/lib/promise.js:2970:14)
    at TaskQueue.executeNext_ (/Users/muchniki/.nvm/versions/node/v6.9.5/lib/node_modules/protractor/node_modules/selenium-webdriver/lib/promise.js:2953:27)
From: Task: Run it("should return the matched results") in control flow
    at Object.<anonymous> (/Users/muchniki/.nvm/versions/node/v6.9.5/lib/node_modules/protractor/node_modules/jasminewd2/index.js:94:19)
    at attemptAsync (/Users/muchniki/.nvm/versions/node/v6.9.5/lib/node_modules/protractor/node_modules/jasmine-core/lib/jasmine-core/jasmine.js:1980:24)
    at QueueRunner.run (/Users/muchniki/.nvm/versions/node/v6.9.5/lib/node_modules/protractor/node_modules/jasmine-core/lib/jasmine-core/jasmine.js:1935:9)
    at /Users/muchniki/.nvm/versions/node/v6.9.5/lib/node_modules/protractor/node_modules/jasmine-core/lib/jasmine-core/jasmine.js:1962:16
    at /Users/muchniki/.nvm/versions/node/v6.9.5/lib/node_modules/protractor/node_modules/jasmine-core/lib/jasmine-core/jasmine.js:1905:9
    at Function.next.fail (/Users/muchniki/.nvm/versions/node/v6.9.5/lib/node_modules/protractor/node_modules/jasmine-core/lib/jasmine-core/jasmine.js:1968:9)
    at /Users/muchniki/.nvm/versions/node/v6.9.5/lib/node_modules/protractor/node_modules/jasminewd2/index.js:64:48
    at ControlFlow.emit (/Users/muchniki/.nvm/versions/node/v6.9.5/lib/node_modules/protractor/node_modules/selenium-webdriver/lib/events.js:62:21)
    at ControlFlow.shutdown_ (/Users/muchniki/.nvm/versions/node/v6.9.5/lib/node_modules/protractor/node_modules/selenium-webdriver/lib/promise.js:2565:10)
    at shutdownTask_.MicroTask (/Users/muchniki/.nvm/versions/node/v6.9.5/lib/node_modules/protractor/node_modules/selenium-webdriver/lib/promise.js:2490:53)
From asynchronous test: 
Error
    at Suite.<anonymous> (/Users/muchniki/dev/cfgov-refresh/test/browser_tests/spec_suites/integration/multiselect.js:60:5)
    at addSpecsToSuite (/Users/muchniki/.nvm/versions/node/v6.9.5/lib/node_modules/protractor/node_modules/jasmine-core/lib/jasmine-core/jasmine.js:867:25)
    at Env.describe (/Users/muchniki/.nvm/versions/node/v6.9.5/lib/node_modules/protractor/node_modules/jasmine-core/lib/jasmine-core/jasmine.js:836:7)
    at describe (/Users/muchniki/.nvm/versions/node/v6.9.5/lib/node_modules/protractor/node_modules/jasmine-core/lib/jasmine-core/jasmine.js:3576:18)
    at Suite.<anonymous> (/Users/muchniki/dev/cfgov-refresh/test/browser_tests/spec_suites/integration/multiselect.js:59:3)
    at addSpecsToSuite (/Users/muchniki/.nvm/versions/node/v6.9.5/lib/node_modules/protractor/node_modules/jasmine-core/lib/jasmine-core/jasmine.js:867:25)
    at Env.describe (/Users/muchniki/.nvm/versions/node/v6.9.5/lib/node_modules/protractor/node_modules/jasmine-core/lib/jasmine-core/jasmine.js:836:7)
    at describe (/Users/muchniki/.nvm/versions/node/v6.9.5/lib/node_modules/protractor/node_modules/jasmine-core/lib/jasmine-core/jasmine.js:3576:18)
    at Object.<anonymous> (/Users/muchniki/dev/cfgov-refresh/test/browser_tests/spec_suites/integration/multiselect.js:7:1)]]>
   </failure>
  </testcase>
  <testcase classname="focused specs.Multiselect.when typing in search input" name="should not return the unmatched results" time="0.502">
   <failure type="exception" message="Failed: No element found using locator: By(css selector, .o-filterable-list-controls .o-expandable)"><![CDATA[NoSuchElementError: No element found using locator: By(css selector, .o-filterable-list-controls .o-expandable)
    at WebDriverError (/Users/muchniki/.nvm/versions/node/v6.9.5/lib/node_modules/protractor/node_modules/selenium-webdriver/lib/error.js:27:5)
    at NoSuchElementError (/Users/muchniki/.nvm/versions/node/v6.9.5/lib/node_modules/protractor/node_modules/selenium-webdriver/lib/error.js:168:5)
    at elementArrayFinder.getWebElements.then (/Users/muchniki/.nvm/versions/node/v6.9.5/lib/node_modules/protractor/lib/element.ts:851:17)
    at ManagedPromise.invokeCallback_ (/Users/muchniki/.nvm/versions/node/v6.9.5/lib/node_modules/protractor/node_modules/selenium-webdriver/lib/promise.js:1366:14)
    at TaskQueue.execute_ (/Users/muchniki/.nvm/versions/node/v6.9.5/lib/node_modules/protractor/node_modules/selenium-webdriver/lib/promise.js:2970:14)
    at TaskQueue.executeNext_ (/Users/muchniki/.nvm/versions/node/v6.9.5/lib/node_modules/protractor/node_modules/selenium-webdriver/lib/promise.js:2953:27)
    at asyncRun (/Users/muchniki/.nvm/versions/node/v6.9.5/lib/node_modules/protractor/node_modules/selenium-webdriver/lib/promise.js:2813:27)
    at /Users/muchniki/.nvm/versions/node/v6.9.5/lib/node_modules/protractor/node_modules/selenium-webdriver/lib/promise.js:676:7
    at process._tickCallback (internal/process/next_tick.js:103:7)Error
    at ElementArrayFinder.applyAction_ (/Users/muchniki/.nvm/versions/node/v6.9.5/lib/node_modules/protractor/lib/element.ts:482:23)
    at ElementArrayFinder.(anonymous function) [as click] (/Users/muchniki/.nvm/versions/node/v6.9.5/lib/node_modules/protractor/lib/element.ts:96:21)
    at ElementFinder.(anonymous function) [as click] (/Users/muchniki/.nvm/versions/node/v6.9.5/lib/node_modules/protractor/lib/element.ts:873:14)
    at Object.<anonymous> (/Users/muchniki/dev/cfgov-refresh/test/browser_tests/spec_suites/integration/multiselect.js:14:26)
    at /Users/muchniki/.nvm/versions/node/v6.9.5/lib/node_modules/protractor/node_modules/jasminewd2/index.js:110:25
    at new ManagedPromise (/Users/muchniki/.nvm/versions/node/v6.9.5/lib/node_modules/protractor/node_modules/selenium-webdriver/lib/promise.js:1067:7)
    at ControlFlow.promise (/Users/muchniki/.nvm/versions/node/v6.9.5/lib/node_modules/protractor/node_modules/selenium-webdriver/lib/promise.js:2396:12)
    at schedulerExecute (/Users/muchniki/.nvm/versions/node/v6.9.5/lib/node_modules/protractor/node_modules/jasminewd2/index.js:95:18)
    at TaskQueue.execute_ (/Users/muchniki/.nvm/versions/node/v6.9.5/lib/node_modules/protractor/node_modules/selenium-webdriver/lib/promise.js:2970:14)
    at TaskQueue.executeNext_ (/Users/muchniki/.nvm/versions/node/v6.9.5/lib/node_modules/protractor/node_modules/selenium-webdriver/lib/promise.js:2953:27)
From: Task: Run beforeEach in control flow
    at Object.<anonymous> (/Users/muchniki/.nvm/versions/node/v6.9.5/lib/node_modules/protractor/node_modules/jasminewd2/index.js:94:19)
    at attemptAsync (/Users/muchniki/.nvm/versions/node/v6.9.5/lib/node_modules/protractor/node_modules/jasmine-core/lib/jasmine-core/jasmine.js:1980:24)
    at QueueRunner.run (/Users/muchniki/.nvm/versions/node/v6.9.5/lib/node_modules/protractor/node_modules/jasmine-core/lib/jasmine-core/jasmine.js:1935:9)
    at QueueRunner.execute (/Users/muchniki/.nvm/versions/node/v6.9.5/lib/node_modules/protractor/node_modules/jasmine-core/lib/jasmine-core/jasmine.js:1923:10)
    at Spec.queueRunnerFactory (/Users/muchniki/.nvm/versions/node/v6.9.5/lib/node_modules/protractor/node_modules/jasmine-core/lib/jasmine-core/jasmine.js:714:35)
    at Spec.execute (/Users/muchniki/.nvm/versions/node/v6.9.5/lib/node_modules/protractor/node_modules/jasmine-core/lib/jasmine-core/jasmine.js:371:10)
    at Object.fn (/Users/muchniki/.nvm/versions/node/v6.9.5/lib/node_modules/protractor/node_modules/jasmine-core/lib/jasmine-core/jasmine.js:2579:37)
    at attemptAsync (/Users/muchniki/.nvm/versions/node/v6.9.5/lib/node_modules/protractor/node_modules/jasmine-core/lib/jasmine-core/jasmine.js:1980:24)
    at QueueRunner.run (/Users/muchniki/.nvm/versions/node/v6.9.5/lib/node_modules/protractor/node_modules/jasmine-core/lib/jasmine-core/jasmine.js:1935:9)
    at /Users/muchniki/.nvm/versions/node/v6.9.5/lib/node_modules/protractor/node_modules/jasmine-core/lib/jasmine-core/jasmine.js:1962:16
From asynchronous test: 
Error
    at Suite.<anonymous> (/Users/muchniki/dev/cfgov-refresh/test/browser_tests/spec_suites/integration/multiselect.js:10:3)
    at addSpecsToSuite (/Users/muchniki/.nvm/versions/node/v6.9.5/lib/node_modules/protractor/node_modules/jasmine-core/lib/jasmine-core/jasmine.js:867:25)
    at Env.describe (/Users/muchniki/.nvm/versions/node/v6.9.5/lib/node_modules/protractor/node_modules/jasmine-core/lib/jasmine-core/jasmine.js:836:7)
    at describe (/Users/muchniki/.nvm/versions/node/v6.9.5/lib/node_modules/protractor/node_modules/jasmine-core/lib/jasmine-core/jasmine.js:3576:18)
    at Object.<anonymous> (/Users/muchniki/dev/cfgov-refresh/test/browser_tests/spec_suites/integration/multiselect.js:7:1)
    at Module._compile (module.js:570:32)
    at Object.Module._extensions..js (module.js:579:10)
    at Module.load (module.js:487:32)
    at tryModuleLoad (module.js:446:12)]]>
   </failure>
   <failure type="exception" message="Failed: Index out of bound. Trying to access element at index: 0, but there are only 0 elements that match locator By(css selector, .cf-multi-select)"><![CDATA[NoSuchElementError: Index out of bound. Trying to access element at index: 0, but there are only 0 elements that match locator By(css selector, .cf-multi-select)
    at WebDriverError (/Users/muchniki/.nvm/versions/node/v6.9.5/lib/node_modules/protractor/node_modules/selenium-webdriver/lib/error.js:27:5)
    at NoSuchElementError (/Users/muchniki/.nvm/versions/node/v6.9.5/lib/node_modules/protractor/node_modules/selenium-webdriver/lib/error.js:168:5)
    at selenium_webdriver_1.promise.all.then (/Users/muchniki/.nvm/versions/node/v6.9.5/lib/node_modules/protractor/lib/element.ts:287:17)
    at ManagedPromise.invokeCallback_ (/Users/muchniki/.nvm/versions/node/v6.9.5/lib/node_modules/protractor/node_modules/selenium-webdriver/lib/promise.js:1366:14)
    at TaskQueue.execute_ (/Users/muchniki/.nvm/versions/node/v6.9.5/lib/node_modules/protractor/node_modules/selenium-webdriver/lib/promise.js:2970:14)
    at TaskQueue.executeNext_ (/Users/muchniki/.nvm/versions/node/v6.9.5/lib/node_modules/protractor/node_modules/selenium-webdriver/lib/promise.js:2953:27)
    at asyncRun (/Users/muchniki/.nvm/versions/node/v6.9.5/lib/node_modules/protractor/node_modules/selenium-webdriver/lib/promise.js:2813:27)
    at /Users/muchniki/.nvm/versions/node/v6.9.5/lib/node_modules/protractor/node_modules/selenium-webdriver/lib/promise.js:676:7
    at process._tickCallback (internal/process/next_tick.js:103:7)Error
    at ElementArrayFinder.applyAction_ (/Users/muchniki/.nvm/versions/node/v6.9.5/lib/node_modules/protractor/lib/element.ts:482:23)
    at ElementArrayFinder.(anonymous function) [as sendKeys] (/Users/muchniki/.nvm/versions/node/v6.9.5/lib/node_modules/protractor/lib/element.ts:96:21)
    at ElementFinder.(anonymous function) [as sendKeys] (/Users/muchniki/.nvm/versions/node/v6.9.5/lib/node_modules/protractor/lib/element.ts:873:14)
    at Object.<anonymous> (/Users/muchniki/dev/cfgov-refresh/test/browser_tests/spec_suites/integration/multiselect.js:75:30)
    at /Users/muchniki/.nvm/versions/node/v6.9.5/lib/node_modules/protractor/node_modules/jasminewd2/index.js:110:25
    at new ManagedPromise (/Users/muchniki/.nvm/versions/node/v6.9.5/lib/node_modules/protractor/node_modules/selenium-webdriver/lib/promise.js:1067:7)
    at ControlFlow.promise (/Users/muchniki/.nvm/versions/node/v6.9.5/lib/node_modules/protractor/node_modules/selenium-webdriver/lib/promise.js:2396:12)
    at schedulerExecute (/Users/muchniki/.nvm/versions/node/v6.9.5/lib/node_modules/protractor/node_modules/jasminewd2/index.js:95:18)
    at TaskQueue.execute_ (/Users/muchniki/.nvm/versions/node/v6.9.5/lib/node_modules/protractor/node_modules/selenium-webdriver/lib/promise.js:2970:14)
    at TaskQueue.executeNext_ (/Users/muchniki/.nvm/versions/node/v6.9.5/lib/node_modules/protractor/node_modules/selenium-webdriver/lib/promise.js:2953:27)
From: Task: Run it("should not return the unmatched results") in control flow
    at Object.<anonymous> (/Users/muchniki/.nvm/versions/node/v6.9.5/lib/node_modules/protractor/node_modules/jasminewd2/index.js:94:19)
    at attemptAsync (/Users/muchniki/.nvm/versions/node/v6.9.5/lib/node_modules/protractor/node_modules/jasmine-core/lib/jasmine-core/jasmine.js:1980:24)
    at QueueRunner.run (/Users/muchniki/.nvm/versions/node/v6.9.5/lib/node_modules/protractor/node_modules/jasmine-core/lib/jasmine-core/jasmine.js:1935:9)
    at /Users/muchniki/.nvm/versions/node/v6.9.5/lib/node_modules/protractor/node_modules/jasmine-core/lib/jasmine-core/jasmine.js:1962:16
    at /Users/muchniki/.nvm/versions/node/v6.9.5/lib/node_modules/protractor/node_modules/jasmine-core/lib/jasmine-core/jasmine.js:1905:9
    at Function.next.fail (/Users/muchniki/.nvm/versions/node/v6.9.5/lib/node_modules/protractor/node_modules/jasmine-core/lib/jasmine-core/jasmine.js:1968:9)
    at /Users/muchniki/.nvm/versions/node/v6.9.5/lib/node_modules/protractor/node_modules/jasminewd2/index.js:64:48
    at ControlFlow.emit (/Users/muchniki/.nvm/versions/node/v6.9.5/lib/node_modules/protractor/node_modules/selenium-webdriver/lib/events.js:62:21)
    at ControlFlow.shutdown_ (/Users/muchniki/.nvm/versions/node/v6.9.5/lib/node_modules/protractor/node_modules/selenium-webdriver/lib/promise.js:2565:10)
    at shutdownTask_.MicroTask (/Users/muchniki/.nvm/versions/node/v6.9.5/lib/node_modules/protractor/node_modules/selenium-webdriver/lib/promise.js:2490:53)
From asynchronous test: 
Error
    at Suite.<anonymous> (/Users/muchniki/dev/cfgov-refresh/test/browser_tests/spec_suites/integration/multiselect.js:74:5)
    at addSpecsToSuite (/Users/muchniki/.nvm/versions/node/v6.9.5/lib/node_modules/protractor/node_modules/jasmine-core/lib/jasmine-core/jasmine.js:867:25)
    at Env.describe (/Users/muchniki/.nvm/versions/node/v6.9.5/lib/node_modules/protractor/node_modules/jasmine-core/lib/jasmine-core/jasmine.js:836:7)
    at describe (/Users/muchniki/.nvm/versions/node/v6.9.5/lib/node_modules/protractor/node_modules/jasmine-core/lib/jasmine-core/jasmine.js:3576:18)
    at Suite.<anonymous> (/Users/muchniki/dev/cfgov-refresh/test/browser_tests/spec_suites/integration/multiselect.js:59:3)
    at addSpecsToSuite (/Users/muchniki/.nvm/versions/node/v6.9.5/lib/node_modules/protractor/node_modules/jasmine-core/lib/jasmine-core/jasmine.js:867:25)
    at Env.describe (/Users/muchniki/.nvm/versions/node/v6.9.5/lib/node_modules/protractor/node_modules/jasmine-core/lib/jasmine-core/jasmine.js:836:7)
    at describe (/Users/muchniki/.nvm/versions/node/v6.9.5/lib/node_modules/protractor/node_modules/jasmine-core/lib/jasmine-core/jasmine.js:3576:18)
    at Object.<anonymous> (/Users/muchniki/dev/cfgov-refresh/test/browser_tests/spec_suites/integration/multiselect.js:7:1)]]>
   </failure>
  </testcase>
  <testcase classname="focused specs.Multiselect.when typing in search input" name="should clear the input and close the results" time="0.5">
   <failure type="exception" message="Failed: No element found using locator: By(css selector, .o-filterable-list-controls .o-expandable)"><![CDATA[NoSuchElementError: No element found using locator: By(css selector, .o-filterable-list-controls .o-expandable)
    at WebDriverError (/Users/muchniki/.nvm/versions/node/v6.9.5/lib/node_modules/protractor/node_modules/selenium-webdriver/lib/error.js:27:5)
    at NoSuchElementError (/Users/muchniki/.nvm/versions/node/v6.9.5/lib/node_modules/protractor/node_modules/selenium-webdriver/lib/error.js:168:5)
    at elementArrayFinder.getWebElements.then (/Users/muchniki/.nvm/versions/node/v6.9.5/lib/node_modules/protractor/lib/element.ts:851:17)
    at ManagedPromise.invokeCallback_ (/Users/muchniki/.nvm/versions/node/v6.9.5/lib/node_modules/protractor/node_modules/selenium-webdriver/lib/promise.js:1366:14)
    at TaskQueue.execute_ (/Users/muchniki/.nvm/versions/node/v6.9.5/lib/node_modules/protractor/node_modules/selenium-webdriver/lib/promise.js:2970:14)
    at TaskQueue.executeNext_ (/Users/muchniki/.nvm/versions/node/v6.9.5/lib/node_modules/protractor/node_modules/selenium-webdriver/lib/promise.js:2953:27)
    at asyncRun (/Users/muchniki/.nvm/versions/node/v6.9.5/lib/node_modules/protractor/node_modules/selenium-webdriver/lib/promise.js:2813:27)
    at /Users/muchniki/.nvm/versions/node/v6.9.5/lib/node_modules/protractor/node_modules/selenium-webdriver/lib/promise.js:676:7
    at process._tickCallback (internal/process/next_tick.js:103:7)Error
    at ElementArrayFinder.applyAction_ (/Users/muchniki/.nvm/versions/node/v6.9.5/lib/node_modules/protractor/lib/element.ts:482:23)
    at ElementArrayFinder.(anonymous function) [as click] (/Users/muchniki/.nvm/versions/node/v6.9.5/lib/node_modules/protractor/lib/element.ts:96:21)
    at ElementFinder.(anonymous function) [as click] (/Users/muchniki/.nvm/versions/node/v6.9.5/lib/node_modules/protractor/lib/element.ts:873:14)
    at Object.<anonymous> (/Users/muchniki/dev/cfgov-refresh/test/browser_tests/spec_suites/integration/multiselect.js:14:26)
    at /Users/muchniki/.nvm/versions/node/v6.9.5/lib/node_modules/protractor/node_modules/jasminewd2/index.js:110:25
    at new ManagedPromise (/Users/muchniki/.nvm/versions/node/v6.9.5/lib/node_modules/protractor/node_modules/selenium-webdriver/lib/promise.js:1067:7)
    at ControlFlow.promise (/Users/muchniki/.nvm/versions/node/v6.9.5/lib/node_modules/protractor/node_modules/selenium-webdriver/lib/promise.js:2396:12)
    at schedulerExecute (/Users/muchniki/.nvm/versions/node/v6.9.5/lib/node_modules/protractor/node_modules/jasminewd2/index.js:95:18)
    at TaskQueue.execute_ (/Users/muchniki/.nvm/versions/node/v6.9.5/lib/node_modules/protractor/node_modules/selenium-webdriver/lib/promise.js:2970:14)
    at TaskQueue.executeNext_ (/Users/muchniki/.nvm/versions/node/v6.9.5/lib/node_modules/protractor/node_modules/selenium-webdriver/lib/promise.js:2953:27)
From: Task: Run beforeEach in control flow
    at Object.<anonymous> (/Users/muchniki/.nvm/versions/node/v6.9.5/lib/node_modules/protractor/node_modules/jasminewd2/index.js:94:19)
    at attemptAsync (/Users/muchniki/.nvm/versions/node/v6.9.5/lib/node_modules/protractor/node_modules/jasmine-core/lib/jasmine-core/jasmine.js:1980:24)
    at QueueRunner.run (/Users/muchniki/.nvm/versions/node/v6.9.5/lib/node_modules/protractor/node_modules/jasmine-core/lib/jasmine-core/jasmine.js:1935:9)
    at QueueRunner.execute (/Users/muchniki/.nvm/versions/node/v6.9.5/lib/node_modules/protractor/node_modules/jasmine-core/lib/jasmine-core/jasmine.js:1923:10)
    at Spec.queueRunnerFactory (/Users/muchniki/.nvm/versions/node/v6.9.5/lib/node_modules/protractor/node_modules/jasmine-core/lib/jasmine-core/jasmine.js:714:35)
    at Spec.execute (/Users/muchniki/.nvm/versions/node/v6.9.5/lib/node_modules/protractor/node_modules/jasmine-core/lib/jasmine-core/jasmine.js:371:10)
    at Object.fn (/Users/muchniki/.nvm/versions/node/v6.9.5/lib/node_modules/protractor/node_modules/jasmine-core/lib/jasmine-core/jasmine.js:2579:37)
    at attemptAsync (/Users/muchniki/.nvm/versions/node/v6.9.5/lib/node_modules/protractor/node_modules/jasmine-core/lib/jasmine-core/jasmine.js:1980:24)
    at QueueRunner.run (/Users/muchniki/.nvm/versions/node/v6.9.5/lib/node_modules/protractor/node_modules/jasmine-core/lib/jasmine-core/jasmine.js:1935:9)
    at /Users/muchniki/.nvm/versions/node/v6.9.5/lib/node_modules/protractor/node_modules/jasmine-core/lib/jasmine-core/jasmine.js:1962:16
From asynchronous test: 
Error
    at Suite.<anonymous> (/Users/muchniki/dev/cfgov-refresh/test/browser_tests/spec_suites/integration/multiselect.js:10:3)
    at addSpecsToSuite (/Users/muchniki/.nvm/versions/node/v6.9.5/lib/node_modules/protractor/node_modules/jasmine-core/lib/jasmine-core/jasmine.js:867:25)
    at Env.describe (/Users/muchniki/.nvm/versions/node/v6.9.5/lib/node_modules/protractor/node_modules/jasmine-core/lib/jasmine-core/jasmine.js:836:7)
    at describe (/Users/muchniki/.nvm/versions/node/v6.9.5/lib/node_modules/protractor/node_modules/jasmine-core/lib/jasmine-core/jasmine.js:3576:18)
    at Object.<anonymous> (/Users/muchniki/dev/cfgov-refresh/test/browser_tests/spec_suites/integration/multiselect.js:7:1)
    at Module._compile (module.js:570:32)
    at Object.Module._extensions..js (module.js:579:10)
    at Module.load (module.js:487:32)
    at tryModuleLoad (module.js:446:12)]]>
   </failure>
   <failure type="exception" message="Failed: Index out of bound. Trying to access element at index: 0, but there are only 0 elements that match locator By(css selector, .cf-multi-select)"><![CDATA[NoSuchElementError: Index out of bound. Trying to access element at index: 0, but there are only 0 elements that match locator By(css selector, .cf-multi-select)
    at WebDriverError (/Users/muchniki/.nvm/versions/node/v6.9.5/lib/node_modules/protractor/node_modules/selenium-webdriver/lib/error.js:27:5)
    at NoSuchElementError (/Users/muchniki/.nvm/versions/node/v6.9.5/lib/node_modules/protractor/node_modules/selenium-webdriver/lib/error.js:168:5)
    at selenium_webdriver_1.promise.all.then (/Users/muchniki/.nvm/versions/node/v6.9.5/lib/node_modules/protractor/lib/element.ts:287:17)
    at ManagedPromise.invokeCallback_ (/Users/muchniki/.nvm/versions/node/v6.9.5/lib/node_modules/protractor/node_modules/selenium-webdriver/lib/promise.js:1366:14)
    at TaskQueue.execute_ (/Users/muchniki/.nvm/versions/node/v6.9.5/lib/node_modules/protractor/node_modules/selenium-webdriver/lib/promise.js:2970:14)
    at TaskQueue.executeNext_ (/Users/muchniki/.nvm/versions/node/v6.9.5/lib/node_modules/protractor/node_modules/selenium-webdriver/lib/promise.js:2953:27)
    at asyncRun (/Users/muchniki/.nvm/versions/node/v6.9.5/lib/node_modules/protractor/node_modules/selenium-webdriver/lib/promise.js:2813:27)
    at /Users/muchniki/.nvm/versions/node/v6.9.5/lib/node_modules/protractor/node_modules/selenium-webdriver/lib/promise.js:676:7
    at process._tickCallback (internal/process/next_tick.js:103:7)Error
    at ElementArrayFinder.applyAction_ (/Users/muchniki/.nvm/versions/node/v6.9.5/lib/node_modules/protractor/lib/element.ts:482:23)
    at ElementArrayFinder.(anonymous function) [as sendKeys] (/Users/muchniki/.nvm/versions/node/v6.9.5/lib/node_modules/protractor/lib/element.ts:96:21)
    at ElementFinder.(anonymous function) [as sendKeys] (/Users/muchniki/.nvm/versions/node/v6.9.5/lib/node_modules/protractor/lib/element.ts:873:14)
    at Object.<anonymous> (/Users/muchniki/dev/cfgov-refresh/test/browser_tests/spec_suites/integration/multiselect.js:86:30)
    at /Users/muchniki/.nvm/versions/node/v6.9.5/lib/node_modules/protractor/node_modules/jasminewd2/index.js:110:25
    at new ManagedPromise (/Users/muchniki/.nvm/versions/node/v6.9.5/lib/node_modules/protractor/node_modules/selenium-webdriver/lib/promise.js:1067:7)
    at ControlFlow.promise (/Users/muchniki/.nvm/versions/node/v6.9.5/lib/node_modules/protractor/node_modules/selenium-webdriver/lib/promise.js:2396:12)
    at schedulerExecute (/Users/muchniki/.nvm/versions/node/v6.9.5/lib/node_modules/protractor/node_modules/jasminewd2/index.js:95:18)
    at TaskQueue.execute_ (/Users/muchniki/.nvm/versions/node/v6.9.5/lib/node_modules/protractor/node_modules/selenium-webdriver/lib/promise.js:2970:14)
    at TaskQueue.executeNext_ (/Users/muchniki/.nvm/versions/node/v6.9.5/lib/node_modules/protractor/node_modules/selenium-webdriver/lib/promise.js:2953:27)
From: Task: Run it("should clear the input and close the results") in control flow
    at Object.<anonymous> (/Users/muchniki/.nvm/versions/node/v6.9.5/lib/node_modules/protractor/node_modules/jasminewd2/index.js:94:19)
    at attemptAsync (/Users/muchniki/.nvm/versions/node/v6.9.5/lib/node_modules/protractor/node_modules/jasmine-core/lib/jasmine-core/jasmine.js:1980:24)
    at QueueRunner.run (/Users/muchniki/.nvm/versions/node/v6.9.5/lib/node_modules/protractor/node_modules/jasmine-core/lib/jasmine-core/jasmine.js:1935:9)
    at /Users/muchniki/.nvm/versions/node/v6.9.5/lib/node_modules/protractor/node_modules/jasmine-core/lib/jasmine-core/jasmine.js:1962:16
    at /Users/muchniki/.nvm/versions/node/v6.9.5/lib/node_modules/protractor/node_modules/jasmine-core/lib/jasmine-core/jasmine.js:1905:9
    at Function.next.fail (/Users/muchniki/.nvm/versions/node/v6.9.5/lib/node_modules/protractor/node_modules/jasmine-core/lib/jasmine-core/jasmine.js:1968:9)
    at /Users/muchniki/.nvm/versions/node/v6.9.5/lib/node_modules/protractor/node_modules/jasminewd2/index.js:64:48
    at ControlFlow.emit (/Users/muchniki/.nvm/versions/node/v6.9.5/lib/node_modules/protractor/node_modules/selenium-webdriver/lib/events.js:62:21)
    at ControlFlow.shutdown_ (/Users/muchniki/.nvm/versions/node/v6.9.5/lib/node_modules/protractor/node_modules/selenium-webdriver/lib/promise.js:2565:10)
    at shutdownTask_.MicroTask (/Users/muchniki/.nvm/versions/node/v6.9.5/lib/node_modules/protractor/node_modules/selenium-webdriver/lib/promise.js:2490:53)
From asynchronous test: 
Error
    at Suite.<anonymous> (/Users/muchniki/dev/cfgov-refresh/test/browser_tests/spec_suites/integration/multiselect.js:85:5)
    at addSpecsToSuite (/Users/muchniki/.nvm/versions/node/v6.9.5/lib/node_modules/protractor/node_modules/jasmine-core/lib/jasmine-core/jasmine.js:867:25)
    at Env.describe (/Users/muchniki/.nvm/versions/node/v6.9.5/lib/node_modules/protractor/node_modules/jasmine-core/lib/jasmine-core/jasmine.js:836:7)
    at describe (/Users/muchniki/.nvm/versions/node/v6.9.5/lib/node_modules/protractor/node_modules/jasmine-core/lib/jasmine-core/jasmine.js:3576:18)
    at Suite.<anonymous> (/Users/muchniki/dev/cfgov-refresh/test/browser_tests/spec_suites/integration/multiselect.js:59:3)
    at addSpecsToSuite (/Users/muchniki/.nvm/versions/node/v6.9.5/lib/node_modules/protractor/node_modules/jasmine-core/lib/jasmine-core/jasmine.js:867:25)
    at Env.describe (/Users/muchniki/.nvm/versions/node/v6.9.5/lib/node_modules/protractor/node_modules/jasmine-core/lib/jasmine-core/jasmine.js:836:7)
    at describe (/Users/muchniki/.nvm/versions/node/v6.9.5/lib/node_modules/protractor/node_modules/jasmine-core/lib/jasmine-core/jasmine.js:3576:18)
    at Object.<anonymous> (/Users/muchniki/dev/cfgov-refresh/test/browser_tests/spec_suites/integration/multiselect.js:7:1)]]>
   </failure>
  </testcase>
  <testcase classname="focused specs.Multiselect.when typing in search input" name="should highlight the first item" time="0.261">
   <failure type="exception" message="Failed: No element found using locator: By(css selector, .o-filterable-list-controls .o-expandable)"><![CDATA[NoSuchElementError: No element found using locator: By(css selector, .o-filterable-list-controls .o-expandable)
    at WebDriverError (/Users/muchniki/.nvm/versions/node/v6.9.5/lib/node_modules/protractor/node_modules/selenium-webdriver/lib/error.js:27:5)
    at NoSuchElementError (/Users/muchniki/.nvm/versions/node/v6.9.5/lib/node_modules/protractor/node_modules/selenium-webdriver/lib/error.js:168:5)
    at elementArrayFinder.getWebElements.then (/Users/muchniki/.nvm/versions/node/v6.9.5/lib/node_modules/protractor/lib/element.ts:851:17)
    at ManagedPromise.invokeCallback_ (/Users/muchniki/.nvm/versions/node/v6.9.5/lib/node_modules/protractor/node_modules/selenium-webdriver/lib/promise.js:1366:14)
    at TaskQueue.execute_ (/Users/muchniki/.nvm/versions/node/v6.9.5/lib/node_modules/protractor/node_modules/selenium-webdriver/lib/promise.js:2970:14)
    at TaskQueue.executeNext_ (/Users/muchniki/.nvm/versions/node/v6.9.5/lib/node_modules/protractor/node_modules/selenium-webdriver/lib/promise.js:2953:27)
    at asyncRun (/Users/muchniki/.nvm/versions/node/v6.9.5/lib/node_modules/protractor/node_modules/selenium-webdriver/lib/promise.js:2813:27)
    at /Users/muchniki/.nvm/versions/node/v6.9.5/lib/node_modules/protractor/node_modules/selenium-webdriver/lib/promise.js:676:7
    at process._tickCallback (internal/process/next_tick.js:103:7)Error
    at ElementArrayFinder.applyAction_ (/Users/muchniki/.nvm/versions/node/v6.9.5/lib/node_modules/protractor/lib/element.ts:482:23)
    at ElementArrayFinder.(anonymous function) [as click] (/Users/muchniki/.nvm/versions/node/v6.9.5/lib/node_modules/protractor/lib/element.ts:96:21)
    at ElementFinder.(anonymous function) [as click] (/Users/muchniki/.nvm/versions/node/v6.9.5/lib/node_modules/protractor/lib/element.ts:873:14)
    at Object.<anonymous> (/Users/muchniki/dev/cfgov-refresh/test/browser_tests/spec_suites/integration/multiselect.js:14:26)
    at /Users/muchniki/.nvm/versions/node/v6.9.5/lib/node_modules/protractor/node_modules/jasminewd2/index.js:110:25
    at new ManagedPromise (/Users/muchniki/.nvm/versions/node/v6.9.5/lib/node_modules/protractor/node_modules/selenium-webdriver/lib/promise.js:1067:7)
    at ControlFlow.promise (/Users/muchniki/.nvm/versions/node/v6.9.5/lib/node_modules/protractor/node_modules/selenium-webdriver/lib/promise.js:2396:12)
    at schedulerExecute (/Users/muchniki/.nvm/versions/node/v6.9.5/lib/node_modules/protractor/node_modules/jasminewd2/index.js:95:18)
    at TaskQueue.execute_ (/Users/muchniki/.nvm/versions/node/v6.9.5/lib/node_modules/protractor/node_modules/selenium-webdriver/lib/promise.js:2970:14)
    at TaskQueue.executeNext_ (/Users/muchniki/.nvm/versions/node/v6.9.5/lib/node_modules/protractor/node_modules/selenium-webdriver/lib/promise.js:2953:27)
From: Task: Run beforeEach in control flow
    at Object.<anonymous> (/Users/muchniki/.nvm/versions/node/v6.9.5/lib/node_modules/protractor/node_modules/jasminewd2/index.js:94:19)
    at attemptAsync (/Users/muchniki/.nvm/versions/node/v6.9.5/lib/node_modules/protractor/node_modules/jasmine-core/lib/jasmine-core/jasmine.js:1980:24)
    at QueueRunner.run (/Users/muchniki/.nvm/versions/node/v6.9.5/lib/node_modules/protractor/node_modules/jasmine-core/lib/jasmine-core/jasmine.js:1935:9)
    at QueueRunner.execute (/Users/muchniki/.nvm/versions/node/v6.9.5/lib/node_modules/protractor/node_modules/jasmine-core/lib/jasmine-core/jasmine.js:1923:10)
    at Spec.queueRunnerFactory (/Users/muchniki/.nvm/versions/node/v6.9.5/lib/node_modules/protractor/node_modules/jasmine-core/lib/jasmine-core/jasmine.js:714:35)
    at Spec.execute (/Users/muchniki/.nvm/versions/node/v6.9.5/lib/node_modules/protractor/node_modules/jasmine-core/lib/jasmine-core/jasmine.js:371:10)
    at Object.fn (/Users/muchniki/.nvm/versions/node/v6.9.5/lib/node_modules/protractor/node_modules/jasmine-core/lib/jasmine-core/jasmine.js:2579:37)
    at attemptAsync (/Users/muchniki/.nvm/versions/node/v6.9.5/lib/node_modules/protractor/node_modules/jasmine-core/lib/jasmine-core/jasmine.js:1980:24)
    at QueueRunner.run (/Users/muchniki/.nvm/versions/node/v6.9.5/lib/node_modules/protractor/node_modules/jasmine-core/lib/jasmine-core/jasmine.js:1935:9)
    at /Users/muchniki/.nvm/versions/node/v6.9.5/lib/node_modules/protractor/node_modules/jasmine-core/lib/jasmine-core/jasmine.js:1962:16
From asynchronous test: 
Error
    at Suite.<anonymous> (/Users/muchniki/dev/cfgov-refresh/test/browser_tests/spec_suites/integration/multiselect.js:10:3)
    at addSpecsToSuite (/Users/muchniki/.nvm/versions/node/v6.9.5/lib/node_modules/protractor/node_modules/jasmine-core/lib/jasmine-core/jasmine.js:867:25)
    at Env.describe (/Users/muchniki/.nvm/versions/node/v6.9.5/lib/node_modules/protractor/node_modules/jasmine-core/lib/jasmine-core/jasmine.js:836:7)
    at describe (/Users/muchniki/.nvm/versions/node/v6.9.5/lib/node_modules/protractor/node_modules/jasmine-core/lib/jasmine-core/jasmine.js:3576:18)
    at Object.<anonymous> (/Users/muchniki/dev/cfgov-refresh/test/browser_tests/spec_suites/integration/multiselect.js:7:1)
    at Module._compile (module.js:570:32)
    at Object.Module._extensions..js (module.js:579:10)
    at Module.load (module.js:487:32)
    at tryModuleLoad (module.js:446:12)]]>
   </failure>
   <failure type="exception" message="Failed: results.first(...).getInnerHtml is not a function"><![CDATA[TypeError: results.first(...).getInnerHtml is not a function
    at Object.<anonymous> (/Users/muchniki/dev/cfgov-refresh/test/browser_tests/spec_suites/integration/multiselect.js:107:31)
    at /Users/muchniki/.nvm/versions/node/v6.9.5/lib/node_modules/protractor/node_modules/jasminewd2/index.js:110:25
    at new ManagedPromise (/Users/muchniki/.nvm/versions/node/v6.9.5/lib/node_modules/protractor/node_modules/selenium-webdriver/lib/promise.js:1067:7)
    at ControlFlow.promise (/Users/muchniki/.nvm/versions/node/v6.9.5/lib/node_modules/protractor/node_modules/selenium-webdriver/lib/promise.js:2396:12)
    at schedulerExecute (/Users/muchniki/.nvm/versions/node/v6.9.5/lib/node_modules/protractor/node_modules/jasminewd2/index.js:95:18)
    at TaskQueue.execute_ (/Users/muchniki/.nvm/versions/node/v6.9.5/lib/node_modules/protractor/node_modules/selenium-webdriver/lib/promise.js:2970:14)
    at TaskQueue.executeNext_ (/Users/muchniki/.nvm/versions/node/v6.9.5/lib/node_modules/protractor/node_modules/selenium-webdriver/lib/promise.js:2953:27)
    at asyncRun (/Users/muchniki/.nvm/versions/node/v6.9.5/lib/node_modules/protractor/node_modules/selenium-webdriver/lib/promise.js:2860:25)
    at /Users/muchniki/.nvm/versions/node/v6.9.5/lib/node_modules/protractor/node_modules/selenium-webdriver/lib/promise.js:676:7
    at process._tickCallback (internal/process/next_tick.js:103:7)
From: Task: Run it("should highlight the first item") in control flow
    at Object.<anonymous> (/Users/muchniki/.nvm/versions/node/v6.9.5/lib/node_modules/protractor/node_modules/jasminewd2/index.js:94:19)
    at attemptAsync (/Users/muchniki/.nvm/versions/node/v6.9.5/lib/node_modules/protractor/node_modules/jasmine-core/lib/jasmine-core/jasmine.js:1980:24)
    at QueueRunner.run (/Users/muchniki/.nvm/versions/node/v6.9.5/lib/node_modules/protractor/node_modules/jasmine-core/lib/jasmine-core/jasmine.js:1935:9)
    at /Users/muchniki/.nvm/versions/node/v6.9.5/lib/node_modules/protractor/node_modules/jasmine-core/lib/jasmine-core/jasmine.js:1962:16
    at /Users/muchniki/.nvm/versions/node/v6.9.5/lib/node_modules/protractor/node_modules/jasmine-core/lib/jasmine-core/jasmine.js:1905:9
    at Function.next.fail (/Users/muchniki/.nvm/versions/node/v6.9.5/lib/node_modules/protractor/node_modules/jasmine-core/lib/jasmine-core/jasmine.js:1968:9)
    at /Users/muchniki/.nvm/versions/node/v6.9.5/lib/node_modules/protractor/node_modules/jasminewd2/index.js:64:48
    at ControlFlow.emit (/Users/muchniki/.nvm/versions/node/v6.9.5/lib/node_modules/protractor/node_modules/selenium-webdriver/lib/events.js:62:21)
    at ControlFlow.shutdown_ (/Users/muchniki/.nvm/versions/node/v6.9.5/lib/node_modules/protractor/node_modules/selenium-webdriver/lib/promise.js:2565:10)
    at shutdownTask_.MicroTask (/Users/muchniki/.nvm/versions/node/v6.9.5/lib/node_modules/protractor/node_modules/selenium-webdriver/lib/promise.js:2490:53)
From asynchronous test: 
Error
    at Suite.<anonymous> (/Users/muchniki/dev/cfgov-refresh/test/browser_tests/spec_suites/integration/multiselect.js:99:5)
    at addSpecsToSuite (/Users/muchniki/.nvm/versions/node/v6.9.5/lib/node_modules/protractor/node_modules/jasmine-core/lib/jasmine-core/jasmine.js:867:25)
    at Env.describe (/Users/muchniki/.nvm/versions/node/v6.9.5/lib/node_modules/protractor/node_modules/jasmine-core/lib/jasmine-core/jasmine.js:836:7)
    at describe (/Users/muchniki/.nvm/versions/node/v6.9.5/lib/node_modules/protractor/node_modules/jasmine-core/lib/jasmine-core/jasmine.js:3576:18)
    at Suite.<anonymous> (/Users/muchniki/dev/cfgov-refresh/test/browser_tests/spec_suites/integration/multiselect.js:59:3)
    at addSpecsToSuite (/Users/muchniki/.nvm/versions/node/v6.9.5/lib/node_modules/protractor/node_modules/jasmine-core/lib/jasmine-core/jasmine.js:867:25)
    at Env.describe (/Users/muchniki/.nvm/versions/node/v6.9.5/lib/node_modules/protractor/node_modules/jasmine-core/lib/jasmine-core/jasmine.js:836:7)
    at describe (/Users/muchniki/.nvm/versions/node/v6.9.5/lib/node_modules/protractor/node_modules/jasmine-core/lib/jasmine-core/jasmine.js:3576:18)
    at Object.<anonymous> (/Users/muchniki/dev/cfgov-refresh/test/browser_tests/spec_suites/integration/multiselect.js:7:1)]]>
   </failure>
  </testcase>
 </testsuite>
 <testsuite name="focused specs.Multiselect.when interacting with options list" timestamp="2017-03-01T17:32:43" hostname="localhost" time="0.77" errors="0" tests="4" skipped="2" disabled="0" failures="4">
  <testcase classname="focused specs.Multiselect.when interacting with options list" name="should add an option to choices list when clicked" time="0.262">
   <failure type="exception" message="Failed: No element found using locator: By(css selector, .o-filterable-list-controls .o-expandable)"><![CDATA[NoSuchElementError: No element found using locator: By(css selector, .o-filterable-list-controls .o-expandable)
    at WebDriverError (/Users/muchniki/.nvm/versions/node/v6.9.5/lib/node_modules/protractor/node_modules/selenium-webdriver/lib/error.js:27:5)
    at NoSuchElementError (/Users/muchniki/.nvm/versions/node/v6.9.5/lib/node_modules/protractor/node_modules/selenium-webdriver/lib/error.js:168:5)
    at elementArrayFinder.getWebElements.then (/Users/muchniki/.nvm/versions/node/v6.9.5/lib/node_modules/protractor/lib/element.ts:851:17)
    at ManagedPromise.invokeCallback_ (/Users/muchniki/.nvm/versions/node/v6.9.5/lib/node_modules/protractor/node_modules/selenium-webdriver/lib/promise.js:1366:14)
    at TaskQueue.execute_ (/Users/muchniki/.nvm/versions/node/v6.9.5/lib/node_modules/protractor/node_modules/selenium-webdriver/lib/promise.js:2970:14)
    at TaskQueue.executeNext_ (/Users/muchniki/.nvm/versions/node/v6.9.5/lib/node_modules/protractor/node_modules/selenium-webdriver/lib/promise.js:2953:27)
    at asyncRun (/Users/muchniki/.nvm/versions/node/v6.9.5/lib/node_modules/protractor/node_modules/selenium-webdriver/lib/promise.js:2813:27)
    at /Users/muchniki/.nvm/versions/node/v6.9.5/lib/node_modules/protractor/node_modules/selenium-webdriver/lib/promise.js:676:7
    at process._tickCallback (internal/process/next_tick.js:103:7)Error
    at ElementArrayFinder.applyAction_ (/Users/muchniki/.nvm/versions/node/v6.9.5/lib/node_modules/protractor/lib/element.ts:482:23)
    at ElementArrayFinder.(anonymous function) [as click] (/Users/muchniki/.nvm/versions/node/v6.9.5/lib/node_modules/protractor/lib/element.ts:96:21)
    at ElementFinder.(anonymous function) [as click] (/Users/muchniki/.nvm/versions/node/v6.9.5/lib/node_modules/protractor/lib/element.ts:873:14)
    at Object.<anonymous> (/Users/muchniki/dev/cfgov-refresh/test/browser_tests/spec_suites/integration/multiselect.js:14:26)
    at /Users/muchniki/.nvm/versions/node/v6.9.5/lib/node_modules/protractor/node_modules/jasminewd2/index.js:110:25
    at new ManagedPromise (/Users/muchniki/.nvm/versions/node/v6.9.5/lib/node_modules/protractor/node_modules/selenium-webdriver/lib/promise.js:1067:7)
    at ControlFlow.promise (/Users/muchniki/.nvm/versions/node/v6.9.5/lib/node_modules/protractor/node_modules/selenium-webdriver/lib/promise.js:2396:12)
    at schedulerExecute (/Users/muchniki/.nvm/versions/node/v6.9.5/lib/node_modules/protractor/node_modules/jasminewd2/index.js:95:18)
    at TaskQueue.execute_ (/Users/muchniki/.nvm/versions/node/v6.9.5/lib/node_modules/protractor/node_modules/selenium-webdriver/lib/promise.js:2970:14)
    at TaskQueue.executeNext_ (/Users/muchniki/.nvm/versions/node/v6.9.5/lib/node_modules/protractor/node_modules/selenium-webdriver/lib/promise.js:2953:27)
From: Task: Run beforeEach in control flow
    at Object.<anonymous> (/Users/muchniki/.nvm/versions/node/v6.9.5/lib/node_modules/protractor/node_modules/jasminewd2/index.js:94:19)
    at attemptAsync (/Users/muchniki/.nvm/versions/node/v6.9.5/lib/node_modules/protractor/node_modules/jasmine-core/lib/jasmine-core/jasmine.js:1980:24)
    at QueueRunner.run (/Users/muchniki/.nvm/versions/node/v6.9.5/lib/node_modules/protractor/node_modules/jasmine-core/lib/jasmine-core/jasmine.js:1935:9)
    at QueueRunner.execute (/Users/muchniki/.nvm/versions/node/v6.9.5/lib/node_modules/protractor/node_modules/jasmine-core/lib/jasmine-core/jasmine.js:1923:10)
    at Spec.queueRunnerFactory (/Users/muchniki/.nvm/versions/node/v6.9.5/lib/node_modules/protractor/node_modules/jasmine-core/lib/jasmine-core/jasmine.js:714:35)
    at Spec.execute (/Users/muchniki/.nvm/versions/node/v6.9.5/lib/node_modules/protractor/node_modules/jasmine-core/lib/jasmine-core/jasmine.js:371:10)
    at Object.fn (/Users/muchniki/.nvm/versions/node/v6.9.5/lib/node_modules/protractor/node_modules/jasmine-core/lib/jasmine-core/jasmine.js:2579:37)
    at attemptAsync (/Users/muchniki/.nvm/versions/node/v6.9.5/lib/node_modules/protractor/node_modules/jasmine-core/lib/jasmine-core/jasmine.js:1980:24)
    at QueueRunner.run (/Users/muchniki/.nvm/versions/node/v6.9.5/lib/node_modules/protractor/node_modules/jasmine-core/lib/jasmine-core/jasmine.js:1935:9)
    at QueueRunner.execute (/Users/muchniki/.nvm/versions/node/v6.9.5/lib/node_modules/protractor/node_modules/jasmine-core/lib/jasmine-core/jasmine.js:1923:10)
From asynchronous test: 
Error
    at Suite.<anonymous> (/Users/muchniki/dev/cfgov-refresh/test/browser_tests/spec_suites/integration/multiselect.js:10:3)
    at addSpecsToSuite (/Users/muchniki/.nvm/versions/node/v6.9.5/lib/node_modules/protractor/node_modules/jasmine-core/lib/jasmine-core/jasmine.js:867:25)
    at Env.describe (/Users/muchniki/.nvm/versions/node/v6.9.5/lib/node_modules/protractor/node_modules/jasmine-core/lib/jasmine-core/jasmine.js:836:7)
    at describe (/Users/muchniki/.nvm/versions/node/v6.9.5/lib/node_modules/protractor/node_modules/jasmine-core/lib/jasmine-core/jasmine.js:3576:18)
    at Object.<anonymous> (/Users/muchniki/dev/cfgov-refresh/test/browser_tests/spec_suites/integration/multiselect.js:7:1)
    at Module._compile (module.js:570:32)
    at Object.Module._extensions..js (module.js:579:10)
    at Module.load (module.js:487:32)
    at tryModuleLoad (module.js:446:12)]]>
   </failure>
   <failure type="exception" message="Failed: choices.first(...).getInnerHtml is not a function"><![CDATA[TypeError: choices.first(...).getInnerHtml is not a function
    at Object.<anonymous> (/Users/muchniki/dev/cfgov-refresh/test/browser_tests/spec_suites/integration/multiselect.js:128:31)
    at /Users/muchniki/.nvm/versions/node/v6.9.5/lib/node_modules/protractor/node_modules/jasminewd2/index.js:110:25
    at new ManagedPromise (/Users/muchniki/.nvm/versions/node/v6.9.5/lib/node_modules/protractor/node_modules/selenium-webdriver/lib/promise.js:1067:7)
    at ControlFlow.promise (/Users/muchniki/.nvm/versions/node/v6.9.5/lib/node_modules/protractor/node_modules/selenium-webdriver/lib/promise.js:2396:12)
    at schedulerExecute (/Users/muchniki/.nvm/versions/node/v6.9.5/lib/node_modules/protractor/node_modules/jasminewd2/index.js:95:18)
    at TaskQueue.execute_ (/Users/muchniki/.nvm/versions/node/v6.9.5/lib/node_modules/protractor/node_modules/selenium-webdriver/lib/promise.js:2970:14)
    at TaskQueue.executeNext_ (/Users/muchniki/.nvm/versions/node/v6.9.5/lib/node_modules/protractor/node_modules/selenium-webdriver/lib/promise.js:2953:27)
    at asyncRun (/Users/muchniki/.nvm/versions/node/v6.9.5/lib/node_modules/protractor/node_modules/selenium-webdriver/lib/promise.js:2860:25)
    at /Users/muchniki/.nvm/versions/node/v6.9.5/lib/node_modules/protractor/node_modules/selenium-webdriver/lib/promise.js:676:7
    at process._tickCallback (internal/process/next_tick.js:103:7)
From: Task: Run it("should add an option to choices list when clicked") in control flow
    at Object.<anonymous> (/Users/muchniki/.nvm/versions/node/v6.9.5/lib/node_modules/protractor/node_modules/jasminewd2/index.js:94:19)
    at attemptAsync (/Users/muchniki/.nvm/versions/node/v6.9.5/lib/node_modules/protractor/node_modules/jasmine-core/lib/jasmine-core/jasmine.js:1980:24)
    at QueueRunner.run (/Users/muchniki/.nvm/versions/node/v6.9.5/lib/node_modules/protractor/node_modules/jasmine-core/lib/jasmine-core/jasmine.js:1935:9)
    at /Users/muchniki/.nvm/versions/node/v6.9.5/lib/node_modules/protractor/node_modules/jasmine-core/lib/jasmine-core/jasmine.js:1962:16
    at /Users/muchniki/.nvm/versions/node/v6.9.5/lib/node_modules/protractor/node_modules/jasmine-core/lib/jasmine-core/jasmine.js:1905:9
    at Function.next.fail (/Users/muchniki/.nvm/versions/node/v6.9.5/lib/node_modules/protractor/node_modules/jasmine-core/lib/jasmine-core/jasmine.js:1968:9)
    at /Users/muchniki/.nvm/versions/node/v6.9.5/lib/node_modules/protractor/node_modules/jasminewd2/index.js:64:48
    at ControlFlow.emit (/Users/muchniki/.nvm/versions/node/v6.9.5/lib/node_modules/protractor/node_modules/selenium-webdriver/lib/events.js:62:21)
    at ControlFlow.shutdown_ (/Users/muchniki/.nvm/versions/node/v6.9.5/lib/node_modules/protractor/node_modules/selenium-webdriver/lib/promise.js:2565:10)
    at shutdownTask_.MicroTask (/Users/muchniki/.nvm/versions/node/v6.9.5/lib/node_modules/protractor/node_modules/selenium-webdriver/lib/promise.js:2490:53)
From asynchronous test: 
Error
    at Suite.<anonymous> (/Users/muchniki/dev/cfgov-refresh/test/browser_tests/spec_suites/integration/multiselect.js:117:5)
    at addSpecsToSuite (/Users/muchniki/.nvm/versions/node/v6.9.5/lib/node_modules/protractor/node_modules/jasmine-core/lib/jasmine-core/jasmine.js:867:25)
    at Env.describe (/Users/muchniki/.nvm/versions/node/v6.9.5/lib/node_modules/protractor/node_modules/jasmine-core/lib/jasmine-core/jasmine.js:836:7)
    at describe (/Users/muchniki/.nvm/versions/node/v6.9.5/lib/node_modules/protractor/node_modules/jasmine-core/lib/jasmine-core/jasmine.js:3576:18)
    at Suite.<anonymous> (/Users/muchniki/dev/cfgov-refresh/test/browser_tests/spec_suites/integration/multiselect.js:112:3)
    at addSpecsToSuite (/Users/muchniki/.nvm/versions/node/v6.9.5/lib/node_modules/protractor/node_modules/jasmine-core/lib/jasmine-core/jasmine.js:867:25)
    at Env.describe (/Users/muchniki/.nvm/versions/node/v6.9.5/lib/node_modules/protractor/node_modules/jasmine-core/lib/jasmine-core/jasmine.js:836:7)
    at describe (/Users/muchniki/.nvm/versions/node/v6.9.5/lib/node_modules/protractor/node_modules/jasmine-core/lib/jasmine-core/jasmine.js:3576:18)
    at Object.<anonymous> (/Users/muchniki/dev/cfgov-refresh/test/browser_tests/spec_suites/integration/multiselect.js:7:1)]]>
   </failure>
  </testcase>
  <testcase classname="focused specs.Multiselect.when interacting with options list" name="should remove an option from choices when clicked" time="0.508">
   <failure type="exception" message="Failed: No element found using locator: By(css selector, .o-filterable-list-controls .o-expandable)"><![CDATA[NoSuchElementError: No element found using locator: By(css selector, .o-filterable-list-controls .o-expandable)
    at WebDriverError (/Users/muchniki/.nvm/versions/node/v6.9.5/lib/node_modules/protractor/node_modules/selenium-webdriver/lib/error.js:27:5)
    at NoSuchElementError (/Users/muchniki/.nvm/versions/node/v6.9.5/lib/node_modules/protractor/node_modules/selenium-webdriver/lib/error.js:168:5)
    at elementArrayFinder.getWebElements.then (/Users/muchniki/.nvm/versions/node/v6.9.5/lib/node_modules/protractor/lib/element.ts:851:17)
    at ManagedPromise.invokeCallback_ (/Users/muchniki/.nvm/versions/node/v6.9.5/lib/node_modules/protractor/node_modules/selenium-webdriver/lib/promise.js:1366:14)
    at TaskQueue.execute_ (/Users/muchniki/.nvm/versions/node/v6.9.5/lib/node_modules/protractor/node_modules/selenium-webdriver/lib/promise.js:2970:14)
    at TaskQueue.executeNext_ (/Users/muchniki/.nvm/versions/node/v6.9.5/lib/node_modules/protractor/node_modules/selenium-webdriver/lib/promise.js:2953:27)
    at asyncRun (/Users/muchniki/.nvm/versions/node/v6.9.5/lib/node_modules/protractor/node_modules/selenium-webdriver/lib/promise.js:2813:27)
    at /Users/muchniki/.nvm/versions/node/v6.9.5/lib/node_modules/protractor/node_modules/selenium-webdriver/lib/promise.js:676:7
    at process._tickCallback (internal/process/next_tick.js:103:7)Error
    at ElementArrayFinder.applyAction_ (/Users/muchniki/.nvm/versions/node/v6.9.5/lib/node_modules/protractor/lib/element.ts:482:23)
    at ElementArrayFinder.(anonymous function) [as click] (/Users/muchniki/.nvm/versions/node/v6.9.5/lib/node_modules/protractor/lib/element.ts:96:21)
    at ElementFinder.(anonymous function) [as click] (/Users/muchniki/.nvm/versions/node/v6.9.5/lib/node_modules/protractor/lib/element.ts:873:14)
    at Object.<anonymous> (/Users/muchniki/dev/cfgov-refresh/test/browser_tests/spec_suites/integration/multiselect.js:14:26)
    at /Users/muchniki/.nvm/versions/node/v6.9.5/lib/node_modules/protractor/node_modules/jasminewd2/index.js:110:25
    at new ManagedPromise (/Users/muchniki/.nvm/versions/node/v6.9.5/lib/node_modules/protractor/node_modules/selenium-webdriver/lib/promise.js:1067:7)
    at ControlFlow.promise (/Users/muchniki/.nvm/versions/node/v6.9.5/lib/node_modules/protractor/node_modules/selenium-webdriver/lib/promise.js:2396:12)
    at schedulerExecute (/Users/muchniki/.nvm/versions/node/v6.9.5/lib/node_modules/protractor/node_modules/jasminewd2/index.js:95:18)
    at TaskQueue.execute_ (/Users/muchniki/.nvm/versions/node/v6.9.5/lib/node_modules/protractor/node_modules/selenium-webdriver/lib/promise.js:2970:14)
    at TaskQueue.executeNext_ (/Users/muchniki/.nvm/versions/node/v6.9.5/lib/node_modules/protractor/node_modules/selenium-webdriver/lib/promise.js:2953:27)
From: Task: Run beforeEach in control flow
    at Object.<anonymous> (/Users/muchniki/.nvm/versions/node/v6.9.5/lib/node_modules/protractor/node_modules/jasminewd2/index.js:94:19)
    at attemptAsync (/Users/muchniki/.nvm/versions/node/v6.9.5/lib/node_modules/protractor/node_modules/jasmine-core/lib/jasmine-core/jasmine.js:1980:24)
    at QueueRunner.run (/Users/muchniki/.nvm/versions/node/v6.9.5/lib/node_modules/protractor/node_modules/jasmine-core/lib/jasmine-core/jasmine.js:1935:9)
    at QueueRunner.execute (/Users/muchniki/.nvm/versions/node/v6.9.5/lib/node_modules/protractor/node_modules/jasmine-core/lib/jasmine-core/jasmine.js:1923:10)
    at Spec.queueRunnerFactory (/Users/muchniki/.nvm/versions/node/v6.9.5/lib/node_modules/protractor/node_modules/jasmine-core/lib/jasmine-core/jasmine.js:714:35)
    at Spec.execute (/Users/muchniki/.nvm/versions/node/v6.9.5/lib/node_modules/protractor/node_modules/jasmine-core/lib/jasmine-core/jasmine.js:371:10)
    at Object.fn (/Users/muchniki/.nvm/versions/node/v6.9.5/lib/node_modules/protractor/node_modules/jasmine-core/lib/jasmine-core/jasmine.js:2579:37)
    at attemptAsync (/Users/muchniki/.nvm/versions/node/v6.9.5/lib/node_modules/protractor/node_modules/jasmine-core/lib/jasmine-core/jasmine.js:1980:24)
    at QueueRunner.run (/Users/muchniki/.nvm/versions/node/v6.9.5/lib/node_modules/protractor/node_modules/jasmine-core/lib/jasmine-core/jasmine.js:1935:9)
    at /Users/muchniki/.nvm/versions/node/v6.9.5/lib/node_modules/protractor/node_modules/jasmine-core/lib/jasmine-core/jasmine.js:1962:16
From asynchronous test: 
Error
    at Suite.<anonymous> (/Users/muchniki/dev/cfgov-refresh/test/browser_tests/spec_suites/integration/multiselect.js:10:3)
    at addSpecsToSuite (/Users/muchniki/.nvm/versions/node/v6.9.5/lib/node_modules/protractor/node_modules/jasmine-core/lib/jasmine-core/jasmine.js:867:25)
    at Env.describe (/Users/muchniki/.nvm/versions/node/v6.9.5/lib/node_modules/protractor/node_modules/jasmine-core/lib/jasmine-core/jasmine.js:836:7)
    at describe (/Users/muchniki/.nvm/versions/node/v6.9.5/lib/node_modules/protractor/node_modules/jasmine-core/lib/jasmine-core/jasmine.js:3576:18)
    at Object.<anonymous> (/Users/muchniki/dev/cfgov-refresh/test/browser_tests/spec_suites/integration/multiselect.js:7:1)
    at Module._compile (module.js:570:32)
    at Object.Module._extensions..js (module.js:579:10)
    at Module.load (module.js:487:32)
    at tryModuleLoad (module.js:446:12)]]>
   </failure>
   <failure type="exception" message="Failed: Index out of bound. Trying to access element at index: 0, but there are only 0 elements that match locator By(css selector, .cf-multi-select)"><![CDATA[NoSuchElementError: Index out of bound. Trying to access element at index: 0, but there are only 0 elements that match locator By(css selector, .cf-multi-select)
    at WebDriverError (/Users/muchniki/.nvm/versions/node/v6.9.5/lib/node_modules/protractor/node_modules/selenium-webdriver/lib/error.js:27:5)
    at NoSuchElementError (/Users/muchniki/.nvm/versions/node/v6.9.5/lib/node_modules/protractor/node_modules/selenium-webdriver/lib/error.js:168:5)
    at selenium_webdriver_1.promise.all.then (/Users/muchniki/.nvm/versions/node/v6.9.5/lib/node_modules/protractor/lib/element.ts:287:17)
    at ManagedPromise.invokeCallback_ (/Users/muchniki/.nvm/versions/node/v6.9.5/lib/node_modules/protractor/node_modules/selenium-webdriver/lib/promise.js:1366:14)
    at TaskQueue.execute_ (/Users/muchniki/.nvm/versions/node/v6.9.5/lib/node_modules/protractor/node_modules/selenium-webdriver/lib/promise.js:2970:14)
    at TaskQueue.executeNext_ (/Users/muchniki/.nvm/versions/node/v6.9.5/lib/node_modules/protractor/node_modules/selenium-webdriver/lib/promise.js:2953:27)
    at asyncRun (/Users/muchniki/.nvm/versions/node/v6.9.5/lib/node_modules/protractor/node_modules/selenium-webdriver/lib/promise.js:2813:27)
    at /Users/muchniki/.nvm/versions/node/v6.9.5/lib/node_modules/protractor/node_modules/selenium-webdriver/lib/promise.js:676:7
    at process._tickCallback (internal/process/next_tick.js:103:7)Error
    at ElementArrayFinder.applyAction_ (/Users/muchniki/.nvm/versions/node/v6.9.5/lib/node_modules/protractor/lib/element.ts:482:23)
    at ElementArrayFinder.(anonymous function) [as click] (/Users/muchniki/.nvm/versions/node/v6.9.5/lib/node_modules/protractor/lib/element.ts:96:21)
    at ElementFinder.(anonymous function) [as click] (/Users/muchniki/.nvm/versions/node/v6.9.5/lib/node_modules/protractor/lib/element.ts:873:14)
    at Object.<anonymous> (/Users/muchniki/dev/cfgov-refresh/test/browser_tests/spec_suites/integration/multiselect.js:132:30)
    at /Users/muchniki/.nvm/versions/node/v6.9.5/lib/node_modules/protractor/node_modules/jasminewd2/index.js:110:25
    at new ManagedPromise (/Users/muchniki/.nvm/versions/node/v6.9.5/lib/node_modules/protractor/node_modules/selenium-webdriver/lib/promise.js:1067:7)
    at ControlFlow.promise (/Users/muchniki/.nvm/versions/node/v6.9.5/lib/node_modules/protractor/node_modules/selenium-webdriver/lib/promise.js:2396:12)
    at schedulerExecute (/Users/muchniki/.nvm/versions/node/v6.9.5/lib/node_modules/protractor/node_modules/jasminewd2/index.js:95:18)
    at TaskQueue.execute_ (/Users/muchniki/.nvm/versions/node/v6.9.5/lib/node_modules/protractor/node_modules/selenium-webdriver/lib/promise.js:2970:14)
    at TaskQueue.executeNext_ (/Users/muchniki/.nvm/versions/node/v6.9.5/lib/node_modules/protractor/node_modules/selenium-webdriver/lib/promise.js:2953:27)
From: Task: Run it("should remove an option from choices when clicked") in control flow
    at Object.<anonymous> (/Users/muchniki/.nvm/versions/node/v6.9.5/lib/node_modules/protractor/node_modules/jasminewd2/index.js:94:19)
    at attemptAsync (/Users/muchniki/.nvm/versions/node/v6.9.5/lib/node_modules/protractor/node_modules/jasmine-core/lib/jasmine-core/jasmine.js:1980:24)
    at QueueRunner.run (/Users/muchniki/.nvm/versions/node/v6.9.5/lib/node_modules/protractor/node_modules/jasmine-core/lib/jasmine-core/jasmine.js:1935:9)
    at /Users/muchniki/.nvm/versions/node/v6.9.5/lib/node_modules/protractor/node_modules/jasmine-core/lib/jasmine-core/jasmine.js:1962:16
    at /Users/muchniki/.nvm/versions/node/v6.9.5/lib/node_modules/protractor/node_modules/jasmine-core/lib/jasmine-core/jasmine.js:1905:9
    at Function.next.fail (/Users/muchniki/.nvm/versions/node/v6.9.5/lib/node_modules/protractor/node_modules/jasmine-core/lib/jasmine-core/jasmine.js:1968:9)
    at /Users/muchniki/.nvm/versions/node/v6.9.5/lib/node_modules/protractor/node_modules/jasminewd2/index.js:64:48
    at ControlFlow.emit (/Users/muchniki/.nvm/versions/node/v6.9.5/lib/node_modules/protractor/node_modules/selenium-webdriver/lib/events.js:62:21)
    at ControlFlow.shutdown_ (/Users/muchniki/.nvm/versions/node/v6.9.5/lib/node_modules/protractor/node_modules/selenium-webdriver/lib/promise.js:2565:10)
    at shutdownTask_.MicroTask (/Users/muchniki/.nvm/versions/node/v6.9.5/lib/node_modules/protractor/node_modules/selenium-webdriver/lib/promise.js:2490:53)
From asynchronous test: 
Error
    at Suite.<anonymous> (/Users/muchniki/dev/cfgov-refresh/test/browser_tests/spec_suites/integration/multiselect.js:131:5)
    at addSpecsToSuite (/Users/muchniki/.nvm/versions/node/v6.9.5/lib/node_modules/protractor/node_modules/jasmine-core/lib/jasmine-core/jasmine.js:867:25)
    at Env.describe (/Users/muchniki/.nvm/versions/node/v6.9.5/lib/node_modules/protractor/node_modules/jasmine-core/lib/jasmine-core/jasmine.js:836:7)
    at describe (/Users/muchniki/.nvm/versions/node/v6.9.5/lib/node_modules/protractor/node_modules/jasmine-core/lib/jasmine-core/jasmine.js:3576:18)
    at Suite.<anonymous> (/Users/muchniki/dev/cfgov-refresh/test/browser_tests/spec_suites/integration/multiselect.js:112:3)
    at addSpecsToSuite (/Users/muchniki/.nvm/versions/node/v6.9.5/lib/node_modules/protractor/node_modules/jasmine-core/lib/jasmine-core/jasmine.js:867:25)
    at Env.describe (/Users/muchniki/.nvm/versions/node/v6.9.5/lib/node_modules/protractor/node_modules/jasmine-core/lib/jasmine-core/jasmine.js:836:7)
    at describe (/Users/muchniki/.nvm/versions/node/v6.9.5/lib/node_modules/protractor/node_modules/jasmine-core/lib/jasmine-core/jasmine.js:3576:18)
    at Object.<anonymous> (/Users/muchniki/dev/cfgov-refresh/test/browser_tests/spec_suites/integration/multiselect.js:7:1)]]>
   </failure>
  </testcase>
  <testcase classname="focused specs.Multiselect.when interacting with options list" name="should add an option with RETURN key" time="0">
   <skipped message="Temporarily disabled with xit" />
  </testcase>
  <testcase classname="focused specs.Multiselect.when interacting with options list" name="should remove an option with RETURN key" time="0">
   <skipped message="Temporarily disabled with xit" />
  </testcase>
 </testsuite>
 <testsuite name="focused specs.Multiselect.when interacting with choices list" timestamp="2017-03-01T17:32:44" hostname="localhost" time="0.528" errors="0" tests="1" skipped="0" disabled="0" failures="2">
  <testcase classname="focused specs.Multiselect.when interacting with choices list" name="should remove option from choices when clicked" time="0.527">
   <failure type="exception" message="Failed: No element found using locator: By(css selector, .o-filterable-list-controls .o-expandable)"><![CDATA[NoSuchElementError: No element found using locator: By(css selector, .o-filterable-list-controls .o-expandable)
    at WebDriverError (/Users/muchniki/.nvm/versions/node/v6.9.5/lib/node_modules/protractor/node_modules/selenium-webdriver/lib/error.js:27:5)
    at NoSuchElementError (/Users/muchniki/.nvm/versions/node/v6.9.5/lib/node_modules/protractor/node_modules/selenium-webdriver/lib/error.js:168:5)
    at elementArrayFinder.getWebElements.then (/Users/muchniki/.nvm/versions/node/v6.9.5/lib/node_modules/protractor/lib/element.ts:851:17)
    at ManagedPromise.invokeCallback_ (/Users/muchniki/.nvm/versions/node/v6.9.5/lib/node_modules/protractor/node_modules/selenium-webdriver/lib/promise.js:1366:14)
    at TaskQueue.execute_ (/Users/muchniki/.nvm/versions/node/v6.9.5/lib/node_modules/protractor/node_modules/selenium-webdriver/lib/promise.js:2970:14)
    at TaskQueue.executeNext_ (/Users/muchniki/.nvm/versions/node/v6.9.5/lib/node_modules/protractor/node_modules/selenium-webdriver/lib/promise.js:2953:27)
    at asyncRun (/Users/muchniki/.nvm/versions/node/v6.9.5/lib/node_modules/protractor/node_modules/selenium-webdriver/lib/promise.js:2813:27)
    at /Users/muchniki/.nvm/versions/node/v6.9.5/lib/node_modules/protractor/node_modules/selenium-webdriver/lib/promise.js:676:7
    at process._tickCallback (internal/process/next_tick.js:103:7)Error
    at ElementArrayFinder.applyAction_ (/Users/muchniki/.nvm/versions/node/v6.9.5/lib/node_modules/protractor/lib/element.ts:482:23)
    at ElementArrayFinder.(anonymous function) [as click] (/Users/muchniki/.nvm/versions/node/v6.9.5/lib/node_modules/protractor/lib/element.ts:96:21)
    at ElementFinder.(anonymous function) [as click] (/Users/muchniki/.nvm/versions/node/v6.9.5/lib/node_modules/protractor/lib/element.ts:873:14)
    at Object.<anonymous> (/Users/muchniki/dev/cfgov-refresh/test/browser_tests/spec_suites/integration/multiselect.js:14:26)
    at /Users/muchniki/.nvm/versions/node/v6.9.5/lib/node_modules/protractor/node_modules/jasminewd2/index.js:110:25
    at new ManagedPromise (/Users/muchniki/.nvm/versions/node/v6.9.5/lib/node_modules/protractor/node_modules/selenium-webdriver/lib/promise.js:1067:7)
    at ControlFlow.promise (/Users/muchniki/.nvm/versions/node/v6.9.5/lib/node_modules/protractor/node_modules/selenium-webdriver/lib/promise.js:2396:12)
    at schedulerExecute (/Users/muchniki/.nvm/versions/node/v6.9.5/lib/node_modules/protractor/node_modules/jasminewd2/index.js:95:18)
    at TaskQueue.execute_ (/Users/muchniki/.nvm/versions/node/v6.9.5/lib/node_modules/protractor/node_modules/selenium-webdriver/lib/promise.js:2970:14)
    at TaskQueue.executeNext_ (/Users/muchniki/.nvm/versions/node/v6.9.5/lib/node_modules/protractor/node_modules/selenium-webdriver/lib/promise.js:2953:27)
From: Task: Run beforeEach in control flow
    at Object.<anonymous> (/Users/muchniki/.nvm/versions/node/v6.9.5/lib/node_modules/protractor/node_modules/jasminewd2/index.js:94:19)
    at attemptAsync (/Users/muchniki/.nvm/versions/node/v6.9.5/lib/node_modules/protractor/node_modules/jasmine-core/lib/jasmine-core/jasmine.js:1980:24)
    at QueueRunner.run (/Users/muchniki/.nvm/versions/node/v6.9.5/lib/node_modules/protractor/node_modules/jasmine-core/lib/jasmine-core/jasmine.js:1935:9)
    at QueueRunner.execute (/Users/muchniki/.nvm/versions/node/v6.9.5/lib/node_modules/protractor/node_modules/jasmine-core/lib/jasmine-core/jasmine.js:1923:10)
    at Spec.queueRunnerFactory (/Users/muchniki/.nvm/versions/node/v6.9.5/lib/node_modules/protractor/node_modules/jasmine-core/lib/jasmine-core/jasmine.js:714:35)
    at Spec.execute (/Users/muchniki/.nvm/versions/node/v6.9.5/lib/node_modules/protractor/node_modules/jasmine-core/lib/jasmine-core/jasmine.js:371:10)
    at Object.fn (/Users/muchniki/.nvm/versions/node/v6.9.5/lib/node_modules/protractor/node_modules/jasmine-core/lib/jasmine-core/jasmine.js:2579:37)
    at attemptAsync (/Users/muchniki/.nvm/versions/node/v6.9.5/lib/node_modules/protractor/node_modules/jasmine-core/lib/jasmine-core/jasmine.js:1980:24)
    at QueueRunner.run (/Users/muchniki/.nvm/versions/node/v6.9.5/lib/node_modules/protractor/node_modules/jasmine-core/lib/jasmine-core/jasmine.js:1935:9)
    at QueueRunner.execute (/Users/muchniki/.nvm/versions/node/v6.9.5/lib/node_modules/protractor/node_modules/jasmine-core/lib/jasmine-core/jasmine.js:1923:10)
From asynchronous test: 
Error
    at Suite.<anonymous> (/Users/muchniki/dev/cfgov-refresh/test/browser_tests/spec_suites/integration/multiselect.js:10:3)
    at addSpecsToSuite (/Users/muchniki/.nvm/versions/node/v6.9.5/lib/node_modules/protractor/node_modules/jasmine-core/lib/jasmine-core/jasmine.js:867:25)
    at Env.describe (/Users/muchniki/.nvm/versions/node/v6.9.5/lib/node_modules/protractor/node_modules/jasmine-core/lib/jasmine-core/jasmine.js:836:7)
    at describe (/Users/muchniki/.nvm/versions/node/v6.9.5/lib/node_modules/protractor/node_modules/jasmine-core/lib/jasmine-core/jasmine.js:3576:18)
    at Object.<anonymous> (/Users/muchniki/dev/cfgov-refresh/test/browser_tests/spec_suites/integration/multiselect.js:7:1)
    at Module._compile (module.js:570:32)
    at Object.Module._extensions..js (module.js:579:10)
    at Module.load (module.js:487:32)
    at tryModuleLoad (module.js:446:12)]]>
   </failure>
   <failure type="exception" message="Failed: Index out of bound. Trying to access element at index: 0, but there are only 0 elements that match locator By(css selector, .cf-multi-select)"><![CDATA[NoSuchElementError: Index out of bound. Trying to access element at index: 0, but there are only 0 elements that match locator By(css selector, .cf-multi-select)
    at WebDriverError (/Users/muchniki/.nvm/versions/node/v6.9.5/lib/node_modules/protractor/node_modules/selenium-webdriver/lib/error.js:27:5)
    at NoSuchElementError (/Users/muchniki/.nvm/versions/node/v6.9.5/lib/node_modules/protractor/node_modules/selenium-webdriver/lib/error.js:168:5)
    at selenium_webdriver_1.promise.all.then (/Users/muchniki/.nvm/versions/node/v6.9.5/lib/node_modules/protractor/lib/element.ts:287:17)
    at ManagedPromise.invokeCallback_ (/Users/muchniki/.nvm/versions/node/v6.9.5/lib/node_modules/protractor/node_modules/selenium-webdriver/lib/promise.js:1366:14)
    at TaskQueue.execute_ (/Users/muchniki/.nvm/versions/node/v6.9.5/lib/node_modules/protractor/node_modules/selenium-webdriver/lib/promise.js:2970:14)
    at TaskQueue.executeNext_ (/Users/muchniki/.nvm/versions/node/v6.9.5/lib/node_modules/protractor/node_modules/selenium-webdriver/lib/promise.js:2953:27)
    at asyncRun (/Users/muchniki/.nvm/versions/node/v6.9.5/lib/node_modules/protractor/node_modules/selenium-webdriver/lib/promise.js:2813:27)
    at /Users/muchniki/.nvm/versions/node/v6.9.5/lib/node_modules/protractor/node_modules/selenium-webdriver/lib/promise.js:676:7
    at process._tickCallback (internal/process/next_tick.js:103:7)Error
    at ElementArrayFinder.applyAction_ (/Users/muchniki/.nvm/versions/node/v6.9.5/lib/node_modules/protractor/lib/element.ts:482:23)
    at ElementArrayFinder.(anonymous function) [as click] (/Users/muchniki/.nvm/versions/node/v6.9.5/lib/node_modules/protractor/lib/element.ts:96:21)
    at ElementFinder.(anonymous function) [as click] (/Users/muchniki/.nvm/versions/node/v6.9.5/lib/node_modules/protractor/lib/element.ts:873:14)
    at Object.<anonymous> (/Users/muchniki/dev/cfgov-refresh/test/browser_tests/spec_suites/integration/multiselect.js:190:30)
    at /Users/muchniki/.nvm/versions/node/v6.9.5/lib/node_modules/protractor/node_modules/jasminewd2/index.js:110:25
    at new ManagedPromise (/Users/muchniki/.nvm/versions/node/v6.9.5/lib/node_modules/protractor/node_modules/selenium-webdriver/lib/promise.js:1067:7)
    at ControlFlow.promise (/Users/muchniki/.nvm/versions/node/v6.9.5/lib/node_modules/protractor/node_modules/selenium-webdriver/lib/promise.js:2396:12)
    at schedulerExecute (/Users/muchniki/.nvm/versions/node/v6.9.5/lib/node_modules/protractor/node_modules/jasminewd2/index.js:95:18)
    at TaskQueue.execute_ (/Users/muchniki/.nvm/versions/node/v6.9.5/lib/node_modules/protractor/node_modules/selenium-webdriver/lib/promise.js:2970:14)
    at TaskQueue.executeNext_ (/Users/muchniki/.nvm/versions/node/v6.9.5/lib/node_modules/protractor/node_modules/selenium-webdriver/lib/promise.js:2953:27)
From: Task: Run it("should remove option from choices when clicked") in control flow
    at Object.<anonymous> (/Users/muchniki/.nvm/versions/node/v6.9.5/lib/node_modules/protractor/node_modules/jasminewd2/index.js:94:19)
    at attemptAsync (/Users/muchniki/.nvm/versions/node/v6.9.5/lib/node_modules/protractor/node_modules/jasmine-core/lib/jasmine-core/jasmine.js:1980:24)
    at QueueRunner.run (/Users/muchniki/.nvm/versions/node/v6.9.5/lib/node_modules/protractor/node_modules/jasmine-core/lib/jasmine-core/jasmine.js:1935:9)
    at /Users/muchniki/.nvm/versions/node/v6.9.5/lib/node_modules/protractor/node_modules/jasmine-core/lib/jasmine-core/jasmine.js:1962:16
    at /Users/muchniki/.nvm/versions/node/v6.9.5/lib/node_modules/protractor/node_modules/jasmine-core/lib/jasmine-core/jasmine.js:1905:9
    at Function.next.fail (/Users/muchniki/.nvm/versions/node/v6.9.5/lib/node_modules/protractor/node_modules/jasmine-core/lib/jasmine-core/jasmine.js:1968:9)
    at /Users/muchniki/.nvm/versions/node/v6.9.5/lib/node_modules/protractor/node_modules/jasminewd2/index.js:64:48
    at ControlFlow.emit (/Users/muchniki/.nvm/versions/node/v6.9.5/lib/node_modules/protractor/node_modules/selenium-webdriver/lib/events.js:62:21)
    at ControlFlow.shutdown_ (/Users/muchniki/.nvm/versions/node/v6.9.5/lib/node_modules/protractor/node_modules/selenium-webdriver/lib/promise.js:2565:10)
    at shutdownTask_.MicroTask (/Users/muchniki/.nvm/versions/node/v6.9.5/lib/node_modules/protractor/node_modules/selenium-webdriver/lib/promise.js:2490:53)
From asynchronous test: 
Error
    at Suite.<anonymous> (/Users/muchniki/dev/cfgov-refresh/test/browser_tests/spec_suites/integration/multiselect.js:189:5)
    at addSpecsToSuite (/Users/muchniki/.nvm/versions/node/v6.9.5/lib/node_modules/protractor/node_modules/jasmine-core/lib/jasmine-core/jasmine.js:867:25)
    at Env.describe (/Users/muchniki/.nvm/versions/node/v6.9.5/lib/node_modules/protractor/node_modules/jasmine-core/lib/jasmine-core/jasmine.js:836:7)
    at describe (/Users/muchniki/.nvm/versions/node/v6.9.5/lib/node_modules/protractor/node_modules/jasmine-core/lib/jasmine-core/jasmine.js:3576:18)
    at Suite.<anonymous> (/Users/muchniki/dev/cfgov-refresh/test/browser_tests/spec_suites/integration/multiselect.js:184:3)
    at addSpecsToSuite (/Users/muchniki/.nvm/versions/node/v6.9.5/lib/node_modules/protractor/node_modules/jasmine-core/lib/jasmine-core/jasmine.js:867:25)
    at Env.describe (/Users/muchniki/.nvm/versions/node/v6.9.5/lib/node_modules/protractor/node_modules/jasmine-core/lib/jasmine-core/jasmine.js:836:7)
    at describe (/Users/muchniki/.nvm/versions/node/v6.9.5/lib/node_modules/protractor/node_modules/jasmine-core/lib/jasmine-core/jasmine.js:3576:18)
    at Object.<anonymous> (/Users/muchniki/dev/cfgov-refresh/test/browser_tests/spec_suites/integration/multiselect.js:7:1)]]>
   </failure>
  </testcase>
 </testsuite>
 <testsuite name="focused specs.Pagination" timestamp="2017-03-01T17:32:44" hostname="localhost" time="0.79" errors="0" tests="3" skipped="0" disabled="0" failures="3">
  <testcase classname="focused specs.Pagination" name="should navigate to the second page" time="0.267">
   <failure type="exception" message="Failed: No element found using locator: By(css selector, .m-pagination)"><![CDATA[NoSuchElementError: No element found using locator: By(css selector, .m-pagination)
    at WebDriverError (/Users/muchniki/.nvm/versions/node/v6.9.5/lib/node_modules/protractor/node_modules/selenium-webdriver/lib/error.js:27:5)
    at NoSuchElementError (/Users/muchniki/.nvm/versions/node/v6.9.5/lib/node_modules/protractor/node_modules/selenium-webdriver/lib/error.js:168:5)
    at elementArrayFinder.getWebElements.then (/Users/muchniki/.nvm/versions/node/v6.9.5/lib/node_modules/protractor/lib/element.ts:851:17)
    at ManagedPromise.invokeCallback_ (/Users/muchniki/.nvm/versions/node/v6.9.5/lib/node_modules/protractor/node_modules/selenium-webdriver/lib/promise.js:1366:14)
    at TaskQueue.execute_ (/Users/muchniki/.nvm/versions/node/v6.9.5/lib/node_modules/protractor/node_modules/selenium-webdriver/lib/promise.js:2970:14)
    at TaskQueue.executeNext_ (/Users/muchniki/.nvm/versions/node/v6.9.5/lib/node_modules/protractor/node_modules/selenium-webdriver/lib/promise.js:2953:27)
    at asyncRun (/Users/muchniki/.nvm/versions/node/v6.9.5/lib/node_modules/protractor/node_modules/selenium-webdriver/lib/promise.js:2813:27)
    at /Users/muchniki/.nvm/versions/node/v6.9.5/lib/node_modules/protractor/node_modules/selenium-webdriver/lib/promise.js:676:7
    at process._tickCallback (internal/process/next_tick.js:103:7)Error
    at ElementArrayFinder.applyAction_ (/Users/muchniki/.nvm/versions/node/v6.9.5/lib/node_modules/protractor/lib/element.ts:482:23)
    at ElementArrayFinder.(anonymous function) [as click] (/Users/muchniki/.nvm/versions/node/v6.9.5/lib/node_modules/protractor/lib/element.ts:96:21)
    at ElementFinder.(anonymous function) [as click] (/Users/muchniki/.nvm/versions/node/v6.9.5/lib/node_modules/protractor/lib/element.ts:873:14)
    at Object.<anonymous> (/Users/muchniki/dev/cfgov-refresh/test/browser_tests/spec_suites/integration/pagination.js:16:28)
    at /Users/muchniki/.nvm/versions/node/v6.9.5/lib/node_modules/protractor/node_modules/jasminewd2/index.js:110:25
    at new ManagedPromise (/Users/muchniki/.nvm/versions/node/v6.9.5/lib/node_modules/protractor/node_modules/selenium-webdriver/lib/promise.js:1067:7)
    at ControlFlow.promise (/Users/muchniki/.nvm/versions/node/v6.9.5/lib/node_modules/protractor/node_modules/selenium-webdriver/lib/promise.js:2396:12)
    at schedulerExecute (/Users/muchniki/.nvm/versions/node/v6.9.5/lib/node_modules/protractor/node_modules/jasminewd2/index.js:95:18)
    at TaskQueue.execute_ (/Users/muchniki/.nvm/versions/node/v6.9.5/lib/node_modules/protractor/node_modules/selenium-webdriver/lib/promise.js:2970:14)
    at TaskQueue.executeNext_ (/Users/muchniki/.nvm/versions/node/v6.9.5/lib/node_modules/protractor/node_modules/selenium-webdriver/lib/promise.js:2953:27)
From: Task: Run it("should navigate to the second page") in control flow
    at Object.<anonymous> (/Users/muchniki/.nvm/versions/node/v6.9.5/lib/node_modules/protractor/node_modules/jasminewd2/index.js:94:19)
    at attemptAsync (/Users/muchniki/.nvm/versions/node/v6.9.5/lib/node_modules/protractor/node_modules/jasmine-core/lib/jasmine-core/jasmine.js:1980:24)
    at QueueRunner.run (/Users/muchniki/.nvm/versions/node/v6.9.5/lib/node_modules/protractor/node_modules/jasmine-core/lib/jasmine-core/jasmine.js:1935:9)
    at /Users/muchniki/.nvm/versions/node/v6.9.5/lib/node_modules/protractor/node_modules/jasmine-core/lib/jasmine-core/jasmine.js:1962:16
    at /Users/muchniki/.nvm/versions/node/v6.9.5/lib/node_modules/protractor/node_modules/jasmine-core/lib/jasmine-core/jasmine.js:1905:9
    at /Users/muchniki/.nvm/versions/node/v6.9.5/lib/node_modules/protractor/node_modules/jasminewd2/index.js:64:48
    at ControlFlow.emit (/Users/muchniki/.nvm/versions/node/v6.9.5/lib/node_modules/protractor/node_modules/selenium-webdriver/lib/events.js:62:21)
    at ControlFlow.shutdown_ (/Users/muchniki/.nvm/versions/node/v6.9.5/lib/node_modules/protractor/node_modules/selenium-webdriver/lib/promise.js:2565:10)
    at shutdownTask_.MicroTask (/Users/muchniki/.nvm/versions/node/v6.9.5/lib/node_modules/protractor/node_modules/selenium-webdriver/lib/promise.js:2490:53)
    at MicroTask.asyncRun (/Users/muchniki/.nvm/versions/node/v6.9.5/lib/node_modules/protractor/node_modules/selenium-webdriver/lib/promise.js:2619:9)
From asynchronous test: 
Error
    at Suite.<anonymous> (/Users/muchniki/dev/cfgov-refresh/test/browser_tests/spec_suites/integration/pagination.js:15:3)
    at addSpecsToSuite (/Users/muchniki/.nvm/versions/node/v6.9.5/lib/node_modules/protractor/node_modules/jasmine-core/lib/jasmine-core/jasmine.js:867:25)
    at Env.describe (/Users/muchniki/.nvm/versions/node/v6.9.5/lib/node_modules/protractor/node_modules/jasmine-core/lib/jasmine-core/jasmine.js:836:7)
    at describe (/Users/muchniki/.nvm/versions/node/v6.9.5/lib/node_modules/protractor/node_modules/jasmine-core/lib/jasmine-core/jasmine.js:3576:18)
    at Object.<anonymous> (/Users/muchniki/dev/cfgov-refresh/test/browser_tests/spec_suites/integration/pagination.js:7:1)
    at Module._compile (module.js:570:32)
    at Object.Module._extensions..js (module.js:579:10)
    at Module.load (module.js:487:32)
    at tryModuleLoad (module.js:446:12)]]>
   </failure>
  </testcase>
  <testcase classname="focused specs.Pagination" name="should navigate to the first page" time="0.257">
   <failure type="exception" message="Failed: No element found using locator: By(css selector, .m-pagination)"><![CDATA[NoSuchElementError: No element found using locator: By(css selector, .m-pagination)
    at WebDriverError (/Users/muchniki/.nvm/versions/node/v6.9.5/lib/node_modules/protractor/node_modules/selenium-webdriver/lib/error.js:27:5)
    at NoSuchElementError (/Users/muchniki/.nvm/versions/node/v6.9.5/lib/node_modules/protractor/node_modules/selenium-webdriver/lib/error.js:168:5)
    at elementArrayFinder.getWebElements.then (/Users/muchniki/.nvm/versions/node/v6.9.5/lib/node_modules/protractor/lib/element.ts:851:17)
    at ManagedPromise.invokeCallback_ (/Users/muchniki/.nvm/versions/node/v6.9.5/lib/node_modules/protractor/node_modules/selenium-webdriver/lib/promise.js:1366:14)
    at TaskQueue.execute_ (/Users/muchniki/.nvm/versions/node/v6.9.5/lib/node_modules/protractor/node_modules/selenium-webdriver/lib/promise.js:2970:14)
    at TaskQueue.executeNext_ (/Users/muchniki/.nvm/versions/node/v6.9.5/lib/node_modules/protractor/node_modules/selenium-webdriver/lib/promise.js:2953:27)
    at asyncRun (/Users/muchniki/.nvm/versions/node/v6.9.5/lib/node_modules/protractor/node_modules/selenium-webdriver/lib/promise.js:2813:27)
    at /Users/muchniki/.nvm/versions/node/v6.9.5/lib/node_modules/protractor/node_modules/selenium-webdriver/lib/promise.js:676:7
    at process._tickCallback (internal/process/next_tick.js:103:7)Error
    at ElementArrayFinder.applyAction_ (/Users/muchniki/.nvm/versions/node/v6.9.5/lib/node_modules/protractor/lib/element.ts:482:23)
    at ElementArrayFinder.(anonymous function) [as click] (/Users/muchniki/.nvm/versions/node/v6.9.5/lib/node_modules/protractor/lib/element.ts:96:21)
    at ElementFinder.(anonymous function) [as click] (/Users/muchniki/.nvm/versions/node/v6.9.5/lib/node_modules/protractor/lib/element.ts:873:14)
    at Object.<anonymous> (/Users/muchniki/dev/cfgov-refresh/test/browser_tests/spec_suites/integration/pagination.js:23:28)
    at /Users/muchniki/.nvm/versions/node/v6.9.5/lib/node_modules/protractor/node_modules/jasminewd2/index.js:110:25
    at new ManagedPromise (/Users/muchniki/.nvm/versions/node/v6.9.5/lib/node_modules/protractor/node_modules/selenium-webdriver/lib/promise.js:1067:7)
    at ControlFlow.promise (/Users/muchniki/.nvm/versions/node/v6.9.5/lib/node_modules/protractor/node_modules/selenium-webdriver/lib/promise.js:2396:12)
    at schedulerExecute (/Users/muchniki/.nvm/versions/node/v6.9.5/lib/node_modules/protractor/node_modules/jasminewd2/index.js:95:18)
    at TaskQueue.execute_ (/Users/muchniki/.nvm/versions/node/v6.9.5/lib/node_modules/protractor/node_modules/selenium-webdriver/lib/promise.js:2970:14)
    at TaskQueue.executeNext_ (/Users/muchniki/.nvm/versions/node/v6.9.5/lib/node_modules/protractor/node_modules/selenium-webdriver/lib/promise.js:2953:27)
From: Task: Run it("should navigate to the first page") in control flow
    at Object.<anonymous> (/Users/muchniki/.nvm/versions/node/v6.9.5/lib/node_modules/protractor/node_modules/jasminewd2/index.js:94:19)
    at attemptAsync (/Users/muchniki/.nvm/versions/node/v6.9.5/lib/node_modules/protractor/node_modules/jasmine-core/lib/jasmine-core/jasmine.js:1980:24)
    at QueueRunner.run (/Users/muchniki/.nvm/versions/node/v6.9.5/lib/node_modules/protractor/node_modules/jasmine-core/lib/jasmine-core/jasmine.js:1935:9)
    at /Users/muchniki/.nvm/versions/node/v6.9.5/lib/node_modules/protractor/node_modules/jasmine-core/lib/jasmine-core/jasmine.js:1962:16
    at /Users/muchniki/.nvm/versions/node/v6.9.5/lib/node_modules/protractor/node_modules/jasmine-core/lib/jasmine-core/jasmine.js:1905:9
    at /Users/muchniki/.nvm/versions/node/v6.9.5/lib/node_modules/protractor/node_modules/jasminewd2/index.js:64:48
    at ControlFlow.emit (/Users/muchniki/.nvm/versions/node/v6.9.5/lib/node_modules/protractor/node_modules/selenium-webdriver/lib/events.js:62:21)
    at ControlFlow.shutdown_ (/Users/muchniki/.nvm/versions/node/v6.9.5/lib/node_modules/protractor/node_modules/selenium-webdriver/lib/promise.js:2565:10)
    at shutdownTask_.MicroTask (/Users/muchniki/.nvm/versions/node/v6.9.5/lib/node_modules/protractor/node_modules/selenium-webdriver/lib/promise.js:2490:53)
    at MicroTask.asyncRun (/Users/muchniki/.nvm/versions/node/v6.9.5/lib/node_modules/protractor/node_modules/selenium-webdriver/lib/promise.js:2619:9)
From asynchronous test: 
Error
    at Suite.<anonymous> (/Users/muchniki/dev/cfgov-refresh/test/browser_tests/spec_suites/integration/pagination.js:22:3)
    at addSpecsToSuite (/Users/muchniki/.nvm/versions/node/v6.9.5/lib/node_modules/protractor/node_modules/jasmine-core/lib/jasmine-core/jasmine.js:867:25)
    at Env.describe (/Users/muchniki/.nvm/versions/node/v6.9.5/lib/node_modules/protractor/node_modules/jasmine-core/lib/jasmine-core/jasmine.js:836:7)
    at describe (/Users/muchniki/.nvm/versions/node/v6.9.5/lib/node_modules/protractor/node_modules/jasmine-core/lib/jasmine-core/jasmine.js:3576:18)
    at Object.<anonymous> (/Users/muchniki/dev/cfgov-refresh/test/browser_tests/spec_suites/integration/pagination.js:7:1)
    at Module._compile (module.js:570:32)
    at Object.Module._extensions..js (module.js:579:10)
    at Module.load (module.js:487:32)
    at tryModuleLoad (module.js:446:12)]]>
   </failure>
  </testcase>
  <testcase classname="focused specs.Pagination" name="should navigate to the fifth page" time="0.265">
   <failure type="exception" message="Failed: No element found using locator: By(css selector, .m-pagination)"><![CDATA[NoSuchElementError: No element found using locator: By(css selector, .m-pagination)
    at WebDriverError (/Users/muchniki/.nvm/versions/node/v6.9.5/lib/node_modules/protractor/node_modules/selenium-webdriver/lib/error.js:27:5)
    at NoSuchElementError (/Users/muchniki/.nvm/versions/node/v6.9.5/lib/node_modules/protractor/node_modules/selenium-webdriver/lib/error.js:168:5)
    at elementArrayFinder.getWebElements.then (/Users/muchniki/.nvm/versions/node/v6.9.5/lib/node_modules/protractor/lib/element.ts:851:17)
    at ManagedPromise.invokeCallback_ (/Users/muchniki/.nvm/versions/node/v6.9.5/lib/node_modules/protractor/node_modules/selenium-webdriver/lib/promise.js:1366:14)
    at TaskQueue.execute_ (/Users/muchniki/.nvm/versions/node/v6.9.5/lib/node_modules/protractor/node_modules/selenium-webdriver/lib/promise.js:2970:14)
    at TaskQueue.executeNext_ (/Users/muchniki/.nvm/versions/node/v6.9.5/lib/node_modules/protractor/node_modules/selenium-webdriver/lib/promise.js:2953:27)
    at asyncRun (/Users/muchniki/.nvm/versions/node/v6.9.5/lib/node_modules/protractor/node_modules/selenium-webdriver/lib/promise.js:2813:27)
    at /Users/muchniki/.nvm/versions/node/v6.9.5/lib/node_modules/protractor/node_modules/selenium-webdriver/lib/promise.js:676:7
    at process._tickCallback (internal/process/next_tick.js:103:7)Error
    at ElementArrayFinder.applyAction_ (/Users/muchniki/.nvm/versions/node/v6.9.5/lib/node_modules/protractor/lib/element.ts:482:23)
    at ElementArrayFinder.(anonymous function) [as sendKeys] (/Users/muchniki/.nvm/versions/node/v6.9.5/lib/node_modules/protractor/lib/element.ts:96:21)
    at ElementFinder.(anonymous function) [as sendKeys] (/Users/muchniki/.nvm/versions/node/v6.9.5/lib/node_modules/protractor/lib/element.ts:873:14)
    at Object.<anonymous> (/Users/muchniki/dev/cfgov-refresh/test/browser_tests/spec_suites/integration/pagination.js:33:30)
    at /Users/muchniki/.nvm/versions/node/v6.9.5/lib/node_modules/protractor/node_modules/jasminewd2/index.js:110:25
    at new ManagedPromise (/Users/muchniki/.nvm/versions/node/v6.9.5/lib/node_modules/protractor/node_modules/selenium-webdriver/lib/promise.js:1067:7)
    at ControlFlow.promise (/Users/muchniki/.nvm/versions/node/v6.9.5/lib/node_modules/protractor/node_modules/selenium-webdriver/lib/promise.js:2396:12)
    at schedulerExecute (/Users/muchniki/.nvm/versions/node/v6.9.5/lib/node_modules/protractor/node_modules/jasminewd2/index.js:95:18)
    at TaskQueue.execute_ (/Users/muchniki/.nvm/versions/node/v6.9.5/lib/node_modules/protractor/node_modules/selenium-webdriver/lib/promise.js:2970:14)
    at TaskQueue.executeNext_ (/Users/muchniki/.nvm/versions/node/v6.9.5/lib/node_modules/protractor/node_modules/selenium-webdriver/lib/promise.js:2953:27)
From: Task: Run it("should navigate to the fifth page") in control flow
    at Object.<anonymous> (/Users/muchniki/.nvm/versions/node/v6.9.5/lib/node_modules/protractor/node_modules/jasminewd2/index.js:94:19)
    at attemptAsync (/Users/muchniki/.nvm/versions/node/v6.9.5/lib/node_modules/protractor/node_modules/jasmine-core/lib/jasmine-core/jasmine.js:1980:24)
    at QueueRunner.run (/Users/muchniki/.nvm/versions/node/v6.9.5/lib/node_modules/protractor/node_modules/jasmine-core/lib/jasmine-core/jasmine.js:1935:9)
    at /Users/muchniki/.nvm/versions/node/v6.9.5/lib/node_modules/protractor/node_modules/jasmine-core/lib/jasmine-core/jasmine.js:1962:16
    at /Users/muchniki/.nvm/versions/node/v6.9.5/lib/node_modules/protractor/node_modules/jasmine-core/lib/jasmine-core/jasmine.js:1905:9
    at /Users/muchniki/.nvm/versions/node/v6.9.5/lib/node_modules/protractor/node_modules/jasminewd2/index.js:64:48
    at ControlFlow.emit (/Users/muchniki/.nvm/versions/node/v6.9.5/lib/node_modules/protractor/node_modules/selenium-webdriver/lib/events.js:62:21)
    at ControlFlow.shutdown_ (/Users/muchniki/.nvm/versions/node/v6.9.5/lib/node_modules/protractor/node_modules/selenium-webdriver/lib/promise.js:2565:10)
    at shutdownTask_.MicroTask (/Users/muchniki/.nvm/versions/node/v6.9.5/lib/node_modules/protractor/node_modules/selenium-webdriver/lib/promise.js:2490:53)
    at MicroTask.asyncRun (/Users/muchniki/.nvm/versions/node/v6.9.5/lib/node_modules/protractor/node_modules/selenium-webdriver/lib/promise.js:2619:9)
From asynchronous test: 
Error
    at Suite.<anonymous> (/Users/muchniki/dev/cfgov-refresh/test/browser_tests/spec_suites/integration/pagination.js:32:3)
    at addSpecsToSuite (/Users/muchniki/.nvm/versions/node/v6.9.5/lib/node_modules/protractor/node_modules/jasmine-core/lib/jasmine-core/jasmine.js:867:25)
    at Env.describe (/Users/muchniki/.nvm/versions/node/v6.9.5/lib/node_modules/protractor/node_modules/jasmine-core/lib/jasmine-core/jasmine.js:836:7)
    at describe (/Users/muchniki/.nvm/versions/node/v6.9.5/lib/node_modules/protractor/node_modules/jasmine-core/lib/jasmine-core/jasmine.js:3576:18)
    at Object.<anonymous> (/Users/muchniki/dev/cfgov-refresh/test/browser_tests/spec_suites/integration/pagination.js:7:1)
    at Module._compile (module.js:570:32)
    at Object.Module._extensions..js (module.js:579:10)
    at Module.load (module.js:487:32)
    at tryModuleLoad (module.js:446:12)]]>
   </failure>
  </testcase>
 </testsuite>
</testsuites>